<?xml version="1.0" encoding="UTF-8"?>
<!-- Generated by org.testng.reporters.JUnitXMLReporter -->
<testsuite hostname="ShopRedesign04" name="Default test" tests="2" failures="0" timestamp="1 Nov 2018 13:30:13 GMT" time="0.031" errors="0">
  <testcase name="@BeforeClass launchBrowser" time="0.0" classname="com.tcs.BsiShopRedesign.sprint7.VerifyMemberDiscount">
    <failure type="org.testng.TestNGException" message="
Parameter &amp;apos;browser&amp;apos; is required by @Configuration on method launchBrowser but has not been marked @Optional or defined
in C:\Users\shopqa\AppData\Local\Temp\2\testng-eclipse--231765837\testng-customsuite.xml">
      <![CDATA[org.testng.TestNGException: 
Parameter 'browser' is required by @Configuration on method launchBrowser but has not been marked @Optional or defined
in C:\Users\shopqa\AppData\Local\Temp\2\testng-eclipse--231765837\testng-customsuite.xml
	at org.testng.internal.Parameters.createParameters(Parameters.java:148)
	at org.testng.internal.Parameters.createParameters(Parameters.java:361)
	at org.testng.internal.Parameters.createConfigurationParameters(Parameters.java:84)
	at org.testng.internal.Invoker.invokeConfigurations(Invoker.java:197)
	at org.testng.internal.Invoker.invokeConfigurations(Invoker.java:138)
	at org.testng.internal.TestMethodWorker.invokeBeforeClassMethods(TestMethodWorker.java:170)
	at org.testng.internal.TestMethodWorker.run(TestMethodWorker.java:104)
	at org.testng.TestRunner.privateRun(TestRunner.java:773)
	at org.testng.TestRunner.run(TestRunner.java:623)
	at org.testng.SuiteRunner.runTest(SuiteRunner.java:357)
	at org.testng.SuiteRunner.runSequentially(SuiteRunner.java:352)
	at org.testng.SuiteRunner.privateRun(SuiteRunner.java:310)
	at org.testng.SuiteRunner.run(SuiteRunner.java:259)
	at org.testng.SuiteRunnerWorker.runSuite(SuiteRunnerWorker.java:52)
	at org.testng.SuiteRunnerWorker.run(SuiteRunnerWorker.java:86)
	at org.testng.TestNG.runSuitesSequentially(TestNG.java:1185)
	at org.testng.TestNG.runSuitesLocally(TestNG.java:1110)
	at org.testng.TestNG.run(TestNG.java:1018)
	at org.testng.remote.AbstractRemoteTestNG.run(AbstractRemoteTestNG.java:114)
	at org.testng.remote.RemoteTestNG.initAndRun(RemoteTestNG.java:251)
	at org.testng.remote.RemoteTestNG.main(RemoteTestNG.java:77)
]]>
    </failure>
  </testcase> <!-- @BeforeClass launchBrowser -->
  <testcase name="@AfterClass tearDown" time="0.0" classname="com.tcs.BsiShopRedesign.sprint7.VerifyMemberDiscount">
    <skipped/>
  </testcase> <!-- @AfterClass tearDown -->
  <testcase name="signInMember" time="0.0" classname="com.tcs.BsiShopRedesign.sprint7.VerifyMemberDiscount">
    <skipped/>
  </testcase> <!-- signInMember -->
  <testcase name="verifyMemberPrice" time="0.0" classname="com.tcs.BsiShopRedesign.sprint7.VerifyMemberDiscount">
    <skipped/>
  </testcase> <!-- verifyMemberPrice -->
</testsuite> <!-- Default test -->
