<?xml version="1.0" encoding="UTF-8"?>
<!-- Generated by org.testng.reporters.JUnitXMLReporter -->
<testsuite hostname="ShopRedesign04" name="BSI Admin" tests="18" failures="2" timestamp="22 Jan 2019 17:54:39 GMT" time="730.082" errors="0">
  <testcase name="signInCms" time="7.226" classname="com.tcs.BsiShopRedesign.cms.VerifyCmsDetails"/>
  <testcase name="verifyCmsDetails" time="185.998" classname="com.tcs.BsiShopRedesign.cms.VerifyCmsDetails"/>
  <testcase name="signInCms" time="6.673" classname="com.tcs.BsiShopRedesign.cms.ResetPassword"/>
  <testcase name="verifyCmsDetails" time="33.191" classname="com.tcs.BsiShopRedesign.cms.ResetPassword"/>
  <testcase name="signInCms" time="6.654" classname="com.tcs.BsiShopRedesign.cms.CreatePromoCode"/>
  <testcase name="verifyCmsDetails" time="59.09" classname="com.tcs.BsiShopRedesign.cms.CreatePromoCode">
    <failure type="java.lang.AssertionError" message="Create Promocode with Special Character was unsuccessful">
      <![CDATA[java.lang.AssertionError: Create Promocode with Special Character was unsuccessful
	at com.tcs.BsiShopRedesign.utilities.CommonHelper.reportFailure(CommonHelper.java:78)
	at com.tcs.BsiShopRedesign.pages.CmsPage.createPromoCodeDetails(CmsPage.java:461)
	at com.tcs.BsiShopRedesign.cms.CreatePromoCode.verifyCmsDetails(CreatePromoCode.java:58)
... Removed 25 stack frames]]>
    </failure>
  </testcase> <!-- verifyCmsDetails -->
  <testcase name="signInCms" time="6.67" classname="com.tcs.BsiShopRedesign.cms.VerifyPromoCodeList"/>
  <testcase name="verifyCmsDetails" time="29.177" classname="com.tcs.BsiShopRedesign.cms.VerifyPromoCodeList"/>
  <testcase name="signInCms" time="6.785" classname="com.tcs.BsiShopRedesign.cms.ViewCMSPage"/>
  <testcase name="verifyCmsDetails" time="11.817" classname="com.tcs.BsiShopRedesign.cms.ViewCMSPage"/>
  <testcase name="signInCms" time="7.011" classname="com.tcs.BsiShopRedesign.cms.CreateUpdateDeleteCMSPage"/>
  <testcase name="verifyCmsDetails" time="98.775" classname="com.tcs.BsiShopRedesign.cms.CreateUpdateDeleteCMSPage"/>
  <testcase name="signInCms" time="6.9" classname="com.tcs.BsiShopRedesign.cms.CMSPagePreview"/>
  <testcase name="verifyCmsDetails" time="67.94" classname="com.tcs.BsiShopRedesign.cms.CMSPagePreview"/>
  <testcase name="signInCms" time="6.914" classname="com.tcs.BsiShopRedesign.cms.CreateCMSPageWithMedia"/>
  <testcase name="verifyCmsDetails" time="107.187" classname="com.tcs.BsiShopRedesign.cms.CreateCMSPageWithMedia">
    <failure type="java.lang.AssertionError" message="Unable to find element with css selector == div[id=&amp;apos;authenticationPopup&amp;apos;]+p
For documentation on this error, please visit: http://seleniumhq.org/exceptions/no_such_element.html
Build info: version: &amp;apos;3.8.0&amp;apos;, revision: &amp;apos;924c4067df&amp;apos;, time: &amp;apos;2017-11-30T11:20:39.408Z&amp;apos;
System info: host: &amp;apos;ShopRedesign04&amp;apos;, ip: &amp;apos;10.0.9.7&amp;apos;, os.name: &amp;apos;Windows Server 2012 R2&amp;apos;, os.arch: &amp;apos;amd64&amp;apos;, os.version: &amp;apos;6.3&amp;apos;, java.version: &amp;apos;1.8.0_171&amp;apos;
Driver info: org.openqa.selenium.ie.InternetExplorerDriver
Capabilities {acceptInsecureCerts: false, browserName: internet explorer, browserVersion: 11, javascriptEnabled: true, pageLoadStrategy: normal, platform: WINDOWS, platformName: WINDOWS, proxy: Proxy(), se:ieOptions: {browserAttachTimeout: 0, elementScrollBehavior: 0, enablePersistentHover: false, ie.browserCommandLineSwitches: , ie.ensureCleanSession: true, ie.fileUploadDialogTimeout: 3000, ie.forceCreateProcessApi: false, ignoreProtectedModeSettings: true, ignoreZoomSetting: true, initialBrowserUrl: http://localhost:16479/, nativeEvents: true, requireWindowFocus: false}, setWindowRect: true, timeouts: {implicit: 0, pageLoad: 300000, script: 30000}}
Session ID: 5e5a3df1-2ede-4a6b-8d10-bec1e48c41eb
*** Element info: {Using=css selector, value=div[id=&amp;apos;authenticationPopup&amp;apos;]+p}">
      <![CDATA[java.lang.AssertionError: Unable to find element with css selector == div[id='authenticationPopup']+p
For documentation on this error, please visit: http://seleniumhq.org/exceptions/no_such_element.html
Build info: version: '3.8.0', revision: '924c4067df', time: '2017-11-30T11:20:39.408Z'
System info: host: 'ShopRedesign04', ip: '10.0.9.7', os.name: 'Windows Server 2012 R2', os.arch: 'amd64', os.version: '6.3', java.version: '1.8.0_171'
Driver info: org.openqa.selenium.ie.InternetExplorerDriver
Capabilities {acceptInsecureCerts: false, browserName: internet explorer, browserVersion: 11, javascriptEnabled: true, pageLoadStrategy: normal, platform: WINDOWS, platformName: WINDOWS, proxy: Proxy(), se:ieOptions: {browserAttachTimeout: 0, elementScrollBehavior: 0, enablePersistentHover: false, ie.browserCommandLineSwitches: , ie.ensureCleanSession: true, ie.fileUploadDialogTimeout: 3000, ie.forceCreateProcessApi: false, ignoreProtectedModeSettings: true, ignoreZoomSetting: true, initialBrowserUrl: http://localhost:16479/, nativeEvents: true, requireWindowFocus: false}, setWindowRect: true, timeouts: {implicit: 0, pageLoad: 300000, script: 30000}}
Session ID: 5e5a3df1-2ede-4a6b-8d10-bec1e48c41eb
*** Element info: {Using=css selector, value=div[id='authenticationPopup']+p}
	at com.tcs.BsiShopRedesign.cms.CreateCMSPageWithMedia.verifyCmsDetails(CreateCMSPageWithMedia.java:80)
... Removed 25 stack frames]]>
    </failure>
  </testcase> <!-- verifyCmsDetails -->
  <testcase name="signInCms" time="6.66" classname="com.tcs.BsiShopRedesign.cms.CreateCMSPageWithFolder"/>
  <testcase name="verifyCmsDetails" time="18.29" classname="com.tcs.BsiShopRedesign.cms.CreateCMSPageWithFolder"/>
</testsuite> <!-- BSI Admin -->
