<html>
<head>
<title>TestNG:  BSI Admin</title>
<link href="../testng.css" rel="stylesheet" type="text/css" />
<link href="../my-testng.css" rel="stylesheet" type="text/css" />

<style type="text/css">
.log { display: none;} 
.stack-trace { display: none;} 
</style>
<script type="text/javascript">
<!--
function flip(e) {
  current = e.style.display;
  if (current == 'block') {
    e.style.display = 'none';
    return 0;
  }
  else {
    e.style.display = 'block';
    return 1;
  }
}

function toggleBox(szDivId, elem, msg1, msg2)
{
  var res = -1;  if (document.getElementById) {
    res = flip(document.getElementById(szDivId));
  }
  else if (document.all) {
    // this is the way old msie versions work
    res = flip(document.all[szDivId]);
  }
  if(elem) {
    if(res == 0) elem.innerHTML = msg1; else elem.innerHTML = msg2;
  }

}

function toggleAllBoxes() {
  if (document.getElementsByTagName) {
    d = document.getElementsByTagName('div');
    for (i = 0; i < d.length; i++) {
      if (d[i].className == 'log') {
        flip(d[i]);
      }
    }
  }
}

// -->
</script>

</head>
<body>
<h2 align='center'>BSI Admin</h2><table border='1' align="center">
<tr>
<td>Tests passed/Failed/Skipped:</td><td>16/2/0</td>
</tr><tr>
<td>Started on:</td><td>Tue Jan 22 17:42:29 UTC 2019</td>
</tr>
<tr><td>Total time:</td><td>730 seconds (730082 ms)</td>
</tr><tr>
<td>Included groups:</td><td></td>
</tr><tr>
<td>Excluded groups:</td><td></td>
</tr>
</table><p/>
<small><i>(Hover the method name to see the test class name)</i></small><p/>
<table width='100%' border='1' class='invocation-failed'>
<tr><td colspan='4' align='center'><b>FAILED TESTS</b></td></tr>
<tr><td><b>Test method</b></td>
<td width="30%"><b>Exception</b></td>
<td width="10%"><b>Time (seconds)</b></td>
<td><b>Instance</b></td>
</tr>
<tr>
<td title='com.tcs.BsiShopRedesign.cms.CreatePromoCode.verifyCmsDetails()'><b>verifyCmsDetails</b><br>Test class: com.tcs.BsiShopRedesign.cms.CreatePromoCode</td>
<td><div><pre>java.lang.AssertionError: Create Promocode with Special Character was unsuccessful
	at com.tcs.BsiShopRedesign.utilities.CommonHelper.reportFailure(CommonHelper.java:78)
	at com.tcs.BsiShopRedesign.pages.CmsPage.createPromoCodeDetails(CmsPage.java:461)
	at com.tcs.BsiShopRedesign.cms.CreatePromoCode.verifyCmsDetails(CreatePromoCode.java:58)
... Removed 25 stack frames</pre></div><a href='#' onClick='toggleBox("stack-trace766814282", this, "Click to show all stack frames", "Click to hide stack frames")'>Click to show all stack frames</a>
<div class='stack-trace' id='stack-trace766814282'><pre>java.lang.AssertionError: Create Promocode with Special Character was unsuccessful
	at org.testng.Assert.fail(Assert.java:94)
	at com.tcs.BsiShopRedesign.utilities.CommonHelper.reportFailure(CommonHelper.java:78)
	at com.tcs.BsiShopRedesign.pages.CmsPage.createPromoCodeDetails(CmsPage.java:461)
	at com.tcs.BsiShopRedesign.cms.CreatePromoCode.verifyCmsDetails(CreatePromoCode.java:58)
	at sun.reflect.NativeMethodAccessorImpl.invoke0(Native Method)
	at sun.reflect.NativeMethodAccessorImpl.invoke(NativeMethodAccessorImpl.java:62)
	at sun.reflect.DelegatingMethodAccessorImpl.invoke(DelegatingMethodAccessorImpl.java:43)
	at java.lang.reflect.Method.invoke(Method.java:498)
	at org.testng.internal.MethodInvocationHelper.invokeMethod(MethodInvocationHelper.java:85)
	at org.testng.internal.Invoker.invokeMethod(Invoker.java:639)
	at org.testng.internal.Invoker.invokeTestMethod(Invoker.java:821)
	at org.testng.internal.Invoker.invokeTestMethods(Invoker.java:1131)
	at org.testng.internal.TestMethodWorker.invokeTestMethods(TestMethodWorker.java:124)
	at org.testng.internal.TestMethodWorker.run(TestMethodWorker.java:108)
	at org.testng.TestRunner.privateRun(TestRunner.java:773)
	at org.testng.TestRunner.run(TestRunner.java:623)
	at org.testng.SuiteRunner.runTest(SuiteRunner.java:357)
	at org.testng.SuiteRunner.runSequentially(SuiteRunner.java:352)
	at org.testng.SuiteRunner.privateRun(SuiteRunner.java:310)
	at org.testng.SuiteRunner.run(SuiteRunner.java:259)
	at org.testng.SuiteRunnerWorker.runSuite(SuiteRunnerWorker.java:52)
	at org.testng.SuiteRunnerWorker.run(SuiteRunnerWorker.java:86)
	at org.testng.TestNG.runSuitesSequentially(TestNG.java:1185)
	at org.testng.TestNG.runSuitesLocally(TestNG.java:1110)
	at org.testng.TestNG.run(TestNG.java:1018)
	at org.testng.remote.AbstractRemoteTestNG.run(AbstractRemoteTestNG.java:114)
	at org.testng.remote.RemoteTestNG.initAndRun(RemoteTestNG.java:251)
	at org.testng.remote.RemoteTestNG.main(RemoteTestNG.java:77)
</pre></div></td>
<td>59</td>
<td>com.tcs.BsiShopRedesign.cms.CreatePromoCode@399f45b1</td></tr>
<tr>
<td title='com.tcs.BsiShopRedesign.cms.CreateCMSPageWithMedia.verifyCmsDetails()'><b>verifyCmsDetails</b><br>Test class: com.tcs.BsiShopRedesign.cms.CreateCMSPageWithMedia</td>
<td><div><pre>java.lang.AssertionError: Unable to find element with css selector == div[id=&apos;authenticationPopup&apos;]+p
For documentation on this error, please visit: http://seleniumhq.org/exceptions/no_such_element.html
Build info: version: &apos;3.8.0&apos;, revision: &apos;924c4067df&apos;, time: &apos;2017-11-30T11:20:39.408Z&apos;
System info: host: &apos;ShopRedesign04&apos;, ip: &apos;10.0.9.7&apos;, os.name: &apos;Windows Server 2012 R2&apos;, os.arch: &apos;amd64&apos;, os.version: &apos;6.3&apos;, java.version: &apos;1.8.0_171&apos;
Driver info: org.openqa.selenium.ie.InternetExplorerDriver
Capabilities {acceptInsecureCerts: false, browserName: internet explorer, browserVersion: 11, javascriptEnabled: true, pageLoadStrategy: normal, platform: WINDOWS, platformName: WINDOWS, proxy: Proxy(), se:ieOptions: {browserAttachTimeout: 0, elementScrollBehavior: 0, enablePersistentHover: false, ie.browserCommandLineSwitches: , ie.ensureCleanSession: true, ie.fileUploadDialogTimeout: 3000, ie.forceCreateProcessApi: false, ignoreProtectedModeSettings: true, ignoreZoomSetting: true, initialBrowserUrl: http://localhost:16479/, nativeEvents: true, requireWindowFocus: false}, setWindowRect: true, timeouts: {implicit: 0, pageLoad: 300000, script: 30000}}
Session ID: 5e5a3df1-2ede-4a6b-8d10-bec1e48c41eb
*** Element info: {Using=css selector, value=div[id=&apos;authenticationPopup&apos;]+p}
	at com.tcs.BsiShopRedesign.cms.CreateCMSPageWithMedia.verifyCmsDetails(CreateCMSPageWithMedia.java:80)
... Removed 25 stack frames</pre></div><a href='#' onClick='toggleBox("stack-trace871623676", this, "Click to show all stack frames", "Click to hide stack frames")'>Click to show all stack frames</a>
<div class='stack-trace' id='stack-trace871623676'><pre>java.lang.AssertionError: Unable to find element with css selector == div[id=&apos;authenticationPopup&apos;]+p
For documentation on this error, please visit: http://seleniumhq.org/exceptions/no_such_element.html
Build info: version: &apos;3.8.0&apos;, revision: &apos;924c4067df&apos;, time: &apos;2017-11-30T11:20:39.408Z&apos;
System info: host: &apos;ShopRedesign04&apos;, ip: &apos;10.0.9.7&apos;, os.name: &apos;Windows Server 2012 R2&apos;, os.arch: &apos;amd64&apos;, os.version: &apos;6.3&apos;, java.version: &apos;1.8.0_171&apos;
Driver info: org.openqa.selenium.ie.InternetExplorerDriver
Capabilities {acceptInsecureCerts: false, browserName: internet explorer, browserVersion: 11, javascriptEnabled: true, pageLoadStrategy: normal, platform: WINDOWS, platformName: WINDOWS, proxy: Proxy(), se:ieOptions: {browserAttachTimeout: 0, elementScrollBehavior: 0, enablePersistentHover: false, ie.browserCommandLineSwitches: , ie.ensureCleanSession: true, ie.fileUploadDialogTimeout: 3000, ie.forceCreateProcessApi: false, ignoreProtectedModeSettings: true, ignoreZoomSetting: true, initialBrowserUrl: http://localhost:16479/, nativeEvents: true, requireWindowFocus: false}, setWindowRect: true, timeouts: {implicit: 0, pageLoad: 300000, script: 30000}}
Session ID: 5e5a3df1-2ede-4a6b-8d10-bec1e48c41eb
*** Element info: {Using=css selector, value=div[id=&apos;authenticationPopup&apos;]+p}
	at org.testng.Assert.fail(Assert.java:94)
	at com.tcs.BsiShopRedesign.cms.CreateCMSPageWithMedia.verifyCmsDetails(CreateCMSPageWithMedia.java:80)
	at sun.reflect.NativeMethodAccessorImpl.invoke0(Native Method)
	at sun.reflect.NativeMethodAccessorImpl.invoke(NativeMethodAccessorImpl.java:62)
	at sun.reflect.DelegatingMethodAccessorImpl.invoke(DelegatingMethodAccessorImpl.java:43)
	at java.lang.reflect.Method.invoke(Method.java:498)
	at org.testng.internal.MethodInvocationHelper.invokeMethod(MethodInvocationHelper.java:85)
	at org.testng.internal.Invoker.invokeMethod(Invoker.java:639)
	at org.testng.internal.Invoker.invokeTestMethod(Invoker.java:821)
	at org.testng.internal.Invoker.invokeTestMethods(Invoker.java:1131)
	at org.testng.internal.TestMethodWorker.invokeTestMethods(TestMethodWorker.java:124)
	at org.testng.internal.TestMethodWorker.run(TestMethodWorker.java:108)
	at org.testng.TestRunner.privateRun(TestRunner.java:773)
	at org.testng.TestRunner.run(TestRunner.java:623)
	at org.testng.SuiteRunner.runTest(SuiteRunner.java:357)
	at org.testng.SuiteRunner.runSequentially(SuiteRunner.java:352)
	at org.testng.SuiteRunner.privateRun(SuiteRunner.java:310)
	at org.testng.SuiteRunner.run(SuiteRunner.java:259)
	at org.testng.SuiteRunnerWorker.runSuite(SuiteRunnerWorker.java:52)
	at org.testng.SuiteRunnerWorker.run(SuiteRunnerWorker.java:86)
	at org.testng.TestNG.runSuitesSequentially(TestNG.java:1185)
	at org.testng.TestNG.runSuitesLocally(TestNG.java:1110)
	at org.testng.TestNG.run(TestNG.java:1018)
	at org.testng.remote.AbstractRemoteTestNG.run(AbstractRemoteTestNG.java:114)
	at org.testng.remote.RemoteTestNG.initAndRun(RemoteTestNG.java:251)
	at org.testng.remote.RemoteTestNG.main(RemoteTestNG.java:77)
</pre></div></td>
<td>107</td>
<td>com.tcs.BsiShopRedesign.cms.CreateCMSPageWithMedia@35cabb2a</td></tr>
</table><p>
<table width='100%' border='1' class='invocation-passed'>
<tr><td colspan='4' align='center'><b>PASSED TESTS</b></td></tr>
<tr><td><b>Test method</b></td>
<td width="30%"><b>Exception</b></td>
<td width="10%"><b>Time (seconds)</b></td>
<td><b>Instance</b></td>
</tr>
<tr>
<td title='com.tcs.BsiShopRedesign.cms.VerifyCmsDetails.signInCms()'><b>signInCms</b><br>Test class: com.tcs.BsiShopRedesign.cms.VerifyCmsDetails</td>
<td></td>
<td>7</td>
<td>com.tcs.BsiShopRedesign.cms.VerifyCmsDetails@72d1ad2e</td></tr>
<tr>
<td title='com.tcs.BsiShopRedesign.cms.ResetPassword.signInCms()'><b>signInCms</b><br>Test class: com.tcs.BsiShopRedesign.cms.ResetPassword</td>
<td></td>
<td>6</td>
<td>com.tcs.BsiShopRedesign.cms.ResetPassword@2d7275fc</td></tr>
<tr>
<td title='com.tcs.BsiShopRedesign.cms.CreatePromoCode.signInCms()'><b>signInCms</b><br>Test class: com.tcs.BsiShopRedesign.cms.CreatePromoCode</td>
<td></td>
<td>6</td>
<td>com.tcs.BsiShopRedesign.cms.CreatePromoCode@399f45b1</td></tr>
<tr>
<td title='com.tcs.BsiShopRedesign.cms.VerifyPromoCodeList.signInCms()'><b>signInCms</b><br>Test class: com.tcs.BsiShopRedesign.cms.VerifyPromoCodeList</td>
<td></td>
<td>6</td>
<td>com.tcs.BsiShopRedesign.cms.VerifyPromoCodeList@38c6f217</td></tr>
<tr>
<td title='com.tcs.BsiShopRedesign.cms.ViewCMSPage.signInCms()'><b>signInCms</b><br>Test class: com.tcs.BsiShopRedesign.cms.ViewCMSPage</td>
<td></td>
<td>6</td>
<td>com.tcs.BsiShopRedesign.cms.ViewCMSPage@478190fc</td></tr>
<tr>
<td title='com.tcs.BsiShopRedesign.cms.CreateUpdateDeleteCMSPage.signInCms()'><b>signInCms</b><br>Test class: com.tcs.BsiShopRedesign.cms.CreateUpdateDeleteCMSPage</td>
<td></td>
<td>7</td>
<td>com.tcs.BsiShopRedesign.cms.CreateUpdateDeleteCMSPage@79e2c065</td></tr>
<tr>
<td title='com.tcs.BsiShopRedesign.cms.CMSPagePreview.signInCms()'><b>signInCms</b><br>Test class: com.tcs.BsiShopRedesign.cms.CMSPagePreview</td>
<td></td>
<td>6</td>
<td>com.tcs.BsiShopRedesign.cms.CMSPagePreview@3a93b025</td></tr>
<tr>
<td title='com.tcs.BsiShopRedesign.cms.CreateCMSPageWithMedia.signInCms()'><b>signInCms</b><br>Test class: com.tcs.BsiShopRedesign.cms.CreateCMSPageWithMedia</td>
<td></td>
<td>6</td>
<td>com.tcs.BsiShopRedesign.cms.CreateCMSPageWithMedia@35cabb2a</td></tr>
<tr>
<td title='com.tcs.BsiShopRedesign.cms.CreateCMSPageWithFolder.signInCms()'><b>signInCms</b><br>Test class: com.tcs.BsiShopRedesign.cms.CreateCMSPageWithFolder</td>
<td></td>
<td>6</td>
<td>com.tcs.BsiShopRedesign.cms.CreateCMSPageWithFolder@7e07db1f</td></tr>
<tr>
<td title='com.tcs.BsiShopRedesign.cms.VerifyCmsDetails.verifyCmsDetails()'><b>verifyCmsDetails</b><br>Test class: com.tcs.BsiShopRedesign.cms.VerifyCmsDetails</td>
<td></td>
<td>185</td>
<td>com.tcs.BsiShopRedesign.cms.VerifyCmsDetails@72d1ad2e</td></tr>
<tr>
<td title='com.tcs.BsiShopRedesign.cms.ResetPassword.verifyCmsDetails()'><b>verifyCmsDetails</b><br>Test class: com.tcs.BsiShopRedesign.cms.ResetPassword</td>
<td></td>
<td>33</td>
<td>com.tcs.BsiShopRedesign.cms.ResetPassword@2d7275fc</td></tr>
<tr>
<td title='com.tcs.BsiShopRedesign.cms.VerifyPromoCodeList.verifyCmsDetails()'><b>verifyCmsDetails</b><br>Test class: com.tcs.BsiShopRedesign.cms.VerifyPromoCodeList</td>
<td></td>
<td>29</td>
<td>com.tcs.BsiShopRedesign.cms.VerifyPromoCodeList@38c6f217</td></tr>
<tr>
<td title='com.tcs.BsiShopRedesign.cms.ViewCMSPage.verifyCmsDetails()'><b>verifyCmsDetails</b><br>Test class: com.tcs.BsiShopRedesign.cms.ViewCMSPage</td>
<td></td>
<td>11</td>
<td>com.tcs.BsiShopRedesign.cms.ViewCMSPage@478190fc</td></tr>
<tr>
<td title='com.tcs.BsiShopRedesign.cms.CreateUpdateDeleteCMSPage.verifyCmsDetails()'><b>verifyCmsDetails</b><br>Test class: com.tcs.BsiShopRedesign.cms.CreateUpdateDeleteCMSPage</td>
<td></td>
<td>98</td>
<td>com.tcs.BsiShopRedesign.cms.CreateUpdateDeleteCMSPage@79e2c065</td></tr>
<tr>
<td title='com.tcs.BsiShopRedesign.cms.CMSPagePreview.verifyCmsDetails()'><b>verifyCmsDetails</b><br>Test class: com.tcs.BsiShopRedesign.cms.CMSPagePreview</td>
<td></td>
<td>67</td>
<td>com.tcs.BsiShopRedesign.cms.CMSPagePreview@3a93b025</td></tr>
<tr>
<td title='com.tcs.BsiShopRedesign.cms.CreateCMSPageWithFolder.verifyCmsDetails()'><b>verifyCmsDetails</b><br>Test class: com.tcs.BsiShopRedesign.cms.CreateCMSPageWithFolder</td>
<td></td>
<td>18</td>
<td>com.tcs.BsiShopRedesign.cms.CreateCMSPageWithFolder@7e07db1f</td></tr>
</table><p>
</body>
</html>