<?xml version="1.0" encoding="UTF-8"?>
<!-- Generated by org.testng.reporters.JUnitXMLReporter -->
<testsuite hostname="ShopRedesign04" name="Chrome Browser" tests="114" failures="25" timestamp="2 Jan 2019 19:02:25 GMT" time="13574.22" errors="0">
  <testcase name="signIn" time="17.559" classname="com.tcs.BsiShopRedesign.sprint1.MyProfile"/>
  <testcase name="addNewBillingAddress" time="22.982" classname="com.tcs.BsiShopRedesign.sprint1.MyProfile"/>
  <testcase name="makeDefaultBillingAddress" time="3.624" classname="com.tcs.BsiShopRedesign.sprint1.MyProfile"/>
  <testcase name="editBillingAddress" time="20.672" classname="com.tcs.BsiShopRedesign.sprint1.MyProfile"/>
  <testcase name="deleteBillingAddress" time="8.911" classname="com.tcs.BsiShopRedesign.sprint1.MyProfile"/>
  <testcase name="addDeliveryAddress" time="17.734" classname="com.tcs.BsiShopRedesign.sprint1.MyProfile"/>
  <testcase name="makeDefaultDeliveryAddress" time="3.51" classname="com.tcs.BsiShopRedesign.sprint1.MyProfile"/>
  <testcase name="editDeliveryAddress" time="19.065" classname="com.tcs.BsiShopRedesign.sprint1.MyProfile"/>
  <testcase name="deleteDeliveryAddress" time="9.028" classname="com.tcs.BsiShopRedesign.sprint1.MyProfile"/>
  <testcase name="resetPassword" time="26.83" classname="com.tcs.BsiShopRedesign.sprint1.MyProfile"/>
  <testcase name="productUpdateBasket" time="156.71" classname="com.tcs.BsiShopRedesign.sprint1.SCRProductsUpdateBasket"/>
  <testcase name="productUpdateBasket" time="34.288" classname="com.tcs.BsiShopRedesign.sprint1.SCRProductsUpdateBasket">
    <failure type="java.lang.AssertionError" message="Search and Update SCR Products was unsuccessful">
      <![CDATA[java.lang.AssertionError: Search and Update SCR Products was unsuccessful
	at com.tcs.BsiShopRedesign.utilities.CommonHelper.reportFailure(CommonHelper.java:78)
	at com.tcs.BsiShopRedesign.sprint1.SCRProductsUpdateBasket.productUpdateBasket(SCRProductsUpdateBasket.java:114)
... Removed 25 stack frames]]>
    </failure>
  </testcase> <!-- productUpdateBasket -->
  <testcase name="productUpdateBasket" time="161.928" classname="com.tcs.BsiShopRedesign.sprint1.SCRProductsUpdateBasket"/>
  <testcase name="signIn" time="8.27" classname="com.tcs.BsiShopRedesign.sprint1.MyProfileTenAddresses"/>
  <testcase name="addTenBillingAddress" time="247.764" classname="com.tcs.BsiShopRedesign.sprint1.MyProfileTenAddresses"/>
  <testcase name="deleteTenBillingAddress" time="75.219" classname="com.tcs.BsiShopRedesign.sprint1.MyProfileTenAddresses"/>
  <testcase name="addTenDeliveryAddress" time="203.286" classname="com.tcs.BsiShopRedesign.sprint1.MyProfileTenAddresses"/>
  <testcase name="deleteTenDeliveryAddress" time="121.159" classname="com.tcs.BsiShopRedesign.sprint1.MyProfileTenAddresses"/>
  <testcase name="signIn" time="18.756" classname="com.tcs.BsiShopRedesign.sprint2.BookEvent"/>
  <testcase name="BookPaidEvent" time="885.639" classname="com.tcs.BsiShopRedesign.sprint2.BookEvent">
    <failure type="java.lang.AssertionError" message="Adding Delegate details was unsuccessful">
      <![CDATA[java.lang.AssertionError: Adding Delegate details was unsuccessful
	at com.tcs.BsiShopRedesign.utilities.CommonHelper.reportFailure(CommonHelper.java:78)
	at com.tcs.BsiShopRedesign.pages.EventPage.addDelegateDetails(EventPage.java:257)
	at com.tcs.BsiShopRedesign.sprint2.BookEvent.BookPaidEvent(BookEvent.java:63)
... Removed 25 stack frames]]>
    </failure>
  </testcase> <!-- BookPaidEvent -->
  <testcase name="BookFreeEvent" time="253.641" classname="com.tcs.BsiShopRedesign.sprint2.BookEvent">
    <failure type="java.lang.AssertionError" message="Click Book Now was unsuccessful">
      <![CDATA[java.lang.AssertionError: Click Book Now was unsuccessful
	at com.tcs.BsiShopRedesign.utilities.CommonHelper.reportFailure(CommonHelper.java:78)
	at com.tcs.BsiShopRedesign.pages.EventPage.bookFreeEvent(EventPage.java:484)
	at com.tcs.BsiShopRedesign.sprint2.BookEvent.BookFreeEvent(BookEvent.java:101)
... Removed 25 stack frames]]>
    </failure>
  </testcase> <!-- BookFreeEvent -->
  <testcase name="signIn" time="9.043" classname="com.tcs.BsiShopRedesign.sprint2.MultipleEventUpdateBasket"/>
  <testcase name="addAndUpdateMultipleEvents" time="885.238" classname="com.tcs.BsiShopRedesign.sprint2.MultipleEventUpdateBasket">
    <failure type="java.lang.AssertionError" message="Adding Delegate details was unsuccessful">
      <![CDATA[java.lang.AssertionError: Adding Delegate details was unsuccessful
	at com.tcs.BsiShopRedesign.utilities.CommonHelper.reportFailure(CommonHelper.java:78)
	at com.tcs.BsiShopRedesign.pages.EventPage.addDelegateDetails(EventPage.java:257)
	at com.tcs.BsiShopRedesign.sprint2.MultipleEventUpdateBasket.addAndUpdateMultipleEvents(MultipleEventUpdateBasket.java:61)
... Removed 25 stack frames]]>
    </failure>
  </testcase> <!-- addAndUpdateMultipleEvents -->
  <testcase name="signIn" time="18.223" classname="com.tcs.BsiShopRedesign.sprint2.StandardProductAndEventRemoveBasket"/>
  <testcase name="BookPaidEventAndStandardProduct" time="885.412" classname="com.tcs.BsiShopRedesign.sprint2.StandardProductAndEventRemoveBasket">
    <failure type="java.lang.AssertionError" message="Adding Delegate details was unsuccessful">
      <![CDATA[java.lang.AssertionError: Adding Delegate details was unsuccessful
	at com.tcs.BsiShopRedesign.utilities.CommonHelper.reportFailure(CommonHelper.java:78)
	at com.tcs.BsiShopRedesign.pages.EventPage.addDelegateDetails(EventPage.java:257)
	at com.tcs.BsiShopRedesign.sprint2.StandardProductAndEventRemoveBasket.BookPaidEventAndStandardProduct(StandardProductAndEventRemoveBasket.java:71)
... Removed 25 stack frames]]>
    </failure>
  </testcase> <!-- BookPaidEventAndStandardProduct -->
  <testcase name="signIn" time="17.911" classname="com.tcs.BsiShopRedesign.sprint2.EssentialsProductAndEventRemoveBasket"/>
  <testcase name="BookPaidEventAndStandardProduct" time="880.765" classname="com.tcs.BsiShopRedesign.sprint2.EssentialsProductAndEventRemoveBasket">
    <failure type="java.lang.AssertionError" message="Adding Delegate details was unsuccessful">
      <![CDATA[java.lang.AssertionError: Adding Delegate details was unsuccessful
	at com.tcs.BsiShopRedesign.utilities.CommonHelper.reportFailure(CommonHelper.java:78)
	at com.tcs.BsiShopRedesign.pages.EventPage.addDelegateDetails(EventPage.java:257)
	at com.tcs.BsiShopRedesign.sprint2.EssentialsProductAndEventRemoveBasket.BookPaidEventAndStandardProduct(EssentialsProductAndEventRemoveBasket.java:67)
... Removed 25 stack frames]]>
    </failure>
  </testcase> <!-- BookPaidEventAndStandardProduct -->
  <testcase name="regBSOLQuote" time="94.31" classname="com.tcs.BsiShopRedesign.sprint2.RegisterSubscriptions">
    <failure type="java.lang.AssertionError" message="Enter BSOL Pardot form details was unsuccessful">
      <![CDATA[java.lang.AssertionError: Enter BSOL Pardot form details was unsuccessful
	at com.tcs.BsiShopRedesign.utilities.CommonHelper.reportFailure(CommonHelper.java:78)
	at com.tcs.BsiShopRedesign.pages.SubscriptionsPage.enterBSOLPardotDetails(SubscriptionsPage.java:100)
	at com.tcs.BsiShopRedesign.sprint2.RegisterSubscriptions.regBSOLQuote(RegisterSubscriptions.java:39)
... Removed 25 stack frames]]>
    </failure>
  </testcase> <!-- regBSOLQuote -->
  <testcase name="regCNQuote" time="97.412" classname="com.tcs.BsiShopRedesign.sprint2.RegisterSubscriptions">
    <failure type="java.lang.AssertionError" message="Enter Pardot Form details was unsuccessful">
      <![CDATA[java.lang.AssertionError: Enter Pardot Form details was unsuccessful
	at com.tcs.BsiShopRedesign.utilities.CommonHelper.reportFailure(CommonHelper.java:78)
	at com.tcs.BsiShopRedesign.pages.SubscriptionsPage.enterCNPardotDetails(SubscriptionsPage.java:327)
	at com.tcs.BsiShopRedesign.sprint2.RegisterSubscriptions.regCNQuote(RegisterSubscriptions.java:74)
... Removed 25 stack frames]]>
    </failure>
  </testcase> <!-- regCNQuote -->
  <testcase name="regEurocodes" time="95.666" classname="com.tcs.BsiShopRedesign.sprint2.RegisterSubscriptions">
    <failure type="java.lang.AssertionError" message="Enter Eurocode Pardot Form details was unsuccessful">
      <![CDATA[java.lang.AssertionError: Enter Eurocode Pardot Form details was unsuccessful
	at com.tcs.BsiShopRedesign.utilities.CommonHelper.reportFailure(CommonHelper.java:78)
	at com.tcs.BsiShopRedesign.pages.SubscriptionsPage.enterEurocodePardotDetails(SubscriptionsPage.java:467)
	at com.tcs.BsiShopRedesign.sprint2.RegisterSubscriptions.regEurocodes(RegisterSubscriptions.java:109)
... Removed 25 stack frames]]>
    </failure>
  </testcase> <!-- regEurocodes -->
  <testcase name="signIn" time="17.764" classname="com.tcs.BsiShopRedesign.sprint2.DownloadMarketingMaterial"/>
  <testcase name="downloadPASMM" time="33.399" classname="com.tcs.BsiShopRedesign.sprint2.DownloadMarketingMaterial">
    <failure type="java.lang.AssertionError" message="Click on Download Now was unsuccessful">
      <![CDATA[java.lang.AssertionError: Click on Download Now was unsuccessful
	at com.tcs.BsiShopRedesign.utilities.CommonHelper.reportFailure(CommonHelper.java:78)
	at com.tcs.BsiShopRedesign.pages.DownloadMMPage.clickDownloadNow(DownloadMMPage.java:53)
	at com.tcs.BsiShopRedesign.sprint2.DownloadMarketingMaterial.downloadPASMM(DownloadMarketingMaterial.java:66)
... Removed 25 stack frames]]>
    </failure>
  </testcase> <!-- downloadPASMM -->
  <testcase name="registerMUNL" time="129.291" classname="com.tcs.BsiShopRedesign.sprint2.RegisterMUNLCode"/>
  <testcase name="checkWarningMsgPDF" time="18.246" classname="com.tcs.BsiShopRedesign.sprint2.CheckWarningMsgAddtoBasket"/>
  <testcase name="signInMember" time="8.932" classname="com.tcs.BsiShopRedesign.sprint2.VerifyMemberTab"/>
  <testcase name="verifyStatus" time="4.818" classname="com.tcs.BsiShopRedesign.sprint2.VerifyMemberTab"/>
  <testcase name="searchPASCount" time="164.181" classname="com.tcs.BsiShopRedesign.sprint3.CheckSearchCount"/>
  <testcase name="checkProductStatus" time="32.451" classname="com.tcs.BsiShopRedesign.sprint3.CheckWithdrawnStatus"/>
  <testcase name="checkEventStatus" time="24.507" classname="com.tcs.BsiShopRedesign.sprint3.CheckWithdrawnStatus"/>
  <testcase name="checkBookStatus" time="23.112" classname="com.tcs.BsiShopRedesign.sprint3.CheckWithdrawnStatus"/>
  <testcase name="checkSortingOrderQuality" time="109.155" classname="com.tcs.BsiShopRedesign.sprint3.SearchSortOrderByProductType"/>
  <testcase name="checkFreeEvent" time="33.061" classname="com.tcs.BsiShopRedesign.sprint3.CheckProductFeatures">
    <failure type="java.lang.AssertionError" message="Free Event Price match is unsuccessful">
      <![CDATA[java.lang.AssertionError: Free Event Price match is unsuccessful
	at com.tcs.BsiShopRedesign.utilities.CommonHelper.reportFailure(CommonHelper.java:78)
	at com.tcs.BsiShopRedesign.pages.SearchPage.checkFreeEventPrice(SearchPage.java:479)
	at com.tcs.BsiShopRedesign.sprint3.CheckProductFeatures.checkFreeEvent(CheckProductFeatures.java:36)
... Removed 25 stack frames]]>
    </failure>
  </testcase> <!-- checkFreeEvent -->
  <testcase name="checkPASProduct" time="12.206" classname="com.tcs.BsiShopRedesign.sprint3.CheckProductFeatures"/>
  <testcase name="checkPaidEvent" time="43.444" classname="com.tcs.BsiShopRedesign.sprint3.CheckProductFeatures">
    <failure type="java.lang.AssertionError" message="Paid Event Price match is unsuccessful">
      <![CDATA[java.lang.AssertionError: Paid Event Price match is unsuccessful
	at com.tcs.BsiShopRedesign.utilities.CommonHelper.reportFailure(CommonHelper.java:78)
	at com.tcs.BsiShopRedesign.pages.SearchPage.checkPaidEventPrice(SearchPage.java:729)
	at com.tcs.BsiShopRedesign.sprint3.CheckProductFeatures.checkPaidEvent(CheckProductFeatures.java:110)
... Removed 25 stack frames]]>
    </failure>
  </testcase> <!-- checkPaidEvent -->
  <testcase name="blankSearch" time="7.77" classname="com.tcs.BsiShopRedesign.sprint3.CheckBlankSearchResult"/>
  <testcase name="addToBasketSearchList" time="125.839" classname="com.tcs.BsiShopRedesign.sprint3.AddPDFToBasketTwiceFromSearchList"/>
  <testcase name="checkSortingOrderQuality" time="351.205" classname="com.tcs.BsiShopRedesign.sprint3.SearchSortOrderByPublishedDate"/>
  <testcase name="createRegUserUKProfile" time="14.599" classname="com.tcs.BsiShopRedesign.sprint4_5.RegistrationsWithDiffProfile"/>
  <testcase name="createRegUserNonUKProfile" time="26.609" classname="com.tcs.BsiShopRedesign.sprint4_5.RegistrationsWithDiffProfile"/>
  <testcase name="verifyTooltip" time="17.779" classname="com.tcs.BsiShopRedesign.sprint4_5.RegistrationsWithDiffProfile"/>
  <testcase name="verifyContactInformation" time="8.579" classname="com.tcs.BsiShopRedesign.sprint4_5.RegistrationsWithDiffProfile"/>
  <testcase name="loginThroughAlreadyRegistered" time="25.962" classname="com.tcs.BsiShopRedesign.sprint4_5.RegistrationsWithDiffProfile"/>
  <testcase name="verifyLoginForRegisteredUser" time="14.258" classname="com.tcs.BsiShopRedesign.sprint4_5.RegistrationsWithDiffProfile"/>
  <testcase name="signInMember" time="9.229" classname="com.tcs.BsiShopRedesign.sprint4_5.VerifyMemberProfile"/>
  <testcase name="verifyMemberTab" time="4.48" classname="com.tcs.BsiShopRedesign.sprint4_5.VerifyMemberProfile"/>
  <testcase name="signInMember" time="8.947" classname="com.tcs.BsiShopRedesign.sprint4_5.AddInvoiceToBasketFromMemTab"/>
  <testcase name="AddInvoiceToBasket" time="25.567" classname="com.tcs.BsiShopRedesign.sprint4_5.AddInvoiceToBasketFromMemTab"/>
  <testcase name="withdrawnStatusColorCode" time="114.529" classname="com.tcs.BsiShopRedesign.sprint4_5.VerifyProductStatusWithColorCode"/>
  <testcase name="currentStatusColorCode" time="82.402" classname="com.tcs.BsiShopRedesign.sprint4_5.VerifyProductStatusWithColorCode"/>
  <testcase name="currentDraftStatusColorCode" time="175.088" classname="com.tcs.BsiShopRedesign.sprint4_5.VerifyProductStatusWithColorCode"/>
  <testcase name="currentRevisionUnderwayStatusColorCode" time="177.429" classname="com.tcs.BsiShopRedesign.sprint4_5.VerifyProductStatusWithColorCode"/>
  <testcase name="currentUnderReviewStatusColorCode" time="174.848" classname="com.tcs.BsiShopRedesign.sprint4_5.VerifyProductStatusWithColorCode"/>
  <testcase name="CheckLoginAlertOnChekout" time="80.364" classname="com.tcs.BsiShopRedesign.sprint7.UnregisteredUserCheckout"/>
  <testcase name="signInMember" time="9.195" classname="com.tcs.BsiShopRedesign.sprint7.VerifyMemberDiscount"/>
  <testcase name="verifyMemberPrice" time="210.662" classname="com.tcs.BsiShopRedesign.sprint7.VerifyMemberDiscount"/>
  <testcase name="signIn" time="17.627" classname="com.tcs.BsiShopRedesign.sprint7.EditCheckoutBillingAddress"/>
  <testcase name="editBillingAddress" time="87.049" classname="com.tcs.BsiShopRedesign.sprint7.EditCheckoutBillingAddress"/>
  <testcase name="signIn" time="18.064" classname="com.tcs.BsiShopRedesign.sprint7.CreateCheckoutBillingAddress"/>
  <testcase name="createBillingAddress" time="87.542" classname="com.tcs.BsiShopRedesign.sprint7.CreateCheckoutBillingAddress"/>
  <testcase name="signIn" time="18.167" classname="com.tcs.BsiShopRedesign.sprint8.ApplyMemberAccount"/>
  <testcase name="applyMemberAccountBelowBandNine" time="70.265" classname="com.tcs.BsiShopRedesign.sprint8.ApplyMemberAccount"/>
  <testcase name="applyMemberAccountBandNineAbove" time="15.544" classname="com.tcs.BsiShopRedesign.sprint8.ApplyMemberAccount"/>
  <testcase name="signInMember" time="9.078" classname="com.tcs.BsiShopRedesign.sprint8.VerifyMemberDetails"/>
  <testcase name="verifyMemberLink" time="40.08" classname="com.tcs.BsiShopRedesign.sprint8.VerifyMemberDetails"/>
  <testcase name="enterEmailID" time="11.699" classname="com.tcs.BsiShopRedesign.sprint8.VerifyMemberDetails"/>
  <testcase name="signInMember" time="8.674" classname="com.tcs.BsiShopRedesign.sprint8.RenewMembership"/>
  <testcase name="addRenewMembershipToBasket" time="30.439" classname="com.tcs.BsiShopRedesign.sprint8.RenewMembership">
    <failure type="java.lang.AssertionError" message="Click Renew Membership was unsuccessful">
      <![CDATA[java.lang.AssertionError: Click Renew Membership was unsuccessful
	at com.tcs.BsiShopRedesign.utilities.CommonHelper.reportFailure(CommonHelper.java:78)
	at com.tcs.BsiShopRedesign.pages.MyProfileMemberPage.clickRenewMembership(MyProfileMemberPage.java:162)
	at com.tcs.BsiShopRedesign.sprint8.RenewMembership.addRenewMembershipToBasket(RenewMembership.java:54)
... Removed 25 stack frames]]>
    </failure>
  </testcase> <!-- addRenewMembershipToBasket -->
  <testcase name="signIn" time="18.097" classname="com.tcs.BsiShopRedesign.sprint8.SoftCopyDownloads"/>
  <testcase name="downloadSoftCopyfromOrderCofirmationPage" time="433.156" classname="com.tcs.BsiShopRedesign.sprint8.SoftCopyDownloads">
    <failure type="java.lang.AssertionError" message="Placing of order was unsuccesful">
      <![CDATA[java.lang.AssertionError: Placing of order was unsuccesful
	at com.tcs.BsiShopRedesign.utilities.CommonHelper.reportFailure(CommonHelper.java:78)
	at com.tcs.BsiShopRedesign.pages.OrderConfirmationPage.verifyOrderSuccessMessage(OrderConfirmationPage.java:258)
	at com.tcs.BsiShopRedesign.sprint8.SoftCopyDownloads.downloadSoftCopyfromOrderCofirmationPage(SoftCopyDownloads.java:114)
... Removed 25 stack frames]]>
    </failure>
  </testcase> <!-- downloadSoftCopyfromOrderCofirmationPage -->
  <testcase name="downloadSoftCopyfromOrderHistoryPage" time="22.774" classname="com.tcs.BsiShopRedesign.sprint8.SoftCopyDownloads">
    <failure type="java.lang.AssertionError" message="SoftCopy Download was unsuccessful">
      <![CDATA[java.lang.AssertionError: SoftCopy Download was unsuccessful
	at com.tcs.BsiShopRedesign.utilities.CommonHelper.reportFailure(CommonHelper.java:78)
	at com.tcs.BsiShopRedesign.pages.OrderHistoryPage.downloadAndVerifySoftCopy(OrderHistoryPage.java:107)
	at com.tcs.BsiShopRedesign.sprint8.SoftCopyDownloads.downloadSoftCopyfromOrderHistoryPage(SoftCopyDownloads.java:162)
... Removed 25 stack frames]]>
    </failure>
  </testcase> <!-- downloadSoftCopyfromOrderHistoryPage -->
  <testcase name="signIn" time="17.575" classname="com.tcs.BsiShopRedesign.sprint8.VerifyHardCopyDetails"/>
  <testcase name="verifyHardCopyDeliveryDetails" time="420.293" classname="com.tcs.BsiShopRedesign.sprint8.VerifyHardCopyDetails">
    <failure type="java.lang.AssertionError" message="Placing of order was unsuccesful">
      <![CDATA[java.lang.AssertionError: Placing of order was unsuccesful
	at com.tcs.BsiShopRedesign.utilities.CommonHelper.reportFailure(CommonHelper.java:78)
	at com.tcs.BsiShopRedesign.pages.OrderConfirmationPage.verifyOrderSuccessMessage(OrderConfirmationPage.java:258)
	at com.tcs.BsiShopRedesign.sprint8.VerifyHardCopyDetails.verifyHardCopyDeliveryDetails(VerifyHardCopyDetails.java:100)
... Removed 25 stack frames]]>
    </failure>
  </testcase> <!-- verifyHardCopyDeliveryDetails -->
  <testcase name="signIn" time="17.652" classname="com.tcs.BsiShopRedesign.sprint8.ValidateCountryCheckoutDetails"/>
  <testcase name="validateCheckoutNonUKDetailsHardCopy" time="227.964" classname="com.tcs.BsiShopRedesign.sprint8.ValidateCountryCheckoutDetails">
    <failure type="java.lang.AssertionError" message="Validate Checkout Details with Billing and Card Billing Address as non UK Country for Hardcopy product on Checkout Page was unsuccessful">
      <![CDATA[java.lang.AssertionError: Validate Checkout Details with Billing and Card Billing Address as non UK Country for Hardcopy product on Checkout Page was unsuccessful
	at com.tcs.BsiShopRedesign.utilities.CommonHelper.reportFailure(CommonHelper.java:78)
	at com.tcs.BsiShopRedesign.sprint8.ValidateCountryCheckoutDetails.validateCheckoutNonUKDetailsHardCopy(ValidateCountryCheckoutDetails.java:118)
... Removed 25 stack frames]]>
    </failure>
  </testcase> <!-- validateCheckoutNonUKDetailsHardCopy -->
  <testcase name="validateCheckoutNonUKDetailsSoftCopy" time="210.678" classname="com.tcs.BsiShopRedesign.sprint8.ValidateCountryCheckoutDetails"/>
  <testcase name="verifyMemberLink" time="31.249" classname="com.tcs.BsiShopRedesign.sprint8.VerifyPDFPreviewing"/>
  <testcase name="signIn" time="17.641" classname="com.tcs.BsiShopRedesign.sprint8.EditOrderDetailsFromCheckout"/>
  <testcase name="verifyHardCopyDeliveryDetails" time="239.716" classname="com.tcs.BsiShopRedesign.sprint8.EditOrderDetailsFromCheckout"/>
  <testcase name="signIn" time="18.403" classname="com.tcs.BsiShopRedesign.sprint9.PromoCodeOrder"/>
  <testcase name="applyPromoCode" time="248.202" classname="com.tcs.BsiShopRedesign.sprint9.PromoCodeOrder">
    <failure type="java.lang.AssertionError" message="Placing of order was unsuccesful">
      <![CDATA[java.lang.AssertionError: Placing of order was unsuccesful
	at com.tcs.BsiShopRedesign.utilities.CommonHelper.reportFailure(CommonHelper.java:78)
	at com.tcs.BsiShopRedesign.pages.OrderConfirmationPage.verifyOrderSuccessMessage(OrderConfirmationPage.java:258)
	at com.tcs.BsiShopRedesign.sprint9.PromoCodeOrder.applyPromoCode(PromoCodeOrder.java:125)
... Removed 25 stack frames]]>
    </failure>
  </testcase> <!-- applyPromoCode -->
  <testcase name="signInMember" time="9.464" classname="com.tcs.BsiShopRedesign.sprint9.PayByInvoice"/>
  <testcase name="payByInvoiceOrder" time="452.979" classname="com.tcs.BsiShopRedesign.sprint9.PayByInvoice">
    <failure type="java.lang.AssertionError" message="Placing of order was unsuccesful">
      <![CDATA[java.lang.AssertionError: Placing of order was unsuccesful
	at com.tcs.BsiShopRedesign.utilities.CommonHelper.reportFailure(CommonHelper.java:78)
	at com.tcs.BsiShopRedesign.pages.OrderConfirmationPage.verifyOrderSuccessMessage(OrderConfirmationPage.java:258)
	at com.tcs.BsiShopRedesign.sprint9.PayByInvoice.payByInvoiceOrder(PayByInvoice.java:108)
... Removed 25 stack frames]]>
    </failure>
  </testcase> <!-- payByInvoiceOrder -->
  <testcase name="verifyPayByInvoiceErrorMsg" time="243.316" classname="com.tcs.BsiShopRedesign.sprint9.PayByInvoice"/>
  <testcase name="signInMember" time="9.321" classname="com.tcs.BsiShopRedesign.sprint9.PreBookProducts"/>
  <testcase name="verifyAdavanceAccessProduct" time="85.498" classname="com.tcs.BsiShopRedesign.sprint9.PreBookProducts"/>
  <testcase name="verifyPreOrderProduct" time="33.009" classname="com.tcs.BsiShopRedesign.sprint9.PreBookProducts">
    <failure type="java.lang.AssertionError" message="Verification and Placing order of Pre Order Product was unsuccessful">
      <![CDATA[java.lang.AssertionError: Verification and Placing order of Pre Order Product was unsuccessful
	at com.tcs.BsiShopRedesign.utilities.CommonHelper.reportFailure(CommonHelper.java:78)
	at com.tcs.BsiShopRedesign.sprint9.PreBookProducts.verifyPreOrderProduct(PreBookProducts.java:177)
... Removed 25 stack frames]]>
    </failure>
  </testcase> <!-- verifyPreOrderProduct -->
  <testcase name="contactUs" time="10.248" classname="com.tcs.BsiShopRedesign.sprint9.VerifyContactUs"/>
  <testcase name="signIn" time="17.599" classname="com.tcs.BsiShopRedesign.sprint9.SecureAuthenticationPayment"/>
  <testcase name="verifyHardCopyDeliveryDetails" time="667.421" classname="com.tcs.BsiShopRedesign.sprint9.SecureAuthenticationPayment">
    <failure type="java.lang.AssertionError" message="Placing of order was unsuccesful">
      <![CDATA[java.lang.AssertionError: Placing of order was unsuccesful
	at com.tcs.BsiShopRedesign.utilities.CommonHelper.reportFailure(CommonHelper.java:78)
	at com.tcs.BsiShopRedesign.pages.OrderConfirmationPage.verifyOrderSuccessMessage(OrderConfirmationPage.java:258)
	at com.tcs.BsiShopRedesign.sprint9.SecureAuthenticationPayment.verifyHardCopyDeliveryDetails(SecureAuthenticationPayment.java:100)
... Removed 25 stack frames]]>
    </failure>
  </testcase> <!-- verifyHardCopyDeliveryDetails -->
  <testcase name="verifyDCProduct" time="13.424" classname="com.tcs.BsiShopRedesign.sprint9.VerifyDifferentProductType"/>
  <testcase name="verifyNewsFeed" time="17.366" classname="com.tcs.BsiShopRedesign.sprint9.VerifyDifferentProductType"/>
  <testcase name="verifyPAS2030ProductDetails" time="33.173" classname="com.tcs.BsiShopRedesign.sprint9.VerifyDifferentProductType">
    <failure type="java.lang.AssertionError" message="no such element: Unable to locate element: {&amp;quot;method&amp;quot;:&amp;quot;link text&amp;quot;,&amp;quot;selector&amp;quot;:&amp;quot;Pas 2030 Online&amp;quot;}
  (Session info: chrome=71.0.3578.98)
  (Driver info: chromedriver=2.43.600210 (68dcf5eebde37173d4027fa8635e332711d2874a),platform=Windows NT 6.3.9600 x86_64) (WARNING: The server did not provide any stacktrace information)
Command duration or timeout: 0 milliseconds
For documentation on this error, please visit: http://seleniumhq.org/exceptions/no_such_element.html
Build info: version: &amp;apos;3.8.0&amp;apos;, revision: &amp;apos;924c4067df&amp;apos;, time: &amp;apos;2017-11-30T11:20:39.408Z&amp;apos;
System info: host: &amp;apos;ShopRedesign04&amp;apos;, ip: &amp;apos;10.0.9.7&amp;apos;, os.name: &amp;apos;Windows Server 2012 R2&amp;apos;, os.arch: &amp;apos;amd64&amp;apos;, os.version: &amp;apos;6.3&amp;apos;, java.version: &amp;apos;1.8.0_171&amp;apos;
Driver info: org.openqa.selenium.chrome.ChromeDriver
Capabilities {acceptInsecureCerts: false, acceptSslCerts: false, applicationCacheEnabled: false, browserConnectionEnabled: false, browserName: chrome, chrome: {chromedriverVersion: 2.43.600210 (68dcf5eebde371..., userDataDir: C:\Users\shopqa\AppData\Loc...}, cssSelectorsEnabled: true, databaseEnabled: false, goog:chromeOptions: {debuggerAddress: localhost:49273}, handlesAlerts: true, hasTouchScreen: false, javascriptEnabled: true, locationContextEnabled: true, mobileEmulationEnabled: false, nativeEvents: true, networkConnectionEnabled: false, pageLoadStrategy: normal, platform: XP, platformName: XP, rotatable: false, setWindowRect: true, takesHeapSnapshot: true, takesScreenshot: true, unexpectedAlertBehaviour: , unhandledPromptBehavior: , version: 71.0.3578.98, webStorageEnabled: true}
Session ID: 8dcd0282f629ad8476e8f7b813747266
*** Element info: {Using=link text, value=Pas 2030 Online}">
      <![CDATA[java.lang.AssertionError: no such element: Unable to locate element: {"method":"link text","selector":"Pas 2030 Online"}
  (Session info: chrome=71.0.3578.98)
  (Driver info: chromedriver=2.43.600210 (68dcf5eebde37173d4027fa8635e332711d2874a),platform=Windows NT 6.3.9600 x86_64) (WARNING: The server did not provide any stacktrace information)
Command duration or timeout: 0 milliseconds
For documentation on this error, please visit: http://seleniumhq.org/exceptions/no_such_element.html
Build info: version: '3.8.0', revision: '924c4067df', time: '2017-11-30T11:20:39.408Z'
System info: host: 'ShopRedesign04', ip: '10.0.9.7', os.name: 'Windows Server 2012 R2', os.arch: 'amd64', os.version: '6.3', java.version: '1.8.0_171'
Driver info: org.openqa.selenium.chrome.ChromeDriver
Capabilities {acceptInsecureCerts: false, acceptSslCerts: false, applicationCacheEnabled: false, browserConnectionEnabled: false, browserName: chrome, chrome: {chromedriverVersion: 2.43.600210 (68dcf5eebde371..., userDataDir: C:\Users\shopqa\AppData\Loc...}, cssSelectorsEnabled: true, databaseEnabled: false, goog:chromeOptions: {debuggerAddress: localhost:49273}, handlesAlerts: true, hasTouchScreen: false, javascriptEnabled: true, locationContextEnabled: true, mobileEmulationEnabled: false, nativeEvents: true, networkConnectionEnabled: false, pageLoadStrategy: normal, platform: XP, platformName: XP, rotatable: false, setWindowRect: true, takesHeapSnapshot: true, takesScreenshot: true, unexpectedAlertBehaviour: , unhandledPromptBehavior: , version: 71.0.3578.98, webStorageEnabled: true}
Session ID: 8dcd0282f629ad8476e8f7b813747266
*** Element info: {Using=link text, value=Pas 2030 Online}
	at com.tcs.BsiShopRedesign.sprint9.VerifyDifferentProductType.verifyPAS2030ProductDetails(VerifyDifferentProductType.java:160)
... Removed 25 stack frames]]>
    </failure>
  </testcase> <!-- verifyPAS2030ProductDetails -->
  <testcase name="signIn" time="17.682" classname="com.tcs.BsiShopRedesign.sprint9.CheckoutDeliveryAddress"/>
  <testcase name="verifyHardCopyDeliveryDetails" time="419.272" classname="com.tcs.BsiShopRedesign.sprint9.CheckoutDeliveryAddress">
    <failure type="java.lang.AssertionError" message="Placing of order was unsuccesful">
      <![CDATA[java.lang.AssertionError: Placing of order was unsuccesful
	at com.tcs.BsiShopRedesign.utilities.CommonHelper.reportFailure(CommonHelper.java:78)
	at com.tcs.BsiShopRedesign.pages.OrderConfirmationPage.verifyOrderSuccessMessage(OrderConfirmationPage.java:258)
	at com.tcs.BsiShopRedesign.sprint9.CheckoutDeliveryAddress.verifyHardCopyDeliveryDetails(CheckoutDeliveryAddress.java:99)
... Removed 25 stack frames]]>
    </failure>
  </testcase> <!-- verifyHardCopyDeliveryDetails -->
  <testcase name="blankSearch" time="82.783" classname="com.tcs.BsiShopRedesign.sprint9.VerifyRecentlyViewedProducts"/>
  <testcase name="signInMember" time="9.065" classname="com.tcs.BsiShopRedesign.sprint9.VerifyIncorrectPaymentDetails"/>
  <testcase name="verifyIncorrectCardPayment" time="204.557" classname="com.tcs.BsiShopRedesign.sprint9.VerifyIncorrectPaymentDetails">
    <failure type="java.lang.AssertionError" message="Enter Incorrect Card Details was unsuccessful">
      <![CDATA[java.lang.AssertionError: Enter Incorrect Card Details was unsuccessful
	at com.tcs.BsiShopRedesign.utilities.CommonHelper.reportFailure(CommonHelper.java:78)
	at com.tcs.BsiShopRedesign.pages.CheckoutPage.verifyIncorrectCardPaymentDetails(CheckoutPage.java:269)
	at com.tcs.BsiShopRedesign.sprint9.VerifyIncorrectPaymentDetails.verifyIncorrectCardPayment(VerifyIncorrectPaymentDetails.java:101)
... Removed 25 stack frames]]>
    </failure>
  </testcase> <!-- verifyIncorrectCardPayment -->
  <testcase name="signIn" time="17.533" classname="com.tcs.BsiShopRedesign.sprint9.ViewPDFInvoice"/>
  <testcase name="applyPromoCode" time="363.629" classname="com.tcs.BsiShopRedesign.sprint9.ViewPDFInvoice">
    <failure type="java.lang.AssertionError" message="Placing of order was unsuccesful">
      <![CDATA[java.lang.AssertionError: Placing of order was unsuccesful
	at com.tcs.BsiShopRedesign.utilities.CommonHelper.reportFailure(CommonHelper.java:78)
	at com.tcs.BsiShopRedesign.pages.OrderConfirmationPage.verifyOrderSuccessMessage(OrderConfirmationPage.java:258)
	at com.tcs.BsiShopRedesign.sprint9.ViewPDFInvoice.applyPromoCode(ViewPDFInvoice.java:97)
... Removed 25 stack frames]]>
    </failure>
  </testcase> <!-- applyPromoCode -->
  <testcase name="signIn" time="17.728" classname="com.tcs.BsiShopRedesign.sprint9.VerifyOrderDetailsWithCMS"/>
  <testcase name="applyPromoCode" time="174.711" classname="com.tcs.BsiShopRedesign.sprint9.VerifyOrderDetailsWithCMS"/>
  <testcase name="otherServices" time="54.015" classname="com.tcs.BsiShopRedesign.sprint9.VerifyFooterHyperlinks"/>
  <testcase name="otherBSIWebsites" time="95.025" classname="com.tcs.BsiShopRedesign.sprint9.VerifyFooterHyperlinks"/>
  <testcase name="validateCheckoutNonUKDetailsHardCopy" time="9.852" classname="com.tcs.BsiShopRedesign.sprint9.VerifyForgotPassword"/>
</testsuite> <!-- Chrome Browser -->
