<?xml version="1.0" encoding="UTF-8"?>
<!-- Generated by org.testng.reporters.JUnitXMLReporter -->
<testsuite hostname="ShopRedesign04" name="Firefox    Browser" tests="83" failures="20" timestamp="18 Sep 2018 16:33:31 GMT" time="7563.143" errors="0">
  <testcase name="signIn" time="17.048" classname="com.tcs.BsiShopRedesign.sprint1.MyProfile"/>
  <testcase name="addNewBillingAddress" time="21.11" classname="com.tcs.BsiShopRedesign.sprint1.MyProfile"/>
  <testcase name="makeDefaultBillingAddress" time="3.506" classname="com.tcs.BsiShopRedesign.sprint1.MyProfile"/>
  <testcase name="editBillingAddress" time="19.447" classname="com.tcs.BsiShopRedesign.sprint1.MyProfile"/>
  <testcase name="deleteBillingAddress" time="8.702" classname="com.tcs.BsiShopRedesign.sprint1.MyProfile"/>
  <testcase name="addDeliveryAddress" time="17.519" classname="com.tcs.BsiShopRedesign.sprint1.MyProfile"/>
  <testcase name="makeDefaultDeliveryAddress" time="3.616" classname="com.tcs.BsiShopRedesign.sprint1.MyProfile"/>
  <testcase name="editDeliveryAddress" time="16.592" classname="com.tcs.BsiShopRedesign.sprint1.MyProfile"/>
  <testcase name="deleteDeliveryAddress" time="8.988" classname="com.tcs.BsiShopRedesign.sprint1.MyProfile"/>
  <testcase name="resetPassword" time="25.925" classname="com.tcs.BsiShopRedesign.sprint1.MyProfile"/>
  <testcase name="productUpdateBasket" time="118.762" classname="com.tcs.BsiShopRedesign.sprint1.SCRProductsUpdateBasket"/>
  <testcase name="productUpdateBasket" time="112.961" classname="com.tcs.BsiShopRedesign.sprint1.SCRProductsUpdateBasket"/>
  <testcase name="productUpdateBasket" time="114.862" classname="com.tcs.BsiShopRedesign.sprint1.SCRProductsUpdateBasket"/>
  <testcase name="signIn" time="8.707" classname="com.tcs.BsiShopRedesign.sprint1.MyProfileAddTenAddresses"/>
  <testcase name="addTenBillingAddress" time="201.917" classname="com.tcs.BsiShopRedesign.sprint1.MyProfileAddTenAddresses"/>
  <testcase name="deleteTenBillingAddress" time="72.67" classname="com.tcs.BsiShopRedesign.sprint1.MyProfileAddTenAddresses"/>
  <testcase name="addTenDeliveryAddress" time="183.08" classname="com.tcs.BsiShopRedesign.sprint1.MyProfileAddTenAddresses"/>
  <testcase name="deleteTenDeliveryAddress" time="80.357" classname="com.tcs.BsiShopRedesign.sprint1.MyProfileAddTenAddresses"/>
  <testcase name="signIn" time="16.899" classname="com.tcs.BsiShopRedesign.sprint2.BookEvent"/>
  <testcase name="BookPaidEvent" time="56.355" classname="com.tcs.BsiShopRedesign.sprint2.BookEvent"/>
  <testcase name="BookFreeEvent" time="381.574" classname="com.tcs.BsiShopRedesign.sprint2.BookEvent">
    <failure type="java.lang.AssertionError" message="Click Book Now was unsuccessful">
      <![CDATA[java.lang.AssertionError: Click Book Now was unsuccessful
	at com.tcs.BsiShopRedesign.utilities.CommonHelper.reportFailure(CommonHelper.java:66)
	at com.tcs.BsiShopRedesign.pages.EventPage.bookFreeEvent(EventPage.java:442)
	at com.tcs.BsiShopRedesign.sprint2.BookEvent.BookFreeEvent(BookEvent.java:101)
... Removed 25 stack frames]]>
    </failure>
  </testcase> <!-- BookFreeEvent -->
  <testcase name="signIn" time="9.731" classname="com.tcs.BsiShopRedesign.sprint2.MultipleEventUpdateBasket"/>
  <testcase name="addAndUpdateMultipleEvents" time="137.542" classname="com.tcs.BsiShopRedesign.sprint2.MultipleEventUpdateBasket"/>
  <testcase name="signIn" time="18.988" classname="com.tcs.BsiShopRedesign.sprint2.StandardProductAndEventRemoveBasket"/>
  <testcase name="BookPaidEventAndStandardProduct" time="74.445" classname="com.tcs.BsiShopRedesign.sprint2.StandardProductAndEventRemoveBasket">
    <failure type="java.lang.AssertionError" message="Add and Remove Paid Event or Standard Product to Basket was unsuccessful">
      <![CDATA[java.lang.AssertionError: Add and Remove Paid Event or Standard Product to Basket was unsuccessful
	at com.tcs.BsiShopRedesign.utilities.CommonHelper.reportFailure(CommonHelper.java:66)
	at com.tcs.BsiShopRedesign.sprint2.StandardProductAndEventRemoveBasket.BookPaidEventAndStandardProduct(StandardProductAndEventRemoveBasket.java:122)
... Removed 25 stack frames]]>
    </failure>
  </testcase> <!-- BookPaidEventAndStandardProduct -->
  <testcase name="signIn" time="18.625" classname="com.tcs.BsiShopRedesign.sprint2.EssentialsProductAndEventRemoveBasket"/>
  <testcase name="BookPaidEventAndStandardProduct" time="681.476" classname="com.tcs.BsiShopRedesign.sprint2.EssentialsProductAndEventRemoveBasket">
    <failure type="java.lang.AssertionError" message="Adding Delegate details was unsuccessful">
      <![CDATA[java.lang.AssertionError: Adding Delegate details was unsuccessful
	at com.tcs.BsiShopRedesign.utilities.CommonHelper.reportFailure(CommonHelper.java:66)
	at com.tcs.BsiShopRedesign.pages.EventPage.addDelegateDetails(EventPage.java:215)
	at com.tcs.BsiShopRedesign.sprint2.EssentialsProductAndEventRemoveBasket.BookPaidEventAndStandardProduct(EssentialsProductAndEventRemoveBasket.java:67)
... Removed 25 stack frames]]>
    </failure>
  </testcase> <!-- BookPaidEventAndStandardProduct -->
  <testcase name="regBSOLQuote" time="94.316" classname="com.tcs.BsiShopRedesign.sprint2.RegisterSubscriptions">
    <failure type="java.lang.AssertionError" message="Verification of Pardot Form was unsuccessful">
      <![CDATA[java.lang.AssertionError: Verification of Pardot Form was unsuccessful
	at com.tcs.BsiShopRedesign.utilities.CommonHelper.reportFailure(CommonHelper.java:66)
	at com.tcs.BsiShopRedesign.pages.SubscriptionsPage.verifyPardotForm(SubscriptionsPage.java:242)
	at com.tcs.BsiShopRedesign.sprint2.RegisterSubscriptions.regBSOLQuote(RegisterSubscriptions.java:44)
... Removed 25 stack frames]]>
    </failure>
  </testcase> <!-- regBSOLQuote -->
  <testcase name="regCNQuote" time="39.871" classname="com.tcs.BsiShopRedesign.sprint2.RegisterSubscriptions">
    <failure type="java.lang.AssertionError" message="Enter Pardot Form details was unsuccessful">
      <![CDATA[java.lang.AssertionError: Enter Pardot Form details was unsuccessful
	at com.tcs.BsiShopRedesign.utilities.CommonHelper.reportFailure(CommonHelper.java:66)
	at com.tcs.BsiShopRedesign.pages.SubscriptionsPage.enterCNPardotDetails(SubscriptionsPage.java:305)
	at com.tcs.BsiShopRedesign.sprint2.RegisterSubscriptions.regCNQuote(RegisterSubscriptions.java:74)
... Removed 25 stack frames]]>
    </failure>
  </testcase> <!-- regCNQuote -->
  <testcase name="regEurocodes" time="39.39" classname="com.tcs.BsiShopRedesign.sprint2.RegisterSubscriptions">
    <failure type="java.lang.AssertionError" message="Enter Eurocode Pardot Form details was unsuccessful">
      <![CDATA[java.lang.AssertionError: Enter Eurocode Pardot Form details was unsuccessful
	at com.tcs.BsiShopRedesign.utilities.CommonHelper.reportFailure(CommonHelper.java:66)
	at com.tcs.BsiShopRedesign.pages.SubscriptionsPage.enterEurocodePardotDetails(SubscriptionsPage.java:438)
	at com.tcs.BsiShopRedesign.sprint2.RegisterSubscriptions.regEurocodes(RegisterSubscriptions.java:109)
... Removed 25 stack frames]]>
    </failure>
  </testcase> <!-- regEurocodes -->
  <testcase name="signIn" time="17.297" classname="com.tcs.BsiShopRedesign.sprint2.DownloadMarketingMaterial"/>
  <testcase name="downloadPASMM" time="43.603" classname="com.tcs.BsiShopRedesign.sprint2.DownloadMarketingMaterial"/>
  <testcase name="registerMUNL" time="107.247" classname="com.tcs.BsiShopRedesign.sprint2.RegisterMUNLCode"/>
  <testcase name="checkWarningMsgPDF" time="25.526" classname="com.tcs.BsiShopRedesign.sprint2.CheckWarningMsgAddtoBasket"/>
  <testcase name="signInMember" time="8.629" classname="com.tcs.BsiShopRedesign.sprint2.VerifyMemberTab"/>
  <testcase name="verifyStatus" time="4.333" classname="com.tcs.BsiShopRedesign.sprint2.VerifyMemberTab"/>
  <testcase name="searchPASCount" time="150.915" classname="com.tcs.BsiShopRedesign.sprint3.CheckSearchCount"/>
  <testcase name="checkProductStatus" time="27.894" classname="com.tcs.BsiShopRedesign.sprint3.CheckWithdrawnStatus"/>
  <testcase name="checkEventStatus" time="29.633" classname="com.tcs.BsiShopRedesign.sprint3.CheckWithdrawnStatus"/>
  <testcase name="checkBookStatus" time="30.169" classname="com.tcs.BsiShopRedesign.sprint3.CheckWithdrawnStatus"/>
  <testcase name="checkSortingOrderQuality" time="212.979" classname="com.tcs.BsiShopRedesign.sprint3.SearchSortOrderByProductType">
    <failure type="java.lang.AssertionError" message="Sorting of Product Type in descending order is unsuccessful">
      <![CDATA[java.lang.AssertionError: Sorting of Product Type in descending order is unsuccessful
	at com.tcs.BsiShopRedesign.utilities.CommonHelper.reportFailure(CommonHelper.java:66)
	at com.tcs.BsiShopRedesign.pages.SearchPage.productTypeSorting(SearchPage.java:197)
	at com.tcs.BsiShopRedesign.pages.SearchPage.checkSortingByProductType(SearchPage.java:292)
	at com.tcs.BsiShopRedesign.sprint3.SearchSortOrderByProductType.checkSortingOrderQuality(SearchSortOrderByProductType.java:38)
... Removed 25 stack frames]]>
    </failure>
  </testcase> <!-- checkSortingOrderQuality -->
  <testcase name="checkFreeEvent" time="4.734" classname="com.tcs.BsiShopRedesign.sprint3.CheckProductFeatures"/>
  <testcase name="checkPASProduct" time="12.967" classname="com.tcs.BsiShopRedesign.sprint3.CheckProductFeatures"/>
  <testcase name="checkPaidEvent" time="16.517" classname="com.tcs.BsiShopRedesign.sprint3.CheckProductFeatures"/>
  <testcase name="blankSearch" time="16.744" classname="com.tcs.BsiShopRedesign.sprint3.CheckBlankSearchResult"/>
  <testcase name="addToBasketSearchList" time="71.6" classname="com.tcs.BsiShopRedesign.sprint3.AddPDFToBasketTwiceFromSearchList"/>
  <testcase name="checkSortingOrderQuality" time="61.476" classname="com.tcs.BsiShopRedesign.sprint3.SearchSortOrderByPublishedDate">
    <failure type="java.lang.AssertionError" message="Sorting list of products with Published Date was unsuccessful">
      <![CDATA[java.lang.AssertionError: Sorting list of products with Published Date was unsuccessful
	at com.tcs.BsiShopRedesign.utilities.CommonHelper.reportFailure(CommonHelper.java:66)
	at com.tcs.BsiShopRedesign.pages.SearchPage.publishedDateSorting(SearchPage.java:250)
	at com.tcs.BsiShopRedesign.pages.SearchPage.checkSortingByPublishedDate(SearchPage.java:363)
	at com.tcs.BsiShopRedesign.sprint3.SearchSortOrderByPublishedDate.checkSortingOrderQuality(SearchSortOrderByPublishedDate.java:37)
... Removed 25 stack frames]]>
    </failure>
  </testcase> <!-- checkSortingOrderQuality -->
  <testcase name="createRegUserUKProfile" time="13.878" classname="com.tcs.BsiShopRedesign.sprint4_5.RegistrationsWithDiffProfile"/>
  <testcase name="verifyTooltip" time="16.633" classname="com.tcs.BsiShopRedesign.sprint4_5.RegistrationsWithDiffProfile"/>
  <testcase name="verifyContactInformation" time="7.245" classname="com.tcs.BsiShopRedesign.sprint4_5.RegistrationsWithDiffProfile"/>
  <testcase name="loginThroughAlreadyRegistered" time="6.723" classname="com.tcs.BsiShopRedesign.sprint4_5.RegistrationsWithDiffProfile">
    <failure type="java.lang.AssertionError" message="Verify Login Error Message for Registered User was unsuccessful">
      <![CDATA[java.lang.AssertionError: Verify Login Error Message for Registered User was unsuccessful
	at com.tcs.BsiShopRedesign.utilities.CommonHelper.reportFailure(CommonHelper.java:66)
	at com.tcs.BsiShopRedesign.pages.HomePage.loginThroughAlreadyRegistered(HomePage.java:655)
	at com.tcs.BsiShopRedesign.sprint4_5.RegistrationsWithDiffProfile.loginThroughAlreadyRegistered(RegistrationsWithDiffProfile.java:143)
... Removed 25 stack frames]]>
    </failure>
  </testcase> <!-- loginThroughAlreadyRegistered -->
  <testcase name="verifyLoginForRegisteredUser" time="13.413" classname="com.tcs.BsiShopRedesign.sprint4_5.RegistrationsWithDiffProfile"/>
  <testcase name="signInMember" time="8.604" classname="com.tcs.BsiShopRedesign.sprint4_5.VerifyMemberProfile"/>
  <testcase name="verifyMemberTab" time="4.247" classname="com.tcs.BsiShopRedesign.sprint4_5.VerifyMemberProfile"/>
  <testcase name="signInMember" time="8.296" classname="com.tcs.BsiShopRedesign.sprint4_5.AddInvoiceToBasketFromMemTab"/>
  <testcase name="AddInvoiceToBasket" time="31.088" classname="com.tcs.BsiShopRedesign.sprint4_5.AddInvoiceToBasketFromMemTab"/>
  <testcase name="CheckLoginAlertOnChekout" time="336.26" classname="com.tcs.BsiShopRedesign.sprint7.UnregisteredUserCheckout">
    <failure type="java.lang.AssertionError" message="Placing of order was unsuccesful">
      <![CDATA[java.lang.AssertionError: Placing of order was unsuccesful
	at com.tcs.BsiShopRedesign.utilities.CommonHelper.reportFailure(CommonHelper.java:66)
	at com.tcs.BsiShopRedesign.pages.OrderConfirmationPage.verifyOrderSuccessMessage(OrderConfirmationPage.java:247)
	at com.tcs.BsiShopRedesign.sprint7.UnregisteredUserCheckout.CheckLoginAlertOnChekout(UnregisteredUserCheckout.java:74)
... Removed 25 stack frames]]>
    </failure>
  </testcase> <!-- CheckLoginAlertOnChekout -->
  <testcase name="signInMember" time="8.267" classname="com.tcs.BsiShopRedesign.sprint7.VerifyMemberDiscount"/>
  <testcase name="verifyMemberPrice" time="93.305" classname="com.tcs.BsiShopRedesign.sprint7.VerifyMemberDiscount"/>
  <testcase name="signIn" time="16.796" classname="com.tcs.BsiShopRedesign.sprint7.EditCheckoutBillingAddress"/>
  <testcase name="editBillingAddress" time="178.336" classname="com.tcs.BsiShopRedesign.sprint7.EditCheckoutBillingAddress">
    <failure type="java.lang.AssertionError" message="Edit Address in Checkout Page was unsuccessful">
      <![CDATA[java.lang.AssertionError: Edit Address in Checkout Page was unsuccessful
	at com.tcs.BsiShopRedesign.utilities.CommonHelper.reportFailure(CommonHelper.java:66)
	at com.tcs.BsiShopRedesign.sprint7.EditCheckoutBillingAddress.editBillingAddress(EditCheckoutBillingAddress.java:109)
... Removed 25 stack frames]]>
    </failure>
  </testcase> <!-- editBillingAddress -->
  <testcase name="signIn" time="16.938" classname="com.tcs.BsiShopRedesign.sprint7.CreateCheckoutBillingAddress"/>
  <testcase name="editBillingAddress" time="331.876" classname="com.tcs.BsiShopRedesign.sprint7.CreateCheckoutBillingAddress">
    <failure type="java.lang.AssertionError" message="Placing of order was unsuccesful">
      <![CDATA[java.lang.AssertionError: Placing of order was unsuccesful
	at com.tcs.BsiShopRedesign.utilities.CommonHelper.reportFailure(CommonHelper.java:66)
	at com.tcs.BsiShopRedesign.pages.OrderConfirmationPage.verifyOrderSuccessMessage(OrderConfirmationPage.java:247)
	at com.tcs.BsiShopRedesign.sprint7.CreateCheckoutBillingAddress.editBillingAddress(CreateCheckoutBillingAddress.java:96)
... Removed 25 stack frames]]>
    </failure>
  </testcase> <!-- editBillingAddress -->
  <testcase name="signIn" time="17.037" classname="com.tcs.BsiShopRedesign.sprint8.ApplyMemberAccount"/>
  <testcase name="applyMemberAccountBelowBandNine" time="193.574" classname="com.tcs.BsiShopRedesign.sprint8.ApplyMemberAccount">
    <failure type="java.lang.AssertionError" message="Remove product from Basket was unsuccessful">
      <![CDATA[java.lang.AssertionError: Remove product from Basket was unsuccessful
	at com.tcs.BsiShopRedesign.utilities.CommonHelper.reportFailure(CommonHelper.java:66)
	at com.tcs.BsiShopRedesign.pages.BasketPage.removeProduct(BasketPage.java:223)
	at com.tcs.BsiShopRedesign.sprint8.ApplyMemberAccount.applyMemberAccountBelowBandNine(ApplyMemberAccount.java:97)
... Removed 25 stack frames]]>
    </failure>
  </testcase> <!-- applyMemberAccountBelowBandNine -->
  <testcase name="signInMember" time="9.491" classname="com.tcs.BsiShopRedesign.sprint8.VerifyMemberDetails"/>
  <testcase name="verifyMemberLink" time="45.35" classname="com.tcs.BsiShopRedesign.sprint8.VerifyMemberDetails"/>
  <testcase name="enterEmailID" time="371.577" classname="com.tcs.BsiShopRedesign.sprint8.VerifyMemberDetails"/>
  <testcase name="signInMember" time="8.882" classname="com.tcs.BsiShopRedesign.sprint8.RenewMembership"/>
  <testcase name="addRenewMembershipToBasket" time="58.44" classname="com.tcs.BsiShopRedesign.sprint8.RenewMembership"/>
  <testcase name="signIn" time="16.841" classname="com.tcs.BsiShopRedesign.sprint8.SoftCopyDownloads"/>
  <testcase name="downloadSoftCopyfromOrderCofirmationPage" time="365.022" classname="com.tcs.BsiShopRedesign.sprint8.SoftCopyDownloads">
    <failure type="java.lang.AssertionError" message="Placing of order was unsuccesful">
      <![CDATA[java.lang.AssertionError: Placing of order was unsuccesful
	at com.tcs.BsiShopRedesign.utilities.CommonHelper.reportFailure(CommonHelper.java:66)
	at com.tcs.BsiShopRedesign.pages.OrderConfirmationPage.verifyOrderSuccessMessage(OrderConfirmationPage.java:247)
	at com.tcs.BsiShopRedesign.sprint8.SoftCopyDownloads.downloadSoftCopyfromOrderCofirmationPage(SoftCopyDownloads.java:114)
... Removed 25 stack frames]]>
    </failure>
  </testcase> <!-- downloadSoftCopyfromOrderCofirmationPage -->
  <testcase name="downloadSoftCopyfromOrderHistoryPage" time="55.745" classname="com.tcs.BsiShopRedesign.sprint8.SoftCopyDownloads">
    <failure type="java.lang.AssertionError" message="SoftCopy Download was unsuccessful">
      <![CDATA[java.lang.AssertionError: SoftCopy Download was unsuccessful
	at com.tcs.BsiShopRedesign.utilities.CommonHelper.reportFailure(CommonHelper.java:66)
	at com.tcs.BsiShopRedesign.pages.OrderHistoryPage.downloadAndVerifySoftCopy(OrderHistoryPage.java:106)
	at com.tcs.BsiShopRedesign.sprint8.SoftCopyDownloads.downloadSoftCopyfromOrderHistoryPage(SoftCopyDownloads.java:162)
... Removed 25 stack frames]]>
    </failure>
  </testcase> <!-- downloadSoftCopyfromOrderHistoryPage -->
  <testcase name="signIn" time="16.779" classname="com.tcs.BsiShopRedesign.sprint8.VerifyHardCopyDetails"/>
  <testcase name="verifyHardCopyDeliveryDetails" time="362.192" classname="com.tcs.BsiShopRedesign.sprint8.VerifyHardCopyDetails">
    <failure type="java.lang.AssertionError" message="Placing of order was unsuccesful">
      <![CDATA[java.lang.AssertionError: Placing of order was unsuccesful
	at com.tcs.BsiShopRedesign.utilities.CommonHelper.reportFailure(CommonHelper.java:66)
	at com.tcs.BsiShopRedesign.pages.OrderConfirmationPage.verifyOrderSuccessMessage(OrderConfirmationPage.java:247)
	at com.tcs.BsiShopRedesign.sprint8.VerifyHardCopyDetails.verifyHardCopyDeliveryDetails(VerifyHardCopyDetails.java:100)
... Removed 25 stack frames]]>
    </failure>
  </testcase> <!-- verifyHardCopyDeliveryDetails -->
  <testcase name="signIn" time="16.897" classname="com.tcs.BsiShopRedesign.sprint8.EditOrderDetailsFromCheckout"/>
  <testcase name="verifyHardCopyDeliveryDetails" time="100.19" classname="com.tcs.BsiShopRedesign.sprint8.EditOrderDetailsFromCheckout">
    <failure type="java.lang.AssertionError" message="Click Checkout was unsuccessful">
      <![CDATA[java.lang.AssertionError: Click Checkout was unsuccessful
	at com.tcs.BsiShopRedesign.utilities.CommonHelper.reportFailure(CommonHelper.java:66)
	at com.tcs.BsiShopRedesign.pages.BasketPage.clickCheckout(BasketPage.java:460)
	at com.tcs.BsiShopRedesign.sprint8.EditOrderDetailsFromCheckout.verifyHardCopyDeliveryDetails(EditOrderDetailsFromCheckout.java:84)
... Removed 25 stack frames]]>
    </failure>
  </testcase> <!-- verifyHardCopyDeliveryDetails -->
  <testcase name="signIn" time="16.964" classname="com.tcs.BsiShopRedesign.sprint8.ValidateCheckoutDetails"/>
  <testcase name="validateCheckoutNonUKDetails" time="250.208" classname="com.tcs.BsiShopRedesign.sprint8.ValidateCheckoutDetails">
    <failure type="java.lang.AssertionError" message="Validate Checkout Details with Billing and Card Billing Address as non UK Country for Hardcopy product on Checkout Page was unsuccessful">
      <![CDATA[java.lang.AssertionError: Validate Checkout Details with Billing and Card Billing Address as non UK Country for Hardcopy product on Checkout Page was unsuccessful
	at com.tcs.BsiShopRedesign.utilities.CommonHelper.reportFailure(CommonHelper.java:66)
	at com.tcs.BsiShopRedesign.sprint8.ValidateCheckoutDetails.validateCheckoutNonUKDetails(ValidateCheckoutDetails.java:121)
... Removed 25 stack frames]]>
    </failure>
  </testcase> <!-- validateCheckoutNonUKDetails -->
  <testcase name="validateCheckoutUKDetails" time="532.352" classname="com.tcs.BsiShopRedesign.sprint8.ValidateCheckoutDetails">
    <failure type="java.lang.AssertionError" message="Click Checkout was unsuccessful">
      <![CDATA[java.lang.AssertionError: Click Checkout was unsuccessful
	at com.tcs.BsiShopRedesign.utilities.CommonHelper.reportFailure(CommonHelper.java:66)
	at com.tcs.BsiShopRedesign.pages.BasketPage.clickCheckout(BasketPage.java:460)
	at com.tcs.BsiShopRedesign.sprint8.ValidateCheckoutDetails.validateCheckoutUKDetails(ValidateCheckoutDetails.java:162)
... Removed 25 stack frames]]>
    </failure>
  </testcase> <!-- validateCheckoutUKDetails -->
  <testcase name="verifyMemberLink" time="50.845" classname="com.tcs.BsiShopRedesign.sprint8.VerifyPDFPreviewing"/>
  <testcase name="signIn" time="16.983" classname="com.tcs.BsiShopRedesign.sprint9.PromoCodeOrder"/>
  <testcase name="applyPromoCode" time="28.319" classname="com.tcs.BsiShopRedesign.sprint9.PromoCodeOrder">
    <failure type="java.lang.AssertionError" message="Add Second PDF product to Basket was unsuccessful">
      <![CDATA[java.lang.AssertionError: Add Second PDF product to Basket was unsuccessful
	at com.tcs.BsiShopRedesign.utilities.CommonHelper.reportFailure(CommonHelper.java:66)
	at com.tcs.BsiShopRedesign.pages.SearchPage.clickAddToBasketAgain(SearchPage.java:835)
	at com.tcs.BsiShopRedesign.sprint9.PromoCodeOrder.applyPromoCode(PromoCodeOrder.java:72)
... Removed 25 stack frames]]>
    </failure>
  </testcase> <!-- applyPromoCode -->
</testsuite> <!-- Firefox    Browser -->
