<html>
<head>
<title>TestNG:  Firefox    Browser</title>
<link href="../testng.css" rel="stylesheet" type="text/css" />
<link href="../my-testng.css" rel="stylesheet" type="text/css" />

<style type="text/css">
.log { display: none;} 
.stack-trace { display: none;} 
</style>
<script type="text/javascript">
<!--
function flip(e) {
  current = e.style.display;
  if (current == 'block') {
    e.style.display = 'none';
    return 0;
  }
  else {
    e.style.display = 'block';
    return 1;
  }
}

function toggleBox(szDivId, elem, msg1, msg2)
{
  var res = -1;  if (document.getElementById) {
    res = flip(document.getElementById(szDivId));
  }
  else if (document.all) {
    // this is the way old msie versions work
    res = flip(document.all[szDivId]);
  }
  if(elem) {
    if(res == 0) elem.innerHTML = msg1; else elem.innerHTML = msg2;
  }

}

function toggleAllBoxes() {
  if (document.getElementsByTagName) {
    d = document.getElementsByTagName('div');
    for (i = 0; i < d.length; i++) {
      if (d[i].className == 'log') {
        flip(d[i]);
      }
    }
  }
}

// -->
</script>

</head>
<body>
<h2 align='center'>Firefox    Browser</h2><table border='1' align="center">
<tr>
<td>Tests passed/Failed/Skipped:</td><td>63/20/0</td>
</tr><tr>
<td>Started on:</td><td>Tue Sep 18 14:27:28 UTC 2018</td>
</tr>
<tr><td>Total time:</td><td>7563 seconds (7563143 ms)</td>
</tr><tr>
<td>Included groups:</td><td></td>
</tr><tr>
<td>Excluded groups:</td><td></td>
</tr>
</table><p/>
<small><i>(Hover the method name to see the test class name)</i></small><p/>
<table width='100%' border='1' class='invocation-failed'>
<tr><td colspan='4' align='center'><b>FAILED TESTS</b></td></tr>
<tr><td><b>Test method</b></td>
<td width="30%"><b>Exception</b></td>
<td width="10%"><b>Time (seconds)</b></td>
<td><b>Instance</b></td>
</tr>
<tr>
<td title='com.tcs.BsiShopRedesign.sprint2.BookEvent.BookFreeEvent()'><b>BookFreeEvent</b><br>Test class: com.tcs.BsiShopRedesign.sprint2.BookEvent</td>
<td><div><pre>java.lang.AssertionError: Click Book Now was unsuccessful
	at com.tcs.BsiShopRedesign.utilities.CommonHelper.reportFailure(CommonHelper.java:66)
	at com.tcs.BsiShopRedesign.pages.EventPage.bookFreeEvent(EventPage.java:442)
	at com.tcs.BsiShopRedesign.sprint2.BookEvent.BookFreeEvent(BookEvent.java:101)
... Removed 25 stack frames</pre></div><a href='#' onClick='toggleBox("stack-trace1714007305", this, "Click to show all stack frames", "Click to hide stack frames")'>Click to show all stack frames</a>
<div class='stack-trace' id='stack-trace1714007305'><pre>java.lang.AssertionError: Click Book Now was unsuccessful
	at org.testng.Assert.fail(Assert.java:94)
	at com.tcs.BsiShopRedesign.utilities.CommonHelper.reportFailure(CommonHelper.java:66)
	at com.tcs.BsiShopRedesign.pages.EventPage.bookFreeEvent(EventPage.java:442)
	at com.tcs.BsiShopRedesign.sprint2.BookEvent.BookFreeEvent(BookEvent.java:101)
	at sun.reflect.NativeMethodAccessorImpl.invoke0(Native Method)
	at sun.reflect.NativeMethodAccessorImpl.invoke(NativeMethodAccessorImpl.java:62)
	at sun.reflect.DelegatingMethodAccessorImpl.invoke(DelegatingMethodAccessorImpl.java:43)
	at java.lang.reflect.Method.invoke(Method.java:498)
	at org.testng.internal.MethodInvocationHelper.invokeMethod(MethodInvocationHelper.java:85)
	at org.testng.internal.Invoker.invokeMethod(Invoker.java:639)
	at org.testng.internal.Invoker.invokeTestMethod(Invoker.java:821)
	at org.testng.internal.Invoker.invokeTestMethods(Invoker.java:1131)
	at org.testng.internal.TestMethodWorker.invokeTestMethods(TestMethodWorker.java:124)
	at org.testng.internal.TestMethodWorker.run(TestMethodWorker.java:108)
	at org.testng.TestRunner.privateRun(TestRunner.java:773)
	at org.testng.TestRunner.run(TestRunner.java:623)
	at org.testng.SuiteRunner.runTest(SuiteRunner.java:357)
	at org.testng.SuiteRunner.runSequentially(SuiteRunner.java:352)
	at org.testng.SuiteRunner.privateRun(SuiteRunner.java:310)
	at org.testng.SuiteRunner.run(SuiteRunner.java:259)
	at org.testng.SuiteRunnerWorker.runSuite(SuiteRunnerWorker.java:52)
	at org.testng.SuiteRunnerWorker.run(SuiteRunnerWorker.java:86)
	at org.testng.TestNG.runSuitesSequentially(TestNG.java:1185)
	at org.testng.TestNG.runSuitesLocally(TestNG.java:1110)
	at org.testng.TestNG.run(TestNG.java:1018)
	at org.testng.remote.AbstractRemoteTestNG.run(AbstractRemoteTestNG.java:114)
	at org.testng.remote.RemoteTestNG.initAndRun(RemoteTestNG.java:251)
	at org.testng.remote.RemoteTestNG.main(RemoteTestNG.java:77)
</pre></div></td>
<td>381</td>
<td>com.tcs.BsiShopRedesign.sprint2.BookEvent@7714e963</td></tr>
<tr>
<td title='com.tcs.BsiShopRedesign.sprint2.StandardProductAndEventRemoveBasket.BookPaidEventAndStandardProduct()'><b>BookPaidEventAndStandardProduct</b><br>Test class: com.tcs.BsiShopRedesign.sprint2.StandardProductAndEventRemoveBasket</td>
<td><div><pre>java.lang.AssertionError: Add and Remove Paid Event or Standard Product to Basket was unsuccessful
	at com.tcs.BsiShopRedesign.utilities.CommonHelper.reportFailure(CommonHelper.java:66)
	at com.tcs.BsiShopRedesign.sprint2.StandardProductAndEventRemoveBasket.BookPaidEventAndStandardProduct(StandardProductAndEventRemoveBasket.java:122)
... Removed 25 stack frames</pre></div><a href='#' onClick='toggleBox("stack-trace689213488", this, "Click to show all stack frames", "Click to hide stack frames")'>Click to show all stack frames</a>
<div class='stack-trace' id='stack-trace689213488'><pre>java.lang.AssertionError: Add and Remove Paid Event or Standard Product to Basket was unsuccessful
	at org.testng.Assert.fail(Assert.java:94)
	at com.tcs.BsiShopRedesign.utilities.CommonHelper.reportFailure(CommonHelper.java:66)
	at com.tcs.BsiShopRedesign.sprint2.StandardProductAndEventRemoveBasket.BookPaidEventAndStandardProduct(StandardProductAndEventRemoveBasket.java:122)
	at sun.reflect.NativeMethodAccessorImpl.invoke0(Native Method)
	at sun.reflect.NativeMethodAccessorImpl.invoke(NativeMethodAccessorImpl.java:62)
	at sun.reflect.DelegatingMethodAccessorImpl.invoke(DelegatingMethodAccessorImpl.java:43)
	at java.lang.reflect.Method.invoke(Method.java:498)
	at org.testng.internal.MethodInvocationHelper.invokeMethod(MethodInvocationHelper.java:85)
	at org.testng.internal.Invoker.invokeMethod(Invoker.java:639)
	at org.testng.internal.Invoker.invokeTestMethod(Invoker.java:821)
	at org.testng.internal.Invoker.invokeTestMethods(Invoker.java:1131)
	at org.testng.internal.TestMethodWorker.invokeTestMethods(TestMethodWorker.java:124)
	at org.testng.internal.TestMethodWorker.run(TestMethodWorker.java:108)
	at org.testng.TestRunner.privateRun(TestRunner.java:773)
	at org.testng.TestRunner.run(TestRunner.java:623)
	at org.testng.SuiteRunner.runTest(SuiteRunner.java:357)
	at org.testng.SuiteRunner.runSequentially(SuiteRunner.java:352)
	at org.testng.SuiteRunner.privateRun(SuiteRunner.java:310)
	at org.testng.SuiteRunner.run(SuiteRunner.java:259)
	at org.testng.SuiteRunnerWorker.runSuite(SuiteRunnerWorker.java:52)
	at org.testng.SuiteRunnerWorker.run(SuiteRunnerWorker.java:86)
	at org.testng.TestNG.runSuitesSequentially(TestNG.java:1185)
	at org.testng.TestNG.runSuitesLocally(TestNG.java:1110)
	at org.testng.TestNG.run(TestNG.java:1018)
	at org.testng.remote.AbstractRemoteTestNG.run(AbstractRemoteTestNG.java:114)
	at org.testng.remote.RemoteTestNG.initAndRun(RemoteTestNG.java:251)
	at org.testng.remote.RemoteTestNG.main(RemoteTestNG.java:77)
</pre></div></td>
<td>74</td>
<td>com.tcs.BsiShopRedesign.sprint2.StandardProductAndEventRemoveBasket@393671df</td></tr>
<tr>
<td title='com.tcs.BsiShopRedesign.sprint2.EssentialsProductAndEventRemoveBasket.BookPaidEventAndStandardProduct()'><b>BookPaidEventAndStandardProduct</b><br>Test class: com.tcs.BsiShopRedesign.sprint2.EssentialsProductAndEventRemoveBasket</td>
<td><div><pre>java.lang.AssertionError: Adding Delegate details was unsuccessful
	at com.tcs.BsiShopRedesign.utilities.CommonHelper.reportFailure(CommonHelper.java:66)
	at com.tcs.BsiShopRedesign.pages.EventPage.addDelegateDetails(EventPage.java:215)
	at com.tcs.BsiShopRedesign.sprint2.EssentialsProductAndEventRemoveBasket.BookPaidEventAndStandardProduct(EssentialsProductAndEventRemoveBasket.java:67)
... Removed 25 stack frames</pre></div><a href='#' onClick='toggleBox("stack-trace325674467", this, "Click to show all stack frames", "Click to hide stack frames")'>Click to show all stack frames</a>
<div class='stack-trace' id='stack-trace325674467'><pre>java.lang.AssertionError: Adding Delegate details was unsuccessful
	at org.testng.Assert.fail(Assert.java:94)
	at com.tcs.BsiShopRedesign.utilities.CommonHelper.reportFailure(CommonHelper.java:66)
	at com.tcs.BsiShopRedesign.pages.EventPage.addDelegateDetails(EventPage.java:215)
	at com.tcs.BsiShopRedesign.sprint2.EssentialsProductAndEventRemoveBasket.BookPaidEventAndStandardProduct(EssentialsProductAndEventRemoveBasket.java:67)
	at sun.reflect.NativeMethodAccessorImpl.invoke0(Native Method)
	at sun.reflect.NativeMethodAccessorImpl.invoke(NativeMethodAccessorImpl.java:62)
	at sun.reflect.DelegatingMethodAccessorImpl.invoke(DelegatingMethodAccessorImpl.java:43)
	at java.lang.reflect.Method.invoke(Method.java:498)
	at org.testng.internal.MethodInvocationHelper.invokeMethod(MethodInvocationHelper.java:85)
	at org.testng.internal.Invoker.invokeMethod(Invoker.java:639)
	at org.testng.internal.Invoker.invokeTestMethod(Invoker.java:821)
	at org.testng.internal.Invoker.invokeTestMethods(Invoker.java:1131)
	at org.testng.internal.TestMethodWorker.invokeTestMethods(TestMethodWorker.java:124)
	at org.testng.internal.TestMethodWorker.run(TestMethodWorker.java:108)
	at org.testng.TestRunner.privateRun(TestRunner.java:773)
	at org.testng.TestRunner.run(TestRunner.java:623)
	at org.testng.SuiteRunner.runTest(SuiteRunner.java:357)
	at org.testng.SuiteRunner.runSequentially(SuiteRunner.java:352)
	at org.testng.SuiteRunner.privateRun(SuiteRunner.java:310)
	at org.testng.SuiteRunner.run(SuiteRunner.java:259)
	at org.testng.SuiteRunnerWorker.runSuite(SuiteRunnerWorker.java:52)
	at org.testng.SuiteRunnerWorker.run(SuiteRunnerWorker.java:86)
	at org.testng.TestNG.runSuitesSequentially(TestNG.java:1185)
	at org.testng.TestNG.runSuitesLocally(TestNG.java:1110)
	at org.testng.TestNG.run(TestNG.java:1018)
	at org.testng.remote.AbstractRemoteTestNG.run(AbstractRemoteTestNG.java:114)
	at org.testng.remote.RemoteTestNG.initAndRun(RemoteTestNG.java:251)
	at org.testng.remote.RemoteTestNG.main(RemoteTestNG.java:77)
</pre></div></td>
<td>681</td>
<td>com.tcs.BsiShopRedesign.sprint2.EssentialsProductAndEventRemoveBasket@56620197</td></tr>
<tr>
<td title='com.tcs.BsiShopRedesign.sprint7.UnregisteredUserCheckout.CheckLoginAlertOnChekout()'><b>CheckLoginAlertOnChekout</b><br>Test class: com.tcs.BsiShopRedesign.sprint7.UnregisteredUserCheckout</td>
<td><div><pre>java.lang.AssertionError: Placing of order was unsuccesful
	at com.tcs.BsiShopRedesign.utilities.CommonHelper.reportFailure(CommonHelper.java:66)
	at com.tcs.BsiShopRedesign.pages.OrderConfirmationPage.verifyOrderSuccessMessage(OrderConfirmationPage.java:247)
	at com.tcs.BsiShopRedesign.sprint7.UnregisteredUserCheckout.CheckLoginAlertOnChekout(UnregisteredUserCheckout.java:74)
... Removed 25 stack frames</pre></div><a href='#' onClick='toggleBox("stack-trace147077478", this, "Click to show all stack frames", "Click to hide stack frames")'>Click to show all stack frames</a>
<div class='stack-trace' id='stack-trace147077478'><pre>java.lang.AssertionError: Placing of order was unsuccesful
	at org.testng.Assert.fail(Assert.java:94)
	at com.tcs.BsiShopRedesign.utilities.CommonHelper.reportFailure(CommonHelper.java:66)
	at com.tcs.BsiShopRedesign.pages.OrderConfirmationPage.verifyOrderSuccessMessage(OrderConfirmationPage.java:247)
	at com.tcs.BsiShopRedesign.sprint7.UnregisteredUserCheckout.CheckLoginAlertOnChekout(UnregisteredUserCheckout.java:74)
	at sun.reflect.NativeMethodAccessorImpl.invoke0(Native Method)
	at sun.reflect.NativeMethodAccessorImpl.invoke(NativeMethodAccessorImpl.java:62)
	at sun.reflect.DelegatingMethodAccessorImpl.invoke(DelegatingMethodAccessorImpl.java:43)
	at java.lang.reflect.Method.invoke(Method.java:498)
	at org.testng.internal.MethodInvocationHelper.invokeMethod(MethodInvocationHelper.java:85)
	at org.testng.internal.Invoker.invokeMethod(Invoker.java:639)
	at org.testng.internal.Invoker.invokeTestMethod(Invoker.java:821)
	at org.testng.internal.Invoker.invokeTestMethods(Invoker.java:1131)
	at org.testng.internal.TestMethodWorker.invokeTestMethods(TestMethodWorker.java:124)
	at org.testng.internal.TestMethodWorker.run(TestMethodWorker.java:108)
	at org.testng.TestRunner.privateRun(TestRunner.java:773)
	at org.testng.TestRunner.run(TestRunner.java:623)
	at org.testng.SuiteRunner.runTest(SuiteRunner.java:357)
	at org.testng.SuiteRunner.runSequentially(SuiteRunner.java:352)
	at org.testng.SuiteRunner.privateRun(SuiteRunner.java:310)
	at org.testng.SuiteRunner.run(SuiteRunner.java:259)
	at org.testng.SuiteRunnerWorker.runSuite(SuiteRunnerWorker.java:52)
	at org.testng.SuiteRunnerWorker.run(SuiteRunnerWorker.java:86)
	at org.testng.TestNG.runSuitesSequentially(TestNG.java:1185)
	at org.testng.TestNG.runSuitesLocally(TestNG.java:1110)
	at org.testng.TestNG.run(TestNG.java:1018)
	at org.testng.remote.AbstractRemoteTestNG.run(AbstractRemoteTestNG.java:114)
	at org.testng.remote.RemoteTestNG.initAndRun(RemoteTestNG.java:251)
	at org.testng.remote.RemoteTestNG.main(RemoteTestNG.java:77)
</pre></div></td>
<td>336</td>
<td>com.tcs.BsiShopRedesign.sprint7.UnregisteredUserCheckout@795cd85e</td></tr>
<tr>
<td title='com.tcs.BsiShopRedesign.sprint8.ApplyMemberAccount.applyMemberAccountBelowBandNine()'><b>applyMemberAccountBelowBandNine</b><br>Test class: com.tcs.BsiShopRedesign.sprint8.ApplyMemberAccount</td>
<td><div><pre>java.lang.AssertionError: Remove product from Basket was unsuccessful
	at com.tcs.BsiShopRedesign.utilities.CommonHelper.reportFailure(CommonHelper.java:66)
	at com.tcs.BsiShopRedesign.pages.BasketPage.removeProduct(BasketPage.java:223)
	at com.tcs.BsiShopRedesign.sprint8.ApplyMemberAccount.applyMemberAccountBelowBandNine(ApplyMemberAccount.java:97)
... Removed 25 stack frames</pre></div><a href='#' onClick='toggleBox("stack-trace109767760", this, "Click to show all stack frames", "Click to hide stack frames")'>Click to show all stack frames</a>
<div class='stack-trace' id='stack-trace109767760'><pre>java.lang.AssertionError: Remove product from Basket was unsuccessful
	at org.testng.Assert.fail(Assert.java:94)
	at com.tcs.BsiShopRedesign.utilities.CommonHelper.reportFailure(CommonHelper.java:66)
	at com.tcs.BsiShopRedesign.pages.BasketPage.removeProduct(BasketPage.java:223)
	at com.tcs.BsiShopRedesign.sprint8.ApplyMemberAccount.applyMemberAccountBelowBandNine(ApplyMemberAccount.java:97)
	at sun.reflect.NativeMethodAccessorImpl.invoke0(Native Method)
	at sun.reflect.NativeMethodAccessorImpl.invoke(NativeMethodAccessorImpl.java:62)
	at sun.reflect.DelegatingMethodAccessorImpl.invoke(DelegatingMethodAccessorImpl.java:43)
	at java.lang.reflect.Method.invoke(Method.java:498)
	at org.testng.internal.MethodInvocationHelper.invokeMethod(MethodInvocationHelper.java:85)
	at org.testng.internal.Invoker.invokeMethod(Invoker.java:639)
	at org.testng.internal.Invoker.invokeTestMethod(Invoker.java:821)
	at org.testng.internal.Invoker.invokeTestMethods(Invoker.java:1131)
	at org.testng.internal.TestMethodWorker.invokeTestMethods(TestMethodWorker.java:124)
	at org.testng.internal.TestMethodWorker.run(TestMethodWorker.java:108)
	at org.testng.TestRunner.privateRun(TestRunner.java:773)
	at org.testng.TestRunner.run(TestRunner.java:623)
	at org.testng.SuiteRunner.runTest(SuiteRunner.java:357)
	at org.testng.SuiteRunner.runSequentially(SuiteRunner.java:352)
	at org.testng.SuiteRunner.privateRun(SuiteRunner.java:310)
	at org.testng.SuiteRunner.run(SuiteRunner.java:259)
	at org.testng.SuiteRunnerWorker.runSuite(SuiteRunnerWorker.java:52)
	at org.testng.SuiteRunnerWorker.run(SuiteRunnerWorker.java:86)
	at org.testng.TestNG.runSuitesSequentially(TestNG.java:1185)
	at org.testng.TestNG.runSuitesLocally(TestNG.java:1110)
	at org.testng.TestNG.run(TestNG.java:1018)
	at org.testng.remote.AbstractRemoteTestNG.run(AbstractRemoteTestNG.java:114)
	at org.testng.remote.RemoteTestNG.initAndRun(RemoteTestNG.java:251)
	at org.testng.remote.RemoteTestNG.main(RemoteTestNG.java:77)
</pre></div></td>
<td>193</td>
<td>com.tcs.BsiShopRedesign.sprint8.ApplyMemberAccount@dbf57b3</td></tr>
<tr>
<td title='com.tcs.BsiShopRedesign.sprint9.PromoCodeOrder.applyPromoCode()'><b>applyPromoCode</b><br>Test class: com.tcs.BsiShopRedesign.sprint9.PromoCodeOrder</td>
<td><div><pre>java.lang.AssertionError: Add Second PDF product to Basket was unsuccessful
	at com.tcs.BsiShopRedesign.utilities.CommonHelper.reportFailure(CommonHelper.java:66)
	at com.tcs.BsiShopRedesign.pages.SearchPage.clickAddToBasketAgain(SearchPage.java:835)
	at com.tcs.BsiShopRedesign.sprint9.PromoCodeOrder.applyPromoCode(PromoCodeOrder.java:72)
... Removed 25 stack frames</pre></div><a href='#' onClick='toggleBox("stack-trace661868623", this, "Click to show all stack frames", "Click to hide stack frames")'>Click to show all stack frames</a>
<div class='stack-trace' id='stack-trace661868623'><pre>java.lang.AssertionError: Add Second PDF product to Basket was unsuccessful
	at org.testng.Assert.fail(Assert.java:94)
	at com.tcs.BsiShopRedesign.utilities.CommonHelper.reportFailure(CommonHelper.java:66)
	at com.tcs.BsiShopRedesign.pages.SearchPage.clickAddToBasketAgain(SearchPage.java:835)
	at com.tcs.BsiShopRedesign.sprint9.PromoCodeOrder.applyPromoCode(PromoCodeOrder.java:72)
	at sun.reflect.NativeMethodAccessorImpl.invoke0(Native Method)
	at sun.reflect.NativeMethodAccessorImpl.invoke(NativeMethodAccessorImpl.java:62)
	at sun.reflect.DelegatingMethodAccessorImpl.invoke(DelegatingMethodAccessorImpl.java:43)
	at java.lang.reflect.Method.invoke(Method.java:498)
	at org.testng.internal.MethodInvocationHelper.invokeMethod(MethodInvocationHelper.java:85)
	at org.testng.internal.Invoker.invokeMethod(Invoker.java:639)
	at org.testng.internal.Invoker.invokeTestMethod(Invoker.java:821)
	at org.testng.internal.Invoker.invokeTestMethods(Invoker.java:1131)
	at org.testng.internal.TestMethodWorker.invokeTestMethods(TestMethodWorker.java:124)
	at org.testng.internal.TestMethodWorker.run(TestMethodWorker.java:108)
	at org.testng.TestRunner.privateRun(TestRunner.java:773)
	at org.testng.TestRunner.run(TestRunner.java:623)
	at org.testng.SuiteRunner.runTest(SuiteRunner.java:357)
	at org.testng.SuiteRunner.runSequentially(SuiteRunner.java:352)
	at org.testng.SuiteRunner.privateRun(SuiteRunner.java:310)
	at org.testng.SuiteRunner.run(SuiteRunner.java:259)
	at org.testng.SuiteRunnerWorker.runSuite(SuiteRunnerWorker.java:52)
	at org.testng.SuiteRunnerWorker.run(SuiteRunnerWorker.java:86)
	at org.testng.TestNG.runSuitesSequentially(TestNG.java:1185)
	at org.testng.TestNG.runSuitesLocally(TestNG.java:1110)
	at org.testng.TestNG.run(TestNG.java:1018)
	at org.testng.remote.AbstractRemoteTestNG.run(AbstractRemoteTestNG.java:114)
	at org.testng.remote.RemoteTestNG.initAndRun(RemoteTestNG.java:251)
	at org.testng.remote.RemoteTestNG.main(RemoteTestNG.java:77)
</pre></div></td>
<td>28</td>
<td>com.tcs.BsiShopRedesign.sprint9.PromoCodeOrder@14dd9eb7</td></tr>
<tr>
<td title='com.tcs.BsiShopRedesign.sprint3.SearchSortOrderByProductType.checkSortingOrderQuality()'><b>checkSortingOrderQuality</b><br>Test class: com.tcs.BsiShopRedesign.sprint3.SearchSortOrderByProductType</td>
<td><div><pre>java.lang.AssertionError: Sorting of Product Type in descending order is unsuccessful
	at com.tcs.BsiShopRedesign.utilities.CommonHelper.reportFailure(CommonHelper.java:66)
	at com.tcs.BsiShopRedesign.pages.SearchPage.productTypeSorting(SearchPage.java:197)
	at com.tcs.BsiShopRedesign.pages.SearchPage.checkSortingByProductType(SearchPage.java:292)
	at com.tcs.BsiShopRedesign.sprint3.SearchSortOrderByProductType.checkSortingOrderQuality(SearchSortOrderByProductType.java:38)
... Removed 25 stack frames</pre></div><a href='#' onClick='toggleBox("stack-trace1515282013", this, "Click to show all stack frames", "Click to hide stack frames")'>Click to show all stack frames</a>
<div class='stack-trace' id='stack-trace1515282013'><pre>java.lang.AssertionError: Sorting of Product Type in descending order is unsuccessful
	at org.testng.Assert.fail(Assert.java:94)
	at com.tcs.BsiShopRedesign.utilities.CommonHelper.reportFailure(CommonHelper.java:66)
	at com.tcs.BsiShopRedesign.pages.SearchPage.productTypeSorting(SearchPage.java:197)
	at com.tcs.BsiShopRedesign.pages.SearchPage.checkSortingByProductType(SearchPage.java:292)
	at com.tcs.BsiShopRedesign.sprint3.SearchSortOrderByProductType.checkSortingOrderQuality(SearchSortOrderByProductType.java:38)
	at sun.reflect.NativeMethodAccessorImpl.invoke0(Native Method)
	at sun.reflect.NativeMethodAccessorImpl.invoke(NativeMethodAccessorImpl.java:62)
	at sun.reflect.DelegatingMethodAccessorImpl.invoke(DelegatingMethodAccessorImpl.java:43)
	at java.lang.reflect.Method.invoke(Method.java:498)
	at org.testng.internal.MethodInvocationHelper.invokeMethod(MethodInvocationHelper.java:85)
	at org.testng.internal.Invoker.invokeMethod(Invoker.java:639)
	at org.testng.internal.Invoker.invokeTestMethod(Invoker.java:821)
	at org.testng.internal.Invoker.invokeTestMethods(Invoker.java:1131)
	at org.testng.internal.TestMethodWorker.invokeTestMethods(TestMethodWorker.java:124)
	at org.testng.internal.TestMethodWorker.run(TestMethodWorker.java:108)
	at org.testng.TestRunner.privateRun(TestRunner.java:773)
	at org.testng.TestRunner.run(TestRunner.java:623)
	at org.testng.SuiteRunner.runTest(SuiteRunner.java:357)
	at org.testng.SuiteRunner.runSequentially(SuiteRunner.java:352)
	at org.testng.SuiteRunner.privateRun(SuiteRunner.java:310)
	at org.testng.SuiteRunner.run(SuiteRunner.java:259)
	at org.testng.SuiteRunnerWorker.runSuite(SuiteRunnerWorker.java:52)
	at org.testng.SuiteRunnerWorker.run(SuiteRunnerWorker.java:86)
	at org.testng.TestNG.runSuitesSequentially(TestNG.java:1185)
	at org.testng.TestNG.runSuitesLocally(TestNG.java:1110)
	at org.testng.TestNG.run(TestNG.java:1018)
	at org.testng.remote.AbstractRemoteTestNG.run(AbstractRemoteTestNG.java:114)
	at org.testng.remote.RemoteTestNG.initAndRun(RemoteTestNG.java:251)
	at org.testng.remote.RemoteTestNG.main(RemoteTestNG.java:77)
</pre></div></td>
<td>212</td>
<td>com.tcs.BsiShopRedesign.sprint3.SearchSortOrderByProductType@1ab3a8c8</td></tr>
<tr>
<td title='com.tcs.BsiShopRedesign.sprint3.SearchSortOrderByPublishedDate.checkSortingOrderQuality()'><b>checkSortingOrderQuality</b><br>Test class: com.tcs.BsiShopRedesign.sprint3.SearchSortOrderByPublishedDate</td>
<td><div><pre>java.lang.AssertionError: Sorting list of products with Published Date was unsuccessful
	at com.tcs.BsiShopRedesign.utilities.CommonHelper.reportFailure(CommonHelper.java:66)
	at com.tcs.BsiShopRedesign.pages.SearchPage.publishedDateSorting(SearchPage.java:250)
	at com.tcs.BsiShopRedesign.pages.SearchPage.checkSortingByPublishedDate(SearchPage.java:363)
	at com.tcs.BsiShopRedesign.sprint3.SearchSortOrderByPublishedDate.checkSortingOrderQuality(SearchSortOrderByPublishedDate.java:37)
... Removed 25 stack frames</pre></div><a href='#' onClick='toggleBox("stack-trace1397282876", this, "Click to show all stack frames", "Click to hide stack frames")'>Click to show all stack frames</a>
<div class='stack-trace' id='stack-trace1397282876'><pre>java.lang.AssertionError: Sorting list of products with Published Date was unsuccessful
	at org.testng.Assert.fail(Assert.java:94)
	at com.tcs.BsiShopRedesign.utilities.CommonHelper.reportFailure(CommonHelper.java:66)
	at com.tcs.BsiShopRedesign.pages.SearchPage.publishedDateSorting(SearchPage.java:250)
	at com.tcs.BsiShopRedesign.pages.SearchPage.checkSortingByPublishedDate(SearchPage.java:363)
	at com.tcs.BsiShopRedesign.sprint3.SearchSortOrderByPublishedDate.checkSortingOrderQuality(SearchSortOrderByPublishedDate.java:37)
	at sun.reflect.NativeMethodAccessorImpl.invoke0(Native Method)
	at sun.reflect.NativeMethodAccessorImpl.invoke(NativeMethodAccessorImpl.java:62)
	at sun.reflect.DelegatingMethodAccessorImpl.invoke(DelegatingMethodAccessorImpl.java:43)
	at java.lang.reflect.Method.invoke(Method.java:498)
	at org.testng.internal.MethodInvocationHelper.invokeMethod(MethodInvocationHelper.java:85)
	at org.testng.internal.Invoker.invokeMethod(Invoker.java:639)
	at org.testng.internal.Invoker.invokeTestMethod(Invoker.java:821)
	at org.testng.internal.Invoker.invokeTestMethods(Invoker.java:1131)
	at org.testng.internal.TestMethodWorker.invokeTestMethods(TestMethodWorker.java:124)
	at org.testng.internal.TestMethodWorker.run(TestMethodWorker.java:108)
	at org.testng.TestRunner.privateRun(TestRunner.java:773)
	at org.testng.TestRunner.run(TestRunner.java:623)
	at org.testng.SuiteRunner.runTest(SuiteRunner.java:357)
	at org.testng.SuiteRunner.runSequentially(SuiteRunner.java:352)
	at org.testng.SuiteRunner.privateRun(SuiteRunner.java:310)
	at org.testng.SuiteRunner.run(SuiteRunner.java:259)
	at org.testng.SuiteRunnerWorker.runSuite(SuiteRunnerWorker.java:52)
	at org.testng.SuiteRunnerWorker.run(SuiteRunnerWorker.java:86)
	at org.testng.TestNG.runSuitesSequentially(TestNG.java:1185)
	at org.testng.TestNG.runSuitesLocally(TestNG.java:1110)
	at org.testng.TestNG.run(TestNG.java:1018)
	at org.testng.remote.AbstractRemoteTestNG.run(AbstractRemoteTestNG.java:114)
	at org.testng.remote.RemoteTestNG.initAndRun(RemoteTestNG.java:251)
	at org.testng.remote.RemoteTestNG.main(RemoteTestNG.java:77)
</pre></div></td>
<td>61</td>
<td>com.tcs.BsiShopRedesign.sprint3.SearchSortOrderByPublishedDate@40ef3420</td></tr>
<tr>
<td title='com.tcs.BsiShopRedesign.sprint8.SoftCopyDownloads.downloadSoftCopyfromOrderCofirmationPage()'><b>downloadSoftCopyfromOrderCofirmationPage</b><br>Test class: com.tcs.BsiShopRedesign.sprint8.SoftCopyDownloads</td>
<td><div><pre>java.lang.AssertionError: Placing of order was unsuccesful
	at com.tcs.BsiShopRedesign.utilities.CommonHelper.reportFailure(CommonHelper.java:66)
	at com.tcs.BsiShopRedesign.pages.OrderConfirmationPage.verifyOrderSuccessMessage(OrderConfirmationPage.java:247)
	at com.tcs.BsiShopRedesign.sprint8.SoftCopyDownloads.downloadSoftCopyfromOrderCofirmationPage(SoftCopyDownloads.java:114)
... Removed 25 stack frames</pre></div><a href='#' onClick='toggleBox("stack-trace653745564", this, "Click to show all stack frames", "Click to hide stack frames")'>Click to show all stack frames</a>
<div class='stack-trace' id='stack-trace653745564'><pre>java.lang.AssertionError: Placing of order was unsuccesful
	at org.testng.Assert.fail(Assert.java:94)
	at com.tcs.BsiShopRedesign.utilities.CommonHelper.reportFailure(CommonHelper.java:66)
	at com.tcs.BsiShopRedesign.pages.OrderConfirmationPage.verifyOrderSuccessMessage(OrderConfirmationPage.java:247)
	at com.tcs.BsiShopRedesign.sprint8.SoftCopyDownloads.downloadSoftCopyfromOrderCofirmationPage(SoftCopyDownloads.java:114)
	at sun.reflect.NativeMethodAccessorImpl.invoke0(Native Method)
	at sun.reflect.NativeMethodAccessorImpl.invoke(NativeMethodAccessorImpl.java:62)
	at sun.reflect.DelegatingMethodAccessorImpl.invoke(DelegatingMethodAccessorImpl.java:43)
	at java.lang.reflect.Method.invoke(Method.java:498)
	at org.testng.internal.MethodInvocationHelper.invokeMethod(MethodInvocationHelper.java:85)
	at org.testng.internal.Invoker.invokeMethod(Invoker.java:639)
	at org.testng.internal.Invoker.invokeTestMethod(Invoker.java:821)
	at org.testng.internal.Invoker.invokeTestMethods(Invoker.java:1131)
	at org.testng.internal.TestMethodWorker.invokeTestMethods(TestMethodWorker.java:124)
	at org.testng.internal.TestMethodWorker.run(TestMethodWorker.java:108)
	at org.testng.TestRunner.privateRun(TestRunner.java:773)
	at org.testng.TestRunner.run(TestRunner.java:623)
	at org.testng.SuiteRunner.runTest(SuiteRunner.java:357)
	at org.testng.SuiteRunner.runSequentially(SuiteRunner.java:352)
	at org.testng.SuiteRunner.privateRun(SuiteRunner.java:310)
	at org.testng.SuiteRunner.run(SuiteRunner.java:259)
	at org.testng.SuiteRunnerWorker.runSuite(SuiteRunnerWorker.java:52)
	at org.testng.SuiteRunnerWorker.run(SuiteRunnerWorker.java:86)
	at org.testng.TestNG.runSuitesSequentially(TestNG.java:1185)
	at org.testng.TestNG.runSuitesLocally(TestNG.java:1110)
	at org.testng.TestNG.run(TestNG.java:1018)
	at org.testng.remote.AbstractRemoteTestNG.run(AbstractRemoteTestNG.java:114)
	at org.testng.remote.RemoteTestNG.initAndRun(RemoteTestNG.java:251)
	at org.testng.remote.RemoteTestNG.main(RemoteTestNG.java:77)
</pre></div></td>
<td>365</td>
<td>com.tcs.BsiShopRedesign.sprint8.SoftCopyDownloads@441772e</td></tr>
<tr>
<td title='com.tcs.BsiShopRedesign.sprint8.SoftCopyDownloads.downloadSoftCopyfromOrderHistoryPage()'><b>downloadSoftCopyfromOrderHistoryPage</b><br>Test class: com.tcs.BsiShopRedesign.sprint8.SoftCopyDownloads</td>
<td><div><pre>java.lang.AssertionError: SoftCopy Download was unsuccessful
	at com.tcs.BsiShopRedesign.utilities.CommonHelper.reportFailure(CommonHelper.java:66)
	at com.tcs.BsiShopRedesign.pages.OrderHistoryPage.downloadAndVerifySoftCopy(OrderHistoryPage.java:106)
	at com.tcs.BsiShopRedesign.sprint8.SoftCopyDownloads.downloadSoftCopyfromOrderHistoryPage(SoftCopyDownloads.java:162)
... Removed 25 stack frames</pre></div><a href='#' onClick='toggleBox("stack-trace1134924425", this, "Click to show all stack frames", "Click to hide stack frames")'>Click to show all stack frames</a>
<div class='stack-trace' id='stack-trace1134924425'><pre>java.lang.AssertionError: SoftCopy Download was unsuccessful
	at org.testng.Assert.fail(Assert.java:94)
	at com.tcs.BsiShopRedesign.utilities.CommonHelper.reportFailure(CommonHelper.java:66)
	at com.tcs.BsiShopRedesign.pages.OrderHistoryPage.downloadAndVerifySoftCopy(OrderHistoryPage.java:106)
	at com.tcs.BsiShopRedesign.sprint8.SoftCopyDownloads.downloadSoftCopyfromOrderHistoryPage(SoftCopyDownloads.java:162)
	at sun.reflect.NativeMethodAccessorImpl.invoke0(Native Method)
	at sun.reflect.NativeMethodAccessorImpl.invoke(NativeMethodAccessorImpl.java:62)
	at sun.reflect.DelegatingMethodAccessorImpl.invoke(DelegatingMethodAccessorImpl.java:43)
	at java.lang.reflect.Method.invoke(Method.java:498)
	at org.testng.internal.MethodInvocationHelper.invokeMethod(MethodInvocationHelper.java:85)
	at org.testng.internal.Invoker.invokeMethod(Invoker.java:639)
	at org.testng.internal.Invoker.invokeTestMethod(Invoker.java:821)
	at org.testng.internal.Invoker.invokeTestMethods(Invoker.java:1131)
	at org.testng.internal.TestMethodWorker.invokeTestMethods(TestMethodWorker.java:124)
	at org.testng.internal.TestMethodWorker.run(TestMethodWorker.java:108)
	at org.testng.TestRunner.privateRun(TestRunner.java:773)
	at org.testng.TestRunner.run(TestRunner.java:623)
	at org.testng.SuiteRunner.runTest(SuiteRunner.java:357)
	at org.testng.SuiteRunner.runSequentially(SuiteRunner.java:352)
	at org.testng.SuiteRunner.privateRun(SuiteRunner.java:310)
	at org.testng.SuiteRunner.run(SuiteRunner.java:259)
	at org.testng.SuiteRunnerWorker.runSuite(SuiteRunnerWorker.java:52)
	at org.testng.SuiteRunnerWorker.run(SuiteRunnerWorker.java:86)
	at org.testng.TestNG.runSuitesSequentially(TestNG.java:1185)
	at org.testng.TestNG.runSuitesLocally(TestNG.java:1110)
	at org.testng.TestNG.run(TestNG.java:1018)
	at org.testng.remote.AbstractRemoteTestNG.run(AbstractRemoteTestNG.java:114)
	at org.testng.remote.RemoteTestNG.initAndRun(RemoteTestNG.java:251)
	at org.testng.remote.RemoteTestNG.main(RemoteTestNG.java:77)
</pre></div></td>
<td>55</td>
<td>com.tcs.BsiShopRedesign.sprint8.SoftCopyDownloads@441772e</td></tr>
<tr>
<td title='com.tcs.BsiShopRedesign.sprint7.EditCheckoutBillingAddress.editBillingAddress()'><b>editBillingAddress</b><br>Test class: com.tcs.BsiShopRedesign.sprint7.EditCheckoutBillingAddress</td>
<td><div><pre>java.lang.AssertionError: Edit Address in Checkout Page was unsuccessful
	at com.tcs.BsiShopRedesign.utilities.CommonHelper.reportFailure(CommonHelper.java:66)
	at com.tcs.BsiShopRedesign.sprint7.EditCheckoutBillingAddress.editBillingAddress(EditCheckoutBillingAddress.java:109)
... Removed 25 stack frames</pre></div><a href='#' onClick='toggleBox("stack-trace683211146", this, "Click to show all stack frames", "Click to hide stack frames")'>Click to show all stack frames</a>
<div class='stack-trace' id='stack-trace683211146'><pre>java.lang.AssertionError: Edit Address in Checkout Page was unsuccessful
	at org.testng.Assert.fail(Assert.java:94)
	at com.tcs.BsiShopRedesign.utilities.CommonHelper.reportFailure(CommonHelper.java:66)
	at com.tcs.BsiShopRedesign.sprint7.EditCheckoutBillingAddress.editBillingAddress(EditCheckoutBillingAddress.java:109)
	at sun.reflect.NativeMethodAccessorImpl.invoke0(Native Method)
	at sun.reflect.NativeMethodAccessorImpl.invoke(NativeMethodAccessorImpl.java:62)
	at sun.reflect.DelegatingMethodAccessorImpl.invoke(DelegatingMethodAccessorImpl.java:43)
	at java.lang.reflect.Method.invoke(Method.java:498)
	at org.testng.internal.MethodInvocationHelper.invokeMethod(MethodInvocationHelper.java:85)
	at org.testng.internal.Invoker.invokeMethod(Invoker.java:639)
	at org.testng.internal.Invoker.invokeTestMethod(Invoker.java:821)
	at org.testng.internal.Invoker.invokeTestMethods(Invoker.java:1131)
	at org.testng.internal.TestMethodWorker.invokeTestMethods(TestMethodWorker.java:124)
	at org.testng.internal.TestMethodWorker.run(TestMethodWorker.java:108)
	at org.testng.TestRunner.privateRun(TestRunner.java:773)
	at org.testng.TestRunner.run(TestRunner.java:623)
	at org.testng.SuiteRunner.runTest(SuiteRunner.java:357)
	at org.testng.SuiteRunner.runSequentially(SuiteRunner.java:352)
	at org.testng.SuiteRunner.privateRun(SuiteRunner.java:310)
	at org.testng.SuiteRunner.run(SuiteRunner.java:259)
	at org.testng.SuiteRunnerWorker.runSuite(SuiteRunnerWorker.java:52)
	at org.testng.SuiteRunnerWorker.run(SuiteRunnerWorker.java:86)
	at org.testng.TestNG.runSuitesSequentially(TestNG.java:1185)
	at org.testng.TestNG.runSuitesLocally(TestNG.java:1110)
	at org.testng.TestNG.run(TestNG.java:1018)
	at org.testng.remote.AbstractRemoteTestNG.run(AbstractRemoteTestNG.java:114)
	at org.testng.remote.RemoteTestNG.initAndRun(RemoteTestNG.java:251)
	at org.testng.remote.RemoteTestNG.main(RemoteTestNG.java:77)
</pre></div></td>
<td>178</td>
<td>com.tcs.BsiShopRedesign.sprint7.EditCheckoutBillingAddress@f5ac9e4</td></tr>
<tr>
<td title='com.tcs.BsiShopRedesign.sprint7.CreateCheckoutBillingAddress.editBillingAddress()'><b>editBillingAddress</b><br>Test class: com.tcs.BsiShopRedesign.sprint7.CreateCheckoutBillingAddress</td>
<td><div><pre>java.lang.AssertionError: Placing of order was unsuccesful
	at com.tcs.BsiShopRedesign.utilities.CommonHelper.reportFailure(CommonHelper.java:66)
	at com.tcs.BsiShopRedesign.pages.OrderConfirmationPage.verifyOrderSuccessMessage(OrderConfirmationPage.java:247)
	at com.tcs.BsiShopRedesign.sprint7.CreateCheckoutBillingAddress.editBillingAddress(CreateCheckoutBillingAddress.java:96)
... Removed 25 stack frames</pre></div><a href='#' onClick='toggleBox("stack-trace413763859", this, "Click to show all stack frames", "Click to hide stack frames")'>Click to show all stack frames</a>
<div class='stack-trace' id='stack-trace413763859'><pre>java.lang.AssertionError: Placing of order was unsuccesful
	at org.testng.Assert.fail(Assert.java:94)
	at com.tcs.BsiShopRedesign.utilities.CommonHelper.reportFailure(CommonHelper.java:66)
	at com.tcs.BsiShopRedesign.pages.OrderConfirmationPage.verifyOrderSuccessMessage(OrderConfirmationPage.java:247)
	at com.tcs.BsiShopRedesign.sprint7.CreateCheckoutBillingAddress.editBillingAddress(CreateCheckoutBillingAddress.java:96)
	at sun.reflect.NativeMethodAccessorImpl.invoke0(Native Method)
	at sun.reflect.NativeMethodAccessorImpl.invoke(NativeMethodAccessorImpl.java:62)
	at sun.reflect.DelegatingMethodAccessorImpl.invoke(DelegatingMethodAccessorImpl.java:43)
	at java.lang.reflect.Method.invoke(Method.java:498)
	at org.testng.internal.MethodInvocationHelper.invokeMethod(MethodInvocationHelper.java:85)
	at org.testng.internal.Invoker.invokeMethod(Invoker.java:639)
	at org.testng.internal.Invoker.invokeTestMethod(Invoker.java:821)
	at org.testng.internal.Invoker.invokeTestMethods(Invoker.java:1131)
	at org.testng.internal.TestMethodWorker.invokeTestMethods(TestMethodWorker.java:124)
	at org.testng.internal.TestMethodWorker.run(TestMethodWorker.java:108)
	at org.testng.TestRunner.privateRun(TestRunner.java:773)
	at org.testng.TestRunner.run(TestRunner.java:623)
	at org.testng.SuiteRunner.runTest(SuiteRunner.java:357)
	at org.testng.SuiteRunner.runSequentially(SuiteRunner.java:352)
	at org.testng.SuiteRunner.privateRun(SuiteRunner.java:310)
	at org.testng.SuiteRunner.run(SuiteRunner.java:259)
	at org.testng.SuiteRunnerWorker.runSuite(SuiteRunnerWorker.java:52)
	at org.testng.SuiteRunnerWorker.run(SuiteRunnerWorker.java:86)
	at org.testng.TestNG.runSuitesSequentially(TestNG.java:1185)
	at org.testng.TestNG.runSuitesLocally(TestNG.java:1110)
	at org.testng.TestNG.run(TestNG.java:1018)
	at org.testng.remote.AbstractRemoteTestNG.run(AbstractRemoteTestNG.java:114)
	at org.testng.remote.RemoteTestNG.initAndRun(RemoteTestNG.java:251)
	at org.testng.remote.RemoteTestNG.main(RemoteTestNG.java:77)
</pre></div></td>
<td>331</td>
<td>com.tcs.BsiShopRedesign.sprint7.CreateCheckoutBillingAddress@123ef382</td></tr>
<tr>
<td title='com.tcs.BsiShopRedesign.sprint4_5.RegistrationsWithDiffProfile.loginThroughAlreadyRegistered()'><b>loginThroughAlreadyRegistered</b><br>Test class: com.tcs.BsiShopRedesign.sprint4_5.RegistrationsWithDiffProfile</td>
<td><div><pre>java.lang.AssertionError: Verify Login Error Message for Registered User was unsuccessful
	at com.tcs.BsiShopRedesign.utilities.CommonHelper.reportFailure(CommonHelper.java:66)
	at com.tcs.BsiShopRedesign.pages.HomePage.loginThroughAlreadyRegistered(HomePage.java:655)
	at com.tcs.BsiShopRedesign.sprint4_5.RegistrationsWithDiffProfile.loginThroughAlreadyRegistered(RegistrationsWithDiffProfile.java:143)
... Removed 25 stack frames</pre></div><a href='#' onClick='toggleBox("stack-trace116892325", this, "Click to show all stack frames", "Click to hide stack frames")'>Click to show all stack frames</a>
<div class='stack-trace' id='stack-trace116892325'><pre>java.lang.AssertionError: Verify Login Error Message for Registered User was unsuccessful
	at org.testng.Assert.fail(Assert.java:94)
	at com.tcs.BsiShopRedesign.utilities.CommonHelper.reportFailure(CommonHelper.java:66)
	at com.tcs.BsiShopRedesign.pages.HomePage.loginThroughAlreadyRegistered(HomePage.java:655)
	at com.tcs.BsiShopRedesign.sprint4_5.RegistrationsWithDiffProfile.loginThroughAlreadyRegistered(RegistrationsWithDiffProfile.java:143)
	at sun.reflect.NativeMethodAccessorImpl.invoke0(Native Method)
	at sun.reflect.NativeMethodAccessorImpl.invoke(NativeMethodAccessorImpl.java:62)
	at sun.reflect.DelegatingMethodAccessorImpl.invoke(DelegatingMethodAccessorImpl.java:43)
	at java.lang.reflect.Method.invoke(Method.java:498)
	at org.testng.internal.MethodInvocationHelper.invokeMethod(MethodInvocationHelper.java:85)
	at org.testng.internal.Invoker.invokeMethod(Invoker.java:639)
	at org.testng.internal.Invoker.invokeTestMethod(Invoker.java:821)
	at org.testng.internal.Invoker.invokeTestMethods(Invoker.java:1131)
	at org.testng.internal.TestMethodWorker.invokeTestMethods(TestMethodWorker.java:124)
	at org.testng.internal.TestMethodWorker.run(TestMethodWorker.java:108)
	at org.testng.TestRunner.privateRun(TestRunner.java:773)
	at org.testng.TestRunner.run(TestRunner.java:623)
	at org.testng.SuiteRunner.runTest(SuiteRunner.java:357)
	at org.testng.SuiteRunner.runSequentially(SuiteRunner.java:352)
	at org.testng.SuiteRunner.privateRun(SuiteRunner.java:310)
	at org.testng.SuiteRunner.run(SuiteRunner.java:259)
	at org.testng.SuiteRunnerWorker.runSuite(SuiteRunnerWorker.java:52)
	at org.testng.SuiteRunnerWorker.run(SuiteRunnerWorker.java:86)
	at org.testng.TestNG.runSuitesSequentially(TestNG.java:1185)
	at org.testng.TestNG.runSuitesLocally(TestNG.java:1110)
	at org.testng.TestNG.run(TestNG.java:1018)
	at org.testng.remote.AbstractRemoteTestNG.run(AbstractRemoteTestNG.java:114)
	at org.testng.remote.RemoteTestNG.initAndRun(RemoteTestNG.java:251)
	at org.testng.remote.RemoteTestNG.main(RemoteTestNG.java:77)
</pre></div></td>
<td>6</td>
<td>com.tcs.BsiShopRedesign.sprint4_5.RegistrationsWithDiffProfile@498d318c</td></tr>
<tr>
<td title='com.tcs.BsiShopRedesign.sprint2.RegisterSubscriptions.regBSOLQuote()'><b>regBSOLQuote</b><br>Test class: com.tcs.BsiShopRedesign.sprint2.RegisterSubscriptions</td>
<td><div><pre>java.lang.AssertionError: Verification of Pardot Form was unsuccessful
	at com.tcs.BsiShopRedesign.utilities.CommonHelper.reportFailure(CommonHelper.java:66)
	at com.tcs.BsiShopRedesign.pages.SubscriptionsPage.verifyPardotForm(SubscriptionsPage.java:242)
	at com.tcs.BsiShopRedesign.sprint2.RegisterSubscriptions.regBSOLQuote(RegisterSubscriptions.java:44)
... Removed 25 stack frames</pre></div><a href='#' onClick='toggleBox("stack-trace1099248281", this, "Click to show all stack frames", "Click to hide stack frames")'>Click to show all stack frames</a>
<div class='stack-trace' id='stack-trace1099248281'><pre>java.lang.AssertionError: Verification of Pardot Form was unsuccessful
	at org.testng.Assert.fail(Assert.java:94)
	at com.tcs.BsiShopRedesign.utilities.CommonHelper.reportFailure(CommonHelper.java:66)
	at com.tcs.BsiShopRedesign.pages.SubscriptionsPage.verifyPardotForm(SubscriptionsPage.java:242)
	at com.tcs.BsiShopRedesign.sprint2.RegisterSubscriptions.regBSOLQuote(RegisterSubscriptions.java:44)
	at sun.reflect.NativeMethodAccessorImpl.invoke0(Native Method)
	at sun.reflect.NativeMethodAccessorImpl.invoke(NativeMethodAccessorImpl.java:62)
	at sun.reflect.DelegatingMethodAccessorImpl.invoke(DelegatingMethodAccessorImpl.java:43)
	at java.lang.reflect.Method.invoke(Method.java:498)
	at org.testng.internal.MethodInvocationHelper.invokeMethod(MethodInvocationHelper.java:85)
	at org.testng.internal.Invoker.invokeMethod(Invoker.java:639)
	at org.testng.internal.Invoker.invokeTestMethod(Invoker.java:821)
	at org.testng.internal.Invoker.invokeTestMethods(Invoker.java:1131)
	at org.testng.internal.TestMethodWorker.invokeTestMethods(TestMethodWorker.java:124)
	at org.testng.internal.TestMethodWorker.run(TestMethodWorker.java:108)
	at org.testng.TestRunner.privateRun(TestRunner.java:773)
	at org.testng.TestRunner.run(TestRunner.java:623)
	at org.testng.SuiteRunner.runTest(SuiteRunner.java:357)
	at org.testng.SuiteRunner.runSequentially(SuiteRunner.java:352)
	at org.testng.SuiteRunner.privateRun(SuiteRunner.java:310)
	at org.testng.SuiteRunner.run(SuiteRunner.java:259)
	at org.testng.SuiteRunnerWorker.runSuite(SuiteRunnerWorker.java:52)
	at org.testng.SuiteRunnerWorker.run(SuiteRunnerWorker.java:86)
	at org.testng.TestNG.runSuitesSequentially(TestNG.java:1185)
	at org.testng.TestNG.runSuitesLocally(TestNG.java:1110)
	at org.testng.TestNG.run(TestNG.java:1018)
	at org.testng.remote.AbstractRemoteTestNG.run(AbstractRemoteTestNG.java:114)
	at org.testng.remote.RemoteTestNG.initAndRun(RemoteTestNG.java:251)
	at org.testng.remote.RemoteTestNG.main(RemoteTestNG.java:77)
</pre></div></td>
<td>94</td>
<td>com.tcs.BsiShopRedesign.sprint2.RegisterSubscriptions@6eda5c9</td></tr>
<tr>
<td title='com.tcs.BsiShopRedesign.sprint2.RegisterSubscriptions.regCNQuote()'><b>regCNQuote</b><br>Test class: com.tcs.BsiShopRedesign.sprint2.RegisterSubscriptions</td>
<td><div><pre>java.lang.AssertionError: Enter Pardot Form details was unsuccessful
	at com.tcs.BsiShopRedesign.utilities.CommonHelper.reportFailure(CommonHelper.java:66)
	at com.tcs.BsiShopRedesign.pages.SubscriptionsPage.enterCNPardotDetails(SubscriptionsPage.java:305)
	at com.tcs.BsiShopRedesign.sprint2.RegisterSubscriptions.regCNQuote(RegisterSubscriptions.java:74)
... Removed 25 stack frames</pre></div><a href='#' onClick='toggleBox("stack-trace1611618052", this, "Click to show all stack frames", "Click to hide stack frames")'>Click to show all stack frames</a>
<div class='stack-trace' id='stack-trace1611618052'><pre>java.lang.AssertionError: Enter Pardot Form details was unsuccessful
	at org.testng.Assert.fail(Assert.java:94)
	at com.tcs.BsiShopRedesign.utilities.CommonHelper.reportFailure(CommonHelper.java:66)
	at com.tcs.BsiShopRedesign.pages.SubscriptionsPage.enterCNPardotDetails(SubscriptionsPage.java:305)
	at com.tcs.BsiShopRedesign.sprint2.RegisterSubscriptions.regCNQuote(RegisterSubscriptions.java:74)
	at sun.reflect.NativeMethodAccessorImpl.invoke0(Native Method)
	at sun.reflect.NativeMethodAccessorImpl.invoke(NativeMethodAccessorImpl.java:62)
	at sun.reflect.DelegatingMethodAccessorImpl.invoke(DelegatingMethodAccessorImpl.java:43)
	at java.lang.reflect.Method.invoke(Method.java:498)
	at org.testng.internal.MethodInvocationHelper.invokeMethod(MethodInvocationHelper.java:85)
	at org.testng.internal.Invoker.invokeMethod(Invoker.java:639)
	at org.testng.internal.Invoker.invokeTestMethod(Invoker.java:821)
	at org.testng.internal.Invoker.invokeTestMethods(Invoker.java:1131)
	at org.testng.internal.TestMethodWorker.invokeTestMethods(TestMethodWorker.java:124)
	at org.testng.internal.TestMethodWorker.run(TestMethodWorker.java:108)
	at org.testng.TestRunner.privateRun(TestRunner.java:773)
	at org.testng.TestRunner.run(TestRunner.java:623)
	at org.testng.SuiteRunner.runTest(SuiteRunner.java:357)
	at org.testng.SuiteRunner.runSequentially(SuiteRunner.java:352)
	at org.testng.SuiteRunner.privateRun(SuiteRunner.java:310)
	at org.testng.SuiteRunner.run(SuiteRunner.java:259)
	at org.testng.SuiteRunnerWorker.runSuite(SuiteRunnerWorker.java:52)
	at org.testng.SuiteRunnerWorker.run(SuiteRunnerWorker.java:86)
	at org.testng.TestNG.runSuitesSequentially(TestNG.java:1185)
	at org.testng.TestNG.runSuitesLocally(TestNG.java:1110)
	at org.testng.TestNG.run(TestNG.java:1018)
	at org.testng.remote.AbstractRemoteTestNG.run(AbstractRemoteTestNG.java:114)
	at org.testng.remote.RemoteTestNG.initAndRun(RemoteTestNG.java:251)
	at org.testng.remote.RemoteTestNG.main(RemoteTestNG.java:77)
</pre></div></td>
<td>39</td>
<td>com.tcs.BsiShopRedesign.sprint2.RegisterSubscriptions@6eda5c9</td></tr>
<tr>
<td title='com.tcs.BsiShopRedesign.sprint2.RegisterSubscriptions.regEurocodes()'><b>regEurocodes</b><br>Test class: com.tcs.BsiShopRedesign.sprint2.RegisterSubscriptions</td>
<td><div><pre>java.lang.AssertionError: Enter Eurocode Pardot Form details was unsuccessful
	at com.tcs.BsiShopRedesign.utilities.CommonHelper.reportFailure(CommonHelper.java:66)
	at com.tcs.BsiShopRedesign.pages.SubscriptionsPage.enterEurocodePardotDetails(SubscriptionsPage.java:438)
	at com.tcs.BsiShopRedesign.sprint2.RegisterSubscriptions.regEurocodes(RegisterSubscriptions.java:109)
... Removed 25 stack frames</pre></div><a href='#' onClick='toggleBox("stack-trace157201184", this, "Click to show all stack frames", "Click to hide stack frames")'>Click to show all stack frames</a>
<div class='stack-trace' id='stack-trace157201184'><pre>java.lang.AssertionError: Enter Eurocode Pardot Form details was unsuccessful
	at org.testng.Assert.fail(Assert.java:94)
	at com.tcs.BsiShopRedesign.utilities.CommonHelper.reportFailure(CommonHelper.java:66)
	at com.tcs.BsiShopRedesign.pages.SubscriptionsPage.enterEurocodePardotDetails(SubscriptionsPage.java:438)
	at com.tcs.BsiShopRedesign.sprint2.RegisterSubscriptions.regEurocodes(RegisterSubscriptions.java:109)
	at sun.reflect.NativeMethodAccessorImpl.invoke0(Native Method)
	at sun.reflect.NativeMethodAccessorImpl.invoke(NativeMethodAccessorImpl.java:62)
	at sun.reflect.DelegatingMethodAccessorImpl.invoke(DelegatingMethodAccessorImpl.java:43)
	at java.lang.reflect.Method.invoke(Method.java:498)
	at org.testng.internal.MethodInvocationHelper.invokeMethod(MethodInvocationHelper.java:85)
	at org.testng.internal.Invoker.invokeMethod(Invoker.java:639)
	at org.testng.internal.Invoker.invokeTestMethod(Invoker.java:821)
	at org.testng.internal.Invoker.invokeTestMethods(Invoker.java:1131)
	at org.testng.internal.TestMethodWorker.invokeTestMethods(TestMethodWorker.java:124)
	at org.testng.internal.TestMethodWorker.run(TestMethodWorker.java:108)
	at org.testng.TestRunner.privateRun(TestRunner.java:773)
	at org.testng.TestRunner.run(TestRunner.java:623)
	at org.testng.SuiteRunner.runTest(SuiteRunner.java:357)
	at org.testng.SuiteRunner.runSequentially(SuiteRunner.java:352)
	at org.testng.SuiteRunner.privateRun(SuiteRunner.java:310)
	at org.testng.SuiteRunner.run(SuiteRunner.java:259)
	at org.testng.SuiteRunnerWorker.runSuite(SuiteRunnerWorker.java:52)
	at org.testng.SuiteRunnerWorker.run(SuiteRunnerWorker.java:86)
	at org.testng.TestNG.runSuitesSequentially(TestNG.java:1185)
	at org.testng.TestNG.runSuitesLocally(TestNG.java:1110)
	at org.testng.TestNG.run(TestNG.java:1018)
	at org.testng.remote.AbstractRemoteTestNG.run(AbstractRemoteTestNG.java:114)
	at org.testng.remote.RemoteTestNG.initAndRun(RemoteTestNG.java:251)
	at org.testng.remote.RemoteTestNG.main(RemoteTestNG.java:77)
</pre></div></td>
<td>39</td>
<td>com.tcs.BsiShopRedesign.sprint2.RegisterSubscriptions@6eda5c9</td></tr>
<tr>
<td title='com.tcs.BsiShopRedesign.sprint8.ValidateCheckoutDetails.validateCheckoutNonUKDetails()'><b>validateCheckoutNonUKDetails</b><br>Test class: com.tcs.BsiShopRedesign.sprint8.ValidateCheckoutDetails</td>
<td><div><pre>java.lang.AssertionError: Validate Checkout Details with Billing and Card Billing Address as non UK Country for Hardcopy product on Checkout Page was unsuccessful
	at com.tcs.BsiShopRedesign.utilities.CommonHelper.reportFailure(CommonHelper.java:66)
	at com.tcs.BsiShopRedesign.sprint8.ValidateCheckoutDetails.validateCheckoutNonUKDetails(ValidateCheckoutDetails.java:121)
... Removed 25 stack frames</pre></div><a href='#' onClick='toggleBox("stack-trace1821462977", this, "Click to show all stack frames", "Click to hide stack frames")'>Click to show all stack frames</a>
<div class='stack-trace' id='stack-trace1821462977'><pre>java.lang.AssertionError: Validate Checkout Details with Billing and Card Billing Address as non UK Country for Hardcopy product on Checkout Page was unsuccessful
	at org.testng.Assert.fail(Assert.java:94)
	at com.tcs.BsiShopRedesign.utilities.CommonHelper.reportFailure(CommonHelper.java:66)
	at com.tcs.BsiShopRedesign.sprint8.ValidateCheckoutDetails.validateCheckoutNonUKDetails(ValidateCheckoutDetails.java:121)
	at sun.reflect.NativeMethodAccessorImpl.invoke0(Native Method)
	at sun.reflect.NativeMethodAccessorImpl.invoke(NativeMethodAccessorImpl.java:62)
	at sun.reflect.DelegatingMethodAccessorImpl.invoke(DelegatingMethodAccessorImpl.java:43)
	at java.lang.reflect.Method.invoke(Method.java:498)
	at org.testng.internal.MethodInvocationHelper.invokeMethod(MethodInvocationHelper.java:85)
	at org.testng.internal.Invoker.invokeMethod(Invoker.java:639)
	at org.testng.internal.Invoker.invokeTestMethod(Invoker.java:821)
	at org.testng.internal.Invoker.invokeTestMethods(Invoker.java:1131)
	at org.testng.internal.TestMethodWorker.invokeTestMethods(TestMethodWorker.java:124)
	at org.testng.internal.TestMethodWorker.run(TestMethodWorker.java:108)
	at org.testng.TestRunner.privateRun(TestRunner.java:773)
	at org.testng.TestRunner.run(TestRunner.java:623)
	at org.testng.SuiteRunner.runTest(SuiteRunner.java:357)
	at org.testng.SuiteRunner.runSequentially(SuiteRunner.java:352)
	at org.testng.SuiteRunner.privateRun(SuiteRunner.java:310)
	at org.testng.SuiteRunner.run(SuiteRunner.java:259)
	at org.testng.SuiteRunnerWorker.runSuite(SuiteRunnerWorker.java:52)
	at org.testng.SuiteRunnerWorker.run(SuiteRunnerWorker.java:86)
	at org.testng.TestNG.runSuitesSequentially(TestNG.java:1185)
	at org.testng.TestNG.runSuitesLocally(TestNG.java:1110)
	at org.testng.TestNG.run(TestNG.java:1018)
	at org.testng.remote.AbstractRemoteTestNG.run(AbstractRemoteTestNG.java:114)
	at org.testng.remote.RemoteTestNG.initAndRun(RemoteTestNG.java:251)
	at org.testng.remote.RemoteTestNG.main(RemoteTestNG.java:77)
</pre></div></td>
<td>250</td>
<td>com.tcs.BsiShopRedesign.sprint8.ValidateCheckoutDetails@4d9e68d0</td></tr>
<tr>
<td title='com.tcs.BsiShopRedesign.sprint8.ValidateCheckoutDetails.validateCheckoutUKDetails()'><b>validateCheckoutUKDetails</b><br>Test class: com.tcs.BsiShopRedesign.sprint8.ValidateCheckoutDetails</td>
<td><div><pre>java.lang.AssertionError: Click Checkout was unsuccessful
	at com.tcs.BsiShopRedesign.utilities.CommonHelper.reportFailure(CommonHelper.java:66)
	at com.tcs.BsiShopRedesign.pages.BasketPage.clickCheckout(BasketPage.java:460)
	at com.tcs.BsiShopRedesign.sprint8.ValidateCheckoutDetails.validateCheckoutUKDetails(ValidateCheckoutDetails.java:162)
... Removed 25 stack frames</pre></div><a href='#' onClick='toggleBox("stack-trace1270612719", this, "Click to show all stack frames", "Click to hide stack frames")'>Click to show all stack frames</a>
<div class='stack-trace' id='stack-trace1270612719'><pre>java.lang.AssertionError: Click Checkout was unsuccessful
	at org.testng.Assert.fail(Assert.java:94)
	at com.tcs.BsiShopRedesign.utilities.CommonHelper.reportFailure(CommonHelper.java:66)
	at com.tcs.BsiShopRedesign.pages.BasketPage.clickCheckout(BasketPage.java:460)
	at com.tcs.BsiShopRedesign.sprint8.ValidateCheckoutDetails.validateCheckoutUKDetails(ValidateCheckoutDetails.java:162)
	at sun.reflect.NativeMethodAccessorImpl.invoke0(Native Method)
	at sun.reflect.NativeMethodAccessorImpl.invoke(NativeMethodAccessorImpl.java:62)
	at sun.reflect.DelegatingMethodAccessorImpl.invoke(DelegatingMethodAccessorImpl.java:43)
	at java.lang.reflect.Method.invoke(Method.java:498)
	at org.testng.internal.MethodInvocationHelper.invokeMethod(MethodInvocationHelper.java:85)
	at org.testng.internal.Invoker.invokeMethod(Invoker.java:639)
	at org.testng.internal.Invoker.invokeTestMethod(Invoker.java:821)
	at org.testng.internal.Invoker.invokeTestMethods(Invoker.java:1131)
	at org.testng.internal.TestMethodWorker.invokeTestMethods(TestMethodWorker.java:124)
	at org.testng.internal.TestMethodWorker.run(TestMethodWorker.java:108)
	at org.testng.TestRunner.privateRun(TestRunner.java:773)
	at org.testng.TestRunner.run(TestRunner.java:623)
	at org.testng.SuiteRunner.runTest(SuiteRunner.java:357)
	at org.testng.SuiteRunner.runSequentially(SuiteRunner.java:352)
	at org.testng.SuiteRunner.privateRun(SuiteRunner.java:310)
	at org.testng.SuiteRunner.run(SuiteRunner.java:259)
	at org.testng.SuiteRunnerWorker.runSuite(SuiteRunnerWorker.java:52)
	at org.testng.SuiteRunnerWorker.run(SuiteRunnerWorker.java:86)
	at org.testng.TestNG.runSuitesSequentially(TestNG.java:1185)
	at org.testng.TestNG.runSuitesLocally(TestNG.java:1110)
	at org.testng.TestNG.run(TestNG.java:1018)
	at org.testng.remote.AbstractRemoteTestNG.run(AbstractRemoteTestNG.java:114)
	at org.testng.remote.RemoteTestNG.initAndRun(RemoteTestNG.java:251)
	at org.testng.remote.RemoteTestNG.main(RemoteTestNG.java:77)
</pre></div></td>
<td>532</td>
<td>com.tcs.BsiShopRedesign.sprint8.ValidateCheckoutDetails@4d9e68d0</td></tr>
<tr>
<td title='com.tcs.BsiShopRedesign.sprint8.VerifyHardCopyDetails.verifyHardCopyDeliveryDetails()'><b>verifyHardCopyDeliveryDetails</b><br>Test class: com.tcs.BsiShopRedesign.sprint8.VerifyHardCopyDetails</td>
<td><div><pre>java.lang.AssertionError: Placing of order was unsuccesful
	at com.tcs.BsiShopRedesign.utilities.CommonHelper.reportFailure(CommonHelper.java:66)
	at com.tcs.BsiShopRedesign.pages.OrderConfirmationPage.verifyOrderSuccessMessage(OrderConfirmationPage.java:247)
	at com.tcs.BsiShopRedesign.sprint8.VerifyHardCopyDetails.verifyHardCopyDeliveryDetails(VerifyHardCopyDetails.java:100)
... Removed 25 stack frames</pre></div><a href='#' onClick='toggleBox("stack-trace497368911", this, "Click to show all stack frames", "Click to hide stack frames")'>Click to show all stack frames</a>
<div class='stack-trace' id='stack-trace497368911'><pre>java.lang.AssertionError: Placing of order was unsuccesful
	at org.testng.Assert.fail(Assert.java:94)
	at com.tcs.BsiShopRedesign.utilities.CommonHelper.reportFailure(CommonHelper.java:66)
	at com.tcs.BsiShopRedesign.pages.OrderConfirmationPage.verifyOrderSuccessMessage(OrderConfirmationPage.java:247)
	at com.tcs.BsiShopRedesign.sprint8.VerifyHardCopyDetails.verifyHardCopyDeliveryDetails(VerifyHardCopyDetails.java:100)
	at sun.reflect.NativeMethodAccessorImpl.invoke0(Native Method)
	at sun.reflect.NativeMethodAccessorImpl.invoke(NativeMethodAccessorImpl.java:62)
	at sun.reflect.DelegatingMethodAccessorImpl.invoke(DelegatingMethodAccessorImpl.java:43)
	at java.lang.reflect.Method.invoke(Method.java:498)
	at org.testng.internal.MethodInvocationHelper.invokeMethod(MethodInvocationHelper.java:85)
	at org.testng.internal.Invoker.invokeMethod(Invoker.java:639)
	at org.testng.internal.Invoker.invokeTestMethod(Invoker.java:821)
	at org.testng.internal.Invoker.invokeTestMethods(Invoker.java:1131)
	at org.testng.internal.TestMethodWorker.invokeTestMethods(TestMethodWorker.java:124)
	at org.testng.internal.TestMethodWorker.run(TestMethodWorker.java:108)
	at org.testng.TestRunner.privateRun(TestRunner.java:773)
	at org.testng.TestRunner.run(TestRunner.java:623)
	at org.testng.SuiteRunner.runTest(SuiteRunner.java:357)
	at org.testng.SuiteRunner.runSequentially(SuiteRunner.java:352)
	at org.testng.SuiteRunner.privateRun(SuiteRunner.java:310)
	at org.testng.SuiteRunner.run(SuiteRunner.java:259)
	at org.testng.SuiteRunnerWorker.runSuite(SuiteRunnerWorker.java:52)
	at org.testng.SuiteRunnerWorker.run(SuiteRunnerWorker.java:86)
	at org.testng.TestNG.runSuitesSequentially(TestNG.java:1185)
	at org.testng.TestNG.runSuitesLocally(TestNG.java:1110)
	at org.testng.TestNG.run(TestNG.java:1018)
	at org.testng.remote.AbstractRemoteTestNG.run(AbstractRemoteTestNG.java:114)
	at org.testng.remote.RemoteTestNG.initAndRun(RemoteTestNG.java:251)
	at org.testng.remote.RemoteTestNG.main(RemoteTestNG.java:77)
</pre></div></td>
<td>362</td>
<td>com.tcs.BsiShopRedesign.sprint8.VerifyHardCopyDetails@7334aada</td></tr>
<tr>
<td title='com.tcs.BsiShopRedesign.sprint8.EditOrderDetailsFromCheckout.verifyHardCopyDeliveryDetails()'><b>verifyHardCopyDeliveryDetails</b><br>Test class: com.tcs.BsiShopRedesign.sprint8.EditOrderDetailsFromCheckout</td>
<td><div><pre>java.lang.AssertionError: Click Checkout was unsuccessful
	at com.tcs.BsiShopRedesign.utilities.CommonHelper.reportFailure(CommonHelper.java:66)
	at com.tcs.BsiShopRedesign.pages.BasketPage.clickCheckout(BasketPage.java:460)
	at com.tcs.BsiShopRedesign.sprint8.EditOrderDetailsFromCheckout.verifyHardCopyDeliveryDetails(EditOrderDetailsFromCheckout.java:84)
... Removed 25 stack frames</pre></div><a href='#' onClick='toggleBox("stack-trace201331640", this, "Click to show all stack frames", "Click to hide stack frames")'>Click to show all stack frames</a>
<div class='stack-trace' id='stack-trace201331640'><pre>java.lang.AssertionError: Click Checkout was unsuccessful
	at org.testng.Assert.fail(Assert.java:94)
	at com.tcs.BsiShopRedesign.utilities.CommonHelper.reportFailure(CommonHelper.java:66)
	at com.tcs.BsiShopRedesign.pages.BasketPage.clickCheckout(BasketPage.java:460)
	at com.tcs.BsiShopRedesign.sprint8.EditOrderDetailsFromCheckout.verifyHardCopyDeliveryDetails(EditOrderDetailsFromCheckout.java:84)
	at sun.reflect.NativeMethodAccessorImpl.invoke0(Native Method)
	at sun.reflect.NativeMethodAccessorImpl.invoke(NativeMethodAccessorImpl.java:62)
	at sun.reflect.DelegatingMethodAccessorImpl.invoke(DelegatingMethodAccessorImpl.java:43)
	at java.lang.reflect.Method.invoke(Method.java:498)
	at org.testng.internal.MethodInvocationHelper.invokeMethod(MethodInvocationHelper.java:85)
	at org.testng.internal.Invoker.invokeMethod(Invoker.java:639)
	at org.testng.internal.Invoker.invokeTestMethod(Invoker.java:821)
	at org.testng.internal.Invoker.invokeTestMethods(Invoker.java:1131)
	at org.testng.internal.TestMethodWorker.invokeTestMethods(TestMethodWorker.java:124)
	at org.testng.internal.TestMethodWorker.run(TestMethodWorker.java:108)
	at org.testng.TestRunner.privateRun(TestRunner.java:773)
	at org.testng.TestRunner.run(TestRunner.java:623)
	at org.testng.SuiteRunner.runTest(SuiteRunner.java:357)
	at org.testng.SuiteRunner.runSequentially(SuiteRunner.java:352)
	at org.testng.SuiteRunner.privateRun(SuiteRunner.java:310)
	at org.testng.SuiteRunner.run(SuiteRunner.java:259)
	at org.testng.SuiteRunnerWorker.runSuite(SuiteRunnerWorker.java:52)
	at org.testng.SuiteRunnerWorker.run(SuiteRunnerWorker.java:86)
	at org.testng.TestNG.runSuitesSequentially(TestNG.java:1185)
	at org.testng.TestNG.runSuitesLocally(TestNG.java:1110)
	at org.testng.TestNG.run(TestNG.java:1018)
	at org.testng.remote.AbstractRemoteTestNG.run(AbstractRemoteTestNG.java:114)
	at org.testng.remote.RemoteTestNG.initAndRun(RemoteTestNG.java:251)
	at org.testng.remote.RemoteTestNG.main(RemoteTestNG.java:77)
</pre></div></td>
<td>100</td>
<td>com.tcs.BsiShopRedesign.sprint8.EditOrderDetailsFromCheckout@1d9b7cce</td></tr>
</table><p>
<table width='100%' border='1' class='invocation-passed'>
<tr><td colspan='4' align='center'><b>PASSED TESTS</b></td></tr>
<tr><td><b>Test method</b></td>
<td width="30%"><b>Exception</b></td>
<td width="10%"><b>Time (seconds)</b></td>
<td><b>Instance</b></td>
</tr>
<tr>
<td title='com.tcs.BsiShopRedesign.sprint4_5.AddInvoiceToBasketFromMemTab.AddInvoiceToBasket()'><b>AddInvoiceToBasket</b><br>Test class: com.tcs.BsiShopRedesign.sprint4_5.AddInvoiceToBasketFromMemTab</td>
<td></td>
<td>31</td>
<td>com.tcs.BsiShopRedesign.sprint4_5.AddInvoiceToBasketFromMemTab@402bba4f</td></tr>
<tr>
<td title='com.tcs.BsiShopRedesign.sprint2.BookEvent.BookPaidEvent()'><b>BookPaidEvent</b><br>Test class: com.tcs.BsiShopRedesign.sprint2.BookEvent</td>
<td></td>
<td>56</td>
<td>com.tcs.BsiShopRedesign.sprint2.BookEvent@7714e963</td></tr>
<tr>
<td title='com.tcs.BsiShopRedesign.sprint2.MultipleEventUpdateBasket.addAndUpdateMultipleEvents()'><b>addAndUpdateMultipleEvents</b><br>Test class: com.tcs.BsiShopRedesign.sprint2.MultipleEventUpdateBasket</td>
<td></td>
<td>137</td>
<td>com.tcs.BsiShopRedesign.sprint2.MultipleEventUpdateBasket@20ce78ec</td></tr>
<tr>
<td title='com.tcs.BsiShopRedesign.sprint1.MyProfile.addDeliveryAddress()'><b>addDeliveryAddress</b><br>Test class: com.tcs.BsiShopRedesign.sprint1.MyProfile</td>
<td></td>
<td>17</td>
<td>com.tcs.BsiShopRedesign.sprint1.MyProfile@619713e5</td></tr>
<tr>
<td title='com.tcs.BsiShopRedesign.sprint1.MyProfile.addNewBillingAddress()'><b>addNewBillingAddress</b><br>Test class: com.tcs.BsiShopRedesign.sprint1.MyProfile</td>
<td></td>
<td>21</td>
<td>com.tcs.BsiShopRedesign.sprint1.MyProfile@619713e5</td></tr>
<tr>
<td title='com.tcs.BsiShopRedesign.sprint8.RenewMembership.addRenewMembershipToBasket()'><b>addRenewMembershipToBasket</b><br>Test class: com.tcs.BsiShopRedesign.sprint8.RenewMembership</td>
<td></td>
<td>58</td>
<td>com.tcs.BsiShopRedesign.sprint8.RenewMembership@61862a7f</td></tr>
<tr>
<td title='com.tcs.BsiShopRedesign.sprint1.MyProfileAddTenAddresses.addTenBillingAddress()'><b>addTenBillingAddress</b><br>Test class: com.tcs.BsiShopRedesign.sprint1.MyProfileAddTenAddresses</td>
<td></td>
<td>201</td>
<td>com.tcs.BsiShopRedesign.sprint1.MyProfileAddTenAddresses@1dde4cb2</td></tr>
<tr>
<td title='com.tcs.BsiShopRedesign.sprint1.MyProfileAddTenAddresses.addTenDeliveryAddress()'><b>addTenDeliveryAddress</b><br>Test class: com.tcs.BsiShopRedesign.sprint1.MyProfileAddTenAddresses</td>
<td></td>
<td>183</td>
<td>com.tcs.BsiShopRedesign.sprint1.MyProfileAddTenAddresses@1dde4cb2</td></tr>
<tr>
<td title='com.tcs.BsiShopRedesign.sprint3.AddPDFToBasketTwiceFromSearchList.addToBasketSearchList()'><b>addToBasketSearchList</b><br>Test class: com.tcs.BsiShopRedesign.sprint3.AddPDFToBasketTwiceFromSearchList</td>
<td></td>
<td>71</td>
<td>com.tcs.BsiShopRedesign.sprint3.AddPDFToBasketTwiceFromSearchList@479d31f3</td></tr>
<tr>
<td title='com.tcs.BsiShopRedesign.sprint3.CheckBlankSearchResult.blankSearch()'><b>blankSearch</b><br>Test class: com.tcs.BsiShopRedesign.sprint3.CheckBlankSearchResult</td>
<td></td>
<td>16</td>
<td>com.tcs.BsiShopRedesign.sprint3.CheckBlankSearchResult@333291e3</td></tr>
<tr>
<td title='com.tcs.BsiShopRedesign.sprint3.CheckWithdrawnStatus.checkBookStatus()'><b>checkBookStatus</b><br>Test class: com.tcs.BsiShopRedesign.sprint3.CheckWithdrawnStatus</td>
<td></td>
<td>30</td>
<td>com.tcs.BsiShopRedesign.sprint3.CheckWithdrawnStatus@6973b51b</td></tr>
<tr>
<td title='com.tcs.BsiShopRedesign.sprint3.CheckWithdrawnStatus.checkEventStatus()'><b>checkEventStatus</b><br>Test class: com.tcs.BsiShopRedesign.sprint3.CheckWithdrawnStatus</td>
<td></td>
<td>29</td>
<td>com.tcs.BsiShopRedesign.sprint3.CheckWithdrawnStatus@6973b51b</td></tr>
<tr>
<td title='com.tcs.BsiShopRedesign.sprint3.CheckProductFeatures.checkFreeEvent()'><b>checkFreeEvent</b><br>Test class: com.tcs.BsiShopRedesign.sprint3.CheckProductFeatures</td>
<td></td>
<td>4</td>
<td>com.tcs.BsiShopRedesign.sprint3.CheckProductFeatures@43195e57</td></tr>
<tr>
<td title='com.tcs.BsiShopRedesign.sprint3.CheckProductFeatures.checkPASProduct()'><b>checkPASProduct</b><br>Test class: com.tcs.BsiShopRedesign.sprint3.CheckProductFeatures</td>
<td></td>
<td>12</td>
<td>com.tcs.BsiShopRedesign.sprint3.CheckProductFeatures@43195e57</td></tr>
<tr>
<td title='com.tcs.BsiShopRedesign.sprint3.CheckProductFeatures.checkPaidEvent()'><b>checkPaidEvent</b><br>Test class: com.tcs.BsiShopRedesign.sprint3.CheckProductFeatures</td>
<td></td>
<td>16</td>
<td>com.tcs.BsiShopRedesign.sprint3.CheckProductFeatures@43195e57</td></tr>
<tr>
<td title='com.tcs.BsiShopRedesign.sprint3.CheckWithdrawnStatus.checkProductStatus()'><b>checkProductStatus</b><br>Test class: com.tcs.BsiShopRedesign.sprint3.CheckWithdrawnStatus</td>
<td></td>
<td>27</td>
<td>com.tcs.BsiShopRedesign.sprint3.CheckWithdrawnStatus@6973b51b</td></tr>
<tr>
<td title='com.tcs.BsiShopRedesign.sprint2.CheckWarningMsgAddtoBasket.checkWarningMsgPDF()'><b>checkWarningMsgPDF</b><br>Test class: com.tcs.BsiShopRedesign.sprint2.CheckWarningMsgAddtoBasket</td>
<td></td>
<td>25</td>
<td>com.tcs.BsiShopRedesign.sprint2.CheckWarningMsgAddtoBasket@192d43ce</td></tr>
<tr>
<td title='com.tcs.BsiShopRedesign.sprint4_5.RegistrationsWithDiffProfile.createRegUserUKProfile()'><b>createRegUserUKProfile</b><br>Test class: com.tcs.BsiShopRedesign.sprint4_5.RegistrationsWithDiffProfile</td>
<td></td>
<td>13</td>
<td>com.tcs.BsiShopRedesign.sprint4_5.RegistrationsWithDiffProfile@498d318c</td></tr>
<tr>
<td title='com.tcs.BsiShopRedesign.sprint1.MyProfile.deleteBillingAddress()'><b>deleteBillingAddress</b><br>Test class: com.tcs.BsiShopRedesign.sprint1.MyProfile</td>
<td></td>
<td>8</td>
<td>com.tcs.BsiShopRedesign.sprint1.MyProfile@619713e5</td></tr>
<tr>
<td title='com.tcs.BsiShopRedesign.sprint1.MyProfile.deleteDeliveryAddress()'><b>deleteDeliveryAddress</b><br>Test class: com.tcs.BsiShopRedesign.sprint1.MyProfile</td>
<td></td>
<td>8</td>
<td>com.tcs.BsiShopRedesign.sprint1.MyProfile@619713e5</td></tr>
<tr>
<td title='com.tcs.BsiShopRedesign.sprint1.MyProfileAddTenAddresses.deleteTenBillingAddress()'><b>deleteTenBillingAddress</b><br>Test class: com.tcs.BsiShopRedesign.sprint1.MyProfileAddTenAddresses</td>
<td></td>
<td>72</td>
<td>com.tcs.BsiShopRedesign.sprint1.MyProfileAddTenAddresses@1dde4cb2</td></tr>
<tr>
<td title='com.tcs.BsiShopRedesign.sprint1.MyProfileAddTenAddresses.deleteTenDeliveryAddress()'><b>deleteTenDeliveryAddress</b><br>Test class: com.tcs.BsiShopRedesign.sprint1.MyProfileAddTenAddresses</td>
<td></td>
<td>80</td>
<td>com.tcs.BsiShopRedesign.sprint1.MyProfileAddTenAddresses@1dde4cb2</td></tr>
<tr>
<td title='com.tcs.BsiShopRedesign.sprint2.DownloadMarketingMaterial.downloadPASMM()'><b>downloadPASMM</b><br>Test class: com.tcs.BsiShopRedesign.sprint2.DownloadMarketingMaterial</td>
<td></td>
<td>43</td>
<td>com.tcs.BsiShopRedesign.sprint2.DownloadMarketingMaterial@55b7a4e0</td></tr>
<tr>
<td title='com.tcs.BsiShopRedesign.sprint1.MyProfile.editBillingAddress()'><b>editBillingAddress</b><br>Test class: com.tcs.BsiShopRedesign.sprint1.MyProfile</td>
<td></td>
<td>19</td>
<td>com.tcs.BsiShopRedesign.sprint1.MyProfile@619713e5</td></tr>
<tr>
<td title='com.tcs.BsiShopRedesign.sprint1.MyProfile.editDeliveryAddress()'><b>editDeliveryAddress</b><br>Test class: com.tcs.BsiShopRedesign.sprint1.MyProfile</td>
<td></td>
<td>16</td>
<td>com.tcs.BsiShopRedesign.sprint1.MyProfile@619713e5</td></tr>
<tr>
<td title='com.tcs.BsiShopRedesign.sprint8.VerifyMemberDetails.enterEmailID()'><b>enterEmailID</b><br>Test class: com.tcs.BsiShopRedesign.sprint8.VerifyMemberDetails</td>
<td></td>
<td>371</td>
<td>com.tcs.BsiShopRedesign.sprint8.VerifyMemberDetails@384ad17b</td></tr>
<tr>
<td title='com.tcs.BsiShopRedesign.sprint1.MyProfile.makeDefaultBillingAddress()'><b>makeDefaultBillingAddress</b><br>Test class: com.tcs.BsiShopRedesign.sprint1.MyProfile</td>
<td></td>
<td>3</td>
<td>com.tcs.BsiShopRedesign.sprint1.MyProfile@619713e5</td></tr>
<tr>
<td title='com.tcs.BsiShopRedesign.sprint1.MyProfile.makeDefaultDeliveryAddress()'><b>makeDefaultDeliveryAddress</b><br>Test class: com.tcs.BsiShopRedesign.sprint1.MyProfile</td>
<td></td>
<td>3</td>
<td>com.tcs.BsiShopRedesign.sprint1.MyProfile@619713e5</td></tr>
<tr>
<td title='com.tcs.BsiShopRedesign.sprint1.SCRProductsUpdateBasket.productUpdateBasket()'><b>productUpdateBasket</b><br>Test class: com.tcs.BsiShopRedesign.sprint1.SCRProductsUpdateBasket<br>Parameters: {Runmode=Y, Product_name=BS 6070-1:1981, Browser=Chrome}</td>
<td></td>
<td>118</td>
<td>com.tcs.BsiShopRedesign.sprint1.SCRProductsUpdateBasket@3835c46</td></tr>
<tr>
<td title='com.tcs.BsiShopRedesign.sprint1.SCRProductsUpdateBasket.productUpdateBasket()'><b>productUpdateBasket</b><br>Test class: com.tcs.BsiShopRedesign.sprint1.SCRProductsUpdateBasket<br>Parameters: {Runmode=Y, Product_name=PAS 278:2015, Browser=Chrome}</td>
<td></td>
<td>112</td>
<td>com.tcs.BsiShopRedesign.sprint1.SCRProductsUpdateBasket@3835c46</td></tr>
<tr>
<td title='com.tcs.BsiShopRedesign.sprint1.SCRProductsUpdateBasket.productUpdateBasket()'><b>productUpdateBasket</b><br>Test class: com.tcs.BsiShopRedesign.sprint1.SCRProductsUpdateBasket<br>Parameters: {Runmode=Y, Product_name=BIP 2197, Browser=Chrome}</td>
<td></td>
<td>114</td>
<td>com.tcs.BsiShopRedesign.sprint1.SCRProductsUpdateBasket@3835c46</td></tr>
<tr>
<td title='com.tcs.BsiShopRedesign.sprint2.RegisterMUNLCode.registerMUNL()'><b>registerMUNL</b><br>Test class: com.tcs.BsiShopRedesign.sprint2.RegisterMUNLCode</td>
<td></td>
<td>107</td>
<td>com.tcs.BsiShopRedesign.sprint2.RegisterMUNLCode@5f058f00</td></tr>
<tr>
<td title='com.tcs.BsiShopRedesign.sprint1.MyProfile.resetPassword()'><b>resetPassword</b><br>Test class: com.tcs.BsiShopRedesign.sprint1.MyProfile</td>
<td></td>
<td>25</td>
<td>com.tcs.BsiShopRedesign.sprint1.MyProfile@619713e5</td></tr>
<tr>
<td title='com.tcs.BsiShopRedesign.sprint3.CheckSearchCount.searchPASCount()'><b>searchPASCount</b><br>Test class: com.tcs.BsiShopRedesign.sprint3.CheckSearchCount</td>
<td></td>
<td>150</td>
<td>com.tcs.BsiShopRedesign.sprint3.CheckSearchCount@1afd44cb</td></tr>
<tr>
<td title='com.tcs.BsiShopRedesign.sprint1.MyProfile.signIn()'><b>signIn</b><br>Test class: com.tcs.BsiShopRedesign.sprint1.MyProfile</td>
<td></td>
<td>17</td>
<td>com.tcs.BsiShopRedesign.sprint1.MyProfile@619713e5</td></tr>
<tr>
<td title='com.tcs.BsiShopRedesign.sprint1.MyProfileAddTenAddresses.signIn()'><b>signIn</b><br>Test class: com.tcs.BsiShopRedesign.sprint1.MyProfileAddTenAddresses</td>
<td></td>
<td>8</td>
<td>com.tcs.BsiShopRedesign.sprint1.MyProfileAddTenAddresses@1dde4cb2</td></tr>
<tr>
<td title='com.tcs.BsiShopRedesign.sprint2.BookEvent.signIn()'><b>signIn</b><br>Test class: com.tcs.BsiShopRedesign.sprint2.BookEvent</td>
<td></td>
<td>16</td>
<td>com.tcs.BsiShopRedesign.sprint2.BookEvent@7714e963</td></tr>
<tr>
<td title='com.tcs.BsiShopRedesign.sprint2.MultipleEventUpdateBasket.signIn()'><b>signIn</b><br>Test class: com.tcs.BsiShopRedesign.sprint2.MultipleEventUpdateBasket</td>
<td></td>
<td>9</td>
<td>com.tcs.BsiShopRedesign.sprint2.MultipleEventUpdateBasket@20ce78ec</td></tr>
<tr>
<td title='com.tcs.BsiShopRedesign.sprint2.StandardProductAndEventRemoveBasket.signIn()'><b>signIn</b><br>Test class: com.tcs.BsiShopRedesign.sprint2.StandardProductAndEventRemoveBasket</td>
<td></td>
<td>18</td>
<td>com.tcs.BsiShopRedesign.sprint2.StandardProductAndEventRemoveBasket@393671df</td></tr>
<tr>
<td title='com.tcs.BsiShopRedesign.sprint2.EssentialsProductAndEventRemoveBasket.signIn()'><b>signIn</b><br>Test class: com.tcs.BsiShopRedesign.sprint2.EssentialsProductAndEventRemoveBasket</td>
<td></td>
<td>18</td>
<td>com.tcs.BsiShopRedesign.sprint2.EssentialsProductAndEventRemoveBasket@56620197</td></tr>
<tr>
<td title='com.tcs.BsiShopRedesign.sprint2.DownloadMarketingMaterial.signIn()'><b>signIn</b><br>Test class: com.tcs.BsiShopRedesign.sprint2.DownloadMarketingMaterial</td>
<td></td>
<td>17</td>
<td>com.tcs.BsiShopRedesign.sprint2.DownloadMarketingMaterial@55b7a4e0</td></tr>
<tr>
<td title='com.tcs.BsiShopRedesign.sprint7.EditCheckoutBillingAddress.signIn()'><b>signIn</b><br>Test class: com.tcs.BsiShopRedesign.sprint7.EditCheckoutBillingAddress</td>
<td></td>
<td>16</td>
<td>com.tcs.BsiShopRedesign.sprint7.EditCheckoutBillingAddress@f5ac9e4</td></tr>
<tr>
<td title='com.tcs.BsiShopRedesign.sprint7.CreateCheckoutBillingAddress.signIn()'><b>signIn</b><br>Test class: com.tcs.BsiShopRedesign.sprint7.CreateCheckoutBillingAddress</td>
<td></td>
<td>16</td>
<td>com.tcs.BsiShopRedesign.sprint7.CreateCheckoutBillingAddress@123ef382</td></tr>
<tr>
<td title='com.tcs.BsiShopRedesign.sprint8.ApplyMemberAccount.signIn()'><b>signIn</b><br>Test class: com.tcs.BsiShopRedesign.sprint8.ApplyMemberAccount</td>
<td></td>
<td>17</td>
<td>com.tcs.BsiShopRedesign.sprint8.ApplyMemberAccount@dbf57b3</td></tr>
<tr>
<td title='com.tcs.BsiShopRedesign.sprint8.SoftCopyDownloads.signIn()'><b>signIn</b><br>Test class: com.tcs.BsiShopRedesign.sprint8.SoftCopyDownloads</td>
<td></td>
<td>16</td>
<td>com.tcs.BsiShopRedesign.sprint8.SoftCopyDownloads@441772e</td></tr>
<tr>
<td title='com.tcs.BsiShopRedesign.sprint8.VerifyHardCopyDetails.signIn()'><b>signIn</b><br>Test class: com.tcs.BsiShopRedesign.sprint8.VerifyHardCopyDetails</td>
<td></td>
<td>16</td>
<td>com.tcs.BsiShopRedesign.sprint8.VerifyHardCopyDetails@7334aada</td></tr>
<tr>
<td title='com.tcs.BsiShopRedesign.sprint8.EditOrderDetailsFromCheckout.signIn()'><b>signIn</b><br>Test class: com.tcs.BsiShopRedesign.sprint8.EditOrderDetailsFromCheckout</td>
<td></td>
<td>16</td>
<td>com.tcs.BsiShopRedesign.sprint8.EditOrderDetailsFromCheckout@1d9b7cce</td></tr>
<tr>
<td title='com.tcs.BsiShopRedesign.sprint8.ValidateCheckoutDetails.signIn()'><b>signIn</b><br>Test class: com.tcs.BsiShopRedesign.sprint8.ValidateCheckoutDetails</td>
<td></td>
<td>16</td>
<td>com.tcs.BsiShopRedesign.sprint8.ValidateCheckoutDetails@4d9e68d0</td></tr>
<tr>
<td title='com.tcs.BsiShopRedesign.sprint9.PromoCodeOrder.signIn()'><b>signIn</b><br>Test class: com.tcs.BsiShopRedesign.sprint9.PromoCodeOrder</td>
<td></td>
<td>16</td>
<td>com.tcs.BsiShopRedesign.sprint9.PromoCodeOrder@14dd9eb7</td></tr>
<tr>
<td title='com.tcs.BsiShopRedesign.sprint2.VerifyMemberTab.signInMember()'><b>signInMember</b><br>Test class: com.tcs.BsiShopRedesign.sprint2.VerifyMemberTab</td>
<td></td>
<td>8</td>
<td>com.tcs.BsiShopRedesign.sprint2.VerifyMemberTab@72057ecf</td></tr>
<tr>
<td title='com.tcs.BsiShopRedesign.sprint4_5.VerifyMemberProfile.signInMember()'><b>signInMember</b><br>Test class: com.tcs.BsiShopRedesign.sprint4_5.VerifyMemberProfile</td>
<td></td>
<td>8</td>
<td>com.tcs.BsiShopRedesign.sprint4_5.VerifyMemberProfile@6e171cd7</td></tr>
<tr>
<td title='com.tcs.BsiShopRedesign.sprint4_5.AddInvoiceToBasketFromMemTab.signInMember()'><b>signInMember</b><br>Test class: com.tcs.BsiShopRedesign.sprint4_5.AddInvoiceToBasketFromMemTab</td>
<td></td>
<td>8</td>
<td>com.tcs.BsiShopRedesign.sprint4_5.AddInvoiceToBasketFromMemTab@402bba4f</td></tr>
<tr>
<td title='com.tcs.BsiShopRedesign.sprint7.VerifyMemberDiscount.signInMember()'><b>signInMember</b><br>Test class: com.tcs.BsiShopRedesign.sprint7.VerifyMemberDiscount</td>
<td></td>
<td>8</td>
<td>com.tcs.BsiShopRedesign.sprint7.VerifyMemberDiscount@59fd97a8</td></tr>
<tr>
<td title='com.tcs.BsiShopRedesign.sprint8.VerifyMemberDetails.signInMember()'><b>signInMember</b><br>Test class: com.tcs.BsiShopRedesign.sprint8.VerifyMemberDetails</td>
<td></td>
<td>9</td>
<td>com.tcs.BsiShopRedesign.sprint8.VerifyMemberDetails@384ad17b</td></tr>
<tr>
<td title='com.tcs.BsiShopRedesign.sprint8.RenewMembership.signInMember()'><b>signInMember</b><br>Test class: com.tcs.BsiShopRedesign.sprint8.RenewMembership</td>
<td></td>
<td>8</td>
<td>com.tcs.BsiShopRedesign.sprint8.RenewMembership@61862a7f</td></tr>
<tr>
<td title='com.tcs.BsiShopRedesign.sprint4_5.RegistrationsWithDiffProfile.verifyContactInformation()'><b>verifyContactInformation</b><br>Test class: com.tcs.BsiShopRedesign.sprint4_5.RegistrationsWithDiffProfile</td>
<td></td>
<td>7</td>
<td>com.tcs.BsiShopRedesign.sprint4_5.RegistrationsWithDiffProfile@498d318c</td></tr>
<tr>
<td title='com.tcs.BsiShopRedesign.sprint4_5.RegistrationsWithDiffProfile.verifyLoginForRegisteredUser()'><b>verifyLoginForRegisteredUser</b><br>Test class: com.tcs.BsiShopRedesign.sprint4_5.RegistrationsWithDiffProfile</td>
<td></td>
<td>13</td>
<td>com.tcs.BsiShopRedesign.sprint4_5.RegistrationsWithDiffProfile@498d318c</td></tr>
<tr>
<td title='com.tcs.BsiShopRedesign.sprint8.VerifyMemberDetails.verifyMemberLink()'><b>verifyMemberLink</b><br>Test class: com.tcs.BsiShopRedesign.sprint8.VerifyMemberDetails</td>
<td></td>
<td>45</td>
<td>com.tcs.BsiShopRedesign.sprint8.VerifyMemberDetails@384ad17b</td></tr>
<tr>
<td title='com.tcs.BsiShopRedesign.sprint8.VerifyPDFPreviewing.verifyMemberLink()'><b>verifyMemberLink</b><br>Test class: com.tcs.BsiShopRedesign.sprint8.VerifyPDFPreviewing</td>
<td></td>
<td>50</td>
<td>com.tcs.BsiShopRedesign.sprint8.VerifyPDFPreviewing@42e99e4a</td></tr>
<tr>
<td title='com.tcs.BsiShopRedesign.sprint7.VerifyMemberDiscount.verifyMemberPrice()'><b>verifyMemberPrice</b><br>Test class: com.tcs.BsiShopRedesign.sprint7.VerifyMemberDiscount</td>
<td></td>
<td>93</td>
<td>com.tcs.BsiShopRedesign.sprint7.VerifyMemberDiscount@59fd97a8</td></tr>
<tr>
<td title='com.tcs.BsiShopRedesign.sprint4_5.VerifyMemberProfile.verifyMemberTab()'><b>verifyMemberTab</b><br>Test class: com.tcs.BsiShopRedesign.sprint4_5.VerifyMemberProfile</td>
<td></td>
<td>4</td>
<td>com.tcs.BsiShopRedesign.sprint4_5.VerifyMemberProfile@6e171cd7</td></tr>
<tr>
<td title='com.tcs.BsiShopRedesign.sprint2.VerifyMemberTab.verifyStatus()'><b>verifyStatus</b><br>Test class: com.tcs.BsiShopRedesign.sprint2.VerifyMemberTab</td>
<td></td>
<td>4</td>
<td>com.tcs.BsiShopRedesign.sprint2.VerifyMemberTab@72057ecf</td></tr>
<tr>
<td title='com.tcs.BsiShopRedesign.sprint4_5.RegistrationsWithDiffProfile.verifyTooltip()'><b>verifyTooltip</b><br>Test class: com.tcs.BsiShopRedesign.sprint4_5.RegistrationsWithDiffProfile</td>
<td></td>
<td>16</td>
<td>com.tcs.BsiShopRedesign.sprint4_5.RegistrationsWithDiffProfile@498d318c</td></tr>
</table><p>
</body>
</html>