<?xml version="1.0" encoding="UTF-8"?>
<!-- Generated by org.testng.reporters.JUnitXMLReporter -->
<testsuite hostname="ShopRedesign04" name="Internet Explorer Browser" tests="81" failures="42" timestamp="16 Aug 2018 16:59:27 GMT" time="13014.115" errors="0">
  <testcase name="signIn" time="350.213" classname="com.tcs.BsiShopRedesign.sprint1.MyProfile">
    <failure type="java.lang.AssertionError" message="Login UnSuccessful">
      <![CDATA[java.lang.AssertionError: Login UnSuccessful
	at com.tcs.BsiShopRedesign.utilities.CommonHelper.reportFailure(CommonHelper.java:67)
	at com.tcs.BsiShopRedesign.pages.SignInPage.login(SignInPage.java:66)
	at com.tcs.BsiShopRedesign.sprint1.MyProfile.signIn(MyProfile.java:27)
... Removed 25 stack frames]]>
    </failure>
  </testcase> <!-- signIn -->
  <testcase name="addNewBillingAddress" time="33.112" classname="com.tcs.BsiShopRedesign.sprint1.MyProfile">
    <failure type="java.lang.AssertionError" message="Expected condition failed: waiting for visibility of element located by By.linkText: &amp;gt; Add New Billing Address (tried for 15 second(s) with 500 MILLISECONDS interval)">
      <![CDATA[java.lang.AssertionError: Expected condition failed: waiting for visibility of element located by By.linkText: > Add New Billing Address (tried for 15 second(s) with 500 MILLISECONDS interval)
	at com.tcs.BsiShopRedesign.pages.BillingAddressPage.addNewBillingAddress(BillingAddressPage.java:121)
	at com.tcs.BsiShopRedesign.sprint1.MyProfile.addNewBillingAddress(MyProfile.java:46)
... Removed 25 stack frames]]>
    </failure>
  </testcase> <!-- addNewBillingAddress -->
  <testcase name="makeDefaultBillingAddress" time="63.192" classname="com.tcs.BsiShopRedesign.sprint1.MyProfile">
    <failure type="java.lang.AssertionError" message="Expected condition failed: waiting for visibility of element located by By.linkText: &amp;gt; Add New Billing Address (tried for 15 second(s) with 500 MILLISECONDS interval)">
      <![CDATA[java.lang.AssertionError: Expected condition failed: waiting for visibility of element located by By.linkText: > Add New Billing Address (tried for 15 second(s) with 500 MILLISECONDS interval)
	at com.tcs.BsiShopRedesign.pages.BillingAddressPage.addNewBillingAddress(BillingAddressPage.java:121)
	at com.tcs.BsiShopRedesign.pages.BillingAddressPage.makeDefaultBillingAddress(BillingAddressPage.java:402)
	at com.tcs.BsiShopRedesign.sprint1.MyProfile.makeDefaultBillingAddress(MyProfile.java:66)
... Removed 25 stack frames]]>
    </failure>
  </testcase> <!-- makeDefaultBillingAddress -->
  <testcase name="editBillingAddress" time="60.353" classname="com.tcs.BsiShopRedesign.sprint1.MyProfile"/>
  <testcase name="deleteBillingAddress" time="66.202" classname="com.tcs.BsiShopRedesign.sprint1.MyProfile">
    <failure type="java.lang.AssertionError" message="Expected condition failed: waiting for visibility of element located by By.linkText: &amp;gt; Add New Billing Address (tried for 15 second(s) with 500 MILLISECONDS interval)">
      <![CDATA[java.lang.AssertionError: Expected condition failed: waiting for visibility of element located by By.linkText: > Add New Billing Address (tried for 15 second(s) with 500 MILLISECONDS interval)
	at com.tcs.BsiShopRedesign.pages.BillingAddressPage.addNewBillingAddress(BillingAddressPage.java:121)
	at com.tcs.BsiShopRedesign.pages.BillingAddressPage.deleteBillingAddress(BillingAddressPage.java:356)
	at com.tcs.BsiShopRedesign.sprint1.MyProfile.deleteBillingAddress(MyProfile.java:105)
... Removed 25 stack frames]]>
    </failure>
  </testcase> <!-- deleteBillingAddress -->
  <testcase name="addDeliveryAddress" time="30.906" classname="com.tcs.BsiShopRedesign.sprint1.MyProfile">
    <failure type="java.lang.AssertionError" message="Add New Delivery address was unsuccessful">
      <![CDATA[java.lang.AssertionError: Add New Delivery address was unsuccessful
	at com.tcs.BsiShopRedesign.utilities.CommonHelper.reportFailure(CommonHelper.java:67)
	at com.tcs.BsiShopRedesign.pages.DeliveryAddressPage.addNewDeliveryAddress(DeliveryAddressPage.java:118)
	at com.tcs.BsiShopRedesign.sprint1.MyProfile.addDeliveryAddress(MyProfile.java:125)
... Removed 25 stack frames]]>
    </failure>
  </testcase> <!-- addDeliveryAddress -->
  <testcase name="makeDefaultDeliveryAddress" time="60.921" classname="com.tcs.BsiShopRedesign.sprint1.MyProfile">
    <failure type="java.lang.AssertionError" message="Add New Delivery address was unsuccessful">
      <![CDATA[java.lang.AssertionError: Add New Delivery address was unsuccessful
	at com.tcs.BsiShopRedesign.utilities.CommonHelper.reportFailure(CommonHelper.java:67)
	at com.tcs.BsiShopRedesign.pages.DeliveryAddressPage.addNewDeliveryAddress(DeliveryAddressPage.java:118)
	at com.tcs.BsiShopRedesign.pages.DeliveryAddressPage.makeDefaultDeliveryAddress(DeliveryAddressPage.java:143)
	at com.tcs.BsiShopRedesign.sprint1.MyProfile.makeDefaultDeliveryAddress(MyProfile.java:143)
... Removed 25 stack frames]]>
    </failure>
  </testcase> <!-- makeDefaultDeliveryAddress -->
  <testcase name="editDeliveryAddress" time="60.375" classname="com.tcs.BsiShopRedesign.sprint1.MyProfile"/>
  <testcase name="deleteDeliveryAddress" time="64.027" classname="com.tcs.BsiShopRedesign.sprint1.MyProfile">
    <failure type="java.lang.AssertionError" message="Add New Delivery address was unsuccessful">
      <![CDATA[java.lang.AssertionError: Add New Delivery address was unsuccessful
	at com.tcs.BsiShopRedesign.utilities.CommonHelper.reportFailure(CommonHelper.java:67)
	at com.tcs.BsiShopRedesign.pages.DeliveryAddressPage.addNewDeliveryAddress(DeliveryAddressPage.java:118)
	at com.tcs.BsiShopRedesign.pages.DeliveryAddressPage.deleteDeliveryAddress(DeliveryAddressPage.java:390)
	at com.tcs.BsiShopRedesign.sprint1.MyProfile.deleteDeliveryAddress(MyProfile.java:179)
... Removed 25 stack frames]]>
    </failure>
  </testcase> <!-- deleteDeliveryAddress -->
  <testcase name="resetPassword" time="32.641" classname="com.tcs.BsiShopRedesign.sprint1.MyProfile">
    <failure type="java.lang.AssertionError" message="Reset Password was UnSuccessful">
      <![CDATA[java.lang.AssertionError: Reset Password was UnSuccessful
	at com.tcs.BsiShopRedesign.utilities.CommonHelper.reportFailure(CommonHelper.java:67)
	at com.tcs.BsiShopRedesign.pages.SignInPage.resetPwd(SignInPage.java:125)
	at com.tcs.BsiShopRedesign.sprint1.MyProfile.resetPassword(MyProfile.java:197)
... Removed 25 stack frames]]>
    </failure>
  </testcase> <!-- resetPassword -->
  <testcase name="productUpdateBasket" time="334.631" classname="com.tcs.BsiShopRedesign.sprint1.SCRProductsUpdateBasket">
    <failure type="java.lang.AssertionError" message="Search and Update SCR Products was unsuccessful">
      <![CDATA[java.lang.AssertionError: Search and Update SCR Products was unsuccessful
	at com.tcs.BsiShopRedesign.utilities.CommonHelper.reportFailure(CommonHelper.java:67)
	at com.tcs.BsiShopRedesign.sprint1.SCRProductsUpdateBasket.productUpdateBasket(SCRProductsUpdateBasket.java:109)
... Removed 25 stack frames]]>
    </failure>
  </testcase> <!-- productUpdateBasket -->
  <testcase name="productUpdateBasket" time="363.535" classname="com.tcs.BsiShopRedesign.sprint1.SCRProductsUpdateBasket">
    <failure type="java.lang.AssertionError" message="Search and Update SCR Products was unsuccessful">
      <![CDATA[java.lang.AssertionError: Search and Update SCR Products was unsuccessful
	at com.tcs.BsiShopRedesign.utilities.CommonHelper.reportFailure(CommonHelper.java:67)
	at com.tcs.BsiShopRedesign.sprint1.SCRProductsUpdateBasket.productUpdateBasket(SCRProductsUpdateBasket.java:109)
... Removed 25 stack frames]]>
    </failure>
  </testcase> <!-- productUpdateBasket -->
  <testcase name="productUpdateBasket" time="334.517" classname="com.tcs.BsiShopRedesign.sprint1.SCRProductsUpdateBasket">
    <failure type="java.lang.AssertionError" message="Search and Update SCR Products was unsuccessful">
      <![CDATA[java.lang.AssertionError: Search and Update SCR Products was unsuccessful
	at com.tcs.BsiShopRedesign.utilities.CommonHelper.reportFailure(CommonHelper.java:67)
	at com.tcs.BsiShopRedesign.sprint1.SCRProductsUpdateBasket.productUpdateBasket(SCRProductsUpdateBasket.java:109)
... Removed 25 stack frames]]>
    </failure>
  </testcase> <!-- productUpdateBasket -->
  <testcase name="signIn" time="13.494" classname="com.tcs.BsiShopRedesign.sprint1.MyProfileAddTenAddresses"/>
  <testcase name="addTenBillingAddress" time="130.09" classname="com.tcs.BsiShopRedesign.sprint1.MyProfileAddTenAddresses">
    <failure type="java.lang.AssertionError" message="Unable to find element with css selector == #register\-unique\-name
For documentation on this error, please visit: http://seleniumhq.org/exceptions/no_such_element.html
Build info: version: &amp;apos;3.8.0&amp;apos;, revision: &amp;apos;924c4067df&amp;apos;, time: &amp;apos;2017-11-30T11:20:39.408Z&amp;apos;
System info: host: &amp;apos;ShopRedesign04&amp;apos;, ip: &amp;apos;10.0.9.7&amp;apos;, os.name: &amp;apos;Windows Server 2012 R2&amp;apos;, os.arch: &amp;apos;amd64&amp;apos;, os.version: &amp;apos;6.3&amp;apos;, java.version: &amp;apos;1.8.0_171&amp;apos;
Driver info: org.openqa.selenium.ie.InternetExplorerDriver
Capabilities {acceptInsecureCerts: false, browserName: internet explorer, browserVersion: 11, javascriptEnabled: true, pageLoadStrategy: normal, platform: WINDOWS, platformName: WINDOWS, proxy: Proxy(), se:ieOptions: {browserAttachTimeout: 0, elementScrollBehavior: 0, enablePersistentHover: false, ie.browserCommandLineSwitches: , ie.ensureCleanSession: true, ie.fileUploadDialogTimeout: 3000, ie.forceCreateProcessApi: false, ignoreProtectedModeSettings: true, ignoreZoomSetting: true, initialBrowserUrl: http://localhost:32618/, nativeEvents: true, requireWindowFocus: false}, setWindowRect: true, timeouts: {implicit: 0, pageLoad: 300000, script: 30000}}
Session ID: 23ad6cb0-bc40-4a96-8550-7ba6b2dbcdac
*** Element info: {Using=id, value=register-unique-name}">
      <![CDATA[java.lang.AssertionError: Unable to find element with css selector == #register\-unique\-name
For documentation on this error, please visit: http://seleniumhq.org/exceptions/no_such_element.html
Build info: version: '3.8.0', revision: '924c4067df', time: '2017-11-30T11:20:39.408Z'
System info: host: 'ShopRedesign04', ip: '10.0.9.7', os.name: 'Windows Server 2012 R2', os.arch: 'amd64', os.version: '6.3', java.version: '1.8.0_171'
Driver info: org.openqa.selenium.ie.InternetExplorerDriver
Capabilities {acceptInsecureCerts: false, browserName: internet explorer, browserVersion: 11, javascriptEnabled: true, pageLoadStrategy: normal, platform: WINDOWS, platformName: WINDOWS, proxy: Proxy(), se:ieOptions: {browserAttachTimeout: 0, elementScrollBehavior: 0, enablePersistentHover: false, ie.browserCommandLineSwitches: , ie.ensureCleanSession: true, ie.fileUploadDialogTimeout: 3000, ie.forceCreateProcessApi: false, ignoreProtectedModeSettings: true, ignoreZoomSetting: true, initialBrowserUrl: http://localhost:32618/, nativeEvents: true, requireWindowFocus: false}, setWindowRect: true, timeouts: {implicit: 0, pageLoad: 300000, script: 30000}}
Session ID: 23ad6cb0-bc40-4a96-8550-7ba6b2dbcdac
*** Element info: {Using=id, value=register-unique-name}
	at com.tcs.BsiShopRedesign.pages.BillingAddressPage.addNewBillingAddress(BillingAddressPage.java:121)
	at com.tcs.BsiShopRedesign.pages.BillingAddressPage.addTenNewBillingAddress(BillingAddressPage.java:437)
	at com.tcs.BsiShopRedesign.sprint1.MyProfileAddTenAddresses.addTenBillingAddress(MyProfileAddTenAddresses.java:46)
... Removed 25 stack frames]]>
    </failure>
  </testcase> <!-- addTenBillingAddress -->
  <testcase name="deleteTenBillingAddress" time="33.051" classname="com.tcs.BsiShopRedesign.sprint1.MyProfileAddTenAddresses"/>
  <testcase name="addTenDeliveryAddress" time="33.3" classname="com.tcs.BsiShopRedesign.sprint1.MyProfileAddTenAddresses">
    <failure type="java.lang.AssertionError" message="Add New Delivery address was unsuccessful">
      <![CDATA[java.lang.AssertionError: Add New Delivery address was unsuccessful
	at com.tcs.BsiShopRedesign.utilities.CommonHelper.reportFailure(CommonHelper.java:67)
	at com.tcs.BsiShopRedesign.pages.DeliveryAddressPage.addNewDeliveryAddress(DeliveryAddressPage.java:118)
	at com.tcs.BsiShopRedesign.pages.DeliveryAddressPage.addTenNewDeliveryAddress(DeliveryAddressPage.java:424)
	at com.tcs.BsiShopRedesign.sprint1.MyProfileAddTenAddresses.addTenDeliveryAddress(MyProfileAddTenAddresses.java:85)
... Removed 25 stack frames]]>
    </failure>
  </testcase> <!-- addTenDeliveryAddress -->
  <testcase name="deleteTenDeliveryAddress" time="33.233" classname="com.tcs.BsiShopRedesign.sprint1.MyProfileAddTenAddresses"/>
  <testcase name="signIn" time="111.669" classname="com.tcs.BsiShopRedesign.sprint2.BookEvent">
    <failure type="java.lang.AssertionError" message="Login UnSuccessful">
      <![CDATA[java.lang.AssertionError: Login UnSuccessful
	at com.tcs.BsiShopRedesign.utilities.CommonHelper.reportFailure(CommonHelper.java:67)
	at com.tcs.BsiShopRedesign.pages.SignInPage.login(SignInPage.java:66)
	at com.tcs.BsiShopRedesign.sprint2.BookEvent.signIn(BookEvent.java:29)
... Removed 25 stack frames]]>
    </failure>
  </testcase> <!-- signIn -->
  <testcase name="BookPaidEvent" time="1067.505" classname="com.tcs.BsiShopRedesign.sprint2.BookEvent">
    <failure type="java.lang.AssertionError" message="Adding Delegate details was unsuccessful">
      <![CDATA[java.lang.AssertionError: Adding Delegate details was unsuccessful
	at com.tcs.BsiShopRedesign.utilities.CommonHelper.reportFailure(CommonHelper.java:67)
	at com.tcs.BsiShopRedesign.pages.EventPage.addDelegateDetails(EventPage.java:214)
	at com.tcs.BsiShopRedesign.sprint2.BookEvent.BookPaidEvent(BookEvent.java:63)
... Removed 25 stack frames]]>
    </failure>
  </testcase> <!-- BookPaidEvent -->
  <testcase name="BookFreeEvent" time="429.785" classname="com.tcs.BsiShopRedesign.sprint2.BookEvent">
    <failure type="java.lang.AssertionError" message="Click Book Now was unsuccessful">
      <![CDATA[java.lang.AssertionError: Click Book Now was unsuccessful
	at com.tcs.BsiShopRedesign.utilities.CommonHelper.reportFailure(CommonHelper.java:67)
	at com.tcs.BsiShopRedesign.pages.EventPage.bookFreeEvent(EventPage.java:442)
	at com.tcs.BsiShopRedesign.sprint2.BookEvent.BookFreeEvent(BookEvent.java:106)
... Removed 25 stack frames]]>
    </failure>
  </testcase> <!-- BookFreeEvent -->
  <testcase name="signIn" time="341.902" classname="com.tcs.BsiShopRedesign.sprint2.MultipleEventUpdateBasket"/>
  <testcase name="addAndUpdateMultipleEvents" time="1190.302" classname="com.tcs.BsiShopRedesign.sprint2.MultipleEventUpdateBasket">
    <failure type="java.lang.AssertionError" message="Adding Delegate details was unsuccessful">
      <![CDATA[java.lang.AssertionError: Adding Delegate details was unsuccessful
	at com.tcs.BsiShopRedesign.utilities.CommonHelper.reportFailure(CommonHelper.java:67)
	at com.tcs.BsiShopRedesign.pages.EventPage.addDelegateDetails(EventPage.java:214)
	at com.tcs.BsiShopRedesign.sprint2.MultipleEventUpdateBasket.addAndUpdateMultipleEvents(MultipleEventUpdateBasket.java:60)
... Removed 25 stack frames]]>
    </failure>
  </testcase> <!-- addAndUpdateMultipleEvents -->
  <testcase name="signIn" time="100.97" classname="com.tcs.BsiShopRedesign.sprint2.StandardProductAndEventRemoveBasket">
    <failure type="java.lang.AssertionError" message="Login UnSuccessful">
      <![CDATA[java.lang.AssertionError: Login UnSuccessful
	at com.tcs.BsiShopRedesign.utilities.CommonHelper.reportFailure(CommonHelper.java:67)
	at com.tcs.BsiShopRedesign.pages.SignInPage.login(SignInPage.java:70)
	at com.tcs.BsiShopRedesign.sprint2.StandardProductAndEventRemoveBasket.signIn(StandardProductAndEventRemoveBasket.java:33)
... Removed 25 stack frames]]>
    </failure>
  </testcase> <!-- signIn -->
  <testcase name="BookPaidEventAndStandardProduct" time="1067.177" classname="com.tcs.BsiShopRedesign.sprint2.StandardProductAndEventRemoveBasket">
    <failure type="java.lang.AssertionError" message="Adding Delegate details was unsuccessful">
      <![CDATA[java.lang.AssertionError: Adding Delegate details was unsuccessful
	at com.tcs.BsiShopRedesign.utilities.CommonHelper.reportFailure(CommonHelper.java:67)
	at com.tcs.BsiShopRedesign.pages.EventPage.addDelegateDetails(EventPage.java:214)
	at com.tcs.BsiShopRedesign.sprint2.StandardProductAndEventRemoveBasket.BookPaidEventAndStandardProduct(StandardProductAndEventRemoveBasket.java:71)
... Removed 25 stack frames]]>
    </failure>
  </testcase> <!-- BookPaidEventAndStandardProduct -->
  <testcase name="signIn" time="99.4" classname="com.tcs.BsiShopRedesign.sprint2.EssentialsProductAndEventRemoveBasket">
    <failure type="java.lang.AssertionError" message="Login UnSuccessful">
      <![CDATA[java.lang.AssertionError: Login UnSuccessful
	at com.tcs.BsiShopRedesign.utilities.CommonHelper.reportFailure(CommonHelper.java:67)
	at com.tcs.BsiShopRedesign.pages.SignInPage.login(SignInPage.java:70)
	at com.tcs.BsiShopRedesign.sprint2.EssentialsProductAndEventRemoveBasket.signIn(EssentialsProductAndEventRemoveBasket.java:32)
... Removed 25 stack frames]]>
    </failure>
  </testcase> <!-- signIn -->
  <testcase name="BookPaidEventAndStandardProduct" time="1062.85" classname="com.tcs.BsiShopRedesign.sprint2.EssentialsProductAndEventRemoveBasket">
    <failure type="java.lang.AssertionError" message="Adding Delegate details was unsuccessful">
      <![CDATA[java.lang.AssertionError: Adding Delegate details was unsuccessful
	at com.tcs.BsiShopRedesign.utilities.CommonHelper.reportFailure(CommonHelper.java:67)
	at com.tcs.BsiShopRedesign.pages.EventPage.addDelegateDetails(EventPage.java:214)
	at com.tcs.BsiShopRedesign.sprint2.EssentialsProductAndEventRemoveBasket.BookPaidEventAndStandardProduct(EssentialsProductAndEventRemoveBasket.java:67)
... Removed 25 stack frames]]>
    </failure>
  </testcase> <!-- BookPaidEventAndStandardProduct -->
  <testcase name="regBSOLQuote" time="154.39" classname="com.tcs.BsiShopRedesign.sprint2.RegisterSubscriptions">
    <failure type="java.lang.AssertionError" message="Enter BSOL Pardot form details was unsuccessful">
      <![CDATA[java.lang.AssertionError: Enter BSOL Pardot form details was unsuccessful
	at com.tcs.BsiShopRedesign.utilities.CommonHelper.reportFailure(CommonHelper.java:67)
	at com.tcs.BsiShopRedesign.pages.SubscriptionsPage.enterBSOLPardotDetails(SubscriptionsPage.java:90)
	at com.tcs.BsiShopRedesign.sprint2.RegisterSubscriptions.regBSOLQuote(RegisterSubscriptions.java:39)
... Removed 25 stack frames]]>
    </failure>
  </testcase> <!-- regBSOLQuote -->
  <testcase name="regCNQuote" time="101.856" classname="com.tcs.BsiShopRedesign.sprint2.RegisterSubscriptions">
    <failure type="java.lang.AssertionError" message="Enter Pardot Form details was unsuccessful">
      <![CDATA[java.lang.AssertionError: Enter Pardot Form details was unsuccessful
	at com.tcs.BsiShopRedesign.utilities.CommonHelper.reportFailure(CommonHelper.java:67)
	at com.tcs.BsiShopRedesign.pages.SubscriptionsPage.enterCNPardotDetails(SubscriptionsPage.java:295)
	at com.tcs.BsiShopRedesign.sprint2.RegisterSubscriptions.regCNQuote(RegisterSubscriptions.java:74)
... Removed 25 stack frames]]>
    </failure>
  </testcase> <!-- regCNQuote -->
  <testcase name="regEurocodes" time="86.077" classname="com.tcs.BsiShopRedesign.sprint2.RegisterSubscriptions">
    <failure type="java.lang.AssertionError" message="Enter Eurocode Pardot Form details was unsuccessful">
      <![CDATA[java.lang.AssertionError: Enter Eurocode Pardot Form details was unsuccessful
	at com.tcs.BsiShopRedesign.utilities.CommonHelper.reportFailure(CommonHelper.java:67)
	at com.tcs.BsiShopRedesign.pages.SubscriptionsPage.enterEurocodePardotDetails(SubscriptionsPage.java:428)
	at com.tcs.BsiShopRedesign.sprint2.RegisterSubscriptions.regEurocodes(RegisterSubscriptions.java:109)
... Removed 25 stack frames]]>
    </failure>
  </testcase> <!-- regEurocodes -->
  <testcase name="signIn" time="22.719" classname="com.tcs.BsiShopRedesign.sprint2.DownloadMarketingMaterial"/>
  <testcase name="downloadPASMM" time="375.269" classname="com.tcs.BsiShopRedesign.sprint2.DownloadMarketingMaterial"/>
  <testcase name="registerMUNL" time="209.669" classname="com.tcs.BsiShopRedesign.sprint2.RegisterMUNLCode"/>
  <testcase name="checkWarningMsgPDF" time="126.801" classname="com.tcs.BsiShopRedesign.sprint2.CheckWarningMsgAddtoBasket"/>
  <testcase name="signInMember" time="19.157" classname="com.tcs.BsiShopRedesign.sprint2.VerifyMemberTab"/>
  <testcase name="verifyStatus" time="8.845" classname="com.tcs.BsiShopRedesign.sprint2.VerifyMemberTab"/>
  <testcase name="searchPASCount" time="362.406" classname="com.tcs.BsiShopRedesign.sprint3.CheckSearchCount">
    <failure type="java.lang.AssertionError" message="The search count was unsuccessful">
      <![CDATA[java.lang.AssertionError: The search count was unsuccessful
	at com.tcs.BsiShopRedesign.utilities.CommonHelper.reportFailure(CommonHelper.java:67)
	at com.tcs.BsiShopRedesign.pages.SearchPage.countPAS(SearchPage.java:100)
	at com.tcs.BsiShopRedesign.sprint3.CheckSearchCount.searchPASCount(CheckSearchCount.java:38)
... Removed 25 stack frames]]>
    </failure>
  </testcase> <!-- searchPASCount -->
  <testcase name="checkProductStatus" time="35.001" classname="com.tcs.BsiShopRedesign.sprint3.CheckWithdrawnStatus"/>
  <testcase name="checkEventStatus" time="137.36" classname="com.tcs.BsiShopRedesign.sprint3.CheckWithdrawnStatus"/>
  <testcase name="checkBookStatus" time="35.61" classname="com.tcs.BsiShopRedesign.sprint3.CheckWithdrawnStatus"/>
  <testcase name="checkSortingOrderQuality" time="579.478" classname="com.tcs.BsiShopRedesign.sprint3.SearchSortOrderByProductType"/>
  <testcase name="checkFreeEvent" time="38.666" classname="com.tcs.BsiShopRedesign.sprint3.CheckProductFeatures">
    <failure type="java.lang.AssertionError" message="Free Event Name match is unsuccessful">
      <![CDATA[java.lang.AssertionError: Free Event Name match is unsuccessful
	at com.tcs.BsiShopRedesign.utilities.CommonHelper.reportFailure(CommonHelper.java:67)
	at com.tcs.BsiShopRedesign.pages.SearchPage.checkFreeEventName(SearchPage.java:446)
	at com.tcs.BsiShopRedesign.sprint3.CheckProductFeatures.checkFreeEvent(CheckProductFeatures.java:32)
... Removed 25 stack frames]]>
    </failure>
  </testcase> <!-- checkFreeEvent -->
  <testcase name="checkPASProduct" time="13.359" classname="com.tcs.BsiShopRedesign.sprint3.CheckProductFeatures"/>
  <testcase name="checkPaidEvent" time="33.511" classname="com.tcs.BsiShopRedesign.sprint3.CheckProductFeatures">
    <failure type="java.lang.AssertionError" message="Paid Event Price match is unsuccessful">
      <![CDATA[java.lang.AssertionError: Paid Event Price match is unsuccessful
	at com.tcs.BsiShopRedesign.utilities.CommonHelper.reportFailure(CommonHelper.java:67)
	at com.tcs.BsiShopRedesign.pages.SearchPage.checkPaidEventPrice(SearchPage.java:713)
	at com.tcs.BsiShopRedesign.sprint3.CheckProductFeatures.checkPaidEvent(CheckProductFeatures.java:110)
... Removed 25 stack frames]]>
    </failure>
  </testcase> <!-- checkPaidEvent -->
  <testcase name="blankSearch" time="22.333" classname="com.tcs.BsiShopRedesign.sprint3.CheckBlankSearchResult"/>
  <testcase name="addToBasketSearchList" time="43.733" classname="com.tcs.BsiShopRedesign.sprint3.AddPDFToBasketTwiceFromSearchList">
    <failure type="java.lang.AssertionError" message="Click on Add to Basket was unsuccessful">
      <![CDATA[java.lang.AssertionError: Click on Add to Basket was unsuccessful
	at com.tcs.BsiShopRedesign.utilities.CommonHelper.reportFailure(CommonHelper.java:67)
	at com.tcs.BsiShopRedesign.pages.SearchPage.clickAddToBasket(SearchPage.java:802)
	at com.tcs.BsiShopRedesign.sprint3.AddPDFToBasketTwiceFromSearchList.addToBasketSearchList(AddPDFToBasketTwiceFromSearchList.java:35)
... Removed 25 stack frames]]>
    </failure>
  </testcase> <!-- addToBasketSearchList -->
  <testcase name="checkSortingOrderQuality" time="49.941" classname="com.tcs.BsiShopRedesign.sprint3.SearchSortOrderByPublishedDate">
    <failure type="java.lang.AssertionError" message="Sorting list of products with Published Date was unsuccessful">
      <![CDATA[java.lang.AssertionError: Sorting list of products with Published Date was unsuccessful
	at com.tcs.BsiShopRedesign.utilities.CommonHelper.reportFailure(CommonHelper.java:67)
	at com.tcs.BsiShopRedesign.pages.SearchPage.publishedDateSorting(SearchPage.java:247)
	at com.tcs.BsiShopRedesign.pages.SearchPage.checkSortingByPublishedDate(SearchPage.java:360)
	at com.tcs.BsiShopRedesign.sprint3.SearchSortOrderByPublishedDate.checkSortingOrderQuality(SearchSortOrderByPublishedDate.java:37)
... Removed 25 stack frames]]>
    </failure>
  </testcase> <!-- checkSortingOrderQuality -->
  <testcase name="createRegUserUKProfile" time="23.074" classname="com.tcs.BsiShopRedesign.sprint4_5.RegistrationsWithDiffProfile"/>
  <testcase name="verifyTooltip" time="18.413" classname="com.tcs.BsiShopRedesign.sprint4_5.RegistrationsWithDiffProfile"/>
  <testcase name="verifyContactInformation" time="3.302" classname="com.tcs.BsiShopRedesign.sprint4_5.RegistrationsWithDiffProfile"/>
  <testcase name="loginThroughAlreadyRegistered" time="23.845" classname="com.tcs.BsiShopRedesign.sprint4_5.RegistrationsWithDiffProfile"/>
  <testcase name="verifyLoginForRegisteredUser" time="21.656" classname="com.tcs.BsiShopRedesign.sprint4_5.RegistrationsWithDiffProfile"/>
  <testcase name="signInMember" time="18.957" classname="com.tcs.BsiShopRedesign.sprint4_5.VerifyMemberProfile"/>
  <testcase name="verifyMemberTab" time="7.193" classname="com.tcs.BsiShopRedesign.sprint4_5.VerifyMemberProfile"/>
  <testcase name="signInMember" time="16.075" classname="com.tcs.BsiShopRedesign.sprint4_5.AddInvoiceToBasketFromMemTab"/>
  <testcase name="AddInvoiceToBasket" time="162.486" classname="com.tcs.BsiShopRedesign.sprint4_5.AddInvoiceToBasketFromMemTab">
    <failure type="java.lang.AssertionError" message="Remove product from Basket was unsuccessful">
      <![CDATA[java.lang.AssertionError: Remove product from Basket was unsuccessful
	at com.tcs.BsiShopRedesign.utilities.CommonHelper.reportFailure(CommonHelper.java:67)
	at com.tcs.BsiShopRedesign.pages.BasketPage.removeProduct(BasketPage.java:217)
	at com.tcs.BsiShopRedesign.sprint4_5.AddInvoiceToBasketFromMemTab.AddInvoiceToBasket(AddInvoiceToBasketFromMemTab.java:57)
... Removed 25 stack frames]]>
    </failure>
  </testcase> <!-- AddInvoiceToBasket -->
  <testcase name="CheckLoginAlertOnChekout" time="108.725" classname="com.tcs.BsiShopRedesign.sprint7.UnregisteredUserCheckout">
    <failure type="java.lang.AssertionError" message="Placing of order was unsuccesful">
      <![CDATA[java.lang.AssertionError: Placing of order was unsuccesful
	at com.tcs.BsiShopRedesign.utilities.CommonHelper.reportFailure(CommonHelper.java:67)
	at com.tcs.BsiShopRedesign.pages.CheckoutPage.confirmOrderDetails(CheckoutPage.java:166)
	at com.tcs.BsiShopRedesign.sprint7.UnregisteredUserCheckout.CheckLoginAlertOnChekout(UnregisteredUserCheckout.java:67)
... Removed 25 stack frames]]>
    </failure>
  </testcase> <!-- CheckLoginAlertOnChekout -->
  <testcase name="signInMember" time="15.854" classname="com.tcs.BsiShopRedesign.sprint7.VerifyMemberDiscount"/>
  <testcase name="verifyMemberPrice" time="32.453" classname="com.tcs.BsiShopRedesign.sprint7.VerifyMemberDiscount">
    <failure type="java.lang.AssertionError" message="Verification of Member Price was unsuccessful">
      <![CDATA[java.lang.AssertionError: Verification of Member Price was unsuccessful
	at com.tcs.BsiShopRedesign.utilities.CommonHelper.reportFailure(CommonHelper.java:67)
	at com.tcs.BsiShopRedesign.sprint7.VerifyMemberDiscount.verifyMemberPrice(VerifyMemberDiscount.java:112)
... Removed 25 stack frames]]>
    </failure>
  </testcase> <!-- verifyMemberPrice -->
  <testcase name="signIn" time="20.851" classname="com.tcs.BsiShopRedesign.sprint7.EditCheckoutBillingAddress"/>
  <testcase name="editBillingAddress" time="128.313" classname="com.tcs.BsiShopRedesign.sprint7.EditCheckoutBillingAddress">
    <failure type="java.lang.AssertionError" message="Placing of order was unsuccesful">
      <![CDATA[java.lang.AssertionError: Placing of order was unsuccesful
	at com.tcs.BsiShopRedesign.utilities.CommonHelper.reportFailure(CommonHelper.java:67)
	at com.tcs.BsiShopRedesign.pages.CheckoutPage.confirmOrderDetails(CheckoutPage.java:166)
	at com.tcs.BsiShopRedesign.sprint7.EditCheckoutBillingAddress.editBillingAddress(EditCheckoutBillingAddress.java:88)
... Removed 25 stack frames]]>
    </failure>
  </testcase> <!-- editBillingAddress -->
  <testcase name="signIn" time="23.184" classname="com.tcs.BsiShopRedesign.sprint7.CreateCheckoutBillingAddress"/>
  <testcase name="editBillingAddress" time="340.189" classname="com.tcs.BsiShopRedesign.sprint7.CreateCheckoutBillingAddress">
    <failure type="java.lang.AssertionError" message="Placing of order was unsuccesful">
      <![CDATA[java.lang.AssertionError: Placing of order was unsuccesful
	at com.tcs.BsiShopRedesign.utilities.CommonHelper.reportFailure(CommonHelper.java:67)
	at com.tcs.BsiShopRedesign.pages.CheckoutPage.confirmOrderDetails(CheckoutPage.java:166)
	at com.tcs.BsiShopRedesign.sprint7.CreateCheckoutBillingAddress.editBillingAddress(CreateCheckoutBillingAddress.java:89)
... Removed 25 stack frames]]>
    </failure>
  </testcase> <!-- editBillingAddress -->
  <testcase name="signIn" time="22.277" classname="com.tcs.BsiShopRedesign.sprint8.ApplyMemberAccount"/>
  <testcase name="applyMemberAccountBelowBandNine" time="263.814" classname="com.tcs.BsiShopRedesign.sprint8.ApplyMemberAccount">
    <failure type="java.lang.AssertionError" message="Remove product from Basket was unsuccessful">
      <![CDATA[java.lang.AssertionError: Remove product from Basket was unsuccessful
	at com.tcs.BsiShopRedesign.utilities.CommonHelper.reportFailure(CommonHelper.java:67)
	at com.tcs.BsiShopRedesign.pages.BasketPage.removeProduct(BasketPage.java:217)
	at com.tcs.BsiShopRedesign.sprint8.ApplyMemberAccount.applyMemberAccountBelowBandNine(ApplyMemberAccount.java:91)
... Removed 25 stack frames]]>
    </failure>
  </testcase> <!-- applyMemberAccountBelowBandNine -->
  <testcase name="applyMemberAccountBandNineAbove" time="89.656" classname="com.tcs.BsiShopRedesign.sprint8.ApplyMemberAccount"/>
  <testcase name="signInMember" time="17.907" classname="com.tcs.BsiShopRedesign.sprint8.VerifyMemberDetails"/>
  <testcase name="verifyMemberLink" time="116.28" classname="com.tcs.BsiShopRedesign.sprint8.VerifyMemberDetails"/>
  <testcase name="enterEmailID" time="19.982" classname="com.tcs.BsiShopRedesign.sprint8.VerifyMemberDetails"/>
  <testcase name="signInMember" time="18.732" classname="com.tcs.BsiShopRedesign.sprint8.RenewMembership"/>
  <testcase name="addRenewMembershipToBasket" time="32.141" classname="com.tcs.BsiShopRedesign.sprint8.RenewMembership">
    <failure type="java.lang.AssertionError" message="Click Renew Membership was unsuccessful">
      <![CDATA[java.lang.AssertionError: Click Renew Membership was unsuccessful
	at com.tcs.BsiShopRedesign.utilities.CommonHelper.reportFailure(CommonHelper.java:67)
	at com.tcs.BsiShopRedesign.pages.MyProfileMemberPage.clickRenewMembership(MyProfileMemberPage.java:158)
	at com.tcs.BsiShopRedesign.sprint8.RenewMembership.addRenewMembershipToBasket(RenewMembership.java:51)
... Removed 25 stack frames]]>
    </failure>
  </testcase> <!-- addRenewMembershipToBasket -->
  <testcase name="signIn" time="21.859" classname="com.tcs.BsiShopRedesign.sprint8.SoftCopyDownloads"/>
  <testcase name="downloadSoftCopyfromOrderCofirmationPage" time="167.173" classname="com.tcs.BsiShopRedesign.sprint8.SoftCopyDownloads">
    <failure type="java.lang.AssertionError" message="Placing of order was unsuccesful">
      <![CDATA[java.lang.AssertionError: Placing of order was unsuccesful
	at com.tcs.BsiShopRedesign.utilities.CommonHelper.reportFailure(CommonHelper.java:67)
	at com.tcs.BsiShopRedesign.pages.CheckoutPage.confirmOrderDetails(CheckoutPage.java:166)
	at com.tcs.BsiShopRedesign.sprint8.SoftCopyDownloads.downloadSoftCopyfromOrderCofirmationPage(SoftCopyDownloads.java:126)
... Removed 25 stack frames]]>
    </failure>
  </testcase> <!-- downloadSoftCopyfromOrderCofirmationPage -->
  <testcase name="downloadSoftCopyfromOrderHistoryPage" time="20.782" classname="com.tcs.BsiShopRedesign.sprint8.SoftCopyDownloads">
    <failure type="java.lang.AssertionError" message="Downloaded file name is not matching with expected file name expected [true] but found [false]">
      <![CDATA[java.lang.AssertionError: Downloaded file name is not matching with expected file name expected [true] but found [false]
	at com.tcs.BsiShopRedesign.pages.OrderHistoryPage.verifyExpectedFileName(OrderHistoryPage.java:116)
	at com.tcs.BsiShopRedesign.pages.OrderHistoryPage.downloadAndVerifySoftCopy(OrderHistoryPage.java:77)
	at com.tcs.BsiShopRedesign.sprint8.SoftCopyDownloads.downloadSoftCopyfromOrderHistoryPage(SoftCopyDownloads.java:175)
... Removed 27 stack frames]]>
    </failure>
  </testcase> <!-- downloadSoftCopyfromOrderHistoryPage -->
  <testcase name="signIn" time="20.835" classname="com.tcs.BsiShopRedesign.sprint8.VerifyHardCopyDetails"/>
  <testcase name="verifyHardCopyDeliveryDetails" time="358.173" classname="com.tcs.BsiShopRedesign.sprint8.VerifyHardCopyDetails">
    <failure type="java.lang.AssertionError" message="Placing of order was unsuccesful">
      <![CDATA[java.lang.AssertionError: Placing of order was unsuccesful
	at com.tcs.BsiShopRedesign.utilities.CommonHelper.reportFailure(CommonHelper.java:67)
	at com.tcs.BsiShopRedesign.pages.CheckoutPage.confirmOrderDetails(CheckoutPage.java:166)
	at com.tcs.BsiShopRedesign.sprint8.VerifyHardCopyDetails.verifyHardCopyDeliveryDetails(VerifyHardCopyDetails.java:97)
... Removed 25 stack frames]]>
    </failure>
  </testcase> <!-- verifyHardCopyDeliveryDetails -->
  <testcase name="signIn" time="21.471" classname="com.tcs.BsiShopRedesign.sprint8.EditOrderDetailsFromCheckout"/>
  <testcase name="verifyHardCopyDeliveryDetails" time="128.447" classname="com.tcs.BsiShopRedesign.sprint8.EditOrderDetailsFromCheckout">
    <failure type="java.lang.AssertionError" message="Other Foramt Flag does not exists">
      <![CDATA[java.lang.AssertionError: Other Foramt Flag does not exists
	at com.tcs.BsiShopRedesign.utilities.CommonHelper.reportFailure(CommonHelper.java:67)
	at com.tcs.BsiShopRedesign.pages.BasketPage.clickOtherFormatOKAlert(BasketPage.java:449)
	at com.tcs.BsiShopRedesign.sprint8.EditOrderDetailsFromCheckout.verifyHardCopyDeliveryDetails(EditOrderDetailsFromCheckout.java:98)
... Removed 25 stack frames]]>
    </failure>
  </testcase> <!-- verifyHardCopyDeliveryDetails -->
  <testcase name="signIn" time="22.994" classname="com.tcs.BsiShopRedesign.sprint8.ValidateCheckoutDetails"/>
  <testcase name="validateCheckoutNonUKDetails" time="322.764" classname="com.tcs.BsiShopRedesign.sprint8.ValidateCheckoutDetails">
    <failure type="java.lang.AssertionError" message="Remove product from Basket was unsuccessful">
      <![CDATA[java.lang.AssertionError: Remove product from Basket was unsuccessful
	at com.tcs.BsiShopRedesign.utilities.CommonHelper.reportFailure(CommonHelper.java:67)
	at com.tcs.BsiShopRedesign.pages.BasketPage.removeProduct(BasketPage.java:217)
	at com.tcs.BsiShopRedesign.sprint8.ValidateCheckoutDetails.validateCheckoutNonUKDetails(ValidateCheckoutDetails.java:115)
... Removed 25 stack frames]]>
    </failure>
  </testcase> <!-- validateCheckoutNonUKDetails -->
  <testcase name="validateCheckoutUKDetails" time="82.345" classname="com.tcs.BsiShopRedesign.sprint8.ValidateCheckoutDetails">
    <failure type="java.lang.AssertionError" message="Unable to find element with css selector == button[title=&amp;apos;Checkout Now&amp;apos;]
For documentation on this error, please visit: http://seleniumhq.org/exceptions/no_such_element.html
Build info: version: &amp;apos;3.8.0&amp;apos;, revision: &amp;apos;924c4067df&amp;apos;, time: &amp;apos;2017-11-30T11:20:39.408Z&amp;apos;
System info: host: &amp;apos;ShopRedesign04&amp;apos;, ip: &amp;apos;10.0.9.7&amp;apos;, os.name: &amp;apos;Windows Server 2012 R2&amp;apos;, os.arch: &amp;apos;amd64&amp;apos;, os.version: &amp;apos;6.3&amp;apos;, java.version: &amp;apos;1.8.0_171&amp;apos;
Driver info: org.openqa.selenium.ie.InternetExplorerDriver
Capabilities {acceptInsecureCerts: false, browserName: internet explorer, browserVersion: 11, javascriptEnabled: true, pageLoadStrategy: normal, platform: WINDOWS, platformName: WINDOWS, proxy: Proxy(), se:ieOptions: {browserAttachTimeout: 0, elementScrollBehavior: 0, enablePersistentHover: false, ie.browserCommandLineSwitches: , ie.ensureCleanSession: true, ie.fileUploadDialogTimeout: 3000, ie.forceCreateProcessApi: false, ignoreProtectedModeSettings: true, ignoreZoomSetting: true, initialBrowserUrl: http://localhost:2673/, nativeEvents: true, requireWindowFocus: false}, setWindowRect: true, timeouts: {implicit: 0, pageLoad: 300000, script: 30000}}
Session ID: 279232ef-4c63-4f4a-a5a8-bd1ceae4354f
*** Element info: {Using=css selector, value=button[title=&amp;apos;Checkout Now&amp;apos;]}">
      <![CDATA[java.lang.AssertionError: Unable to find element with css selector == button[title='Checkout Now']
For documentation on this error, please visit: http://seleniumhq.org/exceptions/no_such_element.html
Build info: version: '3.8.0', revision: '924c4067df', time: '2017-11-30T11:20:39.408Z'
System info: host: 'ShopRedesign04', ip: '10.0.9.7', os.name: 'Windows Server 2012 R2', os.arch: 'amd64', os.version: '6.3', java.version: '1.8.0_171'
Driver info: org.openqa.selenium.ie.InternetExplorerDriver
Capabilities {acceptInsecureCerts: false, browserName: internet explorer, browserVersion: 11, javascriptEnabled: true, pageLoadStrategy: normal, platform: WINDOWS, platformName: WINDOWS, proxy: Proxy(), se:ieOptions: {browserAttachTimeout: 0, elementScrollBehavior: 0, enablePersistentHover: false, ie.browserCommandLineSwitches: , ie.ensureCleanSession: true, ie.fileUploadDialogTimeout: 3000, ie.forceCreateProcessApi: false, ignoreProtectedModeSettings: true, ignoreZoomSetting: true, initialBrowserUrl: http://localhost:2673/, nativeEvents: true, requireWindowFocus: false}, setWindowRect: true, timeouts: {implicit: 0, pageLoad: 300000, script: 30000}}
Session ID: 279232ef-4c63-4f4a-a5a8-bd1ceae4354f
*** Element info: {Using=css selector, value=button[title='Checkout Now']}
	at com.tcs.BsiShopRedesign.pages.BasketPage.clickCheckout(BasketPage.java:425)
	at com.tcs.BsiShopRedesign.sprint8.ValidateCheckoutDetails.validateCheckoutUKDetails(ValidateCheckoutDetails.java:161)
... Removed 25 stack frames]]>
    </failure>
  </testcase> <!-- validateCheckoutUKDetails -->
</testsuite> <!-- Internet Explorer Browser -->
