<?xml version="1.0" encoding="UTF-8"?>
<!-- Generated by org.testng.reporters.JUnitXMLReporter -->
<testsuite hostname="ShopRedesign04" name="Mozilla Firefox" tests="114" failures="28" timestamp="3 Jan 2019 18:44:46 GMT" time="12815.091" errors="0">
  <testcase name="signIn" time="17.171" classname="com.tcs.BsiShopRedesign.sprint1.MyProfile"/>
  <testcase name="addNewBillingAddress" time="23.384" classname="com.tcs.BsiShopRedesign.sprint1.MyProfile"/>
  <testcase name="makeDefaultBillingAddress" time="3.524" classname="com.tcs.BsiShopRedesign.sprint1.MyProfile"/>
  <testcase name="editBillingAddress" time="20.652" classname="com.tcs.BsiShopRedesign.sprint1.MyProfile"/>
  <testcase name="deleteBillingAddress" time="8.829" classname="com.tcs.BsiShopRedesign.sprint1.MyProfile"/>
  <testcase name="addDeliveryAddress" time="18.192" classname="com.tcs.BsiShopRedesign.sprint1.MyProfile"/>
  <testcase name="makeDefaultDeliveryAddress" time="3.499" classname="com.tcs.BsiShopRedesign.sprint1.MyProfile"/>
  <testcase name="editDeliveryAddress" time="16.968" classname="com.tcs.BsiShopRedesign.sprint1.MyProfile"/>
  <testcase name="deleteDeliveryAddress" time="8.947" classname="com.tcs.BsiShopRedesign.sprint1.MyProfile"/>
  <testcase name="resetPassword" time="26.773" classname="com.tcs.BsiShopRedesign.sprint1.MyProfile"/>
  <testcase name="productUpdateBasket" time="156.808" classname="com.tcs.BsiShopRedesign.sprint1.SCRProductsUpdateBasket"/>
  <testcase name="productUpdateBasket" time="34.417" classname="com.tcs.BsiShopRedesign.sprint1.SCRProductsUpdateBasket">
    <failure type="java.lang.AssertionError" message="Search and Update SCR Products was unsuccessful">
      <![CDATA[java.lang.AssertionError: Search and Update SCR Products was unsuccessful
	at com.tcs.BsiShopRedesign.utilities.CommonHelper.reportFailure(CommonHelper.java:78)
	at com.tcs.BsiShopRedesign.sprint1.SCRProductsUpdateBasket.productUpdateBasket(SCRProductsUpdateBasket.java:114)
... Removed 25 stack frames]]>
    </failure>
  </testcase> <!-- productUpdateBasket -->
  <testcase name="productUpdateBasket" time="160.256" classname="com.tcs.BsiShopRedesign.sprint1.SCRProductsUpdateBasket"/>
  <testcase name="signIn" time="8.611" classname="com.tcs.BsiShopRedesign.sprint1.MyProfileTenAddresses"/>
  <testcase name="addTenBillingAddress" time="251.323" classname="com.tcs.BsiShopRedesign.sprint1.MyProfileTenAddresses"/>
  <testcase name="deleteTenBillingAddress" time="73.423" classname="com.tcs.BsiShopRedesign.sprint1.MyProfileTenAddresses"/>
  <testcase name="addTenDeliveryAddress" time="211.027" classname="com.tcs.BsiShopRedesign.sprint1.MyProfileTenAddresses"/>
  <testcase name="deleteTenDeliveryAddress" time="120.808" classname="com.tcs.BsiShopRedesign.sprint1.MyProfileTenAddresses"/>
  <testcase name="signIn" time="16.812" classname="com.tcs.BsiShopRedesign.sprint2.BookEvent"/>
  <testcase name="BookPaidEvent" time="884.802" classname="com.tcs.BsiShopRedesign.sprint2.BookEvent">
    <failure type="java.lang.AssertionError" message="Adding Delegate details was unsuccessful">
      <![CDATA[java.lang.AssertionError: Adding Delegate details was unsuccessful
	at com.tcs.BsiShopRedesign.utilities.CommonHelper.reportFailure(CommonHelper.java:78)
	at com.tcs.BsiShopRedesign.pages.EventPage.addDelegateDetails(EventPage.java:257)
	at com.tcs.BsiShopRedesign.sprint2.BookEvent.BookPaidEvent(BookEvent.java:63)
... Removed 25 stack frames]]>
    </failure>
  </testcase> <!-- BookPaidEvent -->
  <testcase name="BookFreeEvent" time="253.564" classname="com.tcs.BsiShopRedesign.sprint2.BookEvent">
    <failure type="java.lang.AssertionError" message="Click Book Now was unsuccessful">
      <![CDATA[java.lang.AssertionError: Click Book Now was unsuccessful
	at com.tcs.BsiShopRedesign.utilities.CommonHelper.reportFailure(CommonHelper.java:78)
	at com.tcs.BsiShopRedesign.pages.EventPage.bookFreeEvent(EventPage.java:484)
	at com.tcs.BsiShopRedesign.sprint2.BookEvent.BookFreeEvent(BookEvent.java:101)
... Removed 25 stack frames]]>
    </failure>
  </testcase> <!-- BookFreeEvent -->
  <testcase name="signIn" time="8.664" classname="com.tcs.BsiShopRedesign.sprint2.MultipleEventUpdateBasket"/>
  <testcase name="addAndUpdateMultipleEvents" time="884.308" classname="com.tcs.BsiShopRedesign.sprint2.MultipleEventUpdateBasket">
    <failure type="java.lang.AssertionError" message="Adding Delegate details was unsuccessful">
      <![CDATA[java.lang.AssertionError: Adding Delegate details was unsuccessful
	at com.tcs.BsiShopRedesign.utilities.CommonHelper.reportFailure(CommonHelper.java:78)
	at com.tcs.BsiShopRedesign.pages.EventPage.addDelegateDetails(EventPage.java:257)
	at com.tcs.BsiShopRedesign.sprint2.MultipleEventUpdateBasket.addAndUpdateMultipleEvents(MultipleEventUpdateBasket.java:61)
... Removed 25 stack frames]]>
    </failure>
  </testcase> <!-- addAndUpdateMultipleEvents -->
  <testcase name="signIn" time="17.167" classname="com.tcs.BsiShopRedesign.sprint2.StandardProductAndEventRemoveBasket"/>
  <testcase name="BookPaidEventAndStandardProduct" time="884.826" classname="com.tcs.BsiShopRedesign.sprint2.StandardProductAndEventRemoveBasket">
    <failure type="java.lang.AssertionError" message="Adding Delegate details was unsuccessful">
      <![CDATA[java.lang.AssertionError: Adding Delegate details was unsuccessful
	at com.tcs.BsiShopRedesign.utilities.CommonHelper.reportFailure(CommonHelper.java:78)
	at com.tcs.BsiShopRedesign.pages.EventPage.addDelegateDetails(EventPage.java:257)
	at com.tcs.BsiShopRedesign.sprint2.StandardProductAndEventRemoveBasket.BookPaidEventAndStandardProduct(StandardProductAndEventRemoveBasket.java:71)
... Removed 25 stack frames]]>
    </failure>
  </testcase> <!-- BookPaidEventAndStandardProduct -->
  <testcase name="signIn" time="17.42" classname="com.tcs.BsiShopRedesign.sprint2.EssentialsProductAndEventRemoveBasket"/>
  <testcase name="BookPaidEventAndStandardProduct" time="879.887" classname="com.tcs.BsiShopRedesign.sprint2.EssentialsProductAndEventRemoveBasket">
    <failure type="java.lang.AssertionError" message="Adding Delegate details was unsuccessful">
      <![CDATA[java.lang.AssertionError: Adding Delegate details was unsuccessful
	at com.tcs.BsiShopRedesign.utilities.CommonHelper.reportFailure(CommonHelper.java:78)
	at com.tcs.BsiShopRedesign.pages.EventPage.addDelegateDetails(EventPage.java:257)
	at com.tcs.BsiShopRedesign.sprint2.EssentialsProductAndEventRemoveBasket.BookPaidEventAndStandardProduct(EssentialsProductAndEventRemoveBasket.java:67)
... Removed 25 stack frames]]>
    </failure>
  </testcase> <!-- BookPaidEventAndStandardProduct -->
  <testcase name="regBSOLQuote" time="93.736" classname="com.tcs.BsiShopRedesign.sprint2.RegisterSubscriptions">
    <failure type="java.lang.AssertionError" message="Enter BSOL Pardot form details was unsuccessful">
      <![CDATA[java.lang.AssertionError: Enter BSOL Pardot form details was unsuccessful
	at com.tcs.BsiShopRedesign.utilities.CommonHelper.reportFailure(CommonHelper.java:78)
	at com.tcs.BsiShopRedesign.pages.SubscriptionsPage.enterBSOLPardotDetails(SubscriptionsPage.java:100)
	at com.tcs.BsiShopRedesign.sprint2.RegisterSubscriptions.regBSOLQuote(RegisterSubscriptions.java:39)
... Removed 25 stack frames]]>
    </failure>
  </testcase> <!-- regBSOLQuote -->
  <testcase name="regCNQuote" time="97.143" classname="com.tcs.BsiShopRedesign.sprint2.RegisterSubscriptions">
    <failure type="java.lang.AssertionError" message="Enter Pardot Form details was unsuccessful">
      <![CDATA[java.lang.AssertionError: Enter Pardot Form details was unsuccessful
	at com.tcs.BsiShopRedesign.utilities.CommonHelper.reportFailure(CommonHelper.java:78)
	at com.tcs.BsiShopRedesign.pages.SubscriptionsPage.enterCNPardotDetails(SubscriptionsPage.java:327)
	at com.tcs.BsiShopRedesign.sprint2.RegisterSubscriptions.regCNQuote(RegisterSubscriptions.java:74)
... Removed 25 stack frames]]>
    </failure>
  </testcase> <!-- regCNQuote -->
  <testcase name="regEurocodes" time="95.281" classname="com.tcs.BsiShopRedesign.sprint2.RegisterSubscriptions">
    <failure type="java.lang.AssertionError" message="Enter Eurocode Pardot Form details was unsuccessful">
      <![CDATA[java.lang.AssertionError: Enter Eurocode Pardot Form details was unsuccessful
	at com.tcs.BsiShopRedesign.utilities.CommonHelper.reportFailure(CommonHelper.java:78)
	at com.tcs.BsiShopRedesign.pages.SubscriptionsPage.enterEurocodePardotDetails(SubscriptionsPage.java:467)
	at com.tcs.BsiShopRedesign.sprint2.RegisterSubscriptions.regEurocodes(RegisterSubscriptions.java:109)
... Removed 25 stack frames]]>
    </failure>
  </testcase> <!-- regEurocodes -->
  <testcase name="signIn" time="16.79" classname="com.tcs.BsiShopRedesign.sprint2.DownloadMarketingMaterial"/>
  <testcase name="downloadPASMM" time="32.896" classname="com.tcs.BsiShopRedesign.sprint2.DownloadMarketingMaterial">
    <failure type="java.lang.AssertionError" message="Click on Download Now was unsuccessful">
      <![CDATA[java.lang.AssertionError: Click on Download Now was unsuccessful
	at com.tcs.BsiShopRedesign.utilities.CommonHelper.reportFailure(CommonHelper.java:78)
	at com.tcs.BsiShopRedesign.pages.DownloadMMPage.clickDownloadNow(DownloadMMPage.java:53)
	at com.tcs.BsiShopRedesign.sprint2.DownloadMarketingMaterial.downloadPASMM(DownloadMarketingMaterial.java:66)
... Removed 25 stack frames]]>
    </failure>
  </testcase> <!-- downloadPASMM -->
  <testcase name="registerMUNL" time="132.023" classname="com.tcs.BsiShopRedesign.sprint2.RegisterMUNLCode"/>
  <testcase name="checkWarningMsgPDF" time="18.68" classname="com.tcs.BsiShopRedesign.sprint2.CheckWarningMsgAddtoBasket"/>
  <testcase name="signInMember" time="8.644" classname="com.tcs.BsiShopRedesign.sprint2.VerifyMemberTab"/>
  <testcase name="verifyStatus" time="4.701" classname="com.tcs.BsiShopRedesign.sprint2.VerifyMemberTab"/>
  <testcase name="searchPASCount" time="144.537" classname="com.tcs.BsiShopRedesign.sprint3.CheckSearchCount"/>
  <testcase name="checkProductStatus" time="24.616" classname="com.tcs.BsiShopRedesign.sprint3.CheckWithdrawnStatus"/>
  <testcase name="checkEventStatus" time="21.987" classname="com.tcs.BsiShopRedesign.sprint3.CheckWithdrawnStatus"/>
  <testcase name="checkBookStatus" time="24.013" classname="com.tcs.BsiShopRedesign.sprint3.CheckWithdrawnStatus"/>
  <testcase name="checkSortingOrderQuality" time="90.968" classname="com.tcs.BsiShopRedesign.sprint3.SearchSortOrderByProductType"/>
  <testcase name="checkFreeEvent" time="32.588" classname="com.tcs.BsiShopRedesign.sprint3.CheckProductFeatures">
    <failure type="java.lang.AssertionError" message="Free Event Price match is unsuccessful">
      <![CDATA[java.lang.AssertionError: Free Event Price match is unsuccessful
	at com.tcs.BsiShopRedesign.utilities.CommonHelper.reportFailure(CommonHelper.java:78)
	at com.tcs.BsiShopRedesign.pages.SearchPage.checkFreeEventPrice(SearchPage.java:479)
	at com.tcs.BsiShopRedesign.sprint3.CheckProductFeatures.checkFreeEvent(CheckProductFeatures.java:36)
... Removed 25 stack frames]]>
    </failure>
  </testcase> <!-- checkFreeEvent -->
  <testcase name="checkPASProduct" time="11.67" classname="com.tcs.BsiShopRedesign.sprint3.CheckProductFeatures"/>
  <testcase name="checkPaidEvent" time="42.424" classname="com.tcs.BsiShopRedesign.sprint3.CheckProductFeatures">
    <failure type="java.lang.AssertionError" message="Paid Event Price match is unsuccessful">
      <![CDATA[java.lang.AssertionError: Paid Event Price match is unsuccessful
	at com.tcs.BsiShopRedesign.utilities.CommonHelper.reportFailure(CommonHelper.java:78)
	at com.tcs.BsiShopRedesign.pages.SearchPage.checkPaidEventPrice(SearchPage.java:729)
	at com.tcs.BsiShopRedesign.sprint3.CheckProductFeatures.checkPaidEvent(CheckProductFeatures.java:110)
... Removed 25 stack frames]]>
    </failure>
  </testcase> <!-- checkPaidEvent -->
  <testcase name="blankSearch" time="7.641" classname="com.tcs.BsiShopRedesign.sprint3.CheckBlankSearchResult"/>
  <testcase name="addToBasketSearchList" time="125.591" classname="com.tcs.BsiShopRedesign.sprint3.AddPDFToBasketTwiceFromSearchList"/>
  <testcase name="checkSortingOrderQuality" time="305.483" classname="com.tcs.BsiShopRedesign.sprint3.SearchSortOrderByPublishedDate"/>
  <testcase name="createRegUserUKProfile" time="13.522" classname="com.tcs.BsiShopRedesign.sprint4_5.RegistrationsWithDiffProfile"/>
  <testcase name="createRegUserNonUKProfile" time="24.305" classname="com.tcs.BsiShopRedesign.sprint4_5.RegistrationsWithDiffProfile"/>
  <testcase name="verifyTooltip" time="16.592" classname="com.tcs.BsiShopRedesign.sprint4_5.RegistrationsWithDiffProfile"/>
  <testcase name="verifyContactInformation" time="7.32" classname="com.tcs.BsiShopRedesign.sprint4_5.RegistrationsWithDiffProfile"/>
  <testcase name="loginThroughAlreadyRegistered" time="25.795" classname="com.tcs.BsiShopRedesign.sprint4_5.RegistrationsWithDiffProfile"/>
  <testcase name="verifyLoginForRegisteredUser" time="13.403" classname="com.tcs.BsiShopRedesign.sprint4_5.RegistrationsWithDiffProfile"/>
  <testcase name="signInMember" time="8.62" classname="com.tcs.BsiShopRedesign.sprint4_5.VerifyMemberProfile"/>
  <testcase name="verifyMemberTab" time="5.569" classname="com.tcs.BsiShopRedesign.sprint4_5.VerifyMemberProfile"/>
  <testcase name="signInMember" time="8.243" classname="com.tcs.BsiShopRedesign.sprint4_5.AddInvoiceToBasketFromMemTab"/>
  <testcase name="AddInvoiceToBasket" time="25.16" classname="com.tcs.BsiShopRedesign.sprint4_5.AddInvoiceToBasketFromMemTab"/>
  <testcase name="withdrawnStatusColorCode" time="114.079" classname="com.tcs.BsiShopRedesign.sprint4_5.VerifyProductStatusWithColorCode"/>
  <testcase name="currentStatusColorCode" time="68.338" classname="com.tcs.BsiShopRedesign.sprint4_5.VerifyProductStatusWithColorCode"/>
  <testcase name="currentDraftStatusColorCode" time="166.485" classname="com.tcs.BsiShopRedesign.sprint4_5.VerifyProductStatusWithColorCode"/>
  <testcase name="currentRevisionUnderwayStatusColorCode" time="165.591" classname="com.tcs.BsiShopRedesign.sprint4_5.VerifyProductStatusWithColorCode"/>
  <testcase name="currentUnderReviewStatusColorCode" time="165.999" classname="com.tcs.BsiShopRedesign.sprint4_5.VerifyProductStatusWithColorCode"/>
  <testcase name="CheckLoginAlertOnChekout" time="80.513" classname="com.tcs.BsiShopRedesign.sprint7.UnregisteredUserCheckout"/>
  <testcase name="signInMember" time="8.651" classname="com.tcs.BsiShopRedesign.sprint7.VerifyMemberDiscount"/>
  <testcase name="verifyMemberPrice" time="120.088" classname="com.tcs.BsiShopRedesign.sprint7.VerifyMemberDiscount">
    <failure type="java.lang.AssertionError" message="Verification of Member Price was unsuccessful">
      <![CDATA[java.lang.AssertionError: Verification of Member Price was unsuccessful
	at com.tcs.BsiShopRedesign.utilities.CommonHelper.reportFailure(CommonHelper.java:78)
	at com.tcs.BsiShopRedesign.sprint7.VerifyMemberDiscount.verifyMemberPrice(VerifyMemberDiscount.java:142)
... Removed 25 stack frames]]>
    </failure>
  </testcase> <!-- verifyMemberPrice -->
  <testcase name="signIn" time="17.01" classname="com.tcs.BsiShopRedesign.sprint7.EditCheckoutBillingAddress"/>
  <testcase name="editBillingAddress" time="85.749" classname="com.tcs.BsiShopRedesign.sprint7.EditCheckoutBillingAddress"/>
  <testcase name="signIn" time="17.7" classname="com.tcs.BsiShopRedesign.sprint7.CreateCheckoutBillingAddress"/>
  <testcase name="createBillingAddress" time="339.211" classname="com.tcs.BsiShopRedesign.sprint7.CreateCheckoutBillingAddress">
    <failure type="java.lang.AssertionError" message="Placing of order was unsuccesful">
      <![CDATA[java.lang.AssertionError: Placing of order was unsuccesful
	at com.tcs.BsiShopRedesign.utilities.CommonHelper.reportFailure(CommonHelper.java:78)
	at com.tcs.BsiShopRedesign.pages.OrderConfirmationPage.verifyOrderSuccessMessage(OrderConfirmationPage.java:258)
	at com.tcs.BsiShopRedesign.sprint7.CreateCheckoutBillingAddress.createBillingAddress(CreateCheckoutBillingAddress.java:97)
... Removed 25 stack frames]]>
    </failure>
  </testcase> <!-- createBillingAddress -->
  <testcase name="signIn" time="16.936" classname="com.tcs.BsiShopRedesign.sprint8.ApplyMemberAccount"/>
  <testcase name="applyMemberAccountBelowBandNine" time="77.232" classname="com.tcs.BsiShopRedesign.sprint8.ApplyMemberAccount"/>
  <testcase name="applyMemberAccountBandNineAbove" time="15.269" classname="com.tcs.BsiShopRedesign.sprint8.ApplyMemberAccount"/>
  <testcase name="signInMember" time="8.642" classname="com.tcs.BsiShopRedesign.sprint8.VerifyMemberDetails"/>
  <testcase name="verifyMemberLink" time="38.392" classname="com.tcs.BsiShopRedesign.sprint8.VerifyMemberDetails"/>
  <testcase name="enterEmailID" time="12.009" classname="com.tcs.BsiShopRedesign.sprint8.VerifyMemberDetails"/>
  <testcase name="signInMember" time="8.641" classname="com.tcs.BsiShopRedesign.sprint8.RenewMembership"/>
  <testcase name="addRenewMembershipToBasket" time="324.251" classname="com.tcs.BsiShopRedesign.sprint8.RenewMembership">
    <failure type="java.lang.AssertionError" message="Placing of order was unsuccesful">
      <![CDATA[java.lang.AssertionError: Placing of order was unsuccesful
	at com.tcs.BsiShopRedesign.utilities.CommonHelper.reportFailure(CommonHelper.java:78)
	at com.tcs.BsiShopRedesign.pages.OrderConfirmationPage.verifyOrderSuccessMessage(OrderConfirmationPage.java:258)
	at com.tcs.BsiShopRedesign.sprint8.RenewMembership.addRenewMembershipToBasket(RenewMembership.java:80)
... Removed 25 stack frames]]>
    </failure>
  </testcase> <!-- addRenewMembershipToBasket -->
  <testcase name="signIn" time="16.877" classname="com.tcs.BsiShopRedesign.sprint8.SoftCopyDownloads"/>
  <testcase name="downloadSoftCopyfromOrderCofirmationPage" time="184.386" classname="com.tcs.BsiShopRedesign.sprint8.SoftCopyDownloads">
    <failure type="java.lang.AssertionError" message="File Not Found">
      <![CDATA[java.lang.AssertionError: File Not Found
	at com.tcs.BsiShopRedesign.utilities.CommonHelper.reportFailure(CommonHelper.java:78)
	at com.tcs.BsiShopRedesign.pages.OrderConfirmationPage.verifyExpectedFileName(OrderConfirmationPage.java:189)
	at com.tcs.BsiShopRedesign.pages.OrderConfirmationPage.downloadVerifySoftCopyDocuments(OrderConfirmationPage.java:54)
	at com.tcs.BsiShopRedesign.sprint8.SoftCopyDownloads.downloadSoftCopyfromOrderCofirmationPage(SoftCopyDownloads.java:119)
... Removed 25 stack frames]]>
    </failure>
  </testcase> <!-- downloadSoftCopyfromOrderCofirmationPage -->
  <testcase name="downloadSoftCopyfromOrderHistoryPage" time="17.456" classname="com.tcs.BsiShopRedesign.sprint8.SoftCopyDownloads">
    <failure type="java.lang.AssertionError" message="File Not Found">
      <![CDATA[java.lang.AssertionError: File Not Found
	at com.tcs.BsiShopRedesign.utilities.CommonHelper.reportFailure(CommonHelper.java:78)
	at com.tcs.BsiShopRedesign.pages.OrderHistoryPage.verifyExpectedFileName(OrderHistoryPage.java:123)
	at com.tcs.BsiShopRedesign.pages.OrderHistoryPage.downloadAndVerifySoftCopy(OrderHistoryPage.java:78)
	at com.tcs.BsiShopRedesign.sprint8.SoftCopyDownloads.downloadSoftCopyfromOrderHistoryPage(SoftCopyDownloads.java:162)
... Removed 25 stack frames]]>
    </failure>
  </testcase> <!-- downloadSoftCopyfromOrderHistoryPage -->
  <testcase name="signIn" time="17.513" classname="com.tcs.BsiShopRedesign.sprint8.VerifyHardCopyDetails"/>
  <testcase name="verifyHardCopyDeliveryDetails" time="179.621" classname="com.tcs.BsiShopRedesign.sprint8.VerifyHardCopyDetails"/>
  <testcase name="signIn" time="16.815" classname="com.tcs.BsiShopRedesign.sprint8.ValidateCountryCheckoutDetails"/>
  <testcase name="validateCheckoutNonUKDetailsHardCopy" time="180.517" classname="com.tcs.BsiShopRedesign.sprint8.ValidateCountryCheckoutDetails"/>
  <testcase name="validateCheckoutNonUKDetailsSoftCopy" time="172.666" classname="com.tcs.BsiShopRedesign.sprint8.ValidateCountryCheckoutDetails"/>
  <testcase name="verifyMemberLink" time="32.414" classname="com.tcs.BsiShopRedesign.sprint8.VerifyPDFPreviewing">
    <failure type="java.lang.AssertionError" message="File Not Found">
      <![CDATA[java.lang.AssertionError: File Not Found
	at com.tcs.BsiShopRedesign.utilities.CommonHelper.reportFailure(CommonHelper.java:78)
	at com.tcs.BsiShopRedesign.pages.ProductPage.verifyExpectedFileName(ProductPage.java:556)
	at com.tcs.BsiShopRedesign.pages.ProductPage.pdfSave(ProductPage.java:498)
	at com.tcs.BsiShopRedesign.pages.ProductPage.verifyPDFPreview(ProductPage.java:404)
	at com.tcs.BsiShopRedesign.sprint8.VerifyPDFPreviewing.verifyMemberLink(VerifyPDFPreviewing.java:57)
... Removed 25 stack frames]]>
    </failure>
  </testcase> <!-- verifyMemberLink -->
  <testcase name="signIn" time="17.013" classname="com.tcs.BsiShopRedesign.sprint8.EditOrderDetailsFromCheckout"/>
  <testcase name="verifyHardCopyDeliveryDetails" time="249.234" classname="com.tcs.BsiShopRedesign.sprint8.EditOrderDetailsFromCheckout">
    <failure type="java.lang.AssertionError" message="Placing of order was unsuccesful">
      <![CDATA[java.lang.AssertionError: Placing of order was unsuccesful
	at com.tcs.BsiShopRedesign.utilities.CommonHelper.reportFailure(CommonHelper.java:78)
	at com.tcs.BsiShopRedesign.pages.OrderConfirmationPage.verifyOrderSuccessMessage(OrderConfirmationPage.java:258)
	at com.tcs.BsiShopRedesign.sprint8.EditOrderDetailsFromCheckout.verifyHardCopyDeliveryDetails(EditOrderDetailsFromCheckout.java:110)
... Removed 25 stack frames]]>
    </failure>
  </testcase> <!-- verifyHardCopyDeliveryDetails -->
  <testcase name="signIn" time="17.0" classname="com.tcs.BsiShopRedesign.sprint9.PromoCodeOrder"/>
  <testcase name="applyPromoCode" time="186.797" classname="com.tcs.BsiShopRedesign.sprint9.PromoCodeOrder"/>
  <testcase name="signInMember" time="9.371" classname="com.tcs.BsiShopRedesign.sprint9.PayByInvoice"/>
  <testcase name="payByInvoiceOrder" time="29.433" classname="com.tcs.BsiShopRedesign.sprint9.PayByInvoice">
    <failure type="java.lang.AssertionError" message="Add Second PDF product to Basket was unsuccessful">
      <![CDATA[java.lang.AssertionError: Add Second PDF product to Basket was unsuccessful
	at com.tcs.BsiShopRedesign.utilities.CommonHelper.reportFailure(CommonHelper.java:78)
	at com.tcs.BsiShopRedesign.pages.SearchPage.clickAddToBasketAgain(SearchPage.java:873)
	at com.tcs.BsiShopRedesign.sprint9.PayByInvoice.payByInvoiceOrder(PayByInvoice.java:73)
... Removed 25 stack frames]]>
    </failure>
  </testcase> <!-- payByInvoiceOrder -->
  <testcase name="verifyPayByInvoiceErrorMsg" time="393.399" classname="com.tcs.BsiShopRedesign.sprint9.PayByInvoice">
    <failure type="java.lang.AssertionError" message="Pay By Invoice Insufficient balance error message verificiaiton was unsuccesful">
      <![CDATA[java.lang.AssertionError: Pay By Invoice Insufficient balance error message verificiaiton was unsuccesful
	at com.tcs.BsiShopRedesign.utilities.CommonHelper.reportFailure(CommonHelper.java:78)
	at com.tcs.BsiShopRedesign.pages.CheckoutPage.insufficientBalInvoice(CheckoutPage.java:1058)
	at com.tcs.BsiShopRedesign.sprint9.PayByInvoice.verifyPayByInvoiceErrorMsg(PayByInvoice.java:176)
... Removed 25 stack frames]]>
    </failure>
  </testcase> <!-- verifyPayByInvoiceErrorMsg -->
  <testcase name="signInMember" time="9.028" classname="com.tcs.BsiShopRedesign.sprint9.PreBookProducts"/>
  <testcase name="verifyAdavanceAccessProduct" time="39.609" classname="com.tcs.BsiShopRedesign.sprint9.PreBookProducts">
    <failure type="java.lang.AssertionError" message="Click Checkout was unsuccessful">
      <![CDATA[java.lang.AssertionError: Click Checkout was unsuccessful
	at com.tcs.BsiShopRedesign.utilities.CommonHelper.reportFailure(CommonHelper.java:78)
	at com.tcs.BsiShopRedesign.pages.BasketPage.clickCheckout(BasketPage.java:520)
	at com.tcs.BsiShopRedesign.sprint9.PreBookProducts.verifyAdavanceAccessProduct(PreBookProducts.java:85)
... Removed 25 stack frames]]>
    </failure>
  </testcase> <!-- verifyAdavanceAccessProduct -->
  <testcase name="verifyPreOrderProduct" time="30.539" classname="com.tcs.BsiShopRedesign.sprint9.PreBookProducts">
    <failure type="java.lang.AssertionError" message="Verification and Placing order of Pre Order Product was unsuccessful">
      <![CDATA[java.lang.AssertionError: Verification and Placing order of Pre Order Product was unsuccessful
	at com.tcs.BsiShopRedesign.utilities.CommonHelper.reportFailure(CommonHelper.java:78)
	at com.tcs.BsiShopRedesign.sprint9.PreBookProducts.verifyPreOrderProduct(PreBookProducts.java:177)
... Removed 25 stack frames]]>
    </failure>
  </testcase> <!-- verifyPreOrderProduct -->
  <testcase name="contactUs" time="12.397" classname="com.tcs.BsiShopRedesign.sprint9.VerifyContactUs"/>
  <testcase name="signIn" time="16.918" classname="com.tcs.BsiShopRedesign.sprint9.SecureAuthenticationPayment"/>
  <testcase name="verifyHardCopyDeliveryDetails" time="400.982" classname="com.tcs.BsiShopRedesign.sprint9.SecureAuthenticationPayment">
    <failure type="java.lang.AssertionError" message="Placing of order was unsuccesful">
      <![CDATA[java.lang.AssertionError: Placing of order was unsuccesful
	at com.tcs.BsiShopRedesign.utilities.CommonHelper.reportFailure(CommonHelper.java:78)
	at com.tcs.BsiShopRedesign.pages.OrderConfirmationPage.verifyOrderSuccessMessage(OrderConfirmationPage.java:258)
	at com.tcs.BsiShopRedesign.sprint9.SecureAuthenticationPayment.verifyHardCopyDeliveryDetails(SecureAuthenticationPayment.java:100)
... Removed 25 stack frames]]>
    </failure>
  </testcase> <!-- verifyHardCopyDeliveryDetails -->
  <testcase name="verifyDCProduct" time="16.013" classname="com.tcs.BsiShopRedesign.sprint9.VerifyDifferentProductType"/>
  <testcase name="verifyNewsFeed" time="18.016" classname="com.tcs.BsiShopRedesign.sprint9.VerifyDifferentProductType"/>
  <testcase name="verifyPAS2030ProductDetails" time="32.898" classname="com.tcs.BsiShopRedesign.sprint9.VerifyDifferentProductType">
    <failure type="java.lang.AssertionError" message="Unable to locate element: Pas 2030 Online
For documentation on this error, please visit: http://seleniumhq.org/exceptions/no_such_element.html
Build info: version: &amp;apos;3.8.0&amp;apos;, revision: &amp;apos;924c4067df&amp;apos;, time: &amp;apos;2017-11-30T11:20:39.408Z&amp;apos;
System info: host: &amp;apos;ShopRedesign04&amp;apos;, ip: &amp;apos;10.0.9.7&amp;apos;, os.name: &amp;apos;Windows Server 2012 R2&amp;apos;, os.arch: &amp;apos;amd64&amp;apos;, os.version: &amp;apos;6.3&amp;apos;, java.version: &amp;apos;1.8.0_171&amp;apos;
Driver info: org.openqa.selenium.firefox.FirefoxDriver
Capabilities {acceptInsecureCerts: true, browserName: firefox, browserVersion: 61.0, javascriptEnabled: true, moz:accessibilityChecks: false, moz:headless: false, moz:processID: 332, moz:profile: C:\Users\shopqa\AppData\Loc..., moz:useNonSpecCompliantPointerOrigin: false, moz:webdriverClick: true, pageLoadStrategy: normal, platform: XP, platformName: XP, platformVersion: 6.3, rotatable: false, timeouts: {implicit: 0, pageLoad: 300000, script: 30000}}
Session ID: d8550b7e-6c10-4a0b-9bfb-a54b0b3b0be5
*** Element info: {Using=link text, value=Pas 2030 Online}">
      <![CDATA[java.lang.AssertionError: Unable to locate element: Pas 2030 Online
For documentation on this error, please visit: http://seleniumhq.org/exceptions/no_such_element.html
Build info: version: '3.8.0', revision: '924c4067df', time: '2017-11-30T11:20:39.408Z'
System info: host: 'ShopRedesign04', ip: '10.0.9.7', os.name: 'Windows Server 2012 R2', os.arch: 'amd64', os.version: '6.3', java.version: '1.8.0_171'
Driver info: org.openqa.selenium.firefox.FirefoxDriver
Capabilities {acceptInsecureCerts: true, browserName: firefox, browserVersion: 61.0, javascriptEnabled: true, moz:accessibilityChecks: false, moz:headless: false, moz:processID: 332, moz:profile: C:\Users\shopqa\AppData\Loc..., moz:useNonSpecCompliantPointerOrigin: false, moz:webdriverClick: true, pageLoadStrategy: normal, platform: XP, platformName: XP, platformVersion: 6.3, rotatable: false, timeouts: {implicit: 0, pageLoad: 300000, script: 30000}}
Session ID: d8550b7e-6c10-4a0b-9bfb-a54b0b3b0be5
*** Element info: {Using=link text, value=Pas 2030 Online}
	at com.tcs.BsiShopRedesign.sprint9.VerifyDifferentProductType.verifyPAS2030ProductDetails(VerifyDifferentProductType.java:160)
... Removed 25 stack frames]]>
    </failure>
  </testcase> <!-- verifyPAS2030ProductDetails -->
  <testcase name="signIn" time="16.786" classname="com.tcs.BsiShopRedesign.sprint9.CheckoutDeliveryAddress"/>
  <testcase name="verifyHardCopyDeliveryDetails" time="416.007" classname="com.tcs.BsiShopRedesign.sprint9.CheckoutDeliveryAddress">
    <failure type="java.lang.AssertionError" message="Placing of order was unsuccesful">
      <![CDATA[java.lang.AssertionError: Placing of order was unsuccesful
	at com.tcs.BsiShopRedesign.utilities.CommonHelper.reportFailure(CommonHelper.java:78)
	at com.tcs.BsiShopRedesign.pages.OrderConfirmationPage.verifyOrderSuccessMessage(OrderConfirmationPage.java:258)
	at com.tcs.BsiShopRedesign.sprint9.CheckoutDeliveryAddress.verifyHardCopyDeliveryDetails(CheckoutDeliveryAddress.java:99)
... Removed 25 stack frames]]>
    </failure>
  </testcase> <!-- verifyHardCopyDeliveryDetails -->
  <testcase name="blankSearch" time="82.241" classname="com.tcs.BsiShopRedesign.sprint9.VerifyRecentlyViewedProducts"/>
  <testcase name="signInMember" time="8.622" classname="com.tcs.BsiShopRedesign.sprint9.VerifyIncorrectPaymentDetails"/>
  <testcase name="verifyIncorrectCardPayment" time="86.347" classname="com.tcs.BsiShopRedesign.sprint9.VerifyIncorrectPaymentDetails">
    <failure type="java.lang.AssertionError" message="Click Checkout was unsuccessful">
      <![CDATA[java.lang.AssertionError: Click Checkout was unsuccessful
	at com.tcs.BsiShopRedesign.utilities.CommonHelper.reportFailure(CommonHelper.java:78)
	at com.tcs.BsiShopRedesign.pages.BasketPage.clickCheckout(BasketPage.java:520)
	at com.tcs.BsiShopRedesign.sprint9.VerifyIncorrectPaymentDetails.verifyIncorrectCardPayment(VerifyIncorrectPaymentDetails.java:89)
... Removed 25 stack frames]]>
    </failure>
  </testcase> <!-- verifyIncorrectCardPayment -->
  <testcase name="signIn" time="17.036" classname="com.tcs.BsiShopRedesign.sprint9.ViewPDFInvoice"/>
  <testcase name="applyPromoCode" time="423.091" classname="com.tcs.BsiShopRedesign.sprint9.ViewPDFInvoice">
    <failure type="java.lang.AssertionError" message="Placing of order was unsuccesful">
      <![CDATA[java.lang.AssertionError: Placing of order was unsuccesful
	at com.tcs.BsiShopRedesign.utilities.CommonHelper.reportFailure(CommonHelper.java:78)
	at com.tcs.BsiShopRedesign.pages.OrderConfirmationPage.verifyOrderSuccessMessage(OrderConfirmationPage.java:258)
	at com.tcs.BsiShopRedesign.sprint9.ViewPDFInvoice.applyPromoCode(ViewPDFInvoice.java:97)
... Removed 25 stack frames]]>
    </failure>
  </testcase> <!-- applyPromoCode -->
  <testcase name="signIn" time="17.041" classname="com.tcs.BsiShopRedesign.sprint9.VerifyOrderDetailsWithCMS"/>
  <testcase name="applyPromoCode" time="143.557" classname="com.tcs.BsiShopRedesign.sprint9.VerifyOrderDetailsWithCMS"/>
  <testcase name="otherServices" time="67.316" classname="com.tcs.BsiShopRedesign.sprint9.VerifyFooterHyperlinks"/>
  <testcase name="otherBSIWebsites" time="122.43" classname="com.tcs.BsiShopRedesign.sprint9.VerifyFooterHyperlinks"/>
  <testcase name="validateCheckoutNonUKDetailsHardCopy" time="10.441" classname="com.tcs.BsiShopRedesign.sprint9.VerifyForgotPassword"/>
</testsuite> <!-- Mozilla Firefox -->
