<html>
<head>
<title>TestNG:  Mozilla Firefox</title>
<link href="../testng.css" rel="stylesheet" type="text/css" />
<link href="../my-testng.css" rel="stylesheet" type="text/css" />

<style type="text/css">
.log { display: none;} 
.stack-trace { display: none;} 
</style>
<script type="text/javascript">
<!--
function flip(e) {
  current = e.style.display;
  if (current == 'block') {
    e.style.display = 'none';
    return 0;
  }
  else {
    e.style.display = 'block';
    return 1;
  }
}

function toggleBox(szDivId, elem, msg1, msg2)
{
  var res = -1;  if (document.getElementById) {
    res = flip(document.getElementById(szDivId));
  }
  else if (document.all) {
    // this is the way old msie versions work
    res = flip(document.all[szDivId]);
  }
  if(elem) {
    if(res == 0) elem.innerHTML = msg1; else elem.innerHTML = msg2;
  }

}

function toggleAllBoxes() {
  if (document.getElementsByTagName) {
    d = document.getElementsByTagName('div');
    for (i = 0; i < d.length; i++) {
      if (d[i].className == 'log') {
        flip(d[i]);
      }
    }
  }
}

// -->
</script>

</head>
<body>
<h2 align='center'>Mozilla Firefox</h2><table border='1' align="center">
<tr>
<td>Tests passed/Failed/Skipped:</td><td>86/28/0</td>
</tr><tr>
<td>Started on:</td><td>Thu Jan 03 15:11:11 UTC 2019</td>
</tr>
<tr><td>Total time:</td><td>12815 seconds (12815091 ms)</td>
</tr><tr>
<td>Included groups:</td><td></td>
</tr><tr>
<td>Excluded groups:</td><td></td>
</tr>
</table><p/>
<small><i>(Hover the method name to see the test class name)</i></small><p/>
<table width='100%' border='1' class='invocation-failed'>
<tr><td colspan='4' align='center'><b>FAILED TESTS</b></td></tr>
<tr><td><b>Test method</b></td>
<td width="30%"><b>Exception</b></td>
<td width="10%"><b>Time (seconds)</b></td>
<td><b>Instance</b></td>
</tr>
<tr>
<td title='com.tcs.BsiShopRedesign.sprint2.BookEvent.BookFreeEvent()'><b>BookFreeEvent</b><br>Test class: com.tcs.BsiShopRedesign.sprint2.BookEvent</td>
<td><div><pre>java.lang.AssertionError: Click Book Now was unsuccessful
	at com.tcs.BsiShopRedesign.utilities.CommonHelper.reportFailure(CommonHelper.java:78)
	at com.tcs.BsiShopRedesign.pages.EventPage.bookFreeEvent(EventPage.java:484)
	at com.tcs.BsiShopRedesign.sprint2.BookEvent.BookFreeEvent(BookEvent.java:101)
... Removed 25 stack frames</pre></div><a href='#' onClick='toggleBox("stack-trace1728057672", this, "Click to show all stack frames", "Click to hide stack frames")'>Click to show all stack frames</a>
<div class='stack-trace' id='stack-trace1728057672'><pre>java.lang.AssertionError: Click Book Now was unsuccessful
	at org.testng.Assert.fail(Assert.java:94)
	at com.tcs.BsiShopRedesign.utilities.CommonHelper.reportFailure(CommonHelper.java:78)
	at com.tcs.BsiShopRedesign.pages.EventPage.bookFreeEvent(EventPage.java:484)
	at com.tcs.BsiShopRedesign.sprint2.BookEvent.BookFreeEvent(BookEvent.java:101)
	at sun.reflect.NativeMethodAccessorImpl.invoke0(Native Method)
	at sun.reflect.NativeMethodAccessorImpl.invoke(NativeMethodAccessorImpl.java:62)
	at sun.reflect.DelegatingMethodAccessorImpl.invoke(DelegatingMethodAccessorImpl.java:43)
	at java.lang.reflect.Method.invoke(Method.java:498)
	at org.testng.internal.MethodInvocationHelper.invokeMethod(MethodInvocationHelper.java:85)
	at org.testng.internal.Invoker.invokeMethod(Invoker.java:639)
	at org.testng.internal.Invoker.invokeTestMethod(Invoker.java:821)
	at org.testng.internal.Invoker.invokeTestMethods(Invoker.java:1131)
	at org.testng.internal.TestMethodWorker.invokeTestMethods(TestMethodWorker.java:124)
	at org.testng.internal.TestMethodWorker.run(TestMethodWorker.java:108)
	at org.testng.TestRunner.privateRun(TestRunner.java:773)
	at org.testng.TestRunner.run(TestRunner.java:623)
	at org.testng.SuiteRunner.runTest(SuiteRunner.java:357)
	at org.testng.SuiteRunner.runSequentially(SuiteRunner.java:352)
	at org.testng.SuiteRunner.privateRun(SuiteRunner.java:310)
	at org.testng.SuiteRunner.run(SuiteRunner.java:259)
	at org.testng.SuiteRunnerWorker.runSuite(SuiteRunnerWorker.java:52)
	at org.testng.SuiteRunnerWorker.run(SuiteRunnerWorker.java:86)
	at org.testng.TestNG.runSuitesSequentially(TestNG.java:1185)
	at org.testng.TestNG.runSuitesLocally(TestNG.java:1110)
	at org.testng.TestNG.run(TestNG.java:1018)
	at org.testng.remote.AbstractRemoteTestNG.run(AbstractRemoteTestNG.java:114)
	at org.testng.remote.RemoteTestNG.initAndRun(RemoteTestNG.java:251)
	at org.testng.remote.RemoteTestNG.main(RemoteTestNG.java:77)
</pre></div></td>
<td>253</td>
<td>com.tcs.BsiShopRedesign.sprint2.BookEvent@40ef3420</td></tr>
<tr>
<td title='com.tcs.BsiShopRedesign.sprint2.BookEvent.BookPaidEvent()'><b>BookPaidEvent</b><br>Test class: com.tcs.BsiShopRedesign.sprint2.BookEvent</td>
<td><div><pre>java.lang.AssertionError: Adding Delegate details was unsuccessful
	at com.tcs.BsiShopRedesign.utilities.CommonHelper.reportFailure(CommonHelper.java:78)
	at com.tcs.BsiShopRedesign.pages.EventPage.addDelegateDetails(EventPage.java:257)
	at com.tcs.BsiShopRedesign.sprint2.BookEvent.BookPaidEvent(BookEvent.java:63)
... Removed 25 stack frames</pre></div><a href='#' onClick='toggleBox("stack-trace194903130", this, "Click to show all stack frames", "Click to hide stack frames")'>Click to show all stack frames</a>
<div class='stack-trace' id='stack-trace194903130'><pre>java.lang.AssertionError: Adding Delegate details was unsuccessful
	at org.testng.Assert.fail(Assert.java:94)
	at com.tcs.BsiShopRedesign.utilities.CommonHelper.reportFailure(CommonHelper.java:78)
	at com.tcs.BsiShopRedesign.pages.EventPage.addDelegateDetails(EventPage.java:257)
	at com.tcs.BsiShopRedesign.sprint2.BookEvent.BookPaidEvent(BookEvent.java:63)
	at sun.reflect.NativeMethodAccessorImpl.invoke0(Native Method)
	at sun.reflect.NativeMethodAccessorImpl.invoke(NativeMethodAccessorImpl.java:62)
	at sun.reflect.DelegatingMethodAccessorImpl.invoke(DelegatingMethodAccessorImpl.java:43)
	at java.lang.reflect.Method.invoke(Method.java:498)
	at org.testng.internal.MethodInvocationHelper.invokeMethod(MethodInvocationHelper.java:85)
	at org.testng.internal.Invoker.invokeMethod(Invoker.java:639)
	at org.testng.internal.Invoker.invokeTestMethod(Invoker.java:821)
	at org.testng.internal.Invoker.invokeTestMethods(Invoker.java:1131)
	at org.testng.internal.TestMethodWorker.invokeTestMethods(TestMethodWorker.java:124)
	at org.testng.internal.TestMethodWorker.run(TestMethodWorker.java:108)
	at org.testng.TestRunner.privateRun(TestRunner.java:773)
	at org.testng.TestRunner.run(TestRunner.java:623)
	at org.testng.SuiteRunner.runTest(SuiteRunner.java:357)
	at org.testng.SuiteRunner.runSequentially(SuiteRunner.java:352)
	at org.testng.SuiteRunner.privateRun(SuiteRunner.java:310)
	at org.testng.SuiteRunner.run(SuiteRunner.java:259)
	at org.testng.SuiteRunnerWorker.runSuite(SuiteRunnerWorker.java:52)
	at org.testng.SuiteRunnerWorker.run(SuiteRunnerWorker.java:86)
	at org.testng.TestNG.runSuitesSequentially(TestNG.java:1185)
	at org.testng.TestNG.runSuitesLocally(TestNG.java:1110)
	at org.testng.TestNG.run(TestNG.java:1018)
	at org.testng.remote.AbstractRemoteTestNG.run(AbstractRemoteTestNG.java:114)
	at org.testng.remote.RemoteTestNG.initAndRun(RemoteTestNG.java:251)
	at org.testng.remote.RemoteTestNG.main(RemoteTestNG.java:77)
</pre></div></td>
<td>884</td>
<td>com.tcs.BsiShopRedesign.sprint2.BookEvent@40ef3420</td></tr>
<tr>
<td title='com.tcs.BsiShopRedesign.sprint2.StandardProductAndEventRemoveBasket.BookPaidEventAndStandardProduct()'><b>BookPaidEventAndStandardProduct</b><br>Test class: com.tcs.BsiShopRedesign.sprint2.StandardProductAndEventRemoveBasket</td>
<td><div><pre>java.lang.AssertionError: Adding Delegate details was unsuccessful
	at com.tcs.BsiShopRedesign.utilities.CommonHelper.reportFailure(CommonHelper.java:78)
	at com.tcs.BsiShopRedesign.pages.EventPage.addDelegateDetails(EventPage.java:257)
	at com.tcs.BsiShopRedesign.sprint2.StandardProductAndEventRemoveBasket.BookPaidEventAndStandardProduct(StandardProductAndEventRemoveBasket.java:71)
... Removed 25 stack frames</pre></div><a href='#' onClick='toggleBox("stack-trace30563356", this, "Click to show all stack frames", "Click to hide stack frames")'>Click to show all stack frames</a>
<div class='stack-trace' id='stack-trace30563356'><pre>java.lang.AssertionError: Adding Delegate details was unsuccessful
	at org.testng.Assert.fail(Assert.java:94)
	at com.tcs.BsiShopRedesign.utilities.CommonHelper.reportFailure(CommonHelper.java:78)
	at com.tcs.BsiShopRedesign.pages.EventPage.addDelegateDetails(EventPage.java:257)
	at com.tcs.BsiShopRedesign.sprint2.StandardProductAndEventRemoveBasket.BookPaidEventAndStandardProduct(StandardProductAndEventRemoveBasket.java:71)
	at sun.reflect.NativeMethodAccessorImpl.invoke0(Native Method)
	at sun.reflect.NativeMethodAccessorImpl.invoke(NativeMethodAccessorImpl.java:62)
	at sun.reflect.DelegatingMethodAccessorImpl.invoke(DelegatingMethodAccessorImpl.java:43)
	at java.lang.reflect.Method.invoke(Method.java:498)
	at org.testng.internal.MethodInvocationHelper.invokeMethod(MethodInvocationHelper.java:85)
	at org.testng.internal.Invoker.invokeMethod(Invoker.java:639)
	at org.testng.internal.Invoker.invokeTestMethod(Invoker.java:821)
	at org.testng.internal.Invoker.invokeTestMethods(Invoker.java:1131)
	at org.testng.internal.TestMethodWorker.invokeTestMethods(TestMethodWorker.java:124)
	at org.testng.internal.TestMethodWorker.run(TestMethodWorker.java:108)
	at org.testng.TestRunner.privateRun(TestRunner.java:773)
	at org.testng.TestRunner.run(TestRunner.java:623)
	at org.testng.SuiteRunner.runTest(SuiteRunner.java:357)
	at org.testng.SuiteRunner.runSequentially(SuiteRunner.java:352)
	at org.testng.SuiteRunner.privateRun(SuiteRunner.java:310)
	at org.testng.SuiteRunner.run(SuiteRunner.java:259)
	at org.testng.SuiteRunnerWorker.runSuite(SuiteRunnerWorker.java:52)
	at org.testng.SuiteRunnerWorker.run(SuiteRunnerWorker.java:86)
	at org.testng.TestNG.runSuitesSequentially(TestNG.java:1185)
	at org.testng.TestNG.runSuitesLocally(TestNG.java:1110)
	at org.testng.TestNG.run(TestNG.java:1018)
	at org.testng.remote.AbstractRemoteTestNG.run(AbstractRemoteTestNG.java:114)
	at org.testng.remote.RemoteTestNG.initAndRun(RemoteTestNG.java:251)
	at org.testng.remote.RemoteTestNG.main(RemoteTestNG.java:77)
</pre></div></td>
<td>884</td>
<td>com.tcs.BsiShopRedesign.sprint2.StandardProductAndEventRemoveBasket@6e171cd7</td></tr>
<tr>
<td title='com.tcs.BsiShopRedesign.sprint2.EssentialsProductAndEventRemoveBasket.BookPaidEventAndStandardProduct()'><b>BookPaidEventAndStandardProduct</b><br>Test class: com.tcs.BsiShopRedesign.sprint2.EssentialsProductAndEventRemoveBasket</td>
<td><div><pre>java.lang.AssertionError: Adding Delegate details was unsuccessful
	at com.tcs.BsiShopRedesign.utilities.CommonHelper.reportFailure(CommonHelper.java:78)
	at com.tcs.BsiShopRedesign.pages.EventPage.addDelegateDetails(EventPage.java:257)
	at com.tcs.BsiShopRedesign.sprint2.EssentialsProductAndEventRemoveBasket.BookPaidEventAndStandardProduct(EssentialsProductAndEventRemoveBasket.java:67)
... Removed 25 stack frames</pre></div><a href='#' onClick='toggleBox("stack-trace1732513254", this, "Click to show all stack frames", "Click to hide stack frames")'>Click to show all stack frames</a>
<div class='stack-trace' id='stack-trace1732513254'><pre>java.lang.AssertionError: Adding Delegate details was unsuccessful
	at org.testng.Assert.fail(Assert.java:94)
	at com.tcs.BsiShopRedesign.utilities.CommonHelper.reportFailure(CommonHelper.java:78)
	at com.tcs.BsiShopRedesign.pages.EventPage.addDelegateDetails(EventPage.java:257)
	at com.tcs.BsiShopRedesign.sprint2.EssentialsProductAndEventRemoveBasket.BookPaidEventAndStandardProduct(EssentialsProductAndEventRemoveBasket.java:67)
	at sun.reflect.NativeMethodAccessorImpl.invoke0(Native Method)
	at sun.reflect.NativeMethodAccessorImpl.invoke(NativeMethodAccessorImpl.java:62)
	at sun.reflect.DelegatingMethodAccessorImpl.invoke(DelegatingMethodAccessorImpl.java:43)
	at java.lang.reflect.Method.invoke(Method.java:498)
	at org.testng.internal.MethodInvocationHelper.invokeMethod(MethodInvocationHelper.java:85)
	at org.testng.internal.Invoker.invokeMethod(Invoker.java:639)
	at org.testng.internal.Invoker.invokeTestMethod(Invoker.java:821)
	at org.testng.internal.Invoker.invokeTestMethods(Invoker.java:1131)
	at org.testng.internal.TestMethodWorker.invokeTestMethods(TestMethodWorker.java:124)
	at org.testng.internal.TestMethodWorker.run(TestMethodWorker.java:108)
	at org.testng.TestRunner.privateRun(TestRunner.java:773)
	at org.testng.TestRunner.run(TestRunner.java:623)
	at org.testng.SuiteRunner.runTest(SuiteRunner.java:357)
	at org.testng.SuiteRunner.runSequentially(SuiteRunner.java:352)
	at org.testng.SuiteRunner.privateRun(SuiteRunner.java:310)
	at org.testng.SuiteRunner.run(SuiteRunner.java:259)
	at org.testng.SuiteRunnerWorker.runSuite(SuiteRunnerWorker.java:52)
	at org.testng.SuiteRunnerWorker.run(SuiteRunnerWorker.java:86)
	at org.testng.TestNG.runSuitesSequentially(TestNG.java:1185)
	at org.testng.TestNG.runSuitesLocally(TestNG.java:1110)
	at org.testng.TestNG.run(TestNG.java:1018)
	at org.testng.remote.AbstractRemoteTestNG.run(AbstractRemoteTestNG.java:114)
	at org.testng.remote.RemoteTestNG.initAndRun(RemoteTestNG.java:251)
	at org.testng.remote.RemoteTestNG.main(RemoteTestNG.java:77)
</pre></div></td>
<td>879</td>
<td>com.tcs.BsiShopRedesign.sprint2.EssentialsProductAndEventRemoveBasket@402bba4f</td></tr>
<tr>
<td title='com.tcs.BsiShopRedesign.sprint2.MultipleEventUpdateBasket.addAndUpdateMultipleEvents()'><b>addAndUpdateMultipleEvents</b><br>Test class: com.tcs.BsiShopRedesign.sprint2.MultipleEventUpdateBasket</td>
<td><div><pre>java.lang.AssertionError: Adding Delegate details was unsuccessful
	at com.tcs.BsiShopRedesign.utilities.CommonHelper.reportFailure(CommonHelper.java:78)
	at com.tcs.BsiShopRedesign.pages.EventPage.addDelegateDetails(EventPage.java:257)
	at com.tcs.BsiShopRedesign.sprint2.MultipleEventUpdateBasket.addAndUpdateMultipleEvents(MultipleEventUpdateBasket.java:61)
... Removed 25 stack frames</pre></div><a href='#' onClick='toggleBox("stack-trace1989826789", this, "Click to show all stack frames", "Click to hide stack frames")'>Click to show all stack frames</a>
<div class='stack-trace' id='stack-trace1989826789'><pre>java.lang.AssertionError: Adding Delegate details was unsuccessful
	at org.testng.Assert.fail(Assert.java:94)
	at com.tcs.BsiShopRedesign.utilities.CommonHelper.reportFailure(CommonHelper.java:78)
	at com.tcs.BsiShopRedesign.pages.EventPage.addDelegateDetails(EventPage.java:257)
	at com.tcs.BsiShopRedesign.sprint2.MultipleEventUpdateBasket.addAndUpdateMultipleEvents(MultipleEventUpdateBasket.java:61)
	at sun.reflect.NativeMethodAccessorImpl.invoke0(Native Method)
	at sun.reflect.NativeMethodAccessorImpl.invoke(NativeMethodAccessorImpl.java:62)
	at sun.reflect.DelegatingMethodAccessorImpl.invoke(DelegatingMethodAccessorImpl.java:43)
	at java.lang.reflect.Method.invoke(Method.java:498)
	at org.testng.internal.MethodInvocationHelper.invokeMethod(MethodInvocationHelper.java:85)
	at org.testng.internal.Invoker.invokeMethod(Invoker.java:639)
	at org.testng.internal.Invoker.invokeTestMethod(Invoker.java:821)
	at org.testng.internal.Invoker.invokeTestMethods(Invoker.java:1131)
	at org.testng.internal.TestMethodWorker.invokeTestMethods(TestMethodWorker.java:124)
	at org.testng.internal.TestMethodWorker.run(TestMethodWorker.java:108)
	at org.testng.TestRunner.privateRun(TestRunner.java:773)
	at org.testng.TestRunner.run(TestRunner.java:623)
	at org.testng.SuiteRunner.runTest(SuiteRunner.java:357)
	at org.testng.SuiteRunner.runSequentially(SuiteRunner.java:352)
	at org.testng.SuiteRunner.privateRun(SuiteRunner.java:310)
	at org.testng.SuiteRunner.run(SuiteRunner.java:259)
	at org.testng.SuiteRunnerWorker.runSuite(SuiteRunnerWorker.java:52)
	at org.testng.SuiteRunnerWorker.run(SuiteRunnerWorker.java:86)
	at org.testng.TestNG.runSuitesSequentially(TestNG.java:1185)
	at org.testng.TestNG.runSuitesLocally(TestNG.java:1110)
	at org.testng.TestNG.run(TestNG.java:1018)
	at org.testng.remote.AbstractRemoteTestNG.run(AbstractRemoteTestNG.java:114)
	at org.testng.remote.RemoteTestNG.initAndRun(RemoteTestNG.java:251)
	at org.testng.remote.RemoteTestNG.main(RemoteTestNG.java:77)
</pre></div></td>
<td>884</td>
<td>com.tcs.BsiShopRedesign.sprint2.MultipleEventUpdateBasket@498d318c</td></tr>
<tr>
<td title='com.tcs.BsiShopRedesign.sprint8.RenewMembership.addRenewMembershipToBasket()'><b>addRenewMembershipToBasket</b><br>Test class: com.tcs.BsiShopRedesign.sprint8.RenewMembership</td>
<td><div><pre>java.lang.AssertionError: Placing of order was unsuccesful
	at com.tcs.BsiShopRedesign.utilities.CommonHelper.reportFailure(CommonHelper.java:78)
	at com.tcs.BsiShopRedesign.pages.OrderConfirmationPage.verifyOrderSuccessMessage(OrderConfirmationPage.java:258)
	at com.tcs.BsiShopRedesign.sprint8.RenewMembership.addRenewMembershipToBasket(RenewMembership.java:80)
... Removed 25 stack frames</pre></div><a href='#' onClick='toggleBox("stack-trace638743982", this, "Click to show all stack frames", "Click to hide stack frames")'>Click to show all stack frames</a>
<div class='stack-trace' id='stack-trace638743982'><pre>java.lang.AssertionError: Placing of order was unsuccesful
	at org.testng.Assert.fail(Assert.java:94)
	at com.tcs.BsiShopRedesign.utilities.CommonHelper.reportFailure(CommonHelper.java:78)
	at com.tcs.BsiShopRedesign.pages.OrderConfirmationPage.verifyOrderSuccessMessage(OrderConfirmationPage.java:258)
	at com.tcs.BsiShopRedesign.sprint8.RenewMembership.addRenewMembershipToBasket(RenewMembership.java:80)
	at sun.reflect.NativeMethodAccessorImpl.invoke0(Native Method)
	at sun.reflect.NativeMethodAccessorImpl.invoke(NativeMethodAccessorImpl.java:62)
	at sun.reflect.DelegatingMethodAccessorImpl.invoke(DelegatingMethodAccessorImpl.java:43)
	at java.lang.reflect.Method.invoke(Method.java:498)
	at org.testng.internal.MethodInvocationHelper.invokeMethod(MethodInvocationHelper.java:85)
	at org.testng.internal.Invoker.invokeMethod(Invoker.java:639)
	at org.testng.internal.Invoker.invokeTestMethod(Invoker.java:821)
	at org.testng.internal.Invoker.invokeTestMethods(Invoker.java:1131)
	at org.testng.internal.TestMethodWorker.invokeTestMethods(TestMethodWorker.java:124)
	at org.testng.internal.TestMethodWorker.run(TestMethodWorker.java:108)
	at org.testng.TestRunner.privateRun(TestRunner.java:773)
	at org.testng.TestRunner.run(TestRunner.java:623)
	at org.testng.SuiteRunner.runTest(SuiteRunner.java:357)
	at org.testng.SuiteRunner.runSequentially(SuiteRunner.java:352)
	at org.testng.SuiteRunner.privateRun(SuiteRunner.java:310)
	at org.testng.SuiteRunner.run(SuiteRunner.java:259)
	at org.testng.SuiteRunnerWorker.runSuite(SuiteRunnerWorker.java:52)
	at org.testng.SuiteRunnerWorker.run(SuiteRunnerWorker.java:86)
	at org.testng.TestNG.runSuitesSequentially(TestNG.java:1185)
	at org.testng.TestNG.runSuitesLocally(TestNG.java:1110)
	at org.testng.TestNG.run(TestNG.java:1018)
	at org.testng.remote.AbstractRemoteTestNG.run(AbstractRemoteTestNG.java:114)
	at org.testng.remote.RemoteTestNG.initAndRun(RemoteTestNG.java:251)
	at org.testng.remote.RemoteTestNG.main(RemoteTestNG.java:77)
</pre></div></td>
<td>324</td>
<td>com.tcs.BsiShopRedesign.sprint8.RenewMembership@32eff876</td></tr>
<tr>
<td title='com.tcs.BsiShopRedesign.sprint9.ViewPDFInvoice.applyPromoCode()'><b>applyPromoCode</b><br>Test class: com.tcs.BsiShopRedesign.sprint9.ViewPDFInvoice</td>
<td><div><pre>java.lang.AssertionError: Placing of order was unsuccesful
	at com.tcs.BsiShopRedesign.utilities.CommonHelper.reportFailure(CommonHelper.java:78)
	at com.tcs.BsiShopRedesign.pages.OrderConfirmationPage.verifyOrderSuccessMessage(OrderConfirmationPage.java:258)
	at com.tcs.BsiShopRedesign.sprint9.ViewPDFInvoice.applyPromoCode(ViewPDFInvoice.java:97)
... Removed 25 stack frames</pre></div><a href='#' onClick='toggleBox("stack-trace464852114", this, "Click to show all stack frames", "Click to hide stack frames")'>Click to show all stack frames</a>
<div class='stack-trace' id='stack-trace464852114'><pre>java.lang.AssertionError: Placing of order was unsuccesful
	at org.testng.Assert.fail(Assert.java:94)
	at com.tcs.BsiShopRedesign.utilities.CommonHelper.reportFailure(CommonHelper.java:78)
	at com.tcs.BsiShopRedesign.pages.OrderConfirmationPage.verifyOrderSuccessMessage(OrderConfirmationPage.java:258)
	at com.tcs.BsiShopRedesign.sprint9.ViewPDFInvoice.applyPromoCode(ViewPDFInvoice.java:97)
	at sun.reflect.NativeMethodAccessorImpl.invoke0(Native Method)
	at sun.reflect.NativeMethodAccessorImpl.invoke(NativeMethodAccessorImpl.java:62)
	at sun.reflect.DelegatingMethodAccessorImpl.invoke(DelegatingMethodAccessorImpl.java:43)
	at java.lang.reflect.Method.invoke(Method.java:498)
	at org.testng.internal.MethodInvocationHelper.invokeMethod(MethodInvocationHelper.java:85)
	at org.testng.internal.Invoker.invokeMethod(Invoker.java:639)
	at org.testng.internal.Invoker.invokeTestMethod(Invoker.java:821)
	at org.testng.internal.Invoker.invokeTestMethods(Invoker.java:1131)
	at org.testng.internal.TestMethodWorker.invokeTestMethods(TestMethodWorker.java:124)
	at org.testng.internal.TestMethodWorker.run(TestMethodWorker.java:108)
	at org.testng.TestRunner.privateRun(TestRunner.java:773)
	at org.testng.TestRunner.run(TestRunner.java:623)
	at org.testng.SuiteRunner.runTest(SuiteRunner.java:357)
	at org.testng.SuiteRunner.runSequentially(SuiteRunner.java:352)
	at org.testng.SuiteRunner.privateRun(SuiteRunner.java:310)
	at org.testng.SuiteRunner.run(SuiteRunner.java:259)
	at org.testng.SuiteRunnerWorker.runSuite(SuiteRunnerWorker.java:52)
	at org.testng.SuiteRunnerWorker.run(SuiteRunnerWorker.java:86)
	at org.testng.TestNG.runSuitesSequentially(TestNG.java:1185)
	at org.testng.TestNG.runSuitesLocally(TestNG.java:1110)
	at org.testng.TestNG.run(TestNG.java:1018)
	at org.testng.remote.AbstractRemoteTestNG.run(AbstractRemoteTestNG.java:114)
	at org.testng.remote.RemoteTestNG.initAndRun(RemoteTestNG.java:251)
	at org.testng.remote.RemoteTestNG.main(RemoteTestNG.java:77)
</pre></div></td>
<td>423</td>
<td>com.tcs.BsiShopRedesign.sprint9.ViewPDFInvoice@694abbdc</td></tr>
<tr>
<td title='com.tcs.BsiShopRedesign.sprint3.CheckProductFeatures.checkFreeEvent()'><b>checkFreeEvent</b><br>Test class: com.tcs.BsiShopRedesign.sprint3.CheckProductFeatures</td>
<td><div><pre>java.lang.AssertionError: Free Event Price match is unsuccessful
	at com.tcs.BsiShopRedesign.utilities.CommonHelper.reportFailure(CommonHelper.java:78)
	at com.tcs.BsiShopRedesign.pages.SearchPage.checkFreeEventPrice(SearchPage.java:479)
	at com.tcs.BsiShopRedesign.sprint3.CheckProductFeatures.checkFreeEvent(CheckProductFeatures.java:36)
... Removed 25 stack frames</pre></div><a href='#' onClick='toggleBox("stack-trace1746074170", this, "Click to show all stack frames", "Click to hide stack frames")'>Click to show all stack frames</a>
<div class='stack-trace' id='stack-trace1746074170'><pre>java.lang.AssertionError: Free Event Price match is unsuccessful
	at org.testng.Assert.fail(Assert.java:94)
	at com.tcs.BsiShopRedesign.utilities.CommonHelper.reportFailure(CommonHelper.java:78)
	at com.tcs.BsiShopRedesign.pages.SearchPage.checkFreeEventPrice(SearchPage.java:479)
	at com.tcs.BsiShopRedesign.sprint3.CheckProductFeatures.checkFreeEvent(CheckProductFeatures.java:36)
	at sun.reflect.NativeMethodAccessorImpl.invoke0(Native Method)
	at sun.reflect.NativeMethodAccessorImpl.invoke(NativeMethodAccessorImpl.java:62)
	at sun.reflect.DelegatingMethodAccessorImpl.invoke(DelegatingMethodAccessorImpl.java:43)
	at java.lang.reflect.Method.invoke(Method.java:498)
	at org.testng.internal.MethodInvocationHelper.invokeMethod(MethodInvocationHelper.java:85)
	at org.testng.internal.Invoker.invokeMethod(Invoker.java:639)
	at org.testng.internal.Invoker.invokeTestMethod(Invoker.java:821)
	at org.testng.internal.Invoker.invokeTestMethods(Invoker.java:1131)
	at org.testng.internal.TestMethodWorker.invokeTestMethods(TestMethodWorker.java:124)
	at org.testng.internal.TestMethodWorker.run(TestMethodWorker.java:108)
	at org.testng.TestRunner.privateRun(TestRunner.java:773)
	at org.testng.TestRunner.run(TestRunner.java:623)
	at org.testng.SuiteRunner.runTest(SuiteRunner.java:357)
	at org.testng.SuiteRunner.runSequentially(SuiteRunner.java:352)
	at org.testng.SuiteRunner.privateRun(SuiteRunner.java:310)
	at org.testng.SuiteRunner.run(SuiteRunner.java:259)
	at org.testng.SuiteRunnerWorker.runSuite(SuiteRunnerWorker.java:52)
	at org.testng.SuiteRunnerWorker.run(SuiteRunnerWorker.java:86)
	at org.testng.TestNG.runSuitesSequentially(TestNG.java:1185)
	at org.testng.TestNG.runSuitesLocally(TestNG.java:1110)
	at org.testng.TestNG.run(TestNG.java:1018)
	at org.testng.remote.AbstractRemoteTestNG.run(AbstractRemoteTestNG.java:114)
	at org.testng.remote.RemoteTestNG.initAndRun(RemoteTestNG.java:251)
	at org.testng.remote.RemoteTestNG.main(RemoteTestNG.java:77)
</pre></div></td>
<td>32</td>
<td>com.tcs.BsiShopRedesign.sprint3.CheckProductFeatures@7334aada</td></tr>
<tr>
<td title='com.tcs.BsiShopRedesign.sprint3.CheckProductFeatures.checkPaidEvent()'><b>checkPaidEvent</b><br>Test class: com.tcs.BsiShopRedesign.sprint3.CheckProductFeatures</td>
<td><div><pre>java.lang.AssertionError: Paid Event Price match is unsuccessful
	at com.tcs.BsiShopRedesign.utilities.CommonHelper.reportFailure(CommonHelper.java:78)
	at com.tcs.BsiShopRedesign.pages.SearchPage.checkPaidEventPrice(SearchPage.java:729)
	at com.tcs.BsiShopRedesign.sprint3.CheckProductFeatures.checkPaidEvent(CheckProductFeatures.java:110)
... Removed 25 stack frames</pre></div><a href='#' onClick='toggleBox("stack-trace1792711692", this, "Click to show all stack frames", "Click to hide stack frames")'>Click to show all stack frames</a>
<div class='stack-trace' id='stack-trace1792711692'><pre>java.lang.AssertionError: Paid Event Price match is unsuccessful
	at org.testng.Assert.fail(Assert.java:94)
	at com.tcs.BsiShopRedesign.utilities.CommonHelper.reportFailure(CommonHelper.java:78)
	at com.tcs.BsiShopRedesign.pages.SearchPage.checkPaidEventPrice(SearchPage.java:729)
	at com.tcs.BsiShopRedesign.sprint3.CheckProductFeatures.checkPaidEvent(CheckProductFeatures.java:110)
	at sun.reflect.NativeMethodAccessorImpl.invoke0(Native Method)
	at sun.reflect.NativeMethodAccessorImpl.invoke(NativeMethodAccessorImpl.java:62)
	at sun.reflect.DelegatingMethodAccessorImpl.invoke(DelegatingMethodAccessorImpl.java:43)
	at java.lang.reflect.Method.invoke(Method.java:498)
	at org.testng.internal.MethodInvocationHelper.invokeMethod(MethodInvocationHelper.java:85)
	at org.testng.internal.Invoker.invokeMethod(Invoker.java:639)
	at org.testng.internal.Invoker.invokeTestMethod(Invoker.java:821)
	at org.testng.internal.Invoker.invokeTestMethods(Invoker.java:1131)
	at org.testng.internal.TestMethodWorker.invokeTestMethods(TestMethodWorker.java:124)
	at org.testng.internal.TestMethodWorker.run(TestMethodWorker.java:108)
	at org.testng.TestRunner.privateRun(TestRunner.java:773)
	at org.testng.TestRunner.run(TestRunner.java:623)
	at org.testng.SuiteRunner.runTest(SuiteRunner.java:357)
	at org.testng.SuiteRunner.runSequentially(SuiteRunner.java:352)
	at org.testng.SuiteRunner.privateRun(SuiteRunner.java:310)
	at org.testng.SuiteRunner.run(SuiteRunner.java:259)
	at org.testng.SuiteRunnerWorker.runSuite(SuiteRunnerWorker.java:52)
	at org.testng.SuiteRunnerWorker.run(SuiteRunnerWorker.java:86)
	at org.testng.TestNG.runSuitesSequentially(TestNG.java:1185)
	at org.testng.TestNG.runSuitesLocally(TestNG.java:1110)
	at org.testng.TestNG.run(TestNG.java:1018)
	at org.testng.remote.AbstractRemoteTestNG.run(AbstractRemoteTestNG.java:114)
	at org.testng.remote.RemoteTestNG.initAndRun(RemoteTestNG.java:251)
	at org.testng.remote.RemoteTestNG.main(RemoteTestNG.java:77)
</pre></div></td>
<td>42</td>
<td>com.tcs.BsiShopRedesign.sprint3.CheckProductFeatures@7334aada</td></tr>
<tr>
<td title='com.tcs.BsiShopRedesign.sprint7.CreateCheckoutBillingAddress.createBillingAddress()'><b>createBillingAddress</b><br>Test class: com.tcs.BsiShopRedesign.sprint7.CreateCheckoutBillingAddress</td>
<td><div><pre>java.lang.AssertionError: Placing of order was unsuccesful
	at com.tcs.BsiShopRedesign.utilities.CommonHelper.reportFailure(CommonHelper.java:78)
	at com.tcs.BsiShopRedesign.pages.OrderConfirmationPage.verifyOrderSuccessMessage(OrderConfirmationPage.java:258)
	at com.tcs.BsiShopRedesign.sprint7.CreateCheckoutBillingAddress.createBillingAddress(CreateCheckoutBillingAddress.java:97)
... Removed 25 stack frames</pre></div><a href='#' onClick='toggleBox("stack-trace863351064", this, "Click to show all stack frames", "Click to hide stack frames")'>Click to show all stack frames</a>
<div class='stack-trace' id='stack-trace863351064'><pre>java.lang.AssertionError: Placing of order was unsuccesful
	at org.testng.Assert.fail(Assert.java:94)
	at com.tcs.BsiShopRedesign.utilities.CommonHelper.reportFailure(CommonHelper.java:78)
	at com.tcs.BsiShopRedesign.pages.OrderConfirmationPage.verifyOrderSuccessMessage(OrderConfirmationPage.java:258)
	at com.tcs.BsiShopRedesign.sprint7.CreateCheckoutBillingAddress.createBillingAddress(CreateCheckoutBillingAddress.java:97)
	at sun.reflect.NativeMethodAccessorImpl.invoke0(Native Method)
	at sun.reflect.NativeMethodAccessorImpl.invoke(NativeMethodAccessorImpl.java:62)
	at sun.reflect.DelegatingMethodAccessorImpl.invoke(DelegatingMethodAccessorImpl.java:43)
	at java.lang.reflect.Method.invoke(Method.java:498)
	at org.testng.internal.MethodInvocationHelper.invokeMethod(MethodInvocationHelper.java:85)
	at org.testng.internal.Invoker.invokeMethod(Invoker.java:639)
	at org.testng.internal.Invoker.invokeTestMethod(Invoker.java:821)
	at org.testng.internal.Invoker.invokeTestMethods(Invoker.java:1131)
	at org.testng.internal.TestMethodWorker.invokeTestMethods(TestMethodWorker.java:124)
	at org.testng.internal.TestMethodWorker.run(TestMethodWorker.java:108)
	at org.testng.TestRunner.privateRun(TestRunner.java:773)
	at org.testng.TestRunner.run(TestRunner.java:623)
	at org.testng.SuiteRunner.runTest(SuiteRunner.java:357)
	at org.testng.SuiteRunner.runSequentially(SuiteRunner.java:352)
	at org.testng.SuiteRunner.privateRun(SuiteRunner.java:310)
	at org.testng.SuiteRunner.run(SuiteRunner.java:259)
	at org.testng.SuiteRunnerWorker.runSuite(SuiteRunnerWorker.java:52)
	at org.testng.SuiteRunnerWorker.run(SuiteRunnerWorker.java:86)
	at org.testng.TestNG.runSuitesSequentially(TestNG.java:1185)
	at org.testng.TestNG.runSuitesLocally(TestNG.java:1110)
	at org.testng.TestNG.run(TestNG.java:1018)
	at org.testng.remote.AbstractRemoteTestNG.run(AbstractRemoteTestNG.java:114)
	at org.testng.remote.RemoteTestNG.initAndRun(RemoteTestNG.java:251)
	at org.testng.remote.RemoteTestNG.main(RemoteTestNG.java:77)
</pre></div></td>
<td>339</td>
<td>com.tcs.BsiShopRedesign.sprint7.CreateCheckoutBillingAddress@5fdcaa40</td></tr>
<tr>
<td title='com.tcs.BsiShopRedesign.sprint2.DownloadMarketingMaterial.downloadPASMM()'><b>downloadPASMM</b><br>Test class: com.tcs.BsiShopRedesign.sprint2.DownloadMarketingMaterial</td>
<td><div><pre>java.lang.AssertionError: Click on Download Now was unsuccessful
	at com.tcs.BsiShopRedesign.utilities.CommonHelper.reportFailure(CommonHelper.java:78)
	at com.tcs.BsiShopRedesign.pages.DownloadMMPage.clickDownloadNow(DownloadMMPage.java:53)
	at com.tcs.BsiShopRedesign.sprint2.DownloadMarketingMaterial.downloadPASMM(DownloadMarketingMaterial.java:66)
... Removed 25 stack frames</pre></div><a href='#' onClick='toggleBox("stack-trace161938368", this, "Click to show all stack frames", "Click to hide stack frames")'>Click to show all stack frames</a>
<div class='stack-trace' id='stack-trace161938368'><pre>java.lang.AssertionError: Click on Download Now was unsuccessful
	at org.testng.Assert.fail(Assert.java:94)
	at com.tcs.BsiShopRedesign.utilities.CommonHelper.reportFailure(CommonHelper.java:78)
	at com.tcs.BsiShopRedesign.pages.DownloadMMPage.clickDownloadNow(DownloadMMPage.java:53)
	at com.tcs.BsiShopRedesign.sprint2.DownloadMarketingMaterial.downloadPASMM(DownloadMarketingMaterial.java:66)
	at sun.reflect.NativeMethodAccessorImpl.invoke0(Native Method)
	at sun.reflect.NativeMethodAccessorImpl.invoke(NativeMethodAccessorImpl.java:62)
	at sun.reflect.DelegatingMethodAccessorImpl.invoke(DelegatingMethodAccessorImpl.java:43)
	at java.lang.reflect.Method.invoke(Method.java:498)
	at org.testng.internal.MethodInvocationHelper.invokeMethod(MethodInvocationHelper.java:85)
	at org.testng.internal.Invoker.invokeMethod(Invoker.java:639)
	at org.testng.internal.Invoker.invokeTestMethod(Invoker.java:821)
	at org.testng.internal.Invoker.invokeTestMethods(Invoker.java:1131)
	at org.testng.internal.TestMethodWorker.invokeTestMethods(TestMethodWorker.java:124)
	at org.testng.internal.TestMethodWorker.run(TestMethodWorker.java:108)
	at org.testng.TestRunner.privateRun(TestRunner.java:773)
	at org.testng.TestRunner.run(TestRunner.java:623)
	at org.testng.SuiteRunner.runTest(SuiteRunner.java:357)
	at org.testng.SuiteRunner.runSequentially(SuiteRunner.java:352)
	at org.testng.SuiteRunner.privateRun(SuiteRunner.java:310)
	at org.testng.SuiteRunner.run(SuiteRunner.java:259)
	at org.testng.SuiteRunnerWorker.runSuite(SuiteRunnerWorker.java:52)
	at org.testng.SuiteRunnerWorker.run(SuiteRunnerWorker.java:86)
	at org.testng.TestNG.runSuitesSequentially(TestNG.java:1185)
	at org.testng.TestNG.runSuitesLocally(TestNG.java:1110)
	at org.testng.TestNG.run(TestNG.java:1018)
	at org.testng.remote.AbstractRemoteTestNG.run(AbstractRemoteTestNG.java:114)
	at org.testng.remote.RemoteTestNG.initAndRun(RemoteTestNG.java:251)
	at org.testng.remote.RemoteTestNG.main(RemoteTestNG.java:77)
</pre></div></td>
<td>32</td>
<td>com.tcs.BsiShopRedesign.sprint2.DownloadMarketingMaterial@59fd97a8</td></tr>
<tr>
<td title='com.tcs.BsiShopRedesign.sprint8.SoftCopyDownloads.downloadSoftCopyfromOrderCofirmationPage()'><b>downloadSoftCopyfromOrderCofirmationPage</b><br>Test class: com.tcs.BsiShopRedesign.sprint8.SoftCopyDownloads</td>
<td><div><pre>java.lang.AssertionError: File Not Found
	at com.tcs.BsiShopRedesign.utilities.CommonHelper.reportFailure(CommonHelper.java:78)
	at com.tcs.BsiShopRedesign.pages.OrderConfirmationPage.verifyExpectedFileName(OrderConfirmationPage.java:189)
	at com.tcs.BsiShopRedesign.pages.OrderConfirmationPage.downloadVerifySoftCopyDocuments(OrderConfirmationPage.java:54)
	at com.tcs.BsiShopRedesign.sprint8.SoftCopyDownloads.downloadSoftCopyfromOrderCofirmationPage(SoftCopyDownloads.java:119)
... Removed 25 stack frames</pre></div><a href='#' onClick='toggleBox("stack-trace1892646174", this, "Click to show all stack frames", "Click to hide stack frames")'>Click to show all stack frames</a>
<div class='stack-trace' id='stack-trace1892646174'><pre>java.lang.AssertionError: File Not Found
	at org.testng.Assert.fail(Assert.java:94)
	at com.tcs.BsiShopRedesign.utilities.CommonHelper.reportFailure(CommonHelper.java:78)
	at com.tcs.BsiShopRedesign.pages.OrderConfirmationPage.verifyExpectedFileName(OrderConfirmationPage.java:189)
	at com.tcs.BsiShopRedesign.pages.OrderConfirmationPage.downloadVerifySoftCopyDocuments(OrderConfirmationPage.java:54)
	at com.tcs.BsiShopRedesign.sprint8.SoftCopyDownloads.downloadSoftCopyfromOrderCofirmationPage(SoftCopyDownloads.java:119)
	at sun.reflect.NativeMethodAccessorImpl.invoke0(Native Method)
	at sun.reflect.NativeMethodAccessorImpl.invoke(NativeMethodAccessorImpl.java:62)
	at sun.reflect.DelegatingMethodAccessorImpl.invoke(DelegatingMethodAccessorImpl.java:43)
	at java.lang.reflect.Method.invoke(Method.java:498)
	at org.testng.internal.MethodInvocationHelper.invokeMethod(MethodInvocationHelper.java:85)
	at org.testng.internal.Invoker.invokeMethod(Invoker.java:639)
	at org.testng.internal.Invoker.invokeTestMethod(Invoker.java:821)
	at org.testng.internal.Invoker.invokeTestMethods(Invoker.java:1131)
	at org.testng.internal.TestMethodWorker.invokeTestMethods(TestMethodWorker.java:124)
	at org.testng.internal.TestMethodWorker.run(TestMethodWorker.java:108)
	at org.testng.TestRunner.privateRun(TestRunner.java:773)
	at org.testng.TestRunner.run(TestRunner.java:623)
	at org.testng.SuiteRunner.runTest(SuiteRunner.java:357)
	at org.testng.SuiteRunner.runSequentially(SuiteRunner.java:352)
	at org.testng.SuiteRunner.privateRun(SuiteRunner.java:310)
	at org.testng.SuiteRunner.run(SuiteRunner.java:259)
	at org.testng.SuiteRunnerWorker.runSuite(SuiteRunnerWorker.java:52)
	at org.testng.SuiteRunnerWorker.run(SuiteRunnerWorker.java:86)
	at org.testng.TestNG.runSuitesSequentially(TestNG.java:1185)
	at org.testng.TestNG.runSuitesLocally(TestNG.java:1110)
	at org.testng.TestNG.run(TestNG.java:1018)
	at org.testng.remote.AbstractRemoteTestNG.run(AbstractRemoteTestNG.java:114)
	at org.testng.remote.RemoteTestNG.initAndRun(RemoteTestNG.java:251)
	at org.testng.remote.RemoteTestNG.main(RemoteTestNG.java:77)
</pre></div></td>
<td>184</td>
<td>com.tcs.BsiShopRedesign.sprint8.SoftCopyDownloads@8dbdac1</td></tr>
<tr>
<td title='com.tcs.BsiShopRedesign.sprint8.SoftCopyDownloads.downloadSoftCopyfromOrderHistoryPage()'><b>downloadSoftCopyfromOrderHistoryPage</b><br>Test class: com.tcs.BsiShopRedesign.sprint8.SoftCopyDownloads</td>
<td><div><pre>java.lang.AssertionError: File Not Found
	at com.tcs.BsiShopRedesign.utilities.CommonHelper.reportFailure(CommonHelper.java:78)
	at com.tcs.BsiShopRedesign.pages.OrderHistoryPage.verifyExpectedFileName(OrderHistoryPage.java:123)
	at com.tcs.BsiShopRedesign.pages.OrderHistoryPage.downloadAndVerifySoftCopy(OrderHistoryPage.java:78)
	at com.tcs.BsiShopRedesign.sprint8.SoftCopyDownloads.downloadSoftCopyfromOrderHistoryPage(SoftCopyDownloads.java:162)
... Removed 25 stack frames</pre></div><a href='#' onClick='toggleBox("stack-trace1582571257", this, "Click to show all stack frames", "Click to hide stack frames")'>Click to show all stack frames</a>
<div class='stack-trace' id='stack-trace1582571257'><pre>java.lang.AssertionError: File Not Found
	at org.testng.Assert.fail(Assert.java:94)
	at com.tcs.BsiShopRedesign.utilities.CommonHelper.reportFailure(CommonHelper.java:78)
	at com.tcs.BsiShopRedesign.pages.OrderHistoryPage.verifyExpectedFileName(OrderHistoryPage.java:123)
	at com.tcs.BsiShopRedesign.pages.OrderHistoryPage.downloadAndVerifySoftCopy(OrderHistoryPage.java:78)
	at com.tcs.BsiShopRedesign.sprint8.SoftCopyDownloads.downloadSoftCopyfromOrderHistoryPage(SoftCopyDownloads.java:162)
	at sun.reflect.NativeMethodAccessorImpl.invoke0(Native Method)
	at sun.reflect.NativeMethodAccessorImpl.invoke(NativeMethodAccessorImpl.java:62)
	at sun.reflect.DelegatingMethodAccessorImpl.invoke(DelegatingMethodAccessorImpl.java:43)
	at java.lang.reflect.Method.invoke(Method.java:498)
	at org.testng.internal.MethodInvocationHelper.invokeMethod(MethodInvocationHelper.java:85)
	at org.testng.internal.Invoker.invokeMethod(Invoker.java:639)
	at org.testng.internal.Invoker.invokeTestMethod(Invoker.java:821)
	at org.testng.internal.Invoker.invokeTestMethods(Invoker.java:1131)
	at org.testng.internal.TestMethodWorker.invokeTestMethods(TestMethodWorker.java:124)
	at org.testng.internal.TestMethodWorker.run(TestMethodWorker.java:108)
	at org.testng.TestRunner.privateRun(TestRunner.java:773)
	at org.testng.TestRunner.run(TestRunner.java:623)
	at org.testng.SuiteRunner.runTest(SuiteRunner.java:357)
	at org.testng.SuiteRunner.runSequentially(SuiteRunner.java:352)
	at org.testng.SuiteRunner.privateRun(SuiteRunner.java:310)
	at org.testng.SuiteRunner.run(SuiteRunner.java:259)
	at org.testng.SuiteRunnerWorker.runSuite(SuiteRunnerWorker.java:52)
	at org.testng.SuiteRunnerWorker.run(SuiteRunnerWorker.java:86)
	at org.testng.TestNG.runSuitesSequentially(TestNG.java:1185)
	at org.testng.TestNG.runSuitesLocally(TestNG.java:1110)
	at org.testng.TestNG.run(TestNG.java:1018)
	at org.testng.remote.AbstractRemoteTestNG.run(AbstractRemoteTestNG.java:114)
	at org.testng.remote.RemoteTestNG.initAndRun(RemoteTestNG.java:251)
	at org.testng.remote.RemoteTestNG.main(RemoteTestNG.java:77)
</pre></div></td>
<td>17</td>
<td>com.tcs.BsiShopRedesign.sprint8.SoftCopyDownloads@8dbdac1</td></tr>
<tr>
<td title='com.tcs.BsiShopRedesign.sprint9.PayByInvoice.payByInvoiceOrder()'><b>payByInvoiceOrder</b><br>Test class: com.tcs.BsiShopRedesign.sprint9.PayByInvoice</td>
<td><div><pre>java.lang.AssertionError: Add Second PDF product to Basket was unsuccessful
	at com.tcs.BsiShopRedesign.utilities.CommonHelper.reportFailure(CommonHelper.java:78)
	at com.tcs.BsiShopRedesign.pages.SearchPage.clickAddToBasketAgain(SearchPage.java:873)
	at com.tcs.BsiShopRedesign.sprint9.PayByInvoice.payByInvoiceOrder(PayByInvoice.java:73)
... Removed 25 stack frames</pre></div><a href='#' onClick='toggleBox("stack-trace1981414375", this, "Click to show all stack frames", "Click to hide stack frames")'>Click to show all stack frames</a>
<div class='stack-trace' id='stack-trace1981414375'><pre>java.lang.AssertionError: Add Second PDF product to Basket was unsuccessful
	at org.testng.Assert.fail(Assert.java:94)
	at com.tcs.BsiShopRedesign.utilities.CommonHelper.reportFailure(CommonHelper.java:78)
	at com.tcs.BsiShopRedesign.pages.SearchPage.clickAddToBasketAgain(SearchPage.java:873)
	at com.tcs.BsiShopRedesign.sprint9.PayByInvoice.payByInvoiceOrder(PayByInvoice.java:73)
	at sun.reflect.NativeMethodAccessorImpl.invoke0(Native Method)
	at sun.reflect.NativeMethodAccessorImpl.invoke(NativeMethodAccessorImpl.java:62)
	at sun.reflect.DelegatingMethodAccessorImpl.invoke(DelegatingMethodAccessorImpl.java:43)
	at java.lang.reflect.Method.invoke(Method.java:498)
	at org.testng.internal.MethodInvocationHelper.invokeMethod(MethodInvocationHelper.java:85)
	at org.testng.internal.Invoker.invokeMethod(Invoker.java:639)
	at org.testng.internal.Invoker.invokeTestMethod(Invoker.java:821)
	at org.testng.internal.Invoker.invokeTestMethods(Invoker.java:1131)
	at org.testng.internal.TestMethodWorker.invokeTestMethods(TestMethodWorker.java:124)
	at org.testng.internal.TestMethodWorker.run(TestMethodWorker.java:108)
	at org.testng.TestRunner.privateRun(TestRunner.java:773)
	at org.testng.TestRunner.run(TestRunner.java:623)
	at org.testng.SuiteRunner.runTest(SuiteRunner.java:357)
	at org.testng.SuiteRunner.runSequentially(SuiteRunner.java:352)
	at org.testng.SuiteRunner.privateRun(SuiteRunner.java:310)
	at org.testng.SuiteRunner.run(SuiteRunner.java:259)
	at org.testng.SuiteRunnerWorker.runSuite(SuiteRunnerWorker.java:52)
	at org.testng.SuiteRunnerWorker.run(SuiteRunnerWorker.java:86)
	at org.testng.TestNG.runSuitesSequentially(TestNG.java:1185)
	at org.testng.TestNG.runSuitesLocally(TestNG.java:1110)
	at org.testng.TestNG.run(TestNG.java:1018)
	at org.testng.remote.AbstractRemoteTestNG.run(AbstractRemoteTestNG.java:114)
	at org.testng.remote.RemoteTestNG.initAndRun(RemoteTestNG.java:251)
	at org.testng.remote.RemoteTestNG.main(RemoteTestNG.java:77)
</pre></div></td>
<td>29</td>
<td>com.tcs.BsiShopRedesign.sprint9.PayByInvoice@74e52303</td></tr>
<tr>
<td title='com.tcs.BsiShopRedesign.sprint1.SCRProductsUpdateBasket.productUpdateBasket()'><b>productUpdateBasket</b><br>Test class: com.tcs.BsiShopRedesign.sprint1.SCRProductsUpdateBasket<br>Parameters: {Runmode=Y, Product_name=Pas 2030 Online, Browser=Chrome}</td>
<td><div><pre>java.lang.AssertionError: Search and Update SCR Products was unsuccessful
	at com.tcs.BsiShopRedesign.utilities.CommonHelper.reportFailure(CommonHelper.java:78)
	at com.tcs.BsiShopRedesign.sprint1.SCRProductsUpdateBasket.productUpdateBasket(SCRProductsUpdateBasket.java:114)
... Removed 25 stack frames</pre></div><a href='#' onClick='toggleBox("stack-trace1732410217", this, "Click to show all stack frames", "Click to hide stack frames")'>Click to show all stack frames</a>
<div class='stack-trace' id='stack-trace1732410217'><pre>java.lang.AssertionError: Search and Update SCR Products was unsuccessful
	at org.testng.Assert.fail(Assert.java:94)
	at com.tcs.BsiShopRedesign.utilities.CommonHelper.reportFailure(CommonHelper.java:78)
	at com.tcs.BsiShopRedesign.sprint1.SCRProductsUpdateBasket.productUpdateBasket(SCRProductsUpdateBasket.java:114)
	at sun.reflect.NativeMethodAccessorImpl.invoke0(Native Method)
	at sun.reflect.NativeMethodAccessorImpl.invoke(NativeMethodAccessorImpl.java:62)
	at sun.reflect.DelegatingMethodAccessorImpl.invoke(DelegatingMethodAccessorImpl.java:43)
	at java.lang.reflect.Method.invoke(Method.java:498)
	at org.testng.internal.MethodInvocationHelper.invokeMethod(MethodInvocationHelper.java:85)
	at org.testng.internal.Invoker.invokeMethod(Invoker.java:639)
	at org.testng.internal.Invoker.invokeTestMethod(Invoker.java:821)
	at org.testng.internal.Invoker.invokeTestMethods(Invoker.java:1131)
	at org.testng.internal.TestMethodWorker.invokeTestMethods(TestMethodWorker.java:124)
	at org.testng.internal.TestMethodWorker.run(TestMethodWorker.java:108)
	at org.testng.TestRunner.privateRun(TestRunner.java:773)
	at org.testng.TestRunner.run(TestRunner.java:623)
	at org.testng.SuiteRunner.runTest(SuiteRunner.java:357)
	at org.testng.SuiteRunner.runSequentially(SuiteRunner.java:352)
	at org.testng.SuiteRunner.privateRun(SuiteRunner.java:310)
	at org.testng.SuiteRunner.run(SuiteRunner.java:259)
	at org.testng.SuiteRunnerWorker.runSuite(SuiteRunnerWorker.java:52)
	at org.testng.SuiteRunnerWorker.run(SuiteRunnerWorker.java:86)
	at org.testng.TestNG.runSuitesSequentially(TestNG.java:1185)
	at org.testng.TestNG.runSuitesLocally(TestNG.java:1110)
	at org.testng.TestNG.run(TestNG.java:1018)
	at org.testng.remote.AbstractRemoteTestNG.run(AbstractRemoteTestNG.java:114)
	at org.testng.remote.RemoteTestNG.initAndRun(RemoteTestNG.java:251)
	at org.testng.remote.RemoteTestNG.main(RemoteTestNG.java:77)
</pre></div></td>
<td>34</td>
<td>com.tcs.BsiShopRedesign.sprint1.SCRProductsUpdateBasket@333291e3</td></tr>
<tr>
<td title='com.tcs.BsiShopRedesign.sprint2.RegisterSubscriptions.regBSOLQuote()'><b>regBSOLQuote</b><br>Test class: com.tcs.BsiShopRedesign.sprint2.RegisterSubscriptions</td>
<td><div><pre>java.lang.AssertionError: Enter BSOL Pardot form details was unsuccessful
	at com.tcs.BsiShopRedesign.utilities.CommonHelper.reportFailure(CommonHelper.java:78)
	at com.tcs.BsiShopRedesign.pages.SubscriptionsPage.enterBSOLPardotDetails(SubscriptionsPage.java:100)
	at com.tcs.BsiShopRedesign.sprint2.RegisterSubscriptions.regBSOLQuote(RegisterSubscriptions.java:39)
... Removed 25 stack frames</pre></div><a href='#' onClick='toggleBox("stack-trace1843459456", this, "Click to show all stack frames", "Click to hide stack frames")'>Click to show all stack frames</a>
<div class='stack-trace' id='stack-trace1843459456'><pre>java.lang.AssertionError: Enter BSOL Pardot form details was unsuccessful
	at org.testng.Assert.fail(Assert.java:94)
	at com.tcs.BsiShopRedesign.utilities.CommonHelper.reportFailure(CommonHelper.java:78)
	at com.tcs.BsiShopRedesign.pages.SubscriptionsPage.enterBSOLPardotDetails(SubscriptionsPage.java:100)
	at com.tcs.BsiShopRedesign.sprint2.RegisterSubscriptions.regBSOLQuote(RegisterSubscriptions.java:39)
	at sun.reflect.NativeMethodAccessorImpl.invoke0(Native Method)
	at sun.reflect.NativeMethodAccessorImpl.invoke(NativeMethodAccessorImpl.java:62)
	at sun.reflect.DelegatingMethodAccessorImpl.invoke(DelegatingMethodAccessorImpl.java:43)
	at java.lang.reflect.Method.invoke(Method.java:498)
	at org.testng.internal.MethodInvocationHelper.invokeMethod(MethodInvocationHelper.java:85)
	at org.testng.internal.Invoker.invokeMethod(Invoker.java:639)
	at org.testng.internal.Invoker.invokeTestMethod(Invoker.java:821)
	at org.testng.internal.Invoker.invokeTestMethods(Invoker.java:1131)
	at org.testng.internal.TestMethodWorker.invokeTestMethods(TestMethodWorker.java:124)
	at org.testng.internal.TestMethodWorker.run(TestMethodWorker.java:108)
	at org.testng.TestRunner.privateRun(TestRunner.java:773)
	at org.testng.TestRunner.run(TestRunner.java:623)
	at org.testng.SuiteRunner.runTest(SuiteRunner.java:357)
	at org.testng.SuiteRunner.runSequentially(SuiteRunner.java:352)
	at org.testng.SuiteRunner.privateRun(SuiteRunner.java:310)
	at org.testng.SuiteRunner.run(SuiteRunner.java:259)
	at org.testng.SuiteRunnerWorker.runSuite(SuiteRunnerWorker.java:52)
	at org.testng.SuiteRunnerWorker.run(SuiteRunnerWorker.java:86)
	at org.testng.TestNG.runSuitesSequentially(TestNG.java:1185)
	at org.testng.TestNG.runSuitesLocally(TestNG.java:1110)
	at org.testng.TestNG.run(TestNG.java:1018)
	at org.testng.remote.AbstractRemoteTestNG.run(AbstractRemoteTestNG.java:114)
	at org.testng.remote.RemoteTestNG.initAndRun(RemoteTestNG.java:251)
	at org.testng.remote.RemoteTestNG.main(RemoteTestNG.java:77)
</pre></div></td>
<td>93</td>
<td>com.tcs.BsiShopRedesign.sprint2.RegisterSubscriptions@795cd85e</td></tr>
<tr>
<td title='com.tcs.BsiShopRedesign.sprint2.RegisterSubscriptions.regCNQuote()'><b>regCNQuote</b><br>Test class: com.tcs.BsiShopRedesign.sprint2.RegisterSubscriptions</td>
<td><div><pre>java.lang.AssertionError: Enter Pardot Form details was unsuccessful
	at com.tcs.BsiShopRedesign.utilities.CommonHelper.reportFailure(CommonHelper.java:78)
	at com.tcs.BsiShopRedesign.pages.SubscriptionsPage.enterCNPardotDetails(SubscriptionsPage.java:327)
	at com.tcs.BsiShopRedesign.sprint2.RegisterSubscriptions.regCNQuote(RegisterSubscriptions.java:74)
... Removed 25 stack frames</pre></div><a href='#' onClick='toggleBox("stack-trace693275170", this, "Click to show all stack frames", "Click to hide stack frames")'>Click to show all stack frames</a>
<div class='stack-trace' id='stack-trace693275170'><pre>java.lang.AssertionError: Enter Pardot Form details was unsuccessful
	at org.testng.Assert.fail(Assert.java:94)
	at com.tcs.BsiShopRedesign.utilities.CommonHelper.reportFailure(CommonHelper.java:78)
	at com.tcs.BsiShopRedesign.pages.SubscriptionsPage.enterCNPardotDetails(SubscriptionsPage.java:327)
	at com.tcs.BsiShopRedesign.sprint2.RegisterSubscriptions.regCNQuote(RegisterSubscriptions.java:74)
	at sun.reflect.NativeMethodAccessorImpl.invoke0(Native Method)
	at sun.reflect.NativeMethodAccessorImpl.invoke(NativeMethodAccessorImpl.java:62)
	at sun.reflect.DelegatingMethodAccessorImpl.invoke(DelegatingMethodAccessorImpl.java:43)
	at java.lang.reflect.Method.invoke(Method.java:498)
	at org.testng.internal.MethodInvocationHelper.invokeMethod(MethodInvocationHelper.java:85)
	at org.testng.internal.Invoker.invokeMethod(Invoker.java:639)
	at org.testng.internal.Invoker.invokeTestMethod(Invoker.java:821)
	at org.testng.internal.Invoker.invokeTestMethods(Invoker.java:1131)
	at org.testng.internal.TestMethodWorker.invokeTestMethods(TestMethodWorker.java:124)
	at org.testng.internal.TestMethodWorker.run(TestMethodWorker.java:108)
	at org.testng.TestRunner.privateRun(TestRunner.java:773)
	at org.testng.TestRunner.run(TestRunner.java:623)
	at org.testng.SuiteRunner.runTest(SuiteRunner.java:357)
	at org.testng.SuiteRunner.runSequentially(SuiteRunner.java:352)
	at org.testng.SuiteRunner.privateRun(SuiteRunner.java:310)
	at org.testng.SuiteRunner.run(SuiteRunner.java:259)
	at org.testng.SuiteRunnerWorker.runSuite(SuiteRunnerWorker.java:52)
	at org.testng.SuiteRunnerWorker.run(SuiteRunnerWorker.java:86)
	at org.testng.TestNG.runSuitesSequentially(TestNG.java:1185)
	at org.testng.TestNG.runSuitesLocally(TestNG.java:1110)
	at org.testng.TestNG.run(TestNG.java:1018)
	at org.testng.remote.AbstractRemoteTestNG.run(AbstractRemoteTestNG.java:114)
	at org.testng.remote.RemoteTestNG.initAndRun(RemoteTestNG.java:251)
	at org.testng.remote.RemoteTestNG.main(RemoteTestNG.java:77)
</pre></div></td>
<td>97</td>
<td>com.tcs.BsiShopRedesign.sprint2.RegisterSubscriptions@795cd85e</td></tr>
<tr>
<td title='com.tcs.BsiShopRedesign.sprint2.RegisterSubscriptions.regEurocodes()'><b>regEurocodes</b><br>Test class: com.tcs.BsiShopRedesign.sprint2.RegisterSubscriptions</td>
<td><div><pre>java.lang.AssertionError: Enter Eurocode Pardot Form details was unsuccessful
	at com.tcs.BsiShopRedesign.utilities.CommonHelper.reportFailure(CommonHelper.java:78)
	at com.tcs.BsiShopRedesign.pages.SubscriptionsPage.enterEurocodePardotDetails(SubscriptionsPage.java:467)
	at com.tcs.BsiShopRedesign.sprint2.RegisterSubscriptions.regEurocodes(RegisterSubscriptions.java:109)
... Removed 25 stack frames</pre></div><a href='#' onClick='toggleBox("stack-trace20945625", this, "Click to show all stack frames", "Click to hide stack frames")'>Click to show all stack frames</a>
<div class='stack-trace' id='stack-trace20945625'><pre>java.lang.AssertionError: Enter Eurocode Pardot Form details was unsuccessful
	at org.testng.Assert.fail(Assert.java:94)
	at com.tcs.BsiShopRedesign.utilities.CommonHelper.reportFailure(CommonHelper.java:78)
	at com.tcs.BsiShopRedesign.pages.SubscriptionsPage.enterEurocodePardotDetails(SubscriptionsPage.java:467)
	at com.tcs.BsiShopRedesign.sprint2.RegisterSubscriptions.regEurocodes(RegisterSubscriptions.java:109)
	at sun.reflect.NativeMethodAccessorImpl.invoke0(Native Method)
	at sun.reflect.NativeMethodAccessorImpl.invoke(NativeMethodAccessorImpl.java:62)
	at sun.reflect.DelegatingMethodAccessorImpl.invoke(DelegatingMethodAccessorImpl.java:43)
	at java.lang.reflect.Method.invoke(Method.java:498)
	at org.testng.internal.MethodInvocationHelper.invokeMethod(MethodInvocationHelper.java:85)
	at org.testng.internal.Invoker.invokeMethod(Invoker.java:639)
	at org.testng.internal.Invoker.invokeTestMethod(Invoker.java:821)
	at org.testng.internal.Invoker.invokeTestMethods(Invoker.java:1131)
	at org.testng.internal.TestMethodWorker.invokeTestMethods(TestMethodWorker.java:124)
	at org.testng.internal.TestMethodWorker.run(TestMethodWorker.java:108)
	at org.testng.TestRunner.privateRun(TestRunner.java:773)
	at org.testng.TestRunner.run(TestRunner.java:623)
	at org.testng.SuiteRunner.runTest(SuiteRunner.java:357)
	at org.testng.SuiteRunner.runSequentially(SuiteRunner.java:352)
	at org.testng.SuiteRunner.privateRun(SuiteRunner.java:310)
	at org.testng.SuiteRunner.run(SuiteRunner.java:259)
	at org.testng.SuiteRunnerWorker.runSuite(SuiteRunnerWorker.java:52)
	at org.testng.SuiteRunnerWorker.run(SuiteRunnerWorker.java:86)
	at org.testng.TestNG.runSuitesSequentially(TestNG.java:1185)
	at org.testng.TestNG.runSuitesLocally(TestNG.java:1110)
	at org.testng.TestNG.run(TestNG.java:1018)
	at org.testng.remote.AbstractRemoteTestNG.run(AbstractRemoteTestNG.java:114)
	at org.testng.remote.RemoteTestNG.initAndRun(RemoteTestNG.java:251)
	at org.testng.remote.RemoteTestNG.main(RemoteTestNG.java:77)
</pre></div></td>
<td>95</td>
<td>com.tcs.BsiShopRedesign.sprint2.RegisterSubscriptions@795cd85e</td></tr>
<tr>
<td title='com.tcs.BsiShopRedesign.sprint9.PreBookProducts.verifyAdavanceAccessProduct()'><b>verifyAdavanceAccessProduct</b><br>Test class: com.tcs.BsiShopRedesign.sprint9.PreBookProducts</td>
<td><div><pre>java.lang.AssertionError: Click Checkout was unsuccessful
	at com.tcs.BsiShopRedesign.utilities.CommonHelper.reportFailure(CommonHelper.java:78)
	at com.tcs.BsiShopRedesign.pages.BasketPage.clickCheckout(BasketPage.java:520)
	at com.tcs.BsiShopRedesign.sprint9.PreBookProducts.verifyAdavanceAccessProduct(PreBookProducts.java:85)
... Removed 25 stack frames</pre></div><a href='#' onClick='toggleBox("stack-trace1856738035", this, "Click to show all stack frames", "Click to hide stack frames")'>Click to show all stack frames</a>
<div class='stack-trace' id='stack-trace1856738035'><pre>java.lang.AssertionError: Click Checkout was unsuccessful
	at org.testng.Assert.fail(Assert.java:94)
	at com.tcs.BsiShopRedesign.utilities.CommonHelper.reportFailure(CommonHelper.java:78)
	at com.tcs.BsiShopRedesign.pages.BasketPage.clickCheckout(BasketPage.java:520)
	at com.tcs.BsiShopRedesign.sprint9.PreBookProducts.verifyAdavanceAccessProduct(PreBookProducts.java:85)
	at sun.reflect.NativeMethodAccessorImpl.invoke0(Native Method)
	at sun.reflect.NativeMethodAccessorImpl.invoke(NativeMethodAccessorImpl.java:62)
	at sun.reflect.DelegatingMethodAccessorImpl.invoke(DelegatingMethodAccessorImpl.java:43)
	at java.lang.reflect.Method.invoke(Method.java:498)
	at org.testng.internal.MethodInvocationHelper.invokeMethod(MethodInvocationHelper.java:85)
	at org.testng.internal.Invoker.invokeMethod(Invoker.java:639)
	at org.testng.internal.Invoker.invokeTestMethod(Invoker.java:821)
	at org.testng.internal.Invoker.invokeTestMethods(Invoker.java:1131)
	at org.testng.internal.TestMethodWorker.invokeTestMethods(TestMethodWorker.java:124)
	at org.testng.internal.TestMethodWorker.run(TestMethodWorker.java:108)
	at org.testng.TestRunner.privateRun(TestRunner.java:773)
	at org.testng.TestRunner.run(TestRunner.java:623)
	at org.testng.SuiteRunner.runTest(SuiteRunner.java:357)
	at org.testng.SuiteRunner.runSequentially(SuiteRunner.java:352)
	at org.testng.SuiteRunner.privateRun(SuiteRunner.java:310)
	at org.testng.SuiteRunner.run(SuiteRunner.java:259)
	at org.testng.SuiteRunnerWorker.runSuite(SuiteRunnerWorker.java:52)
	at org.testng.SuiteRunnerWorker.run(SuiteRunnerWorker.java:86)
	at org.testng.TestNG.runSuitesSequentially(TestNG.java:1185)
	at org.testng.TestNG.runSuitesLocally(TestNG.java:1110)
	at org.testng.TestNG.run(TestNG.java:1018)
	at org.testng.remote.AbstractRemoteTestNG.run(AbstractRemoteTestNG.java:114)
	at org.testng.remote.RemoteTestNG.initAndRun(RemoteTestNG.java:251)
	at org.testng.remote.RemoteTestNG.main(RemoteTestNG.java:77)
</pre></div></td>
<td>39</td>
<td>com.tcs.BsiShopRedesign.sprint9.PreBookProducts@47af7f3d</td></tr>
<tr>
<td title='com.tcs.BsiShopRedesign.sprint8.EditOrderDetailsFromCheckout.verifyHardCopyDeliveryDetails()'><b>verifyHardCopyDeliveryDetails</b><br>Test class: com.tcs.BsiShopRedesign.sprint8.EditOrderDetailsFromCheckout</td>
<td><div><pre>java.lang.AssertionError: Placing of order was unsuccesful
	at com.tcs.BsiShopRedesign.utilities.CommonHelper.reportFailure(CommonHelper.java:78)
	at com.tcs.BsiShopRedesign.pages.OrderConfirmationPage.verifyOrderSuccessMessage(OrderConfirmationPage.java:258)
	at com.tcs.BsiShopRedesign.sprint8.EditOrderDetailsFromCheckout.verifyHardCopyDeliveryDetails(EditOrderDetailsFromCheckout.java:110)
... Removed 25 stack frames</pre></div><a href='#' onClick='toggleBox("stack-trace996584564", this, "Click to show all stack frames", "Click to hide stack frames")'>Click to show all stack frames</a>
<div class='stack-trace' id='stack-trace996584564'><pre>java.lang.AssertionError: Placing of order was unsuccesful
	at org.testng.Assert.fail(Assert.java:94)
	at com.tcs.BsiShopRedesign.utilities.CommonHelper.reportFailure(CommonHelper.java:78)
	at com.tcs.BsiShopRedesign.pages.OrderConfirmationPage.verifyOrderSuccessMessage(OrderConfirmationPage.java:258)
	at com.tcs.BsiShopRedesign.sprint8.EditOrderDetailsFromCheckout.verifyHardCopyDeliveryDetails(EditOrderDetailsFromCheckout.java:110)
	at sun.reflect.NativeMethodAccessorImpl.invoke0(Native Method)
	at sun.reflect.NativeMethodAccessorImpl.invoke(NativeMethodAccessorImpl.java:62)
	at sun.reflect.DelegatingMethodAccessorImpl.invoke(DelegatingMethodAccessorImpl.java:43)
	at java.lang.reflect.Method.invoke(Method.java:498)
	at org.testng.internal.MethodInvocationHelper.invokeMethod(MethodInvocationHelper.java:85)
	at org.testng.internal.Invoker.invokeMethod(Invoker.java:639)
	at org.testng.internal.Invoker.invokeTestMethod(Invoker.java:821)
	at org.testng.internal.Invoker.invokeTestMethods(Invoker.java:1131)
	at org.testng.internal.TestMethodWorker.invokeTestMethods(TestMethodWorker.java:124)
	at org.testng.internal.TestMethodWorker.run(TestMethodWorker.java:108)
	at org.testng.TestRunner.privateRun(TestRunner.java:773)
	at org.testng.TestRunner.run(TestRunner.java:623)
	at org.testng.SuiteRunner.runTest(SuiteRunner.java:357)
	at org.testng.SuiteRunner.runSequentially(SuiteRunner.java:352)
	at org.testng.SuiteRunner.privateRun(SuiteRunner.java:310)
	at org.testng.SuiteRunner.run(SuiteRunner.java:259)
	at org.testng.SuiteRunnerWorker.runSuite(SuiteRunnerWorker.java:52)
	at org.testng.SuiteRunnerWorker.run(SuiteRunnerWorker.java:86)
	at org.testng.TestNG.runSuitesSequentially(TestNG.java:1185)
	at org.testng.TestNG.runSuitesLocally(TestNG.java:1110)
	at org.testng.TestNG.run(TestNG.java:1018)
	at org.testng.remote.AbstractRemoteTestNG.run(AbstractRemoteTestNG.java:114)
	at org.testng.remote.RemoteTestNG.initAndRun(RemoteTestNG.java:251)
	at org.testng.remote.RemoteTestNG.main(RemoteTestNG.java:77)
</pre></div></td>
<td>249</td>
<td>com.tcs.BsiShopRedesign.sprint8.EditOrderDetailsFromCheckout@6aba2b86</td></tr>
<tr>
<td title='com.tcs.BsiShopRedesign.sprint9.SecureAuthenticationPayment.verifyHardCopyDeliveryDetails()'><b>verifyHardCopyDeliveryDetails</b><br>Test class: com.tcs.BsiShopRedesign.sprint9.SecureAuthenticationPayment</td>
<td><div><pre>java.lang.AssertionError: Placing of order was unsuccesful
	at com.tcs.BsiShopRedesign.utilities.CommonHelper.reportFailure(CommonHelper.java:78)
	at com.tcs.BsiShopRedesign.pages.OrderConfirmationPage.verifyOrderSuccessMessage(OrderConfirmationPage.java:258)
	at com.tcs.BsiShopRedesign.sprint9.SecureAuthenticationPayment.verifyHardCopyDeliveryDetails(SecureAuthenticationPayment.java:100)
... Removed 25 stack frames</pre></div><a href='#' onClick='toggleBox("stack-trace170899621", this, "Click to show all stack frames", "Click to hide stack frames")'>Click to show all stack frames</a>
<div class='stack-trace' id='stack-trace170899621'><pre>java.lang.AssertionError: Placing of order was unsuccesful
	at org.testng.Assert.fail(Assert.java:94)
	at com.tcs.BsiShopRedesign.utilities.CommonHelper.reportFailure(CommonHelper.java:78)
	at com.tcs.BsiShopRedesign.pages.OrderConfirmationPage.verifyOrderSuccessMessage(OrderConfirmationPage.java:258)
	at com.tcs.BsiShopRedesign.sprint9.SecureAuthenticationPayment.verifyHardCopyDeliveryDetails(SecureAuthenticationPayment.java:100)
	at sun.reflect.NativeMethodAccessorImpl.invoke0(Native Method)
	at sun.reflect.NativeMethodAccessorImpl.invoke(NativeMethodAccessorImpl.java:62)
	at sun.reflect.DelegatingMethodAccessorImpl.invoke(DelegatingMethodAccessorImpl.java:43)
	at java.lang.reflect.Method.invoke(Method.java:498)
	at org.testng.internal.MethodInvocationHelper.invokeMethod(MethodInvocationHelper.java:85)
	at org.testng.internal.Invoker.invokeMethod(Invoker.java:639)
	at org.testng.internal.Invoker.invokeTestMethod(Invoker.java:821)
	at org.testng.internal.Invoker.invokeTestMethods(Invoker.java:1131)
	at org.testng.internal.TestMethodWorker.invokeTestMethods(TestMethodWorker.java:124)
	at org.testng.internal.TestMethodWorker.run(TestMethodWorker.java:108)
	at org.testng.TestRunner.privateRun(TestRunner.java:773)
	at org.testng.TestRunner.run(TestRunner.java:623)
	at org.testng.SuiteRunner.runTest(SuiteRunner.java:357)
	at org.testng.SuiteRunner.runSequentially(SuiteRunner.java:352)
	at org.testng.SuiteRunner.privateRun(SuiteRunner.java:310)
	at org.testng.SuiteRunner.run(SuiteRunner.java:259)
	at org.testng.SuiteRunnerWorker.runSuite(SuiteRunnerWorker.java:52)
	at org.testng.SuiteRunnerWorker.run(SuiteRunnerWorker.java:86)
	at org.testng.TestNG.runSuitesSequentially(TestNG.java:1185)
	at org.testng.TestNG.runSuitesLocally(TestNG.java:1110)
	at org.testng.TestNG.run(TestNG.java:1018)
	at org.testng.remote.AbstractRemoteTestNG.run(AbstractRemoteTestNG.java:114)
	at org.testng.remote.RemoteTestNG.initAndRun(RemoteTestNG.java:251)
	at org.testng.remote.RemoteTestNG.main(RemoteTestNG.java:77)
</pre></div></td>
<td>400</td>
<td>com.tcs.BsiShopRedesign.sprint9.SecureAuthenticationPayment@3bb9a3ff</td></tr>
<tr>
<td title='com.tcs.BsiShopRedesign.sprint9.CheckoutDeliveryAddress.verifyHardCopyDeliveryDetails()'><b>verifyHardCopyDeliveryDetails</b><br>Test class: com.tcs.BsiShopRedesign.sprint9.CheckoutDeliveryAddress</td>
<td><div><pre>java.lang.AssertionError: Placing of order was unsuccesful
	at com.tcs.BsiShopRedesign.utilities.CommonHelper.reportFailure(CommonHelper.java:78)
	at com.tcs.BsiShopRedesign.pages.OrderConfirmationPage.verifyOrderSuccessMessage(OrderConfirmationPage.java:258)
	at com.tcs.BsiShopRedesign.sprint9.CheckoutDeliveryAddress.verifyHardCopyDeliveryDetails(CheckoutDeliveryAddress.java:99)
... Removed 25 stack frames</pre></div><a href='#' onClick='toggleBox("stack-trace1086771695", this, "Click to show all stack frames", "Click to hide stack frames")'>Click to show all stack frames</a>
<div class='stack-trace' id='stack-trace1086771695'><pre>java.lang.AssertionError: Placing of order was unsuccesful
	at org.testng.Assert.fail(Assert.java:94)
	at com.tcs.BsiShopRedesign.utilities.CommonHelper.reportFailure(CommonHelper.java:78)
	at com.tcs.BsiShopRedesign.pages.OrderConfirmationPage.verifyOrderSuccessMessage(OrderConfirmationPage.java:258)
	at com.tcs.BsiShopRedesign.sprint9.CheckoutDeliveryAddress.verifyHardCopyDeliveryDetails(CheckoutDeliveryAddress.java:99)
	at sun.reflect.NativeMethodAccessorImpl.invoke0(Native Method)
	at sun.reflect.NativeMethodAccessorImpl.invoke(NativeMethodAccessorImpl.java:62)
	at sun.reflect.DelegatingMethodAccessorImpl.invoke(DelegatingMethodAccessorImpl.java:43)
	at java.lang.reflect.Method.invoke(Method.java:498)
	at org.testng.internal.MethodInvocationHelper.invokeMethod(MethodInvocationHelper.java:85)
	at org.testng.internal.Invoker.invokeMethod(Invoker.java:639)
	at org.testng.internal.Invoker.invokeTestMethod(Invoker.java:821)
	at org.testng.internal.Invoker.invokeTestMethods(Invoker.java:1131)
	at org.testng.internal.TestMethodWorker.invokeTestMethods(TestMethodWorker.java:124)
	at org.testng.internal.TestMethodWorker.run(TestMethodWorker.java:108)
	at org.testng.TestRunner.privateRun(TestRunner.java:773)
	at org.testng.TestRunner.run(TestRunner.java:623)
	at org.testng.SuiteRunner.runTest(SuiteRunner.java:357)
	at org.testng.SuiteRunner.runSequentially(SuiteRunner.java:352)
	at org.testng.SuiteRunner.privateRun(SuiteRunner.java:310)
	at org.testng.SuiteRunner.run(SuiteRunner.java:259)
	at org.testng.SuiteRunnerWorker.runSuite(SuiteRunnerWorker.java:52)
	at org.testng.SuiteRunnerWorker.run(SuiteRunnerWorker.java:86)
	at org.testng.TestNG.runSuitesSequentially(TestNG.java:1185)
	at org.testng.TestNG.runSuitesLocally(TestNG.java:1110)
	at org.testng.TestNG.run(TestNG.java:1018)
	at org.testng.remote.AbstractRemoteTestNG.run(AbstractRemoteTestNG.java:114)
	at org.testng.remote.RemoteTestNG.initAndRun(RemoteTestNG.java:251)
	at org.testng.remote.RemoteTestNG.main(RemoteTestNG.java:77)
</pre></div></td>
<td>416</td>
<td>com.tcs.BsiShopRedesign.sprint9.CheckoutDeliveryAddress@5af3afd9</td></tr>
<tr>
<td title='com.tcs.BsiShopRedesign.sprint9.VerifyIncorrectPaymentDetails.verifyIncorrectCardPayment()'><b>verifyIncorrectCardPayment</b><br>Test class: com.tcs.BsiShopRedesign.sprint9.VerifyIncorrectPaymentDetails</td>
<td><div><pre>java.lang.AssertionError: Click Checkout was unsuccessful
	at com.tcs.BsiShopRedesign.utilities.CommonHelper.reportFailure(CommonHelper.java:78)
	at com.tcs.BsiShopRedesign.pages.BasketPage.clickCheckout(BasketPage.java:520)
	at com.tcs.BsiShopRedesign.sprint9.VerifyIncorrectPaymentDetails.verifyIncorrectCardPayment(VerifyIncorrectPaymentDetails.java:89)
... Removed 25 stack frames</pre></div><a href='#' onClick='toggleBox("stack-trace1607671287", this, "Click to show all stack frames", "Click to hide stack frames")'>Click to show all stack frames</a>
<div class='stack-trace' id='stack-trace1607671287'><pre>java.lang.AssertionError: Click Checkout was unsuccessful
	at org.testng.Assert.fail(Assert.java:94)
	at com.tcs.BsiShopRedesign.utilities.CommonHelper.reportFailure(CommonHelper.java:78)
	at com.tcs.BsiShopRedesign.pages.BasketPage.clickCheckout(BasketPage.java:520)
	at com.tcs.BsiShopRedesign.sprint9.VerifyIncorrectPaymentDetails.verifyIncorrectCardPayment(VerifyIncorrectPaymentDetails.java:89)
	at sun.reflect.NativeMethodAccessorImpl.invoke0(Native Method)
	at sun.reflect.NativeMethodAccessorImpl.invoke(NativeMethodAccessorImpl.java:62)
	at sun.reflect.DelegatingMethodAccessorImpl.invoke(DelegatingMethodAccessorImpl.java:43)
	at java.lang.reflect.Method.invoke(Method.java:498)
	at org.testng.internal.MethodInvocationHelper.invokeMethod(MethodInvocationHelper.java:85)
	at org.testng.internal.Invoker.invokeMethod(Invoker.java:639)
	at org.testng.internal.Invoker.invokeTestMethod(Invoker.java:821)
	at org.testng.internal.Invoker.invokeTestMethods(Invoker.java:1131)
	at org.testng.internal.TestMethodWorker.invokeTestMethods(TestMethodWorker.java:124)
	at org.testng.internal.TestMethodWorker.run(TestMethodWorker.java:108)
	at org.testng.TestRunner.privateRun(TestRunner.java:773)
	at org.testng.TestRunner.run(TestRunner.java:623)
	at org.testng.SuiteRunner.runTest(SuiteRunner.java:357)
	at org.testng.SuiteRunner.runSequentially(SuiteRunner.java:352)
	at org.testng.SuiteRunner.privateRun(SuiteRunner.java:310)
	at org.testng.SuiteRunner.run(SuiteRunner.java:259)
	at org.testng.SuiteRunnerWorker.runSuite(SuiteRunnerWorker.java:52)
	at org.testng.SuiteRunnerWorker.run(SuiteRunnerWorker.java:86)
	at org.testng.TestNG.runSuitesSequentially(TestNG.java:1185)
	at org.testng.TestNG.runSuitesLocally(TestNG.java:1110)
	at org.testng.TestNG.run(TestNG.java:1018)
	at org.testng.remote.AbstractRemoteTestNG.run(AbstractRemoteTestNG.java:114)
	at org.testng.remote.RemoteTestNG.initAndRun(RemoteTestNG.java:251)
	at org.testng.remote.RemoteTestNG.main(RemoteTestNG.java:77)
</pre></div></td>
<td>86</td>
<td>com.tcs.BsiShopRedesign.sprint9.VerifyIncorrectPaymentDetails@44ebcd03</td></tr>
<tr>
<td title='com.tcs.BsiShopRedesign.sprint8.VerifyPDFPreviewing.verifyMemberLink()'><b>verifyMemberLink</b><br>Test class: com.tcs.BsiShopRedesign.sprint8.VerifyPDFPreviewing</td>
<td><div><pre>java.lang.AssertionError: File Not Found
	at com.tcs.BsiShopRedesign.utilities.CommonHelper.reportFailure(CommonHelper.java:78)
	at com.tcs.BsiShopRedesign.pages.ProductPage.verifyExpectedFileName(ProductPage.java:556)
	at com.tcs.BsiShopRedesign.pages.ProductPage.pdfSave(ProductPage.java:498)
	at com.tcs.BsiShopRedesign.pages.ProductPage.verifyPDFPreview(ProductPage.java:404)
	at com.tcs.BsiShopRedesign.sprint8.VerifyPDFPreviewing.verifyMemberLink(VerifyPDFPreviewing.java:57)
... Removed 25 stack frames</pre></div><a href='#' onClick='toggleBox("stack-trace37235503", this, "Click to show all stack frames", "Click to hide stack frames")'>Click to show all stack frames</a>
<div class='stack-trace' id='stack-trace37235503'><pre>java.lang.AssertionError: File Not Found
	at org.testng.Assert.fail(Assert.java:94)
	at com.tcs.BsiShopRedesign.utilities.CommonHelper.reportFailure(CommonHelper.java:78)
	at com.tcs.BsiShopRedesign.pages.ProductPage.verifyExpectedFileName(ProductPage.java:556)
	at com.tcs.BsiShopRedesign.pages.ProductPage.pdfSave(ProductPage.java:498)
	at com.tcs.BsiShopRedesign.pages.ProductPage.verifyPDFPreview(ProductPage.java:404)
	at com.tcs.BsiShopRedesign.sprint8.VerifyPDFPreviewing.verifyMemberLink(VerifyPDFPreviewing.java:57)
	at sun.reflect.NativeMethodAccessorImpl.invoke0(Native Method)
	at sun.reflect.NativeMethodAccessorImpl.invoke(NativeMethodAccessorImpl.java:62)
	at sun.reflect.DelegatingMethodAccessorImpl.invoke(DelegatingMethodAccessorImpl.java:43)
	at java.lang.reflect.Method.invoke(Method.java:498)
	at org.testng.internal.MethodInvocationHelper.invokeMethod(MethodInvocationHelper.java:85)
	at org.testng.internal.Invoker.invokeMethod(Invoker.java:639)
	at org.testng.internal.Invoker.invokeTestMethod(Invoker.java:821)
	at org.testng.internal.Invoker.invokeTestMethods(Invoker.java:1131)
	at org.testng.internal.TestMethodWorker.invokeTestMethods(TestMethodWorker.java:124)
	at org.testng.internal.TestMethodWorker.run(TestMethodWorker.java:108)
	at org.testng.TestRunner.privateRun(TestRunner.java:773)
	at org.testng.TestRunner.run(TestRunner.java:623)
	at org.testng.SuiteRunner.runTest(SuiteRunner.java:357)
	at org.testng.SuiteRunner.runSequentially(SuiteRunner.java:352)
	at org.testng.SuiteRunner.privateRun(SuiteRunner.java:310)
	at org.testng.SuiteRunner.run(SuiteRunner.java:259)
	at org.testng.SuiteRunnerWorker.runSuite(SuiteRunnerWorker.java:52)
	at org.testng.SuiteRunnerWorker.run(SuiteRunnerWorker.java:86)
	at org.testng.TestNG.runSuitesSequentially(TestNG.java:1185)
	at org.testng.TestNG.runSuitesLocally(TestNG.java:1110)
	at org.testng.TestNG.run(TestNG.java:1018)
	at org.testng.remote.AbstractRemoteTestNG.run(AbstractRemoteTestNG.java:114)
	at org.testng.remote.RemoteTestNG.initAndRun(RemoteTestNG.java:251)
	at org.testng.remote.RemoteTestNG.main(RemoteTestNG.java:77)
</pre></div></td>
<td>32</td>
<td>com.tcs.BsiShopRedesign.sprint8.VerifyPDFPreviewing@3ce1e309</td></tr>
<tr>
<td title='com.tcs.BsiShopRedesign.sprint7.VerifyMemberDiscount.verifyMemberPrice()'><b>verifyMemberPrice</b><br>Test class: com.tcs.BsiShopRedesign.sprint7.VerifyMemberDiscount</td>
<td><div><pre>java.lang.AssertionError: Verification of Member Price was unsuccessful
	at com.tcs.BsiShopRedesign.utilities.CommonHelper.reportFailure(CommonHelper.java:78)
	at com.tcs.BsiShopRedesign.sprint7.VerifyMemberDiscount.verifyMemberPrice(VerifyMemberDiscount.java:142)
... Removed 25 stack frames</pre></div><a href='#' onClick='toggleBox("stack-trace1270823096", this, "Click to show all stack frames", "Click to hide stack frames")'>Click to show all stack frames</a>
<div class='stack-trace' id='stack-trace1270823096'><pre>java.lang.AssertionError: Verification of Member Price was unsuccessful
	at org.testng.Assert.fail(Assert.java:94)
	at com.tcs.BsiShopRedesign.utilities.CommonHelper.reportFailure(CommonHelper.java:78)
	at com.tcs.BsiShopRedesign.sprint7.VerifyMemberDiscount.verifyMemberPrice(VerifyMemberDiscount.java:142)
	at sun.reflect.NativeMethodAccessorImpl.invoke0(Native Method)
	at sun.reflect.NativeMethodAccessorImpl.invoke(NativeMethodAccessorImpl.java:62)
	at sun.reflect.DelegatingMethodAccessorImpl.invoke(DelegatingMethodAccessorImpl.java:43)
	at java.lang.reflect.Method.invoke(Method.java:498)
	at org.testng.internal.MethodInvocationHelper.invokeMethod(MethodInvocationHelper.java:85)
	at org.testng.internal.Invoker.invokeMethod(Invoker.java:639)
	at org.testng.internal.Invoker.invokeTestMethod(Invoker.java:821)
	at org.testng.internal.Invoker.invokeTestMethods(Invoker.java:1131)
	at org.testng.internal.TestMethodWorker.invokeTestMethods(TestMethodWorker.java:124)
	at org.testng.internal.TestMethodWorker.run(TestMethodWorker.java:108)
	at org.testng.TestRunner.privateRun(TestRunner.java:773)
	at org.testng.TestRunner.run(TestRunner.java:623)
	at org.testng.SuiteRunner.runTest(SuiteRunner.java:357)
	at org.testng.SuiteRunner.runSequentially(SuiteRunner.java:352)
	at org.testng.SuiteRunner.privateRun(SuiteRunner.java:310)
	at org.testng.SuiteRunner.run(SuiteRunner.java:259)
	at org.testng.SuiteRunnerWorker.runSuite(SuiteRunnerWorker.java:52)
	at org.testng.SuiteRunnerWorker.run(SuiteRunnerWorker.java:86)
	at org.testng.TestNG.runSuitesSequentially(TestNG.java:1185)
	at org.testng.TestNG.runSuitesLocally(TestNG.java:1110)
	at org.testng.TestNG.run(TestNG.java:1018)
	at org.testng.remote.AbstractRemoteTestNG.run(AbstractRemoteTestNG.java:114)
	at org.testng.remote.RemoteTestNG.initAndRun(RemoteTestNG.java:251)
	at org.testng.remote.RemoteTestNG.main(RemoteTestNG.java:77)
</pre></div></td>
<td>120</td>
<td>com.tcs.BsiShopRedesign.sprint7.VerifyMemberDiscount@7fa98a66</td></tr>
<tr>
<td title='com.tcs.BsiShopRedesign.sprint9.VerifyDifferentProductType.verifyPAS2030ProductDetails()'><b>verifyPAS2030ProductDetails</b><br>Test class: com.tcs.BsiShopRedesign.sprint9.VerifyDifferentProductType</td>
<td><div><pre>java.lang.AssertionError: Unable to locate element: Pas 2030 Online
For documentation on this error, please visit: http://seleniumhq.org/exceptions/no_such_element.html
Build info: version: &apos;3.8.0&apos;, revision: &apos;924c4067df&apos;, time: &apos;2017-11-30T11:20:39.408Z&apos;
System info: host: &apos;ShopRedesign04&apos;, ip: &apos;10.0.9.7&apos;, os.name: &apos;Windows Server 2012 R2&apos;, os.arch: &apos;amd64&apos;, os.version: &apos;6.3&apos;, java.version: &apos;1.8.0_171&apos;
Driver info: org.openqa.selenium.firefox.FirefoxDriver
Capabilities {acceptInsecureCerts: true, browserName: firefox, browserVersion: 61.0, javascriptEnabled: true, moz:accessibilityChecks: false, moz:headless: false, moz:processID: 332, moz:profile: C:\Users\shopqa\AppData\Loc..., moz:useNonSpecCompliantPointerOrigin: false, moz:webdriverClick: true, pageLoadStrategy: normal, platform: XP, platformName: XP, platformVersion: 6.3, rotatable: false, timeouts: {implicit: 0, pageLoad: 300000, script: 30000}}
Session ID: d8550b7e-6c10-4a0b-9bfb-a54b0b3b0be5
*** Element info: {Using=link text, value=Pas 2030 Online}
	at com.tcs.BsiShopRedesign.sprint9.VerifyDifferentProductType.verifyPAS2030ProductDetails(VerifyDifferentProductType.java:160)
... Removed 25 stack frames</pre></div><a href='#' onClick='toggleBox("stack-trace2045671324", this, "Click to show all stack frames", "Click to hide stack frames")'>Click to show all stack frames</a>
<div class='stack-trace' id='stack-trace2045671324'><pre>java.lang.AssertionError: Unable to locate element: Pas 2030 Online
For documentation on this error, please visit: http://seleniumhq.org/exceptions/no_such_element.html
Build info: version: &apos;3.8.0&apos;, revision: &apos;924c4067df&apos;, time: &apos;2017-11-30T11:20:39.408Z&apos;
System info: host: &apos;ShopRedesign04&apos;, ip: &apos;10.0.9.7&apos;, os.name: &apos;Windows Server 2012 R2&apos;, os.arch: &apos;amd64&apos;, os.version: &apos;6.3&apos;, java.version: &apos;1.8.0_171&apos;
Driver info: org.openqa.selenium.firefox.FirefoxDriver
Capabilities {acceptInsecureCerts: true, browserName: firefox, browserVersion: 61.0, javascriptEnabled: true, moz:accessibilityChecks: false, moz:headless: false, moz:processID: 332, moz:profile: C:\Users\shopqa\AppData\Loc..., moz:useNonSpecCompliantPointerOrigin: false, moz:webdriverClick: true, pageLoadStrategy: normal, platform: XP, platformName: XP, platformVersion: 6.3, rotatable: false, timeouts: {implicit: 0, pageLoad: 300000, script: 30000}}
Session ID: d8550b7e-6c10-4a0b-9bfb-a54b0b3b0be5
*** Element info: {Using=link text, value=Pas 2030 Online}
	at org.testng.Assert.fail(Assert.java:94)
	at com.tcs.BsiShopRedesign.sprint9.VerifyDifferentProductType.verifyPAS2030ProductDetails(VerifyDifferentProductType.java:160)
	at sun.reflect.NativeMethodAccessorImpl.invoke0(Native Method)
	at sun.reflect.NativeMethodAccessorImpl.invoke(NativeMethodAccessorImpl.java:62)
	at sun.reflect.DelegatingMethodAccessorImpl.invoke(DelegatingMethodAccessorImpl.java:43)
	at java.lang.reflect.Method.invoke(Method.java:498)
	at org.testng.internal.MethodInvocationHelper.invokeMethod(MethodInvocationHelper.java:85)
	at org.testng.internal.Invoker.invokeMethod(Invoker.java:639)
	at org.testng.internal.Invoker.invokeTestMethod(Invoker.java:821)
	at org.testng.internal.Invoker.invokeTestMethods(Invoker.java:1131)
	at org.testng.internal.TestMethodWorker.invokeTestMethods(TestMethodWorker.java:124)
	at org.testng.internal.TestMethodWorker.run(TestMethodWorker.java:108)
	at org.testng.TestRunner.privateRun(TestRunner.java:773)
	at org.testng.TestRunner.run(TestRunner.java:623)
	at org.testng.SuiteRunner.runTest(SuiteRunner.java:357)
	at org.testng.SuiteRunner.runSequentially(SuiteRunner.java:352)
	at org.testng.SuiteRunner.privateRun(SuiteRunner.java:310)
	at org.testng.SuiteRunner.run(SuiteRunner.java:259)
	at org.testng.SuiteRunnerWorker.runSuite(SuiteRunnerWorker.java:52)
	at org.testng.SuiteRunnerWorker.run(SuiteRunnerWorker.java:86)
	at org.testng.TestNG.runSuitesSequentially(TestNG.java:1185)
	at org.testng.TestNG.runSuitesLocally(TestNG.java:1110)
	at org.testng.TestNG.run(TestNG.java:1018)
	at org.testng.remote.AbstractRemoteTestNG.run(AbstractRemoteTestNG.java:114)
	at org.testng.remote.RemoteTestNG.initAndRun(RemoteTestNG.java:251)
	at org.testng.remote.RemoteTestNG.main(RemoteTestNG.java:77)
</pre></div></td>
<td>32</td>
<td>com.tcs.BsiShopRedesign.sprint9.VerifyDifferentProductType@661972b0</td></tr>
<tr>
<td title='com.tcs.BsiShopRedesign.sprint9.PayByInvoice.verifyPayByInvoiceErrorMsg()'><b>verifyPayByInvoiceErrorMsg</b><br>Test class: com.tcs.BsiShopRedesign.sprint9.PayByInvoice</td>
<td><div><pre>java.lang.AssertionError: Pay By Invoice Insufficient balance error message verificiaiton was unsuccesful
	at com.tcs.BsiShopRedesign.utilities.CommonHelper.reportFailure(CommonHelper.java:78)
	at com.tcs.BsiShopRedesign.pages.CheckoutPage.insufficientBalInvoice(CheckoutPage.java:1058)
	at com.tcs.BsiShopRedesign.sprint9.PayByInvoice.verifyPayByInvoiceErrorMsg(PayByInvoice.java:176)
... Removed 25 stack frames</pre></div><a href='#' onClick='toggleBox("stack-trace232382051", this, "Click to show all stack frames", "Click to hide stack frames")'>Click to show all stack frames</a>
<div class='stack-trace' id='stack-trace232382051'><pre>java.lang.AssertionError: Pay By Invoice Insufficient balance error message verificiaiton was unsuccesful
	at org.testng.Assert.fail(Assert.java:94)
	at com.tcs.BsiShopRedesign.utilities.CommonHelper.reportFailure(CommonHelper.java:78)
	at com.tcs.BsiShopRedesign.pages.CheckoutPage.insufficientBalInvoice(CheckoutPage.java:1058)
	at com.tcs.BsiShopRedesign.sprint9.PayByInvoice.verifyPayByInvoiceErrorMsg(PayByInvoice.java:176)
	at sun.reflect.NativeMethodAccessorImpl.invoke0(Native Method)
	at sun.reflect.NativeMethodAccessorImpl.invoke(NativeMethodAccessorImpl.java:62)
	at sun.reflect.DelegatingMethodAccessorImpl.invoke(DelegatingMethodAccessorImpl.java:43)
	at java.lang.reflect.Method.invoke(Method.java:498)
	at org.testng.internal.MethodInvocationHelper.invokeMethod(MethodInvocationHelper.java:85)
	at org.testng.internal.Invoker.invokeMethod(Invoker.java:639)
	at org.testng.internal.Invoker.invokeTestMethod(Invoker.java:821)
	at org.testng.internal.Invoker.invokeTestMethods(Invoker.java:1131)
	at org.testng.internal.TestMethodWorker.invokeTestMethods(TestMethodWorker.java:124)
	at org.testng.internal.TestMethodWorker.run(TestMethodWorker.java:108)
	at org.testng.TestRunner.privateRun(TestRunner.java:773)
	at org.testng.TestRunner.run(TestRunner.java:623)
	at org.testng.SuiteRunner.runTest(SuiteRunner.java:357)
	at org.testng.SuiteRunner.runSequentially(SuiteRunner.java:352)
	at org.testng.SuiteRunner.privateRun(SuiteRunner.java:310)
	at org.testng.SuiteRunner.run(SuiteRunner.java:259)
	at org.testng.SuiteRunnerWorker.runSuite(SuiteRunnerWorker.java:52)
	at org.testng.SuiteRunnerWorker.run(SuiteRunnerWorker.java:86)
	at org.testng.TestNG.runSuitesSequentially(TestNG.java:1185)
	at org.testng.TestNG.runSuitesLocally(TestNG.java:1110)
	at org.testng.TestNG.run(TestNG.java:1018)
	at org.testng.remote.AbstractRemoteTestNG.run(AbstractRemoteTestNG.java:114)
	at org.testng.remote.RemoteTestNG.initAndRun(RemoteTestNG.java:251)
	at org.testng.remote.RemoteTestNG.main(RemoteTestNG.java:77)
</pre></div></td>
<td>393</td>
<td>com.tcs.BsiShopRedesign.sprint9.PayByInvoice@74e52303</td></tr>
<tr>
<td title='com.tcs.BsiShopRedesign.sprint9.PreBookProducts.verifyPreOrderProduct()'><b>verifyPreOrderProduct</b><br>Test class: com.tcs.BsiShopRedesign.sprint9.PreBookProducts</td>
<td><div><pre>java.lang.AssertionError: Verification and Placing order of Pre Order Product was unsuccessful
	at com.tcs.BsiShopRedesign.utilities.CommonHelper.reportFailure(CommonHelper.java:78)
	at com.tcs.BsiShopRedesign.sprint9.PreBookProducts.verifyPreOrderProduct(PreBookProducts.java:177)
... Removed 25 stack frames</pre></div><a href='#' onClick='toggleBox("stack-trace241456640", this, "Click to show all stack frames", "Click to hide stack frames")'>Click to show all stack frames</a>
<div class='stack-trace' id='stack-trace241456640'><pre>java.lang.AssertionError: Verification and Placing order of Pre Order Product was unsuccessful
	at org.testng.Assert.fail(Assert.java:94)
	at com.tcs.BsiShopRedesign.utilities.CommonHelper.reportFailure(CommonHelper.java:78)
	at com.tcs.BsiShopRedesign.sprint9.PreBookProducts.verifyPreOrderProduct(PreBookProducts.java:177)
	at sun.reflect.NativeMethodAccessorImpl.invoke0(Native Method)
	at sun.reflect.NativeMethodAccessorImpl.invoke(NativeMethodAccessorImpl.java:62)
	at sun.reflect.DelegatingMethodAccessorImpl.invoke(DelegatingMethodAccessorImpl.java:43)
	at java.lang.reflect.Method.invoke(Method.java:498)
	at org.testng.internal.MethodInvocationHelper.invokeMethod(MethodInvocationHelper.java:85)
	at org.testng.internal.Invoker.invokeMethod(Invoker.java:639)
	at org.testng.internal.Invoker.invokeTestMethod(Invoker.java:821)
	at org.testng.internal.Invoker.invokeTestMethods(Invoker.java:1131)
	at org.testng.internal.TestMethodWorker.invokeTestMethods(TestMethodWorker.java:124)
	at org.testng.internal.TestMethodWorker.run(TestMethodWorker.java:108)
	at org.testng.TestRunner.privateRun(TestRunner.java:773)
	at org.testng.TestRunner.run(TestRunner.java:623)
	at org.testng.SuiteRunner.runTest(SuiteRunner.java:357)
	at org.testng.SuiteRunner.runSequentially(SuiteRunner.java:352)
	at org.testng.SuiteRunner.privateRun(SuiteRunner.java:310)
	at org.testng.SuiteRunner.run(SuiteRunner.java:259)
	at org.testng.SuiteRunnerWorker.runSuite(SuiteRunnerWorker.java:52)
	at org.testng.SuiteRunnerWorker.run(SuiteRunnerWorker.java:86)
	at org.testng.TestNG.runSuitesSequentially(TestNG.java:1185)
	at org.testng.TestNG.runSuitesLocally(TestNG.java:1110)
	at org.testng.TestNG.run(TestNG.java:1018)
	at org.testng.remote.AbstractRemoteTestNG.run(AbstractRemoteTestNG.java:114)
	at org.testng.remote.RemoteTestNG.initAndRun(RemoteTestNG.java:251)
	at org.testng.remote.RemoteTestNG.main(RemoteTestNG.java:77)
</pre></div></td>
<td>30</td>
<td>com.tcs.BsiShopRedesign.sprint9.PreBookProducts@47af7f3d</td></tr>
</table><p>
<table width='100%' border='1' class='invocation-passed'>
<tr><td colspan='4' align='center'><b>PASSED TESTS</b></td></tr>
<tr><td><b>Test method</b></td>
<td width="30%"><b>Exception</b></td>
<td width="10%"><b>Time (seconds)</b></td>
<td><b>Instance</b></td>
</tr>
<tr>
<td title='com.tcs.BsiShopRedesign.sprint4_5.AddInvoiceToBasketFromMemTab.AddInvoiceToBasket()'><b>AddInvoiceToBasket</b><br>Test class: com.tcs.BsiShopRedesign.sprint4_5.AddInvoiceToBasketFromMemTab</td>
<td></td>
<td>25</td>
<td>com.tcs.BsiShopRedesign.sprint4_5.AddInvoiceToBasketFromMemTab@6c80d78a</td></tr>
<tr>
<td title='com.tcs.BsiShopRedesign.sprint7.UnregisteredUserCheckout.CheckLoginAlertOnChekout()'><b>CheckLoginAlertOnChekout</b><br>Test class: com.tcs.BsiShopRedesign.sprint7.UnregisteredUserCheckout</td>
<td></td>
<td>80</td>
<td>com.tcs.BsiShopRedesign.sprint7.UnregisteredUserCheckout@1a451d4d</td></tr>
<tr>
<td title='com.tcs.BsiShopRedesign.sprint1.MyProfile.addDeliveryAddress()'><b>addDeliveryAddress</b><br>Test class: com.tcs.BsiShopRedesign.sprint1.MyProfile</td>
<td></td>
<td>18</td>
<td>com.tcs.BsiShopRedesign.sprint1.MyProfile@7193666c</td></tr>
<tr>
<td title='com.tcs.BsiShopRedesign.sprint1.MyProfile.addNewBillingAddress()'><b>addNewBillingAddress</b><br>Test class: com.tcs.BsiShopRedesign.sprint1.MyProfile</td>
<td></td>
<td>23</td>
<td>com.tcs.BsiShopRedesign.sprint1.MyProfile@7193666c</td></tr>
<tr>
<td title='com.tcs.BsiShopRedesign.sprint1.MyProfileTenAddresses.addTenBillingAddress()'><b>addTenBillingAddress</b><br>Test class: com.tcs.BsiShopRedesign.sprint1.MyProfileTenAddresses</td>
<td></td>
<td>251</td>
<td>com.tcs.BsiShopRedesign.sprint1.MyProfileTenAddresses@479d31f3</td></tr>
<tr>
<td title='com.tcs.BsiShopRedesign.sprint1.MyProfileTenAddresses.addTenDeliveryAddress()'><b>addTenDeliveryAddress</b><br>Test class: com.tcs.BsiShopRedesign.sprint1.MyProfileTenAddresses</td>
<td></td>
<td>211</td>
<td>com.tcs.BsiShopRedesign.sprint1.MyProfileTenAddresses@479d31f3</td></tr>
<tr>
<td title='com.tcs.BsiShopRedesign.sprint3.AddPDFToBasketTwiceFromSearchList.addToBasketSearchList()'><b>addToBasketSearchList</b><br>Test class: com.tcs.BsiShopRedesign.sprint3.AddPDFToBasketTwiceFromSearchList</td>
<td></td>
<td>125</td>
<td>com.tcs.BsiShopRedesign.sprint3.AddPDFToBasketTwiceFromSearchList@4d9e68d0</td></tr>
<tr>
<td title='com.tcs.BsiShopRedesign.sprint8.ApplyMemberAccount.applyMemberAccountBandNineAbove()'><b>applyMemberAccountBandNineAbove</b><br>Test class: com.tcs.BsiShopRedesign.sprint8.ApplyMemberAccount</td>
<td></td>
<td>15</td>
<td>com.tcs.BsiShopRedesign.sprint8.ApplyMemberAccount@6dc17b83</td></tr>
<tr>
<td title='com.tcs.BsiShopRedesign.sprint8.ApplyMemberAccount.applyMemberAccountBelowBandNine()'><b>applyMemberAccountBelowBandNine</b><br>Test class: com.tcs.BsiShopRedesign.sprint8.ApplyMemberAccount</td>
<td></td>
<td>77</td>
<td>com.tcs.BsiShopRedesign.sprint8.ApplyMemberAccount@6dc17b83</td></tr>
<tr>
<td title='com.tcs.BsiShopRedesign.sprint9.PromoCodeOrder.applyPromoCode()'><b>applyPromoCode</b><br>Test class: com.tcs.BsiShopRedesign.sprint9.PromoCodeOrder</td>
<td></td>
<td>186</td>
<td>com.tcs.BsiShopRedesign.sprint9.PromoCodeOrder@158da8e</td></tr>
<tr>
<td title='com.tcs.BsiShopRedesign.sprint9.VerifyOrderDetailsWithCMS.applyPromoCode()'><b>applyPromoCode</b><br>Test class: com.tcs.BsiShopRedesign.sprint9.VerifyOrderDetailsWithCMS</td>
<td></td>
<td>143</td>
<td>com.tcs.BsiShopRedesign.sprint9.VerifyOrderDetailsWithCMS@2e005c4b</td></tr>
<tr>
<td title='com.tcs.BsiShopRedesign.sprint3.CheckBlankSearchResult.blankSearch()'><b>blankSearch</b><br>Test class: com.tcs.BsiShopRedesign.sprint3.CheckBlankSearchResult</td>
<td></td>
<td>7</td>
<td>com.tcs.BsiShopRedesign.sprint3.CheckBlankSearchResult@1d9b7cce</td></tr>
<tr>
<td title='com.tcs.BsiShopRedesign.sprint9.VerifyRecentlyViewedProducts.blankSearch()'><b>blankSearch</b><br>Test class: com.tcs.BsiShopRedesign.sprint9.VerifyRecentlyViewedProducts</td>
<td></td>
<td>82</td>
<td>com.tcs.BsiShopRedesign.sprint9.VerifyRecentlyViewedProducts@323b36e0</td></tr>
<tr>
<td title='com.tcs.BsiShopRedesign.sprint3.CheckWithdrawnStatus.checkBookStatus()'><b>checkBookStatus</b><br>Test class: com.tcs.BsiShopRedesign.sprint3.CheckWithdrawnStatus</td>
<td></td>
<td>24</td>
<td>com.tcs.BsiShopRedesign.sprint3.CheckWithdrawnStatus@61862a7f</td></tr>
<tr>
<td title='com.tcs.BsiShopRedesign.sprint3.CheckWithdrawnStatus.checkEventStatus()'><b>checkEventStatus</b><br>Test class: com.tcs.BsiShopRedesign.sprint3.CheckWithdrawnStatus</td>
<td></td>
<td>21</td>
<td>com.tcs.BsiShopRedesign.sprint3.CheckWithdrawnStatus@61862a7f</td></tr>
<tr>
<td title='com.tcs.BsiShopRedesign.sprint3.CheckProductFeatures.checkPASProduct()'><b>checkPASProduct</b><br>Test class: com.tcs.BsiShopRedesign.sprint3.CheckProductFeatures</td>
<td></td>
<td>11</td>
<td>com.tcs.BsiShopRedesign.sprint3.CheckProductFeatures@7334aada</td></tr>
<tr>
<td title='com.tcs.BsiShopRedesign.sprint3.CheckWithdrawnStatus.checkProductStatus()'><b>checkProductStatus</b><br>Test class: com.tcs.BsiShopRedesign.sprint3.CheckWithdrawnStatus</td>
<td></td>
<td>24</td>
<td>com.tcs.BsiShopRedesign.sprint3.CheckWithdrawnStatus@61862a7f</td></tr>
<tr>
<td title='com.tcs.BsiShopRedesign.sprint3.SearchSortOrderByProductType.checkSortingOrderQuality()'><b>checkSortingOrderQuality</b><br>Test class: com.tcs.BsiShopRedesign.sprint3.SearchSortOrderByProductType</td>
<td></td>
<td>90</td>
<td>com.tcs.BsiShopRedesign.sprint3.SearchSortOrderByProductType@441772e</td></tr>
<tr>
<td title='com.tcs.BsiShopRedesign.sprint3.SearchSortOrderByPublishedDate.checkSortingOrderQuality()'><b>checkSortingOrderQuality</b><br>Test class: com.tcs.BsiShopRedesign.sprint3.SearchSortOrderByPublishedDate</td>
<td></td>
<td>305</td>
<td>com.tcs.BsiShopRedesign.sprint3.SearchSortOrderByPublishedDate@42e99e4a</td></tr>
<tr>
<td title='com.tcs.BsiShopRedesign.sprint2.CheckWarningMsgAddtoBasket.checkWarningMsgPDF()'><b>checkWarningMsgPDF</b><br>Test class: com.tcs.BsiShopRedesign.sprint2.CheckWarningMsgAddtoBasket</td>
<td></td>
<td>18</td>
<td>com.tcs.BsiShopRedesign.sprint2.CheckWarningMsgAddtoBasket@123ef382</td></tr>
<tr>
<td title='com.tcs.BsiShopRedesign.sprint9.VerifyContactUs.contactUs()'><b>contactUs</b><br>Test class: com.tcs.BsiShopRedesign.sprint9.VerifyContactUs</td>
<td></td>
<td>12</td>
<td>com.tcs.BsiShopRedesign.sprint9.VerifyContactUs@7c729a55</td></tr>
<tr>
<td title='com.tcs.BsiShopRedesign.sprint4_5.RegistrationsWithDiffProfile.createRegUserNonUKProfile()'><b>createRegUserNonUKProfile</b><br>Test class: com.tcs.BsiShopRedesign.sprint4_5.RegistrationsWithDiffProfile</td>
<td></td>
<td>24</td>
<td>com.tcs.BsiShopRedesign.sprint4_5.RegistrationsWithDiffProfile@14dd9eb7</td></tr>
<tr>
<td title='com.tcs.BsiShopRedesign.sprint4_5.RegistrationsWithDiffProfile.createRegUserUKProfile()'><b>createRegUserUKProfile</b><br>Test class: com.tcs.BsiShopRedesign.sprint4_5.RegistrationsWithDiffProfile</td>
<td></td>
<td>13</td>
<td>com.tcs.BsiShopRedesign.sprint4_5.RegistrationsWithDiffProfile@14dd9eb7</td></tr>
<tr>
<td title='com.tcs.BsiShopRedesign.sprint4_5.VerifyProductStatusWithColorCode.currentDraftStatusColorCode()'><b>currentDraftStatusColorCode</b><br>Test class: com.tcs.BsiShopRedesign.sprint4_5.VerifyProductStatusWithColorCode</td>
<td></td>
<td>166</td>
<td>com.tcs.BsiShopRedesign.sprint4_5.VerifyProductStatusWithColorCode@62150f9e</td></tr>
<tr>
<td title='com.tcs.BsiShopRedesign.sprint4_5.VerifyProductStatusWithColorCode.currentRevisionUnderwayStatusColorCode()'><b>currentRevisionUnderwayStatusColorCode</b><br>Test class: com.tcs.BsiShopRedesign.sprint4_5.VerifyProductStatusWithColorCode</td>
<td></td>
<td>165</td>
<td>com.tcs.BsiShopRedesign.sprint4_5.VerifyProductStatusWithColorCode@62150f9e</td></tr>
<tr>
<td title='com.tcs.BsiShopRedesign.sprint4_5.VerifyProductStatusWithColorCode.currentStatusColorCode()'><b>currentStatusColorCode</b><br>Test class: com.tcs.BsiShopRedesign.sprint4_5.VerifyProductStatusWithColorCode</td>
<td></td>
<td>68</td>
<td>com.tcs.BsiShopRedesign.sprint4_5.VerifyProductStatusWithColorCode@62150f9e</td></tr>
<tr>
<td title='com.tcs.BsiShopRedesign.sprint4_5.VerifyProductStatusWithColorCode.currentUnderReviewStatusColorCode()'><b>currentUnderReviewStatusColorCode</b><br>Test class: com.tcs.BsiShopRedesign.sprint4_5.VerifyProductStatusWithColorCode</td>
<td></td>
<td>165</td>
<td>com.tcs.BsiShopRedesign.sprint4_5.VerifyProductStatusWithColorCode@62150f9e</td></tr>
<tr>
<td title='com.tcs.BsiShopRedesign.sprint1.MyProfile.deleteBillingAddress()'><b>deleteBillingAddress</b><br>Test class: com.tcs.BsiShopRedesign.sprint1.MyProfile</td>
<td></td>
<td>8</td>
<td>com.tcs.BsiShopRedesign.sprint1.MyProfile@7193666c</td></tr>
<tr>
<td title='com.tcs.BsiShopRedesign.sprint1.MyProfile.deleteDeliveryAddress()'><b>deleteDeliveryAddress</b><br>Test class: com.tcs.BsiShopRedesign.sprint1.MyProfile</td>
<td></td>
<td>8</td>
<td>com.tcs.BsiShopRedesign.sprint1.MyProfile@7193666c</td></tr>
<tr>
<td title='com.tcs.BsiShopRedesign.sprint1.MyProfileTenAddresses.deleteTenBillingAddress()'><b>deleteTenBillingAddress</b><br>Test class: com.tcs.BsiShopRedesign.sprint1.MyProfileTenAddresses</td>
<td></td>
<td>73</td>
<td>com.tcs.BsiShopRedesign.sprint1.MyProfileTenAddresses@479d31f3</td></tr>
<tr>
<td title='com.tcs.BsiShopRedesign.sprint1.MyProfileTenAddresses.deleteTenDeliveryAddress()'><b>deleteTenDeliveryAddress</b><br>Test class: com.tcs.BsiShopRedesign.sprint1.MyProfileTenAddresses</td>
<td></td>
<td>120</td>
<td>com.tcs.BsiShopRedesign.sprint1.MyProfileTenAddresses@479d31f3</td></tr>
<tr>
<td title='com.tcs.BsiShopRedesign.sprint1.MyProfile.editBillingAddress()'><b>editBillingAddress</b><br>Test class: com.tcs.BsiShopRedesign.sprint1.MyProfile</td>
<td></td>
<td>20</td>
<td>com.tcs.BsiShopRedesign.sprint1.MyProfile@7193666c</td></tr>
<tr>
<td title='com.tcs.BsiShopRedesign.sprint7.EditCheckoutBillingAddress.editBillingAddress()'><b>editBillingAddress</b><br>Test class: com.tcs.BsiShopRedesign.sprint7.EditCheckoutBillingAddress</td>
<td></td>
<td>85</td>
<td>com.tcs.BsiShopRedesign.sprint7.EditCheckoutBillingAddress@15ff3e9e</td></tr>
<tr>
<td title='com.tcs.BsiShopRedesign.sprint1.MyProfile.editDeliveryAddress()'><b>editDeliveryAddress</b><br>Test class: com.tcs.BsiShopRedesign.sprint1.MyProfile</td>
<td></td>
<td>16</td>
<td>com.tcs.BsiShopRedesign.sprint1.MyProfile@7193666c</td></tr>
<tr>
<td title='com.tcs.BsiShopRedesign.sprint8.VerifyMemberDetails.enterEmailID()'><b>enterEmailID</b><br>Test class: com.tcs.BsiShopRedesign.sprint8.VerifyMemberDetails</td>
<td></td>
<td>12</td>
<td>com.tcs.BsiShopRedesign.sprint8.VerifyMemberDetails@5e0826e7</td></tr>
<tr>
<td title='com.tcs.BsiShopRedesign.sprint4_5.RegistrationsWithDiffProfile.loginThroughAlreadyRegistered()'><b>loginThroughAlreadyRegistered</b><br>Test class: com.tcs.BsiShopRedesign.sprint4_5.RegistrationsWithDiffProfile</td>
<td></td>
<td>25</td>
<td>com.tcs.BsiShopRedesign.sprint4_5.RegistrationsWithDiffProfile@14dd9eb7</td></tr>
<tr>
<td title='com.tcs.BsiShopRedesign.sprint1.MyProfile.makeDefaultBillingAddress()'><b>makeDefaultBillingAddress</b><br>Test class: com.tcs.BsiShopRedesign.sprint1.MyProfile</td>
<td></td>
<td>3</td>
<td>com.tcs.BsiShopRedesign.sprint1.MyProfile@7193666c</td></tr>
<tr>
<td title='com.tcs.BsiShopRedesign.sprint1.MyProfile.makeDefaultDeliveryAddress()'><b>makeDefaultDeliveryAddress</b><br>Test class: com.tcs.BsiShopRedesign.sprint1.MyProfile</td>
<td></td>
<td>3</td>
<td>com.tcs.BsiShopRedesign.sprint1.MyProfile@7193666c</td></tr>
<tr>
<td title='com.tcs.BsiShopRedesign.sprint9.VerifyFooterHyperlinks.otherBSIWebsites()'><b>otherBSIWebsites</b><br>Test class: com.tcs.BsiShopRedesign.sprint9.VerifyFooterHyperlinks</td>
<td></td>
<td>122</td>
<td>com.tcs.BsiShopRedesign.sprint9.VerifyFooterHyperlinks@4567f35d</td></tr>
<tr>
<td title='com.tcs.BsiShopRedesign.sprint9.VerifyFooterHyperlinks.otherServices()'><b>otherServices</b><br>Test class: com.tcs.BsiShopRedesign.sprint9.VerifyFooterHyperlinks</td>
<td></td>
<td>67</td>
<td>com.tcs.BsiShopRedesign.sprint9.VerifyFooterHyperlinks@4567f35d</td></tr>
<tr>
<td title='com.tcs.BsiShopRedesign.sprint1.SCRProductsUpdateBasket.productUpdateBasket()'><b>productUpdateBasket</b><br>Test class: com.tcs.BsiShopRedesign.sprint1.SCRProductsUpdateBasket<br>Parameters: {Runmode=Y, Product_name=BS 6070-1:1981, Browser=Chrome}</td>
<td></td>
<td>156</td>
<td>com.tcs.BsiShopRedesign.sprint1.SCRProductsUpdateBasket@333291e3</td></tr>
<tr>
<td title='com.tcs.BsiShopRedesign.sprint1.SCRProductsUpdateBasket.productUpdateBasket()'><b>productUpdateBasket</b><br>Test class: com.tcs.BsiShopRedesign.sprint1.SCRProductsUpdateBasket<br>Parameters: {Runmode=Y, Product_name=BIP 2197, Browser=Chrome}</td>
<td></td>
<td>160</td>
<td>com.tcs.BsiShopRedesign.sprint1.SCRProductsUpdateBasket@333291e3</td></tr>
<tr>
<td title='com.tcs.BsiShopRedesign.sprint2.RegisterMUNLCode.registerMUNL()'><b>registerMUNL</b><br>Test class: com.tcs.BsiShopRedesign.sprint2.RegisterMUNLCode</td>
<td></td>
<td>132</td>
<td>com.tcs.BsiShopRedesign.sprint2.RegisterMUNLCode@f5ac9e4</td></tr>
<tr>
<td title='com.tcs.BsiShopRedesign.sprint1.MyProfile.resetPassword()'><b>resetPassword</b><br>Test class: com.tcs.BsiShopRedesign.sprint1.MyProfile</td>
<td></td>
<td>26</td>
<td>com.tcs.BsiShopRedesign.sprint1.MyProfile@7193666c</td></tr>
<tr>
<td title='com.tcs.BsiShopRedesign.sprint3.CheckSearchCount.searchPASCount()'><b>searchPASCount</b><br>Test class: com.tcs.BsiShopRedesign.sprint3.CheckSearchCount</td>
<td></td>
<td>144</td>
<td>com.tcs.BsiShopRedesign.sprint3.CheckSearchCount@384ad17b</td></tr>
<tr>
<td title='com.tcs.BsiShopRedesign.sprint1.MyProfile.signIn()'><b>signIn</b><br>Test class: com.tcs.BsiShopRedesign.sprint1.MyProfile</td>
<td></td>
<td>17</td>
<td>com.tcs.BsiShopRedesign.sprint1.MyProfile@7193666c</td></tr>
<tr>
<td title='com.tcs.BsiShopRedesign.sprint1.MyProfileTenAddresses.signIn()'><b>signIn</b><br>Test class: com.tcs.BsiShopRedesign.sprint1.MyProfileTenAddresses</td>
<td></td>
<td>8</td>
<td>com.tcs.BsiShopRedesign.sprint1.MyProfileTenAddresses@479d31f3</td></tr>
<tr>
<td title='com.tcs.BsiShopRedesign.sprint2.BookEvent.signIn()'><b>signIn</b><br>Test class: com.tcs.BsiShopRedesign.sprint2.BookEvent</td>
<td></td>
<td>16</td>
<td>com.tcs.BsiShopRedesign.sprint2.BookEvent@40ef3420</td></tr>
<tr>
<td title='com.tcs.BsiShopRedesign.sprint2.MultipleEventUpdateBasket.signIn()'><b>signIn</b><br>Test class: com.tcs.BsiShopRedesign.sprint2.MultipleEventUpdateBasket</td>
<td></td>
<td>8</td>
<td>com.tcs.BsiShopRedesign.sprint2.MultipleEventUpdateBasket@498d318c</td></tr>
<tr>
<td title='com.tcs.BsiShopRedesign.sprint2.StandardProductAndEventRemoveBasket.signIn()'><b>signIn</b><br>Test class: com.tcs.BsiShopRedesign.sprint2.StandardProductAndEventRemoveBasket</td>
<td></td>
<td>17</td>
<td>com.tcs.BsiShopRedesign.sprint2.StandardProductAndEventRemoveBasket@6e171cd7</td></tr>
<tr>
<td title='com.tcs.BsiShopRedesign.sprint2.EssentialsProductAndEventRemoveBasket.signIn()'><b>signIn</b><br>Test class: com.tcs.BsiShopRedesign.sprint2.EssentialsProductAndEventRemoveBasket</td>
<td></td>
<td>17</td>
<td>com.tcs.BsiShopRedesign.sprint2.EssentialsProductAndEventRemoveBasket@402bba4f</td></tr>
<tr>
<td title='com.tcs.BsiShopRedesign.sprint2.DownloadMarketingMaterial.signIn()'><b>signIn</b><br>Test class: com.tcs.BsiShopRedesign.sprint2.DownloadMarketingMaterial</td>
<td></td>
<td>16</td>
<td>com.tcs.BsiShopRedesign.sprint2.DownloadMarketingMaterial@59fd97a8</td></tr>
<tr>
<td title='com.tcs.BsiShopRedesign.sprint7.EditCheckoutBillingAddress.signIn()'><b>signIn</b><br>Test class: com.tcs.BsiShopRedesign.sprint7.EditCheckoutBillingAddress</td>
<td></td>
<td>17</td>
<td>com.tcs.BsiShopRedesign.sprint7.EditCheckoutBillingAddress@15ff3e9e</td></tr>
<tr>
<td title='com.tcs.BsiShopRedesign.sprint7.CreateCheckoutBillingAddress.signIn()'><b>signIn</b><br>Test class: com.tcs.BsiShopRedesign.sprint7.CreateCheckoutBillingAddress</td>
<td></td>
<td>17</td>
<td>com.tcs.BsiShopRedesign.sprint7.CreateCheckoutBillingAddress@5fdcaa40</td></tr>
<tr>
<td title='com.tcs.BsiShopRedesign.sprint8.ApplyMemberAccount.signIn()'><b>signIn</b><br>Test class: com.tcs.BsiShopRedesign.sprint8.ApplyMemberAccount</td>
<td></td>
<td>16</td>
<td>com.tcs.BsiShopRedesign.sprint8.ApplyMemberAccount@6dc17b83</td></tr>
<tr>
<td title='com.tcs.BsiShopRedesign.sprint8.SoftCopyDownloads.signIn()'><b>signIn</b><br>Test class: com.tcs.BsiShopRedesign.sprint8.SoftCopyDownloads</td>
<td></td>
<td>16</td>
<td>com.tcs.BsiShopRedesign.sprint8.SoftCopyDownloads@8dbdac1</td></tr>
<tr>
<td title='com.tcs.BsiShopRedesign.sprint8.VerifyHardCopyDetails.signIn()'><b>signIn</b><br>Test class: com.tcs.BsiShopRedesign.sprint8.VerifyHardCopyDetails</td>
<td></td>
<td>17</td>
<td>com.tcs.BsiShopRedesign.sprint8.VerifyHardCopyDetails@6e20b53a</td></tr>
<tr>
<td title='com.tcs.BsiShopRedesign.sprint8.ValidateCountryCheckoutDetails.signIn()'><b>signIn</b><br>Test class: com.tcs.BsiShopRedesign.sprint8.ValidateCountryCheckoutDetails</td>
<td></td>
<td>16</td>
<td>com.tcs.BsiShopRedesign.sprint8.ValidateCountryCheckoutDetails@71809907</td></tr>
<tr>
<td title='com.tcs.BsiShopRedesign.sprint8.EditOrderDetailsFromCheckout.signIn()'><b>signIn</b><br>Test class: com.tcs.BsiShopRedesign.sprint8.EditOrderDetailsFromCheckout</td>
<td></td>
<td>17</td>
<td>com.tcs.BsiShopRedesign.sprint8.EditOrderDetailsFromCheckout@6aba2b86</td></tr>
<tr>
<td title='com.tcs.BsiShopRedesign.sprint9.PromoCodeOrder.signIn()'><b>signIn</b><br>Test class: com.tcs.BsiShopRedesign.sprint9.PromoCodeOrder</td>
<td></td>
<td>17</td>
<td>com.tcs.BsiShopRedesign.sprint9.PromoCodeOrder@158da8e</td></tr>
<tr>
<td title='com.tcs.BsiShopRedesign.sprint9.SecureAuthenticationPayment.signIn()'><b>signIn</b><br>Test class: com.tcs.BsiShopRedesign.sprint9.SecureAuthenticationPayment</td>
<td></td>
<td>16</td>
<td>com.tcs.BsiShopRedesign.sprint9.SecureAuthenticationPayment@3bb9a3ff</td></tr>
<tr>
<td title='com.tcs.BsiShopRedesign.sprint9.CheckoutDeliveryAddress.signIn()'><b>signIn</b><br>Test class: com.tcs.BsiShopRedesign.sprint9.CheckoutDeliveryAddress</td>
<td></td>
<td>16</td>
<td>com.tcs.BsiShopRedesign.sprint9.CheckoutDeliveryAddress@5af3afd9</td></tr>
<tr>
<td title='com.tcs.BsiShopRedesign.sprint9.ViewPDFInvoice.signIn()'><b>signIn</b><br>Test class: com.tcs.BsiShopRedesign.sprint9.ViewPDFInvoice</td>
<td></td>
<td>17</td>
<td>com.tcs.BsiShopRedesign.sprint9.ViewPDFInvoice@694abbdc</td></tr>
<tr>
<td title='com.tcs.BsiShopRedesign.sprint9.VerifyOrderDetailsWithCMS.signIn()'><b>signIn</b><br>Test class: com.tcs.BsiShopRedesign.sprint9.VerifyOrderDetailsWithCMS</td>
<td></td>
<td>17</td>
<td>com.tcs.BsiShopRedesign.sprint9.VerifyOrderDetailsWithCMS@2e005c4b</td></tr>
<tr>
<td title='com.tcs.BsiShopRedesign.sprint2.VerifyMemberTab.signInMember()'><b>signInMember</b><br>Test class: com.tcs.BsiShopRedesign.sprint2.VerifyMemberTab</td>
<td></td>
<td>8</td>
<td>com.tcs.BsiShopRedesign.sprint2.VerifyMemberTab@dbf57b3</td></tr>
<tr>
<td title='com.tcs.BsiShopRedesign.sprint4_5.VerifyMemberProfile.signInMember()'><b>signInMember</b><br>Test class: com.tcs.BsiShopRedesign.sprint4_5.VerifyMemberProfile</td>
<td></td>
<td>8</td>
<td>com.tcs.BsiShopRedesign.sprint4_5.VerifyMemberProfile@52e6fdee</td></tr>
<tr>
<td title='com.tcs.BsiShopRedesign.sprint4_5.AddInvoiceToBasketFromMemTab.signInMember()'><b>signInMember</b><br>Test class: com.tcs.BsiShopRedesign.sprint4_5.AddInvoiceToBasketFromMemTab</td>
<td></td>
<td>8</td>
<td>com.tcs.BsiShopRedesign.sprint4_5.AddInvoiceToBasketFromMemTab@6c80d78a</td></tr>
<tr>
<td title='com.tcs.BsiShopRedesign.sprint7.VerifyMemberDiscount.signInMember()'><b>signInMember</b><br>Test class: com.tcs.BsiShopRedesign.sprint7.VerifyMemberDiscount</td>
<td></td>
<td>8</td>
<td>com.tcs.BsiShopRedesign.sprint7.VerifyMemberDiscount@7fa98a66</td></tr>
<tr>
<td title='com.tcs.BsiShopRedesign.sprint8.VerifyMemberDetails.signInMember()'><b>signInMember</b><br>Test class: com.tcs.BsiShopRedesign.sprint8.VerifyMemberDetails</td>
<td></td>
<td>8</td>
<td>com.tcs.BsiShopRedesign.sprint8.VerifyMemberDetails@5e0826e7</td></tr>
<tr>
<td title='com.tcs.BsiShopRedesign.sprint8.RenewMembership.signInMember()'><b>signInMember</b><br>Test class: com.tcs.BsiShopRedesign.sprint8.RenewMembership</td>
<td></td>
<td>8</td>
<td>com.tcs.BsiShopRedesign.sprint8.RenewMembership@32eff876</td></tr>
<tr>
<td title='com.tcs.BsiShopRedesign.sprint9.PayByInvoice.signInMember()'><b>signInMember</b><br>Test class: com.tcs.BsiShopRedesign.sprint9.PayByInvoice</td>
<td></td>
<td>9</td>
<td>com.tcs.BsiShopRedesign.sprint9.PayByInvoice@74e52303</td></tr>
<tr>
<td title='com.tcs.BsiShopRedesign.sprint9.PreBookProducts.signInMember()'><b>signInMember</b><br>Test class: com.tcs.BsiShopRedesign.sprint9.PreBookProducts</td>
<td></td>
<td>9</td>
<td>com.tcs.BsiShopRedesign.sprint9.PreBookProducts@47af7f3d</td></tr>
<tr>
<td title='com.tcs.BsiShopRedesign.sprint9.VerifyIncorrectPaymentDetails.signInMember()'><b>signInMember</b><br>Test class: com.tcs.BsiShopRedesign.sprint9.VerifyIncorrectPaymentDetails</td>
<td></td>
<td>8</td>
<td>com.tcs.BsiShopRedesign.sprint9.VerifyIncorrectPaymentDetails@44ebcd03</td></tr>
<tr>
<td title='com.tcs.BsiShopRedesign.sprint8.ValidateCountryCheckoutDetails.validateCheckoutNonUKDetailsHardCopy()'><b>validateCheckoutNonUKDetailsHardCopy</b><br>Test class: com.tcs.BsiShopRedesign.sprint8.ValidateCountryCheckoutDetails</td>
<td></td>
<td>180</td>
<td>com.tcs.BsiShopRedesign.sprint8.ValidateCountryCheckoutDetails@71809907</td></tr>
<tr>
<td title='com.tcs.BsiShopRedesign.sprint9.VerifyForgotPassword.validateCheckoutNonUKDetailsHardCopy()'><b>validateCheckoutNonUKDetailsHardCopy</b><br>Test class: com.tcs.BsiShopRedesign.sprint9.VerifyForgotPassword</td>
<td></td>
<td>10</td>
<td>com.tcs.BsiShopRedesign.sprint9.VerifyForgotPassword@5ffead27</td></tr>
<tr>
<td title='com.tcs.BsiShopRedesign.sprint8.ValidateCountryCheckoutDetails.validateCheckoutNonUKDetailsSoftCopy()'><b>validateCheckoutNonUKDetailsSoftCopy</b><br>Test class: com.tcs.BsiShopRedesign.sprint8.ValidateCountryCheckoutDetails</td>
<td></td>
<td>172</td>
<td>com.tcs.BsiShopRedesign.sprint8.ValidateCountryCheckoutDetails@71809907</td></tr>
<tr>
<td title='com.tcs.BsiShopRedesign.sprint4_5.RegistrationsWithDiffProfile.verifyContactInformation()'><b>verifyContactInformation</b><br>Test class: com.tcs.BsiShopRedesign.sprint4_5.RegistrationsWithDiffProfile</td>
<td></td>
<td>7</td>
<td>com.tcs.BsiShopRedesign.sprint4_5.RegistrationsWithDiffProfile@14dd9eb7</td></tr>
<tr>
<td title='com.tcs.BsiShopRedesign.sprint9.VerifyDifferentProductType.verifyDCProduct()'><b>verifyDCProduct</b><br>Test class: com.tcs.BsiShopRedesign.sprint9.VerifyDifferentProductType</td>
<td></td>
<td>16</td>
<td>com.tcs.BsiShopRedesign.sprint9.VerifyDifferentProductType@661972b0</td></tr>
<tr>
<td title='com.tcs.BsiShopRedesign.sprint8.VerifyHardCopyDetails.verifyHardCopyDeliveryDetails()'><b>verifyHardCopyDeliveryDetails</b><br>Test class: com.tcs.BsiShopRedesign.sprint8.VerifyHardCopyDetails</td>
<td></td>
<td>179</td>
<td>com.tcs.BsiShopRedesign.sprint8.VerifyHardCopyDetails@6e20b53a</td></tr>
<tr>
<td title='com.tcs.BsiShopRedesign.sprint4_5.RegistrationsWithDiffProfile.verifyLoginForRegisteredUser()'><b>verifyLoginForRegisteredUser</b><br>Test class: com.tcs.BsiShopRedesign.sprint4_5.RegistrationsWithDiffProfile</td>
<td></td>
<td>13</td>
<td>com.tcs.BsiShopRedesign.sprint4_5.RegistrationsWithDiffProfile@14dd9eb7</td></tr>
<tr>
<td title='com.tcs.BsiShopRedesign.sprint8.VerifyMemberDetails.verifyMemberLink()'><b>verifyMemberLink</b><br>Test class: com.tcs.BsiShopRedesign.sprint8.VerifyMemberDetails</td>
<td></td>
<td>38</td>
<td>com.tcs.BsiShopRedesign.sprint8.VerifyMemberDetails@5e0826e7</td></tr>
<tr>
<td title='com.tcs.BsiShopRedesign.sprint4_5.VerifyMemberProfile.verifyMemberTab()'><b>verifyMemberTab</b><br>Test class: com.tcs.BsiShopRedesign.sprint4_5.VerifyMemberProfile</td>
<td></td>
<td>5</td>
<td>com.tcs.BsiShopRedesign.sprint4_5.VerifyMemberProfile@52e6fdee</td></tr>
<tr>
<td title='com.tcs.BsiShopRedesign.sprint9.VerifyDifferentProductType.verifyNewsFeed()'><b>verifyNewsFeed</b><br>Test class: com.tcs.BsiShopRedesign.sprint9.VerifyDifferentProductType</td>
<td></td>
<td>18</td>
<td>com.tcs.BsiShopRedesign.sprint9.VerifyDifferentProductType@661972b0</td></tr>
<tr>
<td title='com.tcs.BsiShopRedesign.sprint2.VerifyMemberTab.verifyStatus()'><b>verifyStatus</b><br>Test class: com.tcs.BsiShopRedesign.sprint2.VerifyMemberTab</td>
<td></td>
<td>4</td>
<td>com.tcs.BsiShopRedesign.sprint2.VerifyMemberTab@dbf57b3</td></tr>
<tr>
<td title='com.tcs.BsiShopRedesign.sprint4_5.RegistrationsWithDiffProfile.verifyTooltip()'><b>verifyTooltip</b><br>Test class: com.tcs.BsiShopRedesign.sprint4_5.RegistrationsWithDiffProfile</td>
<td></td>
<td>16</td>
<td>com.tcs.BsiShopRedesign.sprint4_5.RegistrationsWithDiffProfile@14dd9eb7</td></tr>
<tr>
<td title='com.tcs.BsiShopRedesign.sprint4_5.VerifyProductStatusWithColorCode.withdrawnStatusColorCode()'><b>withdrawnStatusColorCode</b><br>Test class: com.tcs.BsiShopRedesign.sprint4_5.VerifyProductStatusWithColorCode</td>
<td></td>
<td>114</td>
<td>com.tcs.BsiShopRedesign.sprint4_5.VerifyProductStatusWithColorCode@62150f9e</td></tr>
</table><p>
</body>
</html>