<?xml version="1.0" encoding="UTF-8"?>
<testng-results skipped="0" failed="42" total="81" passed="39">
  <reporter-output>
  </reporter-output>
  <suite name="Suite" duration-ms="13014115" started-at="2018-08-16T13:22:33Z" finished-at="2018-08-16T16:59:27Z">
    <groups>
    </groups>
    <test name="Internet Explorer Browser" duration-ms="13014115" started-at="2018-08-16T13:22:33Z" finished-at="2018-08-16T16:59:27Z">
      <class name="com.tcs.BsiShopRedesign.sprint2.CheckWarningMsgAddtoBasket">
        <test-method status="PASS" signature="launchBrowser(java.lang.String)[pri:0, instance:com.tcs.BsiShopRedesign.sprint2.CheckWarningMsgAddtoBasket@6e171cd7]" name="launchBrowser" is-config="true" duration-ms="7756" started-at="2018-08-16T15:45:56Z" finished-at="2018-08-16T15:46:04Z">
          <params>
            <param index="0">
              <value>
                <![CDATA[IE]]>
              </value>
            </param>
          </params>
          <reporter-output>
          </reporter-output>
        </test-method> <!-- launchBrowser -->
        <test-method status="PASS" signature="checkWarningMsgPDF()[pri:0, instance:com.tcs.BsiShopRedesign.sprint2.CheckWarningMsgAddtoBasket@6e171cd7]" name="checkWarningMsgPDF" duration-ms="126801" started-at="2018-08-16T15:46:04Z" finished-at="2018-08-16T15:48:10Z">
          <reporter-output>
          </reporter-output>
        </test-method> <!-- checkWarningMsgPDF -->
        <test-method status="PASS" signature="tearDown()[pri:0, instance:com.tcs.BsiShopRedesign.sprint2.CheckWarningMsgAddtoBasket@6e171cd7]" name="tearDown" is-config="true" duration-ms="579" started-at="2018-08-16T15:48:10Z" finished-at="2018-08-16T15:48:11Z">
          <reporter-output>
          </reporter-output>
        </test-method> <!-- tearDown -->
      </class> <!-- com.tcs.BsiShopRedesign.sprint2.CheckWarningMsgAddtoBasket -->
      <class name="com.tcs.BsiShopRedesign.sprint2.StandardProductAndEventRemoveBasket">
        <test-method status="PASS" signature="launchBrowser(java.lang.String)[pri:0, instance:com.tcs.BsiShopRedesign.sprint2.StandardProductAndEventRemoveBasket@43195e57]" name="launchBrowser" is-config="true" duration-ms="7564" started-at="2018-08-16T14:50:34Z" finished-at="2018-08-16T14:50:42Z">
          <params>
            <param index="0">
              <value>
                <![CDATA[IE]]>
              </value>
            </param>
          </params>
          <reporter-output>
          </reporter-output>
        </test-method> <!-- launchBrowser -->
        <test-method status="FAIL" signature="signIn()[pri:0, instance:com.tcs.BsiShopRedesign.sprint2.StandardProductAndEventRemoveBasket@43195e57]" name="signIn" duration-ms="100970" started-at="2018-08-16T14:50:42Z" finished-at="2018-08-16T14:52:23Z">
          <exception class="java.lang.AssertionError">
            <message>
              <![CDATA[Login UnSuccessful]]>
            </message>
            <full-stacktrace>
              <![CDATA[java.lang.AssertionError: Login UnSuccessful
	at org.testng.Assert.fail(Assert.java:94)
	at com.tcs.BsiShopRedesign.utilities.CommonHelper.reportFailure(CommonHelper.java:67)
	at com.tcs.BsiShopRedesign.pages.SignInPage.login(SignInPage.java:70)
	at com.tcs.BsiShopRedesign.sprint2.StandardProductAndEventRemoveBasket.signIn(StandardProductAndEventRemoveBasket.java:33)
	at sun.reflect.NativeMethodAccessorImpl.invoke0(Native Method)
	at sun.reflect.NativeMethodAccessorImpl.invoke(NativeMethodAccessorImpl.java:62)
	at sun.reflect.DelegatingMethodAccessorImpl.invoke(DelegatingMethodAccessorImpl.java:43)
	at java.lang.reflect.Method.invoke(Method.java:498)
	at org.testng.internal.MethodInvocationHelper.invokeMethod(MethodInvocationHelper.java:85)
	at org.testng.internal.Invoker.invokeMethod(Invoker.java:639)
	at org.testng.internal.Invoker.invokeTestMethod(Invoker.java:821)
	at org.testng.internal.Invoker.invokeTestMethods(Invoker.java:1131)
	at org.testng.internal.TestMethodWorker.invokeTestMethods(TestMethodWorker.java:124)
	at org.testng.internal.TestMethodWorker.run(TestMethodWorker.java:108)
	at org.testng.TestRunner.privateRun(TestRunner.java:773)
	at org.testng.TestRunner.run(TestRunner.java:623)
	at org.testng.SuiteRunner.runTest(SuiteRunner.java:357)
	at org.testng.SuiteRunner.runSequentially(SuiteRunner.java:352)
	at org.testng.SuiteRunner.privateRun(SuiteRunner.java:310)
	at org.testng.SuiteRunner.run(SuiteRunner.java:259)
	at org.testng.SuiteRunnerWorker.runSuite(SuiteRunnerWorker.java:52)
	at org.testng.SuiteRunnerWorker.run(SuiteRunnerWorker.java:86)
	at org.testng.TestNG.runSuitesSequentially(TestNG.java:1185)
	at org.testng.TestNG.runSuitesLocally(TestNG.java:1110)
	at org.testng.TestNG.run(TestNG.java:1018)
	at org.testng.remote.AbstractRemoteTestNG.run(AbstractRemoteTestNG.java:114)
	at org.testng.remote.RemoteTestNG.initAndRun(RemoteTestNG.java:251)
	at org.testng.remote.RemoteTestNG.main(RemoteTestNG.java:77)
]]>
            </full-stacktrace>
          </exception> <!-- java.lang.AssertionError -->
          <reporter-output>
          </reporter-output>
        </test-method> <!-- signIn -->
        <test-method status="FAIL" signature="BookPaidEventAndStandardProduct()[pri:0, instance:com.tcs.BsiShopRedesign.sprint2.StandardProductAndEventRemoveBasket@43195e57]" name="BookPaidEventAndStandardProduct" duration-ms="1067177" started-at="2018-08-16T14:52:23Z" finished-at="2018-08-16T15:10:10Z">
          <exception class="java.lang.AssertionError">
            <message>
              <![CDATA[Adding Delegate details was unsuccessful]]>
            </message>
            <full-stacktrace>
              <![CDATA[java.lang.AssertionError: Adding Delegate details was unsuccessful
	at org.testng.Assert.fail(Assert.java:94)
	at com.tcs.BsiShopRedesign.utilities.CommonHelper.reportFailure(CommonHelper.java:67)
	at com.tcs.BsiShopRedesign.pages.EventPage.addDelegateDetails(EventPage.java:214)
	at com.tcs.BsiShopRedesign.sprint2.StandardProductAndEventRemoveBasket.BookPaidEventAndStandardProduct(StandardProductAndEventRemoveBasket.java:71)
	at sun.reflect.NativeMethodAccessorImpl.invoke0(Native Method)
	at sun.reflect.NativeMethodAccessorImpl.invoke(NativeMethodAccessorImpl.java:62)
	at sun.reflect.DelegatingMethodAccessorImpl.invoke(DelegatingMethodAccessorImpl.java:43)
	at java.lang.reflect.Method.invoke(Method.java:498)
	at org.testng.internal.MethodInvocationHelper.invokeMethod(MethodInvocationHelper.java:85)
	at org.testng.internal.Invoker.invokeMethod(Invoker.java:639)
	at org.testng.internal.Invoker.invokeTestMethod(Invoker.java:821)
	at org.testng.internal.Invoker.invokeTestMethods(Invoker.java:1131)
	at org.testng.internal.TestMethodWorker.invokeTestMethods(TestMethodWorker.java:124)
	at org.testng.internal.TestMethodWorker.run(TestMethodWorker.java:108)
	at org.testng.TestRunner.privateRun(TestRunner.java:773)
	at org.testng.TestRunner.run(TestRunner.java:623)
	at org.testng.SuiteRunner.runTest(SuiteRunner.java:357)
	at org.testng.SuiteRunner.runSequentially(SuiteRunner.java:352)
	at org.testng.SuiteRunner.privateRun(SuiteRunner.java:310)
	at org.testng.SuiteRunner.run(SuiteRunner.java:259)
	at org.testng.SuiteRunnerWorker.runSuite(SuiteRunnerWorker.java:52)
	at org.testng.SuiteRunnerWorker.run(SuiteRunnerWorker.java:86)
	at org.testng.TestNG.runSuitesSequentially(TestNG.java:1185)
	at org.testng.TestNG.runSuitesLocally(TestNG.java:1110)
	at org.testng.TestNG.run(TestNG.java:1018)
	at org.testng.remote.AbstractRemoteTestNG.run(AbstractRemoteTestNG.java:114)
	at org.testng.remote.RemoteTestNG.initAndRun(RemoteTestNG.java:251)
	at org.testng.remote.RemoteTestNG.main(RemoteTestNG.java:77)
]]>
            </full-stacktrace>
          </exception> <!-- java.lang.AssertionError -->
          <reporter-output>
          </reporter-output>
        </test-method> <!-- BookPaidEventAndStandardProduct -->
        <test-method status="PASS" signature="tearDown()[pri:0, instance:com.tcs.BsiShopRedesign.sprint2.StandardProductAndEventRemoveBasket@43195e57]" name="tearDown" is-config="true" duration-ms="598" started-at="2018-08-16T15:10:10Z" finished-at="2018-08-16T15:10:11Z">
          <reporter-output>
          </reporter-output>
        </test-method> <!-- tearDown -->
      </class> <!-- com.tcs.BsiShopRedesign.sprint2.StandardProductAndEventRemoveBasket -->
      <class name="com.tcs.BsiShopRedesign.sprint2.EssentialsProductAndEventRemoveBasket">
        <test-method status="PASS" signature="launchBrowser(java.lang.String)[pri:0, instance:com.tcs.BsiShopRedesign.sprint2.EssentialsProductAndEventRemoveBasket@333291e3]" name="launchBrowser" is-config="true" duration-ms="7659" started-at="2018-08-16T15:10:11Z" finished-at="2018-08-16T15:10:18Z">
          <params>
            <param index="0">
              <value>
                <![CDATA[IE]]>
              </value>
            </param>
          </params>
          <reporter-output>
          </reporter-output>
        </test-method> <!-- launchBrowser -->
        <test-method status="FAIL" signature="signIn()[pri:0, instance:com.tcs.BsiShopRedesign.sprint2.EssentialsProductAndEventRemoveBasket@333291e3]" name="signIn" duration-ms="99400" started-at="2018-08-16T15:10:18Z" finished-at="2018-08-16T15:11:58Z">
          <exception class="java.lang.AssertionError">
            <message>
              <![CDATA[Login UnSuccessful]]>
            </message>
            <full-stacktrace>
              <![CDATA[java.lang.AssertionError: Login UnSuccessful
	at org.testng.Assert.fail(Assert.java:94)
	at com.tcs.BsiShopRedesign.utilities.CommonHelper.reportFailure(CommonHelper.java:67)
	at com.tcs.BsiShopRedesign.pages.SignInPage.login(SignInPage.java:70)
	at com.tcs.BsiShopRedesign.sprint2.EssentialsProductAndEventRemoveBasket.signIn(EssentialsProductAndEventRemoveBasket.java:32)
	at sun.reflect.NativeMethodAccessorImpl.invoke0(Native Method)
	at sun.reflect.NativeMethodAccessorImpl.invoke(NativeMethodAccessorImpl.java:62)
	at sun.reflect.DelegatingMethodAccessorImpl.invoke(DelegatingMethodAccessorImpl.java:43)
	at java.lang.reflect.Method.invoke(Method.java:498)
	at org.testng.internal.MethodInvocationHelper.invokeMethod(MethodInvocationHelper.java:85)
	at org.testng.internal.Invoker.invokeMethod(Invoker.java:639)
	at org.testng.internal.Invoker.invokeTestMethod(Invoker.java:821)
	at org.testng.internal.Invoker.invokeTestMethods(Invoker.java:1131)
	at org.testng.internal.TestMethodWorker.invokeTestMethods(TestMethodWorker.java:124)
	at org.testng.internal.TestMethodWorker.run(TestMethodWorker.java:108)
	at org.testng.TestRunner.privateRun(TestRunner.java:773)
	at org.testng.TestRunner.run(TestRunner.java:623)
	at org.testng.SuiteRunner.runTest(SuiteRunner.java:357)
	at org.testng.SuiteRunner.runSequentially(SuiteRunner.java:352)
	at org.testng.SuiteRunner.privateRun(SuiteRunner.java:310)
	at org.testng.SuiteRunner.run(SuiteRunner.java:259)
	at org.testng.SuiteRunnerWorker.runSuite(SuiteRunnerWorker.java:52)
	at org.testng.SuiteRunnerWorker.run(SuiteRunnerWorker.java:86)
	at org.testng.TestNG.runSuitesSequentially(TestNG.java:1185)
	at org.testng.TestNG.runSuitesLocally(TestNG.java:1110)
	at org.testng.TestNG.run(TestNG.java:1018)
	at org.testng.remote.AbstractRemoteTestNG.run(AbstractRemoteTestNG.java:114)
	at org.testng.remote.RemoteTestNG.initAndRun(RemoteTestNG.java:251)
	at org.testng.remote.RemoteTestNG.main(RemoteTestNG.java:77)
]]>
            </full-stacktrace>
          </exception> <!-- java.lang.AssertionError -->
          <reporter-output>
          </reporter-output>
        </test-method> <!-- signIn -->
        <test-method status="FAIL" signature="BookPaidEventAndStandardProduct()[pri:0, instance:com.tcs.BsiShopRedesign.sprint2.EssentialsProductAndEventRemoveBasket@333291e3]" name="BookPaidEventAndStandardProduct" duration-ms="1062850" started-at="2018-08-16T15:11:58Z" finished-at="2018-08-16T15:29:40Z">
          <exception class="java.lang.AssertionError">
            <message>
              <![CDATA[Adding Delegate details was unsuccessful]]>
            </message>
            <full-stacktrace>
              <![CDATA[java.lang.AssertionError: Adding Delegate details was unsuccessful
	at org.testng.Assert.fail(Assert.java:94)
	at com.tcs.BsiShopRedesign.utilities.CommonHelper.reportFailure(CommonHelper.java:67)
	at com.tcs.BsiShopRedesign.pages.EventPage.addDelegateDetails(EventPage.java:214)
	at com.tcs.BsiShopRedesign.sprint2.EssentialsProductAndEventRemoveBasket.BookPaidEventAndStandardProduct(EssentialsProductAndEventRemoveBasket.java:67)
	at sun.reflect.NativeMethodAccessorImpl.invoke0(Native Method)
	at sun.reflect.NativeMethodAccessorImpl.invoke(NativeMethodAccessorImpl.java:62)
	at sun.reflect.DelegatingMethodAccessorImpl.invoke(DelegatingMethodAccessorImpl.java:43)
	at java.lang.reflect.Method.invoke(Method.java:498)
	at org.testng.internal.MethodInvocationHelper.invokeMethod(MethodInvocationHelper.java:85)
	at org.testng.internal.Invoker.invokeMethod(Invoker.java:639)
	at org.testng.internal.Invoker.invokeTestMethod(Invoker.java:821)
	at org.testng.internal.Invoker.invokeTestMethods(Invoker.java:1131)
	at org.testng.internal.TestMethodWorker.invokeTestMethods(TestMethodWorker.java:124)
	at org.testng.internal.TestMethodWorker.run(TestMethodWorker.java:108)
	at org.testng.TestRunner.privateRun(TestRunner.java:773)
	at org.testng.TestRunner.run(TestRunner.java:623)
	at org.testng.SuiteRunner.runTest(SuiteRunner.java:357)
	at org.testng.SuiteRunner.runSequentially(SuiteRunner.java:352)
	at org.testng.SuiteRunner.privateRun(SuiteRunner.java:310)
	at org.testng.SuiteRunner.run(SuiteRunner.java:259)
	at org.testng.SuiteRunnerWorker.runSuite(SuiteRunnerWorker.java:52)
	at org.testng.SuiteRunnerWorker.run(SuiteRunnerWorker.java:86)
	at org.testng.TestNG.runSuitesSequentially(TestNG.java:1185)
	at org.testng.TestNG.runSuitesLocally(TestNG.java:1110)
	at org.testng.TestNG.run(TestNG.java:1018)
	at org.testng.remote.AbstractRemoteTestNG.run(AbstractRemoteTestNG.java:114)
	at org.testng.remote.RemoteTestNG.initAndRun(RemoteTestNG.java:251)
	at org.testng.remote.RemoteTestNG.main(RemoteTestNG.java:77)
]]>
            </full-stacktrace>
          </exception> <!-- java.lang.AssertionError -->
          <reporter-output>
          </reporter-output>
        </test-method> <!-- BookPaidEventAndStandardProduct -->
        <test-method status="PASS" signature="tearDown()[pri:0, instance:com.tcs.BsiShopRedesign.sprint2.EssentialsProductAndEventRemoveBasket@333291e3]" name="tearDown" is-config="true" duration-ms="597" started-at="2018-08-16T15:29:40Z" finished-at="2018-08-16T15:29:41Z">
          <reporter-output>
          </reporter-output>
        </test-method> <!-- tearDown -->
      </class> <!-- com.tcs.BsiShopRedesign.sprint2.EssentialsProductAndEventRemoveBasket -->
      <class name="com.tcs.BsiShopRedesign.sprint2.RegisterMUNLCode">
        <test-method status="PASS" signature="launchBrowser(java.lang.String)[pri:0, instance:com.tcs.BsiShopRedesign.sprint2.RegisterMUNLCode@498d318c]" name="launchBrowser" is-config="true" duration-ms="7627" started-at="2018-08-16T15:42:18Z" finished-at="2018-08-16T15:42:26Z">
          <params>
            <param index="0">
              <value>
                <![CDATA[IE]]>
              </value>
            </param>
          </params>
          <reporter-output>
          </reporter-output>
        </test-method> <!-- launchBrowser -->
        <test-method status="PASS" signature="registerMUNL()[pri:0, instance:com.tcs.BsiShopRedesign.sprint2.RegisterMUNLCode@498d318c]" name="registerMUNL" duration-ms="209669" started-at="2018-08-16T15:42:26Z" finished-at="2018-08-16T15:45:55Z">
          <reporter-output>
          </reporter-output>
        </test-method> <!-- registerMUNL -->
        <test-method status="PASS" signature="tearDown()[pri:0, instance:com.tcs.BsiShopRedesign.sprint2.RegisterMUNLCode@498d318c]" name="tearDown" is-config="true" duration-ms="585" started-at="2018-08-16T15:45:55Z" finished-at="2018-08-16T15:45:56Z">
          <reporter-output>
          </reporter-output>
        </test-method> <!-- tearDown -->
      </class> <!-- com.tcs.BsiShopRedesign.sprint2.RegisterMUNLCode -->
      <class name="com.tcs.BsiShopRedesign.sprint2.DownloadMarketingMaterial">
        <test-method status="PASS" signature="launchBrowser(java.lang.String)[pri:0, instance:com.tcs.BsiShopRedesign.sprint2.DownloadMarketingMaterial@40ef3420]" name="launchBrowser" is-config="true" duration-ms="7812" started-at="2018-08-16T15:35:32Z" finished-at="2018-08-16T15:35:39Z">
          <params>
            <param index="0">
              <value>
                <![CDATA[IE]]>
              </value>
            </param>
          </params>
          <reporter-output>
          </reporter-output>
        </test-method> <!-- launchBrowser -->
        <test-method status="PASS" signature="signIn()[pri:0, instance:com.tcs.BsiShopRedesign.sprint2.DownloadMarketingMaterial@40ef3420]" name="signIn" duration-ms="22719" started-at="2018-08-16T15:35:39Z" finished-at="2018-08-16T15:36:02Z">
          <reporter-output>
          </reporter-output>
        </test-method> <!-- signIn -->
        <test-method status="PASS" signature="downloadPASMM()[pri:0, instance:com.tcs.BsiShopRedesign.sprint2.DownloadMarketingMaterial@40ef3420]" name="downloadPASMM" duration-ms="375269" started-at="2018-08-16T15:36:02Z" finished-at="2018-08-16T15:42:17Z">
          <reporter-output>
          </reporter-output>
        </test-method> <!-- downloadPASMM -->
        <test-method status="PASS" signature="tearDown()[pri:0, instance:com.tcs.BsiShopRedesign.sprint2.DownloadMarketingMaterial@40ef3420]" name="tearDown" is-config="true" duration-ms="563" started-at="2018-08-16T15:42:17Z" finished-at="2018-08-16T15:42:18Z">
          <reporter-output>
          </reporter-output>
        </test-method> <!-- tearDown -->
      </class> <!-- com.tcs.BsiShopRedesign.sprint2.DownloadMarketingMaterial -->
      <class name="com.tcs.BsiShopRedesign.sprint8.VerifyMemberDetails">
        <test-method status="PASS" signature="launchBrowser(java.lang.String)[pri:0, instance:com.tcs.BsiShopRedesign.sprint8.VerifyMemberDetails@62150f9e]" name="launchBrowser" is-config="true" duration-ms="7877" started-at="2018-08-16T16:35:44Z" finished-at="2018-08-16T16:35:52Z">
          <params>
            <param index="0">
              <value>
                <![CDATA[IE]]>
              </value>
            </param>
          </params>
          <reporter-output>
          </reporter-output>
        </test-method> <!-- launchBrowser -->
        <test-method status="PASS" signature="signInMember()[pri:0, instance:com.tcs.BsiShopRedesign.sprint8.VerifyMemberDetails@62150f9e]" name="signInMember" duration-ms="17907" started-at="2018-08-16T16:35:52Z" finished-at="2018-08-16T16:36:10Z">
          <reporter-output>
          </reporter-output>
        </test-method> <!-- signInMember -->
        <test-method status="PASS" signature="verifyMemberLink()[pri:0, instance:com.tcs.BsiShopRedesign.sprint8.VerifyMemberDetails@62150f9e]" name="verifyMemberLink" duration-ms="116280" started-at="2018-08-16T16:36:10Z" finished-at="2018-08-16T16:38:06Z">
          <reporter-output>
          </reporter-output>
        </test-method> <!-- verifyMemberLink -->
        <test-method status="PASS" signature="enterEmailID()[pri:0, instance:com.tcs.BsiShopRedesign.sprint8.VerifyMemberDetails@62150f9e]" name="enterEmailID" duration-ms="19982" started-at="2018-08-16T16:38:06Z" finished-at="2018-08-16T16:38:26Z">
          <reporter-output>
          </reporter-output>
        </test-method> <!-- enterEmailID -->
        <test-method status="PASS" signature="tearDown()[pri:0, instance:com.tcs.BsiShopRedesign.sprint8.VerifyMemberDetails@62150f9e]" name="tearDown" is-config="true" duration-ms="581" started-at="2018-08-16T16:38:26Z" finished-at="2018-08-16T16:38:27Z">
          <reporter-output>
          </reporter-output>
        </test-method> <!-- tearDown -->
      </class> <!-- com.tcs.BsiShopRedesign.sprint8.VerifyMemberDetails -->
      <class name="com.tcs.BsiShopRedesign.sprint7.VerifyMemberDiscount">
        <test-method status="PASS" signature="launchBrowser(java.lang.String)[pri:0, instance:com.tcs.BsiShopRedesign.sprint7.VerifyMemberDiscount@42e99e4a]" name="launchBrowser" is-config="true" duration-ms="7928" started-at="2018-08-16T16:19:34Z" finished-at="2018-08-16T16:19:42Z">
          <params>
            <param index="0">
              <value>
                <![CDATA[IE]]>
              </value>
            </param>
          </params>
          <reporter-output>
          </reporter-output>
        </test-method> <!-- launchBrowser -->
        <test-method status="PASS" signature="signInMember()[pri:0, instance:com.tcs.BsiShopRedesign.sprint7.VerifyMemberDiscount@42e99e4a]" name="signInMember" duration-ms="15854" started-at="2018-08-16T16:19:42Z" finished-at="2018-08-16T16:19:58Z">
          <reporter-output>
          </reporter-output>
        </test-method> <!-- signInMember -->
        <test-method status="FAIL" signature="verifyMemberPrice()[pri:0, instance:com.tcs.BsiShopRedesign.sprint7.VerifyMemberDiscount@42e99e4a]" name="verifyMemberPrice" duration-ms="32453" started-at="2018-08-16T16:19:58Z" finished-at="2018-08-16T16:20:30Z">
          <exception class="java.lang.AssertionError">
            <message>
              <![CDATA[Verification of Member Price was unsuccessful]]>
            </message>
            <full-stacktrace>
              <![CDATA[java.lang.AssertionError: Verification of Member Price was unsuccessful
	at org.testng.Assert.fail(Assert.java:94)
	at com.tcs.BsiShopRedesign.utilities.CommonHelper.reportFailure(CommonHelper.java:67)
	at com.tcs.BsiShopRedesign.sprint7.VerifyMemberDiscount.verifyMemberPrice(VerifyMemberDiscount.java:112)
	at sun.reflect.NativeMethodAccessorImpl.invoke0(Native Method)
	at sun.reflect.NativeMethodAccessorImpl.invoke(NativeMethodAccessorImpl.java:62)
	at sun.reflect.DelegatingMethodAccessorImpl.invoke(DelegatingMethodAccessorImpl.java:43)
	at java.lang.reflect.Method.invoke(Method.java:498)
	at org.testng.internal.MethodInvocationHelper.invokeMethod(MethodInvocationHelper.java:85)
	at org.testng.internal.Invoker.invokeMethod(Invoker.java:639)
	at org.testng.internal.Invoker.invokeTestMethod(Invoker.java:821)
	at org.testng.internal.Invoker.invokeTestMethods(Invoker.java:1131)
	at org.testng.internal.TestMethodWorker.invokeTestMethods(TestMethodWorker.java:124)
	at org.testng.internal.TestMethodWorker.run(TestMethodWorker.java:108)
	at org.testng.TestRunner.privateRun(TestRunner.java:773)
	at org.testng.TestRunner.run(TestRunner.java:623)
	at org.testng.SuiteRunner.runTest(SuiteRunner.java:357)
	at org.testng.SuiteRunner.runSequentially(SuiteRunner.java:352)
	at org.testng.SuiteRunner.privateRun(SuiteRunner.java:310)
	at org.testng.SuiteRunner.run(SuiteRunner.java:259)
	at org.testng.SuiteRunnerWorker.runSuite(SuiteRunnerWorker.java:52)
	at org.testng.SuiteRunnerWorker.run(SuiteRunnerWorker.java:86)
	at org.testng.TestNG.runSuitesSequentially(TestNG.java:1185)
	at org.testng.TestNG.runSuitesLocally(TestNG.java:1110)
	at org.testng.TestNG.run(TestNG.java:1018)
	at org.testng.remote.AbstractRemoteTestNG.run(AbstractRemoteTestNG.java:114)
	at org.testng.remote.RemoteTestNG.initAndRun(RemoteTestNG.java:251)
	at org.testng.remote.RemoteTestNG.main(RemoteTestNG.java:77)
]]>
            </full-stacktrace>
          </exception> <!-- java.lang.AssertionError -->
          <reporter-output>
          </reporter-output>
        </test-method> <!-- verifyMemberPrice -->
        <test-method status="PASS" signature="tearDown()[pri:0, instance:com.tcs.BsiShopRedesign.sprint7.VerifyMemberDiscount@42e99e4a]" name="tearDown" is-config="true" duration-ms="578" started-at="2018-08-16T16:20:30Z" finished-at="2018-08-16T16:20:31Z">
          <reporter-output>
          </reporter-output>
        </test-method> <!-- tearDown -->
      </class> <!-- com.tcs.BsiShopRedesign.sprint7.VerifyMemberDiscount -->
      <class name="com.tcs.BsiShopRedesign.sprint4_5.RegistrationsWithDiffProfile">
        <test-method status="PASS" signature="launchBrowser(java.lang.String)[pri:0, instance:com.tcs.BsiShopRedesign.sprint4_5.RegistrationsWithDiffProfile@441772e]" name="launchBrowser" is-config="true" duration-ms="7719" started-at="2018-08-16T16:12:17Z" finished-at="2018-08-16T16:12:25Z">
          <params>
            <param index="0">
              <value>
                <![CDATA[IE]]>
              </value>
            </param>
          </params>
          <reporter-output>
          </reporter-output>
        </test-method> <!-- launchBrowser -->
        <test-method status="PASS" signature="createRegUserUKProfile()[pri:0, instance:com.tcs.BsiShopRedesign.sprint4_5.RegistrationsWithDiffProfile@441772e]" name="createRegUserUKProfile" duration-ms="23074" started-at="2018-08-16T16:12:25Z" finished-at="2018-08-16T16:12:48Z">
          <reporter-output>
          </reporter-output>
        </test-method> <!-- createRegUserUKProfile -->
        <test-method status="PASS" signature="verifyTooltip()[pri:0, instance:com.tcs.BsiShopRedesign.sprint4_5.RegistrationsWithDiffProfile@441772e]" name="verifyTooltip" duration-ms="18413" started-at="2018-08-16T16:12:48Z" finished-at="2018-08-16T16:13:06Z">
          <reporter-output>
          </reporter-output>
        </test-method> <!-- verifyTooltip -->
        <test-method status="PASS" signature="verifyContactInformation()[pri:0, instance:com.tcs.BsiShopRedesign.sprint4_5.RegistrationsWithDiffProfile@441772e]" name="verifyContactInformation" duration-ms="3302" started-at="2018-08-16T16:13:06Z" finished-at="2018-08-16T16:13:09Z">
          <reporter-output>
          </reporter-output>
        </test-method> <!-- verifyContactInformation -->
        <test-method status="PASS" signature="loginThroughAlreadyRegistered()[pri:0, instance:com.tcs.BsiShopRedesign.sprint4_5.RegistrationsWithDiffProfile@441772e]" name="loginThroughAlreadyRegistered" duration-ms="23845" started-at="2018-08-16T16:13:09Z" finished-at="2018-08-16T16:13:33Z">
          <reporter-output>
          </reporter-output>
        </test-method> <!-- loginThroughAlreadyRegistered -->
        <test-method status="PASS" signature="verifyLoginForRegisteredUser()[pri:0, instance:com.tcs.BsiShopRedesign.sprint4_5.RegistrationsWithDiffProfile@441772e]" name="verifyLoginForRegisteredUser" duration-ms="21656" started-at="2018-08-16T16:13:33Z" finished-at="2018-08-16T16:13:55Z">
          <reporter-output>
          </reporter-output>
        </test-method> <!-- verifyLoginForRegisteredUser -->
        <test-method status="PASS" signature="tearDown()[pri:0, instance:com.tcs.BsiShopRedesign.sprint4_5.RegistrationsWithDiffProfile@441772e]" name="tearDown" is-config="true" duration-ms="592" started-at="2018-08-16T16:13:55Z" finished-at="2018-08-16T16:13:55Z">
          <reporter-output>
          </reporter-output>
        </test-method> <!-- tearDown -->
      </class> <!-- com.tcs.BsiShopRedesign.sprint4_5.RegistrationsWithDiffProfile -->
      <class name="com.tcs.BsiShopRedesign.sprint2.MultipleEventUpdateBasket">
        <test-method status="PASS" signature="launchBrowser(java.lang.String)[pri:0, instance:com.tcs.BsiShopRedesign.sprint2.MultipleEventUpdateBasket@1ab3a8c8]" name="launchBrowser" is-config="true" duration-ms="7667" started-at="2018-08-16T14:24:54Z" finished-at="2018-08-16T14:25:01Z">
          <params>
            <param index="0">
              <value>
                <![CDATA[IE]]>
              </value>
            </param>
          </params>
          <reporter-output>
          </reporter-output>
        </test-method> <!-- launchBrowser -->
        <test-method status="PASS" signature="signIn()[pri:0, instance:com.tcs.BsiShopRedesign.sprint2.MultipleEventUpdateBasket@1ab3a8c8]" name="signIn" duration-ms="341902" started-at="2018-08-16T14:25:01Z" finished-at="2018-08-16T14:30:43Z">
          <reporter-output>
          </reporter-output>
        </test-method> <!-- signIn -->
        <test-method status="FAIL" signature="addAndUpdateMultipleEvents()[pri:0, instance:com.tcs.BsiShopRedesign.sprint2.MultipleEventUpdateBasket@1ab3a8c8]" name="addAndUpdateMultipleEvents" duration-ms="1190302" started-at="2018-08-16T14:30:43Z" finished-at="2018-08-16T14:50:34Z">
          <exception class="java.lang.AssertionError">
            <message>
              <![CDATA[Adding Delegate details was unsuccessful]]>
            </message>
            <full-stacktrace>
              <![CDATA[java.lang.AssertionError: Adding Delegate details was unsuccessful
	at org.testng.Assert.fail(Assert.java:94)
	at com.tcs.BsiShopRedesign.utilities.CommonHelper.reportFailure(CommonHelper.java:67)
	at com.tcs.BsiShopRedesign.pages.EventPage.addDelegateDetails(EventPage.java:214)
	at com.tcs.BsiShopRedesign.sprint2.MultipleEventUpdateBasket.addAndUpdateMultipleEvents(MultipleEventUpdateBasket.java:60)
	at sun.reflect.NativeMethodAccessorImpl.invoke0(Native Method)
	at sun.reflect.NativeMethodAccessorImpl.invoke(NativeMethodAccessorImpl.java:62)
	at sun.reflect.DelegatingMethodAccessorImpl.invoke(DelegatingMethodAccessorImpl.java:43)
	at java.lang.reflect.Method.invoke(Method.java:498)
	at org.testng.internal.MethodInvocationHelper.invokeMethod(MethodInvocationHelper.java:85)
	at org.testng.internal.Invoker.invokeMethod(Invoker.java:639)
	at org.testng.internal.Invoker.invokeTestMethod(Invoker.java:821)
	at org.testng.internal.Invoker.invokeTestMethods(Invoker.java:1131)
	at org.testng.internal.TestMethodWorker.invokeTestMethods(TestMethodWorker.java:124)
	at org.testng.internal.TestMethodWorker.run(TestMethodWorker.java:108)
	at org.testng.TestRunner.privateRun(TestRunner.java:773)
	at org.testng.TestRunner.run(TestRunner.java:623)
	at org.testng.SuiteRunner.runTest(SuiteRunner.java:357)
	at org.testng.SuiteRunner.runSequentially(SuiteRunner.java:352)
	at org.testng.SuiteRunner.privateRun(SuiteRunner.java:310)
	at org.testng.SuiteRunner.run(SuiteRunner.java:259)
	at org.testng.SuiteRunnerWorker.runSuite(SuiteRunnerWorker.java:52)
	at org.testng.SuiteRunnerWorker.run(SuiteRunnerWorker.java:86)
	at org.testng.TestNG.runSuitesSequentially(TestNG.java:1185)
	at org.testng.TestNG.runSuitesLocally(TestNG.java:1110)
	at org.testng.TestNG.run(TestNG.java:1018)
	at org.testng.remote.AbstractRemoteTestNG.run(AbstractRemoteTestNG.java:114)
	at org.testng.remote.RemoteTestNG.initAndRun(RemoteTestNG.java:251)
	at org.testng.remote.RemoteTestNG.main(RemoteTestNG.java:77)
]]>
            </full-stacktrace>
          </exception> <!-- java.lang.AssertionError -->
          <reporter-output>
          </reporter-output>
        </test-method> <!-- addAndUpdateMultipleEvents -->
        <test-method status="PASS" signature="tearDown()[pri:0, instance:com.tcs.BsiShopRedesign.sprint2.MultipleEventUpdateBasket@1ab3a8c8]" name="tearDown" is-config="true" duration-ms="609" started-at="2018-08-16T14:50:34Z" finished-at="2018-08-16T14:50:34Z">
          <reporter-output>
          </reporter-output>
        </test-method> <!-- tearDown -->
      </class> <!-- com.tcs.BsiShopRedesign.sprint2.MultipleEventUpdateBasket -->
      <class name="com.tcs.BsiShopRedesign.sprint4_5.AddInvoiceToBasketFromMemTab">
        <test-method status="PASS" signature="launchBrowser(java.lang.String)[pri:0, instance:com.tcs.BsiShopRedesign.sprint4_5.AddInvoiceToBasketFromMemTab@1d9b7cce]" name="launchBrowser" is-config="true" duration-ms="7937" started-at="2018-08-16T16:14:30Z" finished-at="2018-08-16T16:14:38Z">
          <params>
            <param index="0">
              <value>
                <![CDATA[IE]]>
              </value>
            </param>
          </params>
          <reporter-output>
          </reporter-output>
        </test-method> <!-- launchBrowser -->
        <test-method status="PASS" signature="signInMember()[pri:0, instance:com.tcs.BsiShopRedesign.sprint4_5.AddInvoiceToBasketFromMemTab@1d9b7cce]" name="signInMember" duration-ms="16075" started-at="2018-08-16T16:14:38Z" finished-at="2018-08-16T16:14:54Z">
          <reporter-output>
          </reporter-output>
        </test-method> <!-- signInMember -->
        <test-method status="FAIL" signature="AddInvoiceToBasket()[pri:0, instance:com.tcs.BsiShopRedesign.sprint4_5.AddInvoiceToBasketFromMemTab@1d9b7cce]" name="AddInvoiceToBasket" duration-ms="162486" started-at="2018-08-16T16:14:54Z" finished-at="2018-08-16T16:17:36Z">
          <exception class="java.lang.AssertionError">
            <message>
              <![CDATA[Remove product from Basket was unsuccessful]]>
            </message>
            <full-stacktrace>
              <![CDATA[java.lang.AssertionError: Remove product from Basket was unsuccessful
	at org.testng.Assert.fail(Assert.java:94)
	at com.tcs.BsiShopRedesign.utilities.CommonHelper.reportFailure(CommonHelper.java:67)
	at com.tcs.BsiShopRedesign.pages.BasketPage.removeProduct(BasketPage.java:217)
	at com.tcs.BsiShopRedesign.sprint4_5.AddInvoiceToBasketFromMemTab.AddInvoiceToBasket(AddInvoiceToBasketFromMemTab.java:57)
	at sun.reflect.NativeMethodAccessorImpl.invoke0(Native Method)
	at sun.reflect.NativeMethodAccessorImpl.invoke(NativeMethodAccessorImpl.java:62)
	at sun.reflect.DelegatingMethodAccessorImpl.invoke(DelegatingMethodAccessorImpl.java:43)
	at java.lang.reflect.Method.invoke(Method.java:498)
	at org.testng.internal.MethodInvocationHelper.invokeMethod(MethodInvocationHelper.java:85)
	at org.testng.internal.Invoker.invokeMethod(Invoker.java:639)
	at org.testng.internal.Invoker.invokeTestMethod(Invoker.java:821)
	at org.testng.internal.Invoker.invokeTestMethods(Invoker.java:1131)
	at org.testng.internal.TestMethodWorker.invokeTestMethods(TestMethodWorker.java:124)
	at org.testng.internal.TestMethodWorker.run(TestMethodWorker.java:108)
	at org.testng.TestRunner.privateRun(TestRunner.java:773)
	at org.testng.TestRunner.run(TestRunner.java:623)
	at org.testng.SuiteRunner.runTest(SuiteRunner.java:357)
	at org.testng.SuiteRunner.runSequentially(SuiteRunner.java:352)
	at org.testng.SuiteRunner.privateRun(SuiteRunner.java:310)
	at org.testng.SuiteRunner.run(SuiteRunner.java:259)
	at org.testng.SuiteRunnerWorker.runSuite(SuiteRunnerWorker.java:52)
	at org.testng.SuiteRunnerWorker.run(SuiteRunnerWorker.java:86)
	at org.testng.TestNG.runSuitesSequentially(TestNG.java:1185)
	at org.testng.TestNG.runSuitesLocally(TestNG.java:1110)
	at org.testng.TestNG.run(TestNG.java:1018)
	at org.testng.remote.AbstractRemoteTestNG.run(AbstractRemoteTestNG.java:114)
	at org.testng.remote.RemoteTestNG.initAndRun(RemoteTestNG.java:251)
	at org.testng.remote.RemoteTestNG.main(RemoteTestNG.java:77)
]]>
            </full-stacktrace>
          </exception> <!-- java.lang.AssertionError -->
          <reporter-output>
          </reporter-output>
        </test-method> <!-- AddInvoiceToBasket -->
        <test-method status="PASS" signature="tearDown()[pri:0, instance:com.tcs.BsiShopRedesign.sprint4_5.AddInvoiceToBasketFromMemTab@1d9b7cce]" name="tearDown" is-config="true" duration-ms="584" started-at="2018-08-16T16:17:36Z" finished-at="2018-08-16T16:17:37Z">
          <reporter-output>
          </reporter-output>
        </test-method> <!-- tearDown -->
      </class> <!-- com.tcs.BsiShopRedesign.sprint4_5.AddInvoiceToBasketFromMemTab -->
      <class name="com.tcs.BsiShopRedesign.sprint3.CheckWithdrawnStatus">
        <test-method status="PASS" signature="launchBrowser(java.lang.String)[pri:0, instance:com.tcs.BsiShopRedesign.sprint3.CheckWithdrawnStatus@59fd97a8]" name="launchBrowser" is-config="true" duration-ms="7672" started-at="2018-08-16T15:54:58Z" finished-at="2018-08-16T15:55:05Z">
          <params>
            <param index="0">
              <value>
                <![CDATA[IE]]>
              </value>
            </param>
          </params>
          <reporter-output>
          </reporter-output>
        </test-method> <!-- launchBrowser -->
        <test-method status="PASS" signature="checkProductStatus()[pri:0, instance:com.tcs.BsiShopRedesign.sprint3.CheckWithdrawnStatus@59fd97a8]" name="checkProductStatus" duration-ms="35001" started-at="2018-08-16T15:55:05Z" finished-at="2018-08-16T15:55:40Z">
          <reporter-output>
          </reporter-output>
        </test-method> <!-- checkProductStatus -->
        <test-method status="PASS" signature="checkEventStatus()[pri:0, instance:com.tcs.BsiShopRedesign.sprint3.CheckWithdrawnStatus@59fd97a8]" name="checkEventStatus" duration-ms="137360" started-at="2018-08-16T15:55:40Z" finished-at="2018-08-16T15:57:58Z">
          <reporter-output>
          </reporter-output>
        </test-method> <!-- checkEventStatus -->
        <test-method status="PASS" signature="checkBookStatus()[pri:0, instance:com.tcs.BsiShopRedesign.sprint3.CheckWithdrawnStatus@59fd97a8]" name="checkBookStatus" duration-ms="35610" started-at="2018-08-16T15:57:58Z" finished-at="2018-08-16T15:58:33Z">
          <reporter-output>
          </reporter-output>
        </test-method> <!-- checkBookStatus -->
        <test-method status="PASS" signature="tearDown()[pri:0, instance:com.tcs.BsiShopRedesign.sprint3.CheckWithdrawnStatus@59fd97a8]" name="tearDown" is-config="true" duration-ms="584" started-at="2018-08-16T15:58:33Z" finished-at="2018-08-16T15:58:34Z">
          <reporter-output>
          </reporter-output>
        </test-method> <!-- tearDown -->
      </class> <!-- com.tcs.BsiShopRedesign.sprint3.CheckWithdrawnStatus -->
      <class name="com.tcs.BsiShopRedesign.sprint7.CreateCheckoutBillingAddress">
        <test-method status="PASS" signature="launchBrowser(java.lang.String)[pri:0, instance:com.tcs.BsiShopRedesign.sprint7.CreateCheckoutBillingAddress@52e6fdee]" name="launchBrowser" is-config="true" duration-ms="7879" started-at="2018-08-16T16:23:08Z" finished-at="2018-08-16T16:23:16Z">
          <params>
            <param index="0">
              <value>
                <![CDATA[IE]]>
              </value>
            </param>
          </params>
          <reporter-output>
          </reporter-output>
        </test-method> <!-- launchBrowser -->
        <test-method status="PASS" signature="signIn()[pri:0, instance:com.tcs.BsiShopRedesign.sprint7.CreateCheckoutBillingAddress@52e6fdee]" name="signIn" duration-ms="23184" started-at="2018-08-16T16:23:16Z" finished-at="2018-08-16T16:23:39Z">
          <reporter-output>
          </reporter-output>
        </test-method> <!-- signIn -->
        <test-method status="FAIL" signature="editBillingAddress()[pri:0, instance:com.tcs.BsiShopRedesign.sprint7.CreateCheckoutBillingAddress@52e6fdee]" name="editBillingAddress" duration-ms="340189" started-at="2018-08-16T16:23:39Z" finished-at="2018-08-16T16:29:20Z">
          <exception class="java.lang.AssertionError">
            <message>
              <![CDATA[Placing of order was unsuccesful]]>
            </message>
            <full-stacktrace>
              <![CDATA[java.lang.AssertionError: Placing of order was unsuccesful
	at org.testng.Assert.fail(Assert.java:94)
	at com.tcs.BsiShopRedesign.utilities.CommonHelper.reportFailure(CommonHelper.java:67)
	at com.tcs.BsiShopRedesign.pages.CheckoutPage.confirmOrderDetails(CheckoutPage.java:166)
	at com.tcs.BsiShopRedesign.sprint7.CreateCheckoutBillingAddress.editBillingAddress(CreateCheckoutBillingAddress.java:89)
	at sun.reflect.NativeMethodAccessorImpl.invoke0(Native Method)
	at sun.reflect.NativeMethodAccessorImpl.invoke(NativeMethodAccessorImpl.java:62)
	at sun.reflect.DelegatingMethodAccessorImpl.invoke(DelegatingMethodAccessorImpl.java:43)
	at java.lang.reflect.Method.invoke(Method.java:498)
	at org.testng.internal.MethodInvocationHelper.invokeMethod(MethodInvocationHelper.java:85)
	at org.testng.internal.Invoker.invokeMethod(Invoker.java:639)
	at org.testng.internal.Invoker.invokeTestMethod(Invoker.java:821)
	at org.testng.internal.Invoker.invokeTestMethods(Invoker.java:1131)
	at org.testng.internal.TestMethodWorker.invokeTestMethods(TestMethodWorker.java:124)
	at org.testng.internal.TestMethodWorker.run(TestMethodWorker.java:108)
	at org.testng.TestRunner.privateRun(TestRunner.java:773)
	at org.testng.TestRunner.run(TestRunner.java:623)
	at org.testng.SuiteRunner.runTest(SuiteRunner.java:357)
	at org.testng.SuiteRunner.runSequentially(SuiteRunner.java:352)
	at org.testng.SuiteRunner.privateRun(SuiteRunner.java:310)
	at org.testng.SuiteRunner.run(SuiteRunner.java:259)
	at org.testng.SuiteRunnerWorker.runSuite(SuiteRunnerWorker.java:52)
	at org.testng.SuiteRunnerWorker.run(SuiteRunnerWorker.java:86)
	at org.testng.TestNG.runSuitesSequentially(TestNG.java:1185)
	at org.testng.TestNG.runSuitesLocally(TestNG.java:1110)
	at org.testng.TestNG.run(TestNG.java:1018)
	at org.testng.remote.AbstractRemoteTestNG.run(AbstractRemoteTestNG.java:114)
	at org.testng.remote.RemoteTestNG.initAndRun(RemoteTestNG.java:251)
	at org.testng.remote.RemoteTestNG.main(RemoteTestNG.java:77)
]]>
            </full-stacktrace>
          </exception> <!-- java.lang.AssertionError -->
          <reporter-output>
          </reporter-output>
        </test-method> <!-- editBillingAddress -->
        <test-method status="PASS" signature="tearDown()[pri:0, instance:com.tcs.BsiShopRedesign.sprint7.CreateCheckoutBillingAddress@52e6fdee]" name="tearDown" is-config="true" duration-ms="589" started-at="2018-08-16T16:29:20Z" finished-at="2018-08-16T16:29:20Z">
          <reporter-output>
          </reporter-output>
        </test-method> <!-- tearDown -->
      </class> <!-- com.tcs.BsiShopRedesign.sprint7.CreateCheckoutBillingAddress -->
      <class name="com.tcs.BsiShopRedesign.sprint3.CheckProductFeatures">
        <test-method status="PASS" signature="launchBrowser(java.lang.String)[pri:0, instance:com.tcs.BsiShopRedesign.sprint3.CheckProductFeatures@123ef382]" name="launchBrowser" is-config="true" duration-ms="7813" started-at="2018-08-16T16:08:22Z" finished-at="2018-08-16T16:08:30Z">
          <params>
            <param index="0">
              <value>
                <![CDATA[IE]]>
              </value>
            </param>
          </params>
          <reporter-output>
          </reporter-output>
        </test-method> <!-- launchBrowser -->
        <test-method status="FAIL" signature="checkFreeEvent()[pri:0, instance:com.tcs.BsiShopRedesign.sprint3.CheckProductFeatures@123ef382]" name="checkFreeEvent" duration-ms="38666" started-at="2018-08-16T16:08:30Z" finished-at="2018-08-16T16:09:08Z">
          <exception class="java.lang.AssertionError">
            <message>
              <![CDATA[Free Event Name match is unsuccessful]]>
            </message>
            <full-stacktrace>
              <![CDATA[java.lang.AssertionError: Free Event Name match is unsuccessful
	at org.testng.Assert.fail(Assert.java:94)
	at com.tcs.BsiShopRedesign.utilities.CommonHelper.reportFailure(CommonHelper.java:67)
	at com.tcs.BsiShopRedesign.pages.SearchPage.checkFreeEventName(SearchPage.java:446)
	at com.tcs.BsiShopRedesign.sprint3.CheckProductFeatures.checkFreeEvent(CheckProductFeatures.java:32)
	at sun.reflect.NativeMethodAccessorImpl.invoke0(Native Method)
	at sun.reflect.NativeMethodAccessorImpl.invoke(NativeMethodAccessorImpl.java:62)
	at sun.reflect.DelegatingMethodAccessorImpl.invoke(DelegatingMethodAccessorImpl.java:43)
	at java.lang.reflect.Method.invoke(Method.java:498)
	at org.testng.internal.MethodInvocationHelper.invokeMethod(MethodInvocationHelper.java:85)
	at org.testng.internal.Invoker.invokeMethod(Invoker.java:639)
	at org.testng.internal.Invoker.invokeTestMethod(Invoker.java:821)
	at org.testng.internal.Invoker.invokeTestMethods(Invoker.java:1131)
	at org.testng.internal.TestMethodWorker.invokeTestMethods(TestMethodWorker.java:124)
	at org.testng.internal.TestMethodWorker.run(TestMethodWorker.java:108)
	at org.testng.TestRunner.privateRun(TestRunner.java:773)
	at org.testng.TestRunner.run(TestRunner.java:623)
	at org.testng.SuiteRunner.runTest(SuiteRunner.java:357)
	at org.testng.SuiteRunner.runSequentially(SuiteRunner.java:352)
	at org.testng.SuiteRunner.privateRun(SuiteRunner.java:310)
	at org.testng.SuiteRunner.run(SuiteRunner.java:259)
	at org.testng.SuiteRunnerWorker.runSuite(SuiteRunnerWorker.java:52)
	at org.testng.SuiteRunnerWorker.run(SuiteRunnerWorker.java:86)
	at org.testng.TestNG.runSuitesSequentially(TestNG.java:1185)
	at org.testng.TestNG.runSuitesLocally(TestNG.java:1110)
	at org.testng.TestNG.run(TestNG.java:1018)
	at org.testng.remote.AbstractRemoteTestNG.run(AbstractRemoteTestNG.java:114)
	at org.testng.remote.RemoteTestNG.initAndRun(RemoteTestNG.java:251)
	at org.testng.remote.RemoteTestNG.main(RemoteTestNG.java:77)
]]>
            </full-stacktrace>
          </exception> <!-- java.lang.AssertionError -->
          <reporter-output>
          </reporter-output>
        </test-method> <!-- checkFreeEvent -->
        <test-method status="PASS" signature="checkPASProduct()[pri:0, instance:com.tcs.BsiShopRedesign.sprint3.CheckProductFeatures@123ef382]" name="checkPASProduct" duration-ms="13359" started-at="2018-08-16T16:09:08Z" finished-at="2018-08-16T16:09:22Z">
          <reporter-output>
          </reporter-output>
        </test-method> <!-- checkPASProduct -->
        <test-method status="FAIL" signature="checkPaidEvent()[pri:0, instance:com.tcs.BsiShopRedesign.sprint3.CheckProductFeatures@123ef382]" name="checkPaidEvent" duration-ms="33511" started-at="2018-08-16T16:09:22Z" finished-at="2018-08-16T16:09:55Z">
          <exception class="java.lang.AssertionError">
            <message>
              <![CDATA[Paid Event Price match is unsuccessful]]>
            </message>
            <full-stacktrace>
              <![CDATA[java.lang.AssertionError: Paid Event Price match is unsuccessful
	at org.testng.Assert.fail(Assert.java:94)
	at com.tcs.BsiShopRedesign.utilities.CommonHelper.reportFailure(CommonHelper.java:67)
	at com.tcs.BsiShopRedesign.pages.SearchPage.checkPaidEventPrice(SearchPage.java:713)
	at com.tcs.BsiShopRedesign.sprint3.CheckProductFeatures.checkPaidEvent(CheckProductFeatures.java:110)
	at sun.reflect.NativeMethodAccessorImpl.invoke0(Native Method)
	at sun.reflect.NativeMethodAccessorImpl.invoke(NativeMethodAccessorImpl.java:62)
	at sun.reflect.DelegatingMethodAccessorImpl.invoke(DelegatingMethodAccessorImpl.java:43)
	at java.lang.reflect.Method.invoke(Method.java:498)
	at org.testng.internal.MethodInvocationHelper.invokeMethod(MethodInvocationHelper.java:85)
	at org.testng.internal.Invoker.invokeMethod(Invoker.java:639)
	at org.testng.internal.Invoker.invokeTestMethod(Invoker.java:821)
	at org.testng.internal.Invoker.invokeTestMethods(Invoker.java:1131)
	at org.testng.internal.TestMethodWorker.invokeTestMethods(TestMethodWorker.java:124)
	at org.testng.internal.TestMethodWorker.run(TestMethodWorker.java:108)
	at org.testng.TestRunner.privateRun(TestRunner.java:773)
	at org.testng.TestRunner.run(TestRunner.java:623)
	at org.testng.SuiteRunner.runTest(SuiteRunner.java:357)
	at org.testng.SuiteRunner.runSequentially(SuiteRunner.java:352)
	at org.testng.SuiteRunner.privateRun(SuiteRunner.java:310)
	at org.testng.SuiteRunner.run(SuiteRunner.java:259)
	at org.testng.SuiteRunnerWorker.runSuite(SuiteRunnerWorker.java:52)
	at org.testng.SuiteRunnerWorker.run(SuiteRunnerWorker.java:86)
	at org.testng.TestNG.runSuitesSequentially(TestNG.java:1185)
	at org.testng.TestNG.runSuitesLocally(TestNG.java:1110)
	at org.testng.TestNG.run(TestNG.java:1018)
	at org.testng.remote.AbstractRemoteTestNG.run(AbstractRemoteTestNG.java:114)
	at org.testng.remote.RemoteTestNG.initAndRun(RemoteTestNG.java:251)
	at org.testng.remote.RemoteTestNG.main(RemoteTestNG.java:77)
]]>
            </full-stacktrace>
          </exception> <!-- java.lang.AssertionError -->
          <reporter-output>
          </reporter-output>
        </test-method> <!-- checkPaidEvent -->
        <test-method status="PASS" signature="tearDown()[pri:0, instance:com.tcs.BsiShopRedesign.sprint3.CheckProductFeatures@123ef382]" name="tearDown" is-config="true" duration-ms="633" started-at="2018-08-16T16:09:55Z" finished-at="2018-08-16T16:09:56Z">
          <reporter-output>
          </reporter-output>
        </test-method> <!-- tearDown -->
      </class> <!-- com.tcs.BsiShopRedesign.sprint3.CheckProductFeatures -->
      <class name="com.tcs.BsiShopRedesign.sprint1.MyProfile">
        <test-method status="PASS" signature="getDriverInstance()[pri:0, instance:com.tcs.BsiShopRedesign.sprint1.MyProfile@2f7298b]" name="getDriverInstance" is-config="true" duration-ms="16" started-at="2018-08-16T13:22:32Z" finished-at="2018-08-16T13:22:33Z">
          <reporter-output>
          </reporter-output>
        </test-method> <!-- getDriverInstance -->
        <test-method status="PASS" signature="launchBrowser(java.lang.String)[pri:0, instance:com.tcs.BsiShopRedesign.sprint1.MyProfile@2f7298b]" name="launchBrowser" is-config="true" duration-ms="8633" started-at="2018-08-16T13:22:33Z" finished-at="2018-08-16T13:22:41Z">
          <params>
            <param index="0">
              <value>
                <![CDATA[IE]]>
              </value>
            </param>
          </params>
          <reporter-output>
          </reporter-output>
        </test-method> <!-- launchBrowser -->
        <test-method status="FAIL" signature="signIn()[pri:0, instance:com.tcs.BsiShopRedesign.sprint1.MyProfile@2f7298b]" name="signIn" duration-ms="350213" started-at="2018-08-16T13:22:41Z" finished-at="2018-08-16T13:28:31Z">
          <exception class="java.lang.AssertionError">
            <message>
              <![CDATA[Login UnSuccessful]]>
            </message>
            <full-stacktrace>
              <![CDATA[java.lang.AssertionError: Login UnSuccessful
	at org.testng.Assert.fail(Assert.java:94)
	at com.tcs.BsiShopRedesign.utilities.CommonHelper.reportFailure(CommonHelper.java:67)
	at com.tcs.BsiShopRedesign.pages.SignInPage.login(SignInPage.java:66)
	at com.tcs.BsiShopRedesign.sprint1.MyProfile.signIn(MyProfile.java:27)
	at sun.reflect.NativeMethodAccessorImpl.invoke0(Native Method)
	at sun.reflect.NativeMethodAccessorImpl.invoke(NativeMethodAccessorImpl.java:62)
	at sun.reflect.DelegatingMethodAccessorImpl.invoke(DelegatingMethodAccessorImpl.java:43)
	at java.lang.reflect.Method.invoke(Method.java:498)
	at org.testng.internal.MethodInvocationHelper.invokeMethod(MethodInvocationHelper.java:85)
	at org.testng.internal.Invoker.invokeMethod(Invoker.java:639)
	at org.testng.internal.Invoker.invokeTestMethod(Invoker.java:821)
	at org.testng.internal.Invoker.invokeTestMethods(Invoker.java:1131)
	at org.testng.internal.TestMethodWorker.invokeTestMethods(TestMethodWorker.java:124)
	at org.testng.internal.TestMethodWorker.run(TestMethodWorker.java:108)
	at org.testng.TestRunner.privateRun(TestRunner.java:773)
	at org.testng.TestRunner.run(TestRunner.java:623)
	at org.testng.SuiteRunner.runTest(SuiteRunner.java:357)
	at org.testng.SuiteRunner.runSequentially(SuiteRunner.java:352)
	at org.testng.SuiteRunner.privateRun(SuiteRunner.java:310)
	at org.testng.SuiteRunner.run(SuiteRunner.java:259)
	at org.testng.SuiteRunnerWorker.runSuite(SuiteRunnerWorker.java:52)
	at org.testng.SuiteRunnerWorker.run(SuiteRunnerWorker.java:86)
	at org.testng.TestNG.runSuitesSequentially(TestNG.java:1185)
	at org.testng.TestNG.runSuitesLocally(TestNG.java:1110)
	at org.testng.TestNG.run(TestNG.java:1018)
	at org.testng.remote.AbstractRemoteTestNG.run(AbstractRemoteTestNG.java:114)
	at org.testng.remote.RemoteTestNG.initAndRun(RemoteTestNG.java:251)
	at org.testng.remote.RemoteTestNG.main(RemoteTestNG.java:77)
]]>
            </full-stacktrace>
          </exception> <!-- java.lang.AssertionError -->
          <reporter-output>
          </reporter-output>
        </test-method> <!-- signIn -->
        <test-method status="FAIL" signature="addNewBillingAddress()[pri:0, instance:com.tcs.BsiShopRedesign.sprint1.MyProfile@2f7298b]" name="addNewBillingAddress" duration-ms="33112" started-at="2018-08-16T13:28:31Z" finished-at="2018-08-16T13:29:04Z">
          <exception class="java.lang.AssertionError">
            <message>
              <![CDATA[Expected condition failed: waiting for visibility of element located by By.linkText: > Add New Billing Address (tried for 15 second(s) with 500 MILLISECONDS interval)]]>
            </message>
            <full-stacktrace>
              <![CDATA[java.lang.AssertionError: Expected condition failed: waiting for visibility of element located by By.linkText: > Add New Billing Address (tried for 15 second(s) with 500 MILLISECONDS interval)
	at org.testng.Assert.fail(Assert.java:94)
	at com.tcs.BsiShopRedesign.pages.BillingAddressPage.addNewBillingAddress(BillingAddressPage.java:121)
	at com.tcs.BsiShopRedesign.sprint1.MyProfile.addNewBillingAddress(MyProfile.java:46)
	at sun.reflect.NativeMethodAccessorImpl.invoke0(Native Method)
	at sun.reflect.NativeMethodAccessorImpl.invoke(NativeMethodAccessorImpl.java:62)
	at sun.reflect.DelegatingMethodAccessorImpl.invoke(DelegatingMethodAccessorImpl.java:43)
	at java.lang.reflect.Method.invoke(Method.java:498)
	at org.testng.internal.MethodInvocationHelper.invokeMethod(MethodInvocationHelper.java:85)
	at org.testng.internal.Invoker.invokeMethod(Invoker.java:639)
	at org.testng.internal.Invoker.invokeTestMethod(Invoker.java:821)
	at org.testng.internal.Invoker.invokeTestMethods(Invoker.java:1131)
	at org.testng.internal.TestMethodWorker.invokeTestMethods(TestMethodWorker.java:124)
	at org.testng.internal.TestMethodWorker.run(TestMethodWorker.java:108)
	at org.testng.TestRunner.privateRun(TestRunner.java:773)
	at org.testng.TestRunner.run(TestRunner.java:623)
	at org.testng.SuiteRunner.runTest(SuiteRunner.java:357)
	at org.testng.SuiteRunner.runSequentially(SuiteRunner.java:352)
	at org.testng.SuiteRunner.privateRun(SuiteRunner.java:310)
	at org.testng.SuiteRunner.run(SuiteRunner.java:259)
	at org.testng.SuiteRunnerWorker.runSuite(SuiteRunnerWorker.java:52)
	at org.testng.SuiteRunnerWorker.run(SuiteRunnerWorker.java:86)
	at org.testng.TestNG.runSuitesSequentially(TestNG.java:1185)
	at org.testng.TestNG.runSuitesLocally(TestNG.java:1110)
	at org.testng.TestNG.run(TestNG.java:1018)
	at org.testng.remote.AbstractRemoteTestNG.run(AbstractRemoteTestNG.java:114)
	at org.testng.remote.RemoteTestNG.initAndRun(RemoteTestNG.java:251)
	at org.testng.remote.RemoteTestNG.main(RemoteTestNG.java:77)
]]>
            </full-stacktrace>
          </exception> <!-- java.lang.AssertionError -->
          <reporter-output>
          </reporter-output>
        </test-method> <!-- addNewBillingAddress -->
        <test-method status="FAIL" signature="makeDefaultBillingAddress()[pri:0, instance:com.tcs.BsiShopRedesign.sprint1.MyProfile@2f7298b]" name="makeDefaultBillingAddress" duration-ms="63192" started-at="2018-08-16T13:29:04Z" finished-at="2018-08-16T13:30:08Z">
          <exception class="java.lang.AssertionError">
            <message>
              <![CDATA[Expected condition failed: waiting for visibility of element located by By.linkText: > Add New Billing Address (tried for 15 second(s) with 500 MILLISECONDS interval)]]>
            </message>
            <full-stacktrace>
              <![CDATA[java.lang.AssertionError: Expected condition failed: waiting for visibility of element located by By.linkText: > Add New Billing Address (tried for 15 second(s) with 500 MILLISECONDS interval)
	at org.testng.Assert.fail(Assert.java:94)
	at com.tcs.BsiShopRedesign.pages.BillingAddressPage.addNewBillingAddress(BillingAddressPage.java:121)
	at com.tcs.BsiShopRedesign.pages.BillingAddressPage.makeDefaultBillingAddress(BillingAddressPage.java:402)
	at com.tcs.BsiShopRedesign.sprint1.MyProfile.makeDefaultBillingAddress(MyProfile.java:66)
	at sun.reflect.NativeMethodAccessorImpl.invoke0(Native Method)
	at sun.reflect.NativeMethodAccessorImpl.invoke(NativeMethodAccessorImpl.java:62)
	at sun.reflect.DelegatingMethodAccessorImpl.invoke(DelegatingMethodAccessorImpl.java:43)
	at java.lang.reflect.Method.invoke(Method.java:498)
	at org.testng.internal.MethodInvocationHelper.invokeMethod(MethodInvocationHelper.java:85)
	at org.testng.internal.Invoker.invokeMethod(Invoker.java:639)
	at org.testng.internal.Invoker.invokeTestMethod(Invoker.java:821)
	at org.testng.internal.Invoker.invokeTestMethods(Invoker.java:1131)
	at org.testng.internal.TestMethodWorker.invokeTestMethods(TestMethodWorker.java:124)
	at org.testng.internal.TestMethodWorker.run(TestMethodWorker.java:108)
	at org.testng.TestRunner.privateRun(TestRunner.java:773)
	at org.testng.TestRunner.run(TestRunner.java:623)
	at org.testng.SuiteRunner.runTest(SuiteRunner.java:357)
	at org.testng.SuiteRunner.runSequentially(SuiteRunner.java:352)
	at org.testng.SuiteRunner.privateRun(SuiteRunner.java:310)
	at org.testng.SuiteRunner.run(SuiteRunner.java:259)
	at org.testng.SuiteRunnerWorker.runSuite(SuiteRunnerWorker.java:52)
	at org.testng.SuiteRunnerWorker.run(SuiteRunnerWorker.java:86)
	at org.testng.TestNG.runSuitesSequentially(TestNG.java:1185)
	at org.testng.TestNG.runSuitesLocally(TestNG.java:1110)
	at org.testng.TestNG.run(TestNG.java:1018)
	at org.testng.remote.AbstractRemoteTestNG.run(AbstractRemoteTestNG.java:114)
	at org.testng.remote.RemoteTestNG.initAndRun(RemoteTestNG.java:251)
	at org.testng.remote.RemoteTestNG.main(RemoteTestNG.java:77)
]]>
            </full-stacktrace>
          </exception> <!-- java.lang.AssertionError -->
          <reporter-output>
          </reporter-output>
        </test-method> <!-- makeDefaultBillingAddress -->
        <test-method status="PASS" signature="editBillingAddress()[pri:0, instance:com.tcs.BsiShopRedesign.sprint1.MyProfile@2f7298b]" name="editBillingAddress" duration-ms="60353" started-at="2018-08-16T13:30:08Z" finished-at="2018-08-16T13:31:08Z">
          <reporter-output>
          </reporter-output>
        </test-method> <!-- editBillingAddress -->
        <test-method status="FAIL" signature="deleteBillingAddress()[pri:0, instance:com.tcs.BsiShopRedesign.sprint1.MyProfile@2f7298b]" name="deleteBillingAddress" duration-ms="66202" started-at="2018-08-16T13:31:08Z" finished-at="2018-08-16T13:32:14Z">
          <exception class="java.lang.AssertionError">
            <message>
              <![CDATA[Expected condition failed: waiting for visibility of element located by By.linkText: > Add New Billing Address (tried for 15 second(s) with 500 MILLISECONDS interval)]]>
            </message>
            <full-stacktrace>
              <![CDATA[java.lang.AssertionError: Expected condition failed: waiting for visibility of element located by By.linkText: > Add New Billing Address (tried for 15 second(s) with 500 MILLISECONDS interval)
	at org.testng.Assert.fail(Assert.java:94)
	at com.tcs.BsiShopRedesign.pages.BillingAddressPage.addNewBillingAddress(BillingAddressPage.java:121)
	at com.tcs.BsiShopRedesign.pages.BillingAddressPage.deleteBillingAddress(BillingAddressPage.java:356)
	at com.tcs.BsiShopRedesign.sprint1.MyProfile.deleteBillingAddress(MyProfile.java:105)
	at sun.reflect.NativeMethodAccessorImpl.invoke0(Native Method)
	at sun.reflect.NativeMethodAccessorImpl.invoke(NativeMethodAccessorImpl.java:62)
	at sun.reflect.DelegatingMethodAccessorImpl.invoke(DelegatingMethodAccessorImpl.java:43)
	at java.lang.reflect.Method.invoke(Method.java:498)
	at org.testng.internal.MethodInvocationHelper.invokeMethod(MethodInvocationHelper.java:85)
	at org.testng.internal.Invoker.invokeMethod(Invoker.java:639)
	at org.testng.internal.Invoker.invokeTestMethod(Invoker.java:821)
	at org.testng.internal.Invoker.invokeTestMethods(Invoker.java:1131)
	at org.testng.internal.TestMethodWorker.invokeTestMethods(TestMethodWorker.java:124)
	at org.testng.internal.TestMethodWorker.run(TestMethodWorker.java:108)
	at org.testng.TestRunner.privateRun(TestRunner.java:773)
	at org.testng.TestRunner.run(TestRunner.java:623)
	at org.testng.SuiteRunner.runTest(SuiteRunner.java:357)
	at org.testng.SuiteRunner.runSequentially(SuiteRunner.java:352)
	at org.testng.SuiteRunner.privateRun(SuiteRunner.java:310)
	at org.testng.SuiteRunner.run(SuiteRunner.java:259)
	at org.testng.SuiteRunnerWorker.runSuite(SuiteRunnerWorker.java:52)
	at org.testng.SuiteRunnerWorker.run(SuiteRunnerWorker.java:86)
	at org.testng.TestNG.runSuitesSequentially(TestNG.java:1185)
	at org.testng.TestNG.runSuitesLocally(TestNG.java:1110)
	at org.testng.TestNG.run(TestNG.java:1018)
	at org.testng.remote.AbstractRemoteTestNG.run(AbstractRemoteTestNG.java:114)
	at org.testng.remote.RemoteTestNG.initAndRun(RemoteTestNG.java:251)
	at org.testng.remote.RemoteTestNG.main(RemoteTestNG.java:77)
]]>
            </full-stacktrace>
          </exception> <!-- java.lang.AssertionError -->
          <reporter-output>
          </reporter-output>
        </test-method> <!-- deleteBillingAddress -->
        <test-method status="FAIL" signature="addDeliveryAddress()[pri:0, instance:com.tcs.BsiShopRedesign.sprint1.MyProfile@2f7298b]" name="addDeliveryAddress" duration-ms="30906" started-at="2018-08-16T13:32:14Z" finished-at="2018-08-16T13:32:45Z">
          <exception class="java.lang.AssertionError">
            <message>
              <![CDATA[Add New Delivery address was unsuccessful]]>
            </message>
            <full-stacktrace>
              <![CDATA[java.lang.AssertionError: Add New Delivery address was unsuccessful
	at org.testng.Assert.fail(Assert.java:94)
	at com.tcs.BsiShopRedesign.utilities.CommonHelper.reportFailure(CommonHelper.java:67)
	at com.tcs.BsiShopRedesign.pages.DeliveryAddressPage.addNewDeliveryAddress(DeliveryAddressPage.java:118)
	at com.tcs.BsiShopRedesign.sprint1.MyProfile.addDeliveryAddress(MyProfile.java:125)
	at sun.reflect.NativeMethodAccessorImpl.invoke0(Native Method)
	at sun.reflect.NativeMethodAccessorImpl.invoke(NativeMethodAccessorImpl.java:62)
	at sun.reflect.DelegatingMethodAccessorImpl.invoke(DelegatingMethodAccessorImpl.java:43)
	at java.lang.reflect.Method.invoke(Method.java:498)
	at org.testng.internal.MethodInvocationHelper.invokeMethod(MethodInvocationHelper.java:85)
	at org.testng.internal.Invoker.invokeMethod(Invoker.java:639)
	at org.testng.internal.Invoker.invokeTestMethod(Invoker.java:821)
	at org.testng.internal.Invoker.invokeTestMethods(Invoker.java:1131)
	at org.testng.internal.TestMethodWorker.invokeTestMethods(TestMethodWorker.java:124)
	at org.testng.internal.TestMethodWorker.run(TestMethodWorker.java:108)
	at org.testng.TestRunner.privateRun(TestRunner.java:773)
	at org.testng.TestRunner.run(TestRunner.java:623)
	at org.testng.SuiteRunner.runTest(SuiteRunner.java:357)
	at org.testng.SuiteRunner.runSequentially(SuiteRunner.java:352)
	at org.testng.SuiteRunner.privateRun(SuiteRunner.java:310)
	at org.testng.SuiteRunner.run(SuiteRunner.java:259)
	at org.testng.SuiteRunnerWorker.runSuite(SuiteRunnerWorker.java:52)
	at org.testng.SuiteRunnerWorker.run(SuiteRunnerWorker.java:86)
	at org.testng.TestNG.runSuitesSequentially(TestNG.java:1185)
	at org.testng.TestNG.runSuitesLocally(TestNG.java:1110)
	at org.testng.TestNG.run(TestNG.java:1018)
	at org.testng.remote.AbstractRemoteTestNG.run(AbstractRemoteTestNG.java:114)
	at org.testng.remote.RemoteTestNG.initAndRun(RemoteTestNG.java:251)
	at org.testng.remote.RemoteTestNG.main(RemoteTestNG.java:77)
]]>
            </full-stacktrace>
          </exception> <!-- java.lang.AssertionError -->
          <reporter-output>
          </reporter-output>
        </test-method> <!-- addDeliveryAddress -->
        <test-method status="FAIL" signature="makeDefaultDeliveryAddress()[pri:0, instance:com.tcs.BsiShopRedesign.sprint1.MyProfile@2f7298b]" name="makeDefaultDeliveryAddress" duration-ms="60921" started-at="2018-08-16T13:32:45Z" finished-at="2018-08-16T13:33:46Z">
          <exception class="java.lang.AssertionError">
            <message>
              <![CDATA[Add New Delivery address was unsuccessful]]>
            </message>
            <full-stacktrace>
              <![CDATA[java.lang.AssertionError: Add New Delivery address was unsuccessful
	at org.testng.Assert.fail(Assert.java:94)
	at com.tcs.BsiShopRedesign.utilities.CommonHelper.reportFailure(CommonHelper.java:67)
	at com.tcs.BsiShopRedesign.pages.DeliveryAddressPage.addNewDeliveryAddress(DeliveryAddressPage.java:118)
	at com.tcs.BsiShopRedesign.pages.DeliveryAddressPage.makeDefaultDeliveryAddress(DeliveryAddressPage.java:143)
	at com.tcs.BsiShopRedesign.sprint1.MyProfile.makeDefaultDeliveryAddress(MyProfile.java:143)
	at sun.reflect.NativeMethodAccessorImpl.invoke0(Native Method)
	at sun.reflect.NativeMethodAccessorImpl.invoke(NativeMethodAccessorImpl.java:62)
	at sun.reflect.DelegatingMethodAccessorImpl.invoke(DelegatingMethodAccessorImpl.java:43)
	at java.lang.reflect.Method.invoke(Method.java:498)
	at org.testng.internal.MethodInvocationHelper.invokeMethod(MethodInvocationHelper.java:85)
	at org.testng.internal.Invoker.invokeMethod(Invoker.java:639)
	at org.testng.internal.Invoker.invokeTestMethod(Invoker.java:821)
	at org.testng.internal.Invoker.invokeTestMethods(Invoker.java:1131)
	at org.testng.internal.TestMethodWorker.invokeTestMethods(TestMethodWorker.java:124)
	at org.testng.internal.TestMethodWorker.run(TestMethodWorker.java:108)
	at org.testng.TestRunner.privateRun(TestRunner.java:773)
	at org.testng.TestRunner.run(TestRunner.java:623)
	at org.testng.SuiteRunner.runTest(SuiteRunner.java:357)
	at org.testng.SuiteRunner.runSequentially(SuiteRunner.java:352)
	at org.testng.SuiteRunner.privateRun(SuiteRunner.java:310)
	at org.testng.SuiteRunner.run(SuiteRunner.java:259)
	at org.testng.SuiteRunnerWorker.runSuite(SuiteRunnerWorker.java:52)
	at org.testng.SuiteRunnerWorker.run(SuiteRunnerWorker.java:86)
	at org.testng.TestNG.runSuitesSequentially(TestNG.java:1185)
	at org.testng.TestNG.runSuitesLocally(TestNG.java:1110)
	at org.testng.TestNG.run(TestNG.java:1018)
	at org.testng.remote.AbstractRemoteTestNG.run(AbstractRemoteTestNG.java:114)
	at org.testng.remote.RemoteTestNG.initAndRun(RemoteTestNG.java:251)
	at org.testng.remote.RemoteTestNG.main(RemoteTestNG.java:77)
]]>
            </full-stacktrace>
          </exception> <!-- java.lang.AssertionError -->
          <reporter-output>
          </reporter-output>
        </test-method> <!-- makeDefaultDeliveryAddress -->
        <test-method status="PASS" signature="editDeliveryAddress()[pri:0, instance:com.tcs.BsiShopRedesign.sprint1.MyProfile@2f7298b]" name="editDeliveryAddress" duration-ms="60375" started-at="2018-08-16T13:33:46Z" finished-at="2018-08-16T13:34:46Z">
          <reporter-output>
          </reporter-output>
        </test-method> <!-- editDeliveryAddress -->
        <test-method status="FAIL" signature="deleteDeliveryAddress()[pri:0, instance:com.tcs.BsiShopRedesign.sprint1.MyProfile@2f7298b]" name="deleteDeliveryAddress" duration-ms="64027" started-at="2018-08-16T13:34:46Z" finished-at="2018-08-16T13:35:50Z">
          <exception class="java.lang.AssertionError">
            <message>
              <![CDATA[Add New Delivery address was unsuccessful]]>
            </message>
            <full-stacktrace>
              <![CDATA[java.lang.AssertionError: Add New Delivery address was unsuccessful
	at org.testng.Assert.fail(Assert.java:94)
	at com.tcs.BsiShopRedesign.utilities.CommonHelper.reportFailure(CommonHelper.java:67)
	at com.tcs.BsiShopRedesign.pages.DeliveryAddressPage.addNewDeliveryAddress(DeliveryAddressPage.java:118)
	at com.tcs.BsiShopRedesign.pages.DeliveryAddressPage.deleteDeliveryAddress(DeliveryAddressPage.java:390)
	at com.tcs.BsiShopRedesign.sprint1.MyProfile.deleteDeliveryAddress(MyProfile.java:179)
	at sun.reflect.NativeMethodAccessorImpl.invoke0(Native Method)
	at sun.reflect.NativeMethodAccessorImpl.invoke(NativeMethodAccessorImpl.java:62)
	at sun.reflect.DelegatingMethodAccessorImpl.invoke(DelegatingMethodAccessorImpl.java:43)
	at java.lang.reflect.Method.invoke(Method.java:498)
	at org.testng.internal.MethodInvocationHelper.invokeMethod(MethodInvocationHelper.java:85)
	at org.testng.internal.Invoker.invokeMethod(Invoker.java:639)
	at org.testng.internal.Invoker.invokeTestMethod(Invoker.java:821)
	at org.testng.internal.Invoker.invokeTestMethods(Invoker.java:1131)
	at org.testng.internal.TestMethodWorker.invokeTestMethods(TestMethodWorker.java:124)
	at org.testng.internal.TestMethodWorker.run(TestMethodWorker.java:108)
	at org.testng.TestRunner.privateRun(TestRunner.java:773)
	at org.testng.TestRunner.run(TestRunner.java:623)
	at org.testng.SuiteRunner.runTest(SuiteRunner.java:357)
	at org.testng.SuiteRunner.runSequentially(SuiteRunner.java:352)
	at org.testng.SuiteRunner.privateRun(SuiteRunner.java:310)
	at org.testng.SuiteRunner.run(SuiteRunner.java:259)
	at org.testng.SuiteRunnerWorker.runSuite(SuiteRunnerWorker.java:52)
	at org.testng.SuiteRunnerWorker.run(SuiteRunnerWorker.java:86)
	at org.testng.TestNG.runSuitesSequentially(TestNG.java:1185)
	at org.testng.TestNG.runSuitesLocally(TestNG.java:1110)
	at org.testng.TestNG.run(TestNG.java:1018)
	at org.testng.remote.AbstractRemoteTestNG.run(AbstractRemoteTestNG.java:114)
	at org.testng.remote.RemoteTestNG.initAndRun(RemoteTestNG.java:251)
	at org.testng.remote.RemoteTestNG.main(RemoteTestNG.java:77)
]]>
            </full-stacktrace>
          </exception> <!-- java.lang.AssertionError -->
          <reporter-output>
          </reporter-output>
        </test-method> <!-- deleteDeliveryAddress -->
        <test-method status="FAIL" signature="resetPassword()[pri:0, instance:com.tcs.BsiShopRedesign.sprint1.MyProfile@2f7298b]" name="resetPassword" duration-ms="32641" started-at="2018-08-16T13:35:50Z" finished-at="2018-08-16T13:36:23Z">
          <exception class="java.lang.AssertionError">
            <message>
              <![CDATA[Reset Password was UnSuccessful]]>
            </message>
            <full-stacktrace>
              <![CDATA[java.lang.AssertionError: Reset Password was UnSuccessful
	at org.testng.Assert.fail(Assert.java:94)
	at com.tcs.BsiShopRedesign.utilities.CommonHelper.reportFailure(CommonHelper.java:67)
	at com.tcs.BsiShopRedesign.pages.SignInPage.resetPwd(SignInPage.java:125)
	at com.tcs.BsiShopRedesign.sprint1.MyProfile.resetPassword(MyProfile.java:197)
	at sun.reflect.NativeMethodAccessorImpl.invoke0(Native Method)
	at sun.reflect.NativeMethodAccessorImpl.invoke(NativeMethodAccessorImpl.java:62)
	at sun.reflect.DelegatingMethodAccessorImpl.invoke(DelegatingMethodAccessorImpl.java:43)
	at java.lang.reflect.Method.invoke(Method.java:498)
	at org.testng.internal.MethodInvocationHelper.invokeMethod(MethodInvocationHelper.java:85)
	at org.testng.internal.Invoker.invokeMethod(Invoker.java:639)
	at org.testng.internal.Invoker.invokeTestMethod(Invoker.java:821)
	at org.testng.internal.Invoker.invokeTestMethods(Invoker.java:1131)
	at org.testng.internal.TestMethodWorker.invokeTestMethods(TestMethodWorker.java:124)
	at org.testng.internal.TestMethodWorker.run(TestMethodWorker.java:108)
	at org.testng.TestRunner.privateRun(TestRunner.java:773)
	at org.testng.TestRunner.run(TestRunner.java:623)
	at org.testng.SuiteRunner.runTest(SuiteRunner.java:357)
	at org.testng.SuiteRunner.runSequentially(SuiteRunner.java:352)
	at org.testng.SuiteRunner.privateRun(SuiteRunner.java:310)
	at org.testng.SuiteRunner.run(SuiteRunner.java:259)
	at org.testng.SuiteRunnerWorker.runSuite(SuiteRunnerWorker.java:52)
	at org.testng.SuiteRunnerWorker.run(SuiteRunnerWorker.java:86)
	at org.testng.TestNG.runSuitesSequentially(TestNG.java:1185)
	at org.testng.TestNG.runSuitesLocally(TestNG.java:1110)
	at org.testng.TestNG.run(TestNG.java:1018)
	at org.testng.remote.AbstractRemoteTestNG.run(AbstractRemoteTestNG.java:114)
	at org.testng.remote.RemoteTestNG.initAndRun(RemoteTestNG.java:251)
	at org.testng.remote.RemoteTestNG.main(RemoteTestNG.java:77)
]]>
            </full-stacktrace>
          </exception> <!-- java.lang.AssertionError -->
          <reporter-output>
          </reporter-output>
        </test-method> <!-- resetPassword -->
        <test-method status="PASS" signature="tearDown()[pri:0, instance:com.tcs.BsiShopRedesign.sprint1.MyProfile@2f7298b]" name="tearDown" is-config="true" duration-ms="797" started-at="2018-08-16T13:36:23Z" finished-at="2018-08-16T13:36:24Z">
          <reporter-output>
          </reporter-output>
        </test-method> <!-- tearDown -->
      </class> <!-- com.tcs.BsiShopRedesign.sprint1.MyProfile -->
      <class name="com.tcs.BsiShopRedesign.sprint4_5.VerifyMemberProfile">
        <test-method status="PASS" signature="launchBrowser(java.lang.String)[pri:0, instance:com.tcs.BsiShopRedesign.sprint4_5.VerifyMemberProfile@7334aada]" name="launchBrowser" is-config="true" duration-ms="7788" started-at="2018-08-16T16:13:55Z" finished-at="2018-08-16T16:14:03Z">
          <params>
            <param index="0">
              <value>
                <![CDATA[IE]]>
              </value>
            </param>
          </params>
          <reporter-output>
          </reporter-output>
        </test-method> <!-- launchBrowser -->
        <test-method status="PASS" signature="signInMember()[pri:0, instance:com.tcs.BsiShopRedesign.sprint4_5.VerifyMemberProfile@7334aada]" name="signInMember" duration-ms="18957" started-at="2018-08-16T16:14:03Z" finished-at="2018-08-16T16:14:22Z">
          <reporter-output>
          </reporter-output>
        </test-method> <!-- signInMember -->
        <test-method status="PASS" signature="verifyMemberTab()[pri:0, instance:com.tcs.BsiShopRedesign.sprint4_5.VerifyMemberProfile@7334aada]" name="verifyMemberTab" duration-ms="7193" started-at="2018-08-16T16:14:22Z" finished-at="2018-08-16T16:14:29Z">
          <reporter-output>
          </reporter-output>
        </test-method> <!-- verifyMemberTab -->
        <test-method status="PASS" signature="tearDown()[pri:0, instance:com.tcs.BsiShopRedesign.sprint4_5.VerifyMemberProfile@7334aada]" name="tearDown" is-config="true" duration-ms="566" started-at="2018-08-16T16:14:29Z" finished-at="2018-08-16T16:14:30Z">
          <reporter-output>
          </reporter-output>
        </test-method> <!-- tearDown -->
      </class> <!-- com.tcs.BsiShopRedesign.sprint4_5.VerifyMemberProfile -->
      <class name="com.tcs.BsiShopRedesign.sprint3.SearchSortOrderByPublishedDate">
        <test-method status="PASS" signature="launchBrowser(java.lang.String)[pri:0, instance:com.tcs.BsiShopRedesign.sprint3.SearchSortOrderByPublishedDate@61862a7f]" name="launchBrowser" is-config="true" duration-ms="7795" started-at="2018-08-16T16:11:19Z" finished-at="2018-08-16T16:11:26Z">
          <params>
            <param index="0">
              <value>
                <![CDATA[IE]]>
              </value>
            </param>
          </params>
          <reporter-output>
          </reporter-output>
        </test-method> <!-- launchBrowser -->
        <test-method status="FAIL" signature="checkSortingOrderQuality()[pri:0, instance:com.tcs.BsiShopRedesign.sprint3.SearchSortOrderByPublishedDate@61862a7f]" name="checkSortingOrderQuality" duration-ms="49941" started-at="2018-08-16T16:11:26Z" finished-at="2018-08-16T16:12:16Z">
          <exception class="java.lang.AssertionError">
            <message>
              <![CDATA[Sorting list of products with Published Date was unsuccessful]]>
            </message>
            <full-stacktrace>
              <![CDATA[java.lang.AssertionError: Sorting list of products with Published Date was unsuccessful
	at org.testng.Assert.fail(Assert.java:94)
	at com.tcs.BsiShopRedesign.utilities.CommonHelper.reportFailure(CommonHelper.java:67)
	at com.tcs.BsiShopRedesign.pages.SearchPage.publishedDateSorting(SearchPage.java:247)
	at com.tcs.BsiShopRedesign.pages.SearchPage.checkSortingByPublishedDate(SearchPage.java:360)
	at com.tcs.BsiShopRedesign.sprint3.SearchSortOrderByPublishedDate.checkSortingOrderQuality(SearchSortOrderByPublishedDate.java:37)
	at sun.reflect.NativeMethodAccessorImpl.invoke0(Native Method)
	at sun.reflect.NativeMethodAccessorImpl.invoke(NativeMethodAccessorImpl.java:62)
	at sun.reflect.DelegatingMethodAccessorImpl.invoke(DelegatingMethodAccessorImpl.java:43)
	at java.lang.reflect.Method.invoke(Method.java:498)
	at org.testng.internal.MethodInvocationHelper.invokeMethod(MethodInvocationHelper.java:85)
	at org.testng.internal.Invoker.invokeMethod(Invoker.java:639)
	at org.testng.internal.Invoker.invokeTestMethod(Invoker.java:821)
	at org.testng.internal.Invoker.invokeTestMethods(Invoker.java:1131)
	at org.testng.internal.TestMethodWorker.invokeTestMethods(TestMethodWorker.java:124)
	at org.testng.internal.TestMethodWorker.run(TestMethodWorker.java:108)
	at org.testng.TestRunner.privateRun(TestRunner.java:773)
	at org.testng.TestRunner.run(TestRunner.java:623)
	at org.testng.SuiteRunner.runTest(SuiteRunner.java:357)
	at org.testng.SuiteRunner.runSequentially(SuiteRunner.java:352)
	at org.testng.SuiteRunner.privateRun(SuiteRunner.java:310)
	at org.testng.SuiteRunner.run(SuiteRunner.java:259)
	at org.testng.SuiteRunnerWorker.runSuite(SuiteRunnerWorker.java:52)
	at org.testng.SuiteRunnerWorker.run(SuiteRunnerWorker.java:86)
	at org.testng.TestNG.runSuitesSequentially(TestNG.java:1185)
	at org.testng.TestNG.runSuitesLocally(TestNG.java:1110)
	at org.testng.TestNG.run(TestNG.java:1018)
	at org.testng.remote.AbstractRemoteTestNG.run(AbstractRemoteTestNG.java:114)
	at org.testng.remote.RemoteTestNG.initAndRun(RemoteTestNG.java:251)
	at org.testng.remote.RemoteTestNG.main(RemoteTestNG.java:77)
]]>
            </full-stacktrace>
          </exception> <!-- java.lang.AssertionError -->
          <reporter-output>
          </reporter-output>
        </test-method> <!-- checkSortingOrderQuality -->
        <test-method status="PASS" signature="tearDown()[pri:0, instance:com.tcs.BsiShopRedesign.sprint3.SearchSortOrderByPublishedDate@61862a7f]" name="tearDown" is-config="true" duration-ms="581" started-at="2018-08-16T16:12:16Z" finished-at="2018-08-16T16:12:17Z">
          <reporter-output>
          </reporter-output>
        </test-method> <!-- tearDown -->
      </class> <!-- com.tcs.BsiShopRedesign.sprint3.SearchSortOrderByPublishedDate -->
      <class name="com.tcs.BsiShopRedesign.sprint3.CheckSearchCount">
        <test-method status="PASS" signature="launchBrowser(java.lang.String)[pri:0, instance:com.tcs.BsiShopRedesign.sprint3.CheckSearchCount@795cd85e]" name="launchBrowser" is-config="true" duration-ms="7642" started-at="2018-08-16T15:48:47Z" finished-at="2018-08-16T15:48:55Z">
          <params>
            <param index="0">
              <value>
                <![CDATA[IE]]>
              </value>
            </param>
          </params>
          <reporter-output>
          </reporter-output>
        </test-method> <!-- launchBrowser -->
        <test-method status="FAIL" signature="searchPASCount()[pri:0, instance:com.tcs.BsiShopRedesign.sprint3.CheckSearchCount@795cd85e]" name="searchPASCount" duration-ms="362406" started-at="2018-08-16T15:48:55Z" finished-at="2018-08-16T15:54:57Z">
          <exception class="java.lang.AssertionError">
            <message>
              <![CDATA[The search count was unsuccessful]]>
            </message>
            <full-stacktrace>
              <![CDATA[java.lang.AssertionError: The search count was unsuccessful
	at org.testng.Assert.fail(Assert.java:94)
	at com.tcs.BsiShopRedesign.utilities.CommonHelper.reportFailure(CommonHelper.java:67)
	at com.tcs.BsiShopRedesign.pages.SearchPage.countPAS(SearchPage.java:100)
	at com.tcs.BsiShopRedesign.sprint3.CheckSearchCount.searchPASCount(CheckSearchCount.java:38)
	at sun.reflect.NativeMethodAccessorImpl.invoke0(Native Method)
	at sun.reflect.NativeMethodAccessorImpl.invoke(NativeMethodAccessorImpl.java:62)
	at sun.reflect.DelegatingMethodAccessorImpl.invoke(DelegatingMethodAccessorImpl.java:43)
	at java.lang.reflect.Method.invoke(Method.java:498)
	at org.testng.internal.MethodInvocationHelper.invokeMethod(MethodInvocationHelper.java:85)
	at org.testng.internal.Invoker.invokeMethod(Invoker.java:639)
	at org.testng.internal.Invoker.invokeTestMethod(Invoker.java:821)
	at org.testng.internal.Invoker.invokeTestMethods(Invoker.java:1131)
	at org.testng.internal.TestMethodWorker.invokeTestMethods(TestMethodWorker.java:124)
	at org.testng.internal.TestMethodWorker.run(TestMethodWorker.java:108)
	at org.testng.TestRunner.privateRun(TestRunner.java:773)
	at org.testng.TestRunner.run(TestRunner.java:623)
	at org.testng.SuiteRunner.runTest(SuiteRunner.java:357)
	at org.testng.SuiteRunner.runSequentially(SuiteRunner.java:352)
	at org.testng.SuiteRunner.privateRun(SuiteRunner.java:310)
	at org.testng.SuiteRunner.run(SuiteRunner.java:259)
	at org.testng.SuiteRunnerWorker.runSuite(SuiteRunnerWorker.java:52)
	at org.testng.SuiteRunnerWorker.run(SuiteRunnerWorker.java:86)
	at org.testng.TestNG.runSuitesSequentially(TestNG.java:1185)
	at org.testng.TestNG.runSuitesLocally(TestNG.java:1110)
	at org.testng.TestNG.run(TestNG.java:1018)
	at org.testng.remote.AbstractRemoteTestNG.run(AbstractRemoteTestNG.java:114)
	at org.testng.remote.RemoteTestNG.initAndRun(RemoteTestNG.java:251)
	at org.testng.remote.RemoteTestNG.main(RemoteTestNG.java:77)
]]>
            </full-stacktrace>
          </exception> <!-- java.lang.AssertionError -->
          <reporter-output>
          </reporter-output>
        </test-method> <!-- searchPASCount -->
        <test-method status="PASS" signature="tearDown()[pri:0, instance:com.tcs.BsiShopRedesign.sprint3.CheckSearchCount@795cd85e]" name="tearDown" is-config="true" duration-ms="576" started-at="2018-08-16T15:54:57Z" finished-at="2018-08-16T15:54:58Z">
          <reporter-output>
          </reporter-output>
        </test-method> <!-- tearDown -->
      </class> <!-- com.tcs.BsiShopRedesign.sprint3.CheckSearchCount -->
      <class name="com.tcs.BsiShopRedesign.sprint2.VerifyMemberTab">
        <test-method status="PASS" signature="launchBrowser(java.lang.String)[pri:0, instance:com.tcs.BsiShopRedesign.sprint2.VerifyMemberTab@402bba4f]" name="launchBrowser" is-config="true" duration-ms="7543" started-at="2018-08-16T15:48:11Z" finished-at="2018-08-16T15:48:18Z">
          <params>
            <param index="0">
              <value>
                <![CDATA[IE]]>
              </value>
            </param>
          </params>
          <reporter-output>
          </reporter-output>
        </test-method> <!-- launchBrowser -->
        <test-method status="PASS" signature="signInMember()[pri:0, instance:com.tcs.BsiShopRedesign.sprint2.VerifyMemberTab@402bba4f]" name="signInMember" duration-ms="19157" started-at="2018-08-16T15:48:18Z" finished-at="2018-08-16T15:48:38Z">
          <reporter-output>
          </reporter-output>
        </test-method> <!-- signInMember -->
        <test-method status="PASS" signature="verifyStatus()[pri:0, instance:com.tcs.BsiShopRedesign.sprint2.VerifyMemberTab@402bba4f]" name="verifyStatus" duration-ms="8845" started-at="2018-08-16T15:48:38Z" finished-at="2018-08-16T15:48:46Z">
          <reporter-output>
          </reporter-output>
        </test-method> <!-- verifyStatus -->
        <test-method status="PASS" signature="tearDown()[pri:0, instance:com.tcs.BsiShopRedesign.sprint2.VerifyMemberTab@402bba4f]" name="tearDown" is-config="true" duration-ms="580" started-at="2018-08-16T15:48:46Z" finished-at="2018-08-16T15:48:47Z">
          <reporter-output>
          </reporter-output>
        </test-method> <!-- tearDown -->
      </class> <!-- com.tcs.BsiShopRedesign.sprint2.VerifyMemberTab -->
      <class name="com.tcs.BsiShopRedesign.sprint8.ValidateCheckoutDetails">
        <test-method status="PASS" signature="launchBrowser(java.lang.String)[pri:0, instance:com.tcs.BsiShopRedesign.sprint8.ValidateCheckoutDetails@6dc17b83]" name="launchBrowser" is-config="true" duration-ms="7971" started-at="2018-08-16T16:52:10Z" finished-at="2018-08-16T16:52:18Z">
          <params>
            <param index="0">
              <value>
                <![CDATA[IE]]>
              </value>
            </param>
          </params>
          <reporter-output>
          </reporter-output>
        </test-method> <!-- launchBrowser -->
        <test-method status="PASS" signature="signIn()[pri:0, instance:com.tcs.BsiShopRedesign.sprint8.ValidateCheckoutDetails@6dc17b83]" name="signIn" duration-ms="22994" started-at="2018-08-16T16:52:18Z" finished-at="2018-08-16T16:52:41Z">
          <reporter-output>
          </reporter-output>
        </test-method> <!-- signIn -->
        <test-method status="FAIL" signature="validateCheckoutNonUKDetails()[pri:0, instance:com.tcs.BsiShopRedesign.sprint8.ValidateCheckoutDetails@6dc17b83]" name="validateCheckoutNonUKDetails" duration-ms="322764" started-at="2018-08-16T16:52:41Z" finished-at="2018-08-16T16:58:04Z">
          <exception class="java.lang.AssertionError">
            <message>
              <![CDATA[Remove product from Basket was unsuccessful]]>
            </message>
            <full-stacktrace>
              <![CDATA[java.lang.AssertionError: Remove product from Basket was unsuccessful
	at org.testng.Assert.fail(Assert.java:94)
	at com.tcs.BsiShopRedesign.utilities.CommonHelper.reportFailure(CommonHelper.java:67)
	at com.tcs.BsiShopRedesign.pages.BasketPage.removeProduct(BasketPage.java:217)
	at com.tcs.BsiShopRedesign.sprint8.ValidateCheckoutDetails.validateCheckoutNonUKDetails(ValidateCheckoutDetails.java:115)
	at sun.reflect.NativeMethodAccessorImpl.invoke0(Native Method)
	at sun.reflect.NativeMethodAccessorImpl.invoke(NativeMethodAccessorImpl.java:62)
	at sun.reflect.DelegatingMethodAccessorImpl.invoke(DelegatingMethodAccessorImpl.java:43)
	at java.lang.reflect.Method.invoke(Method.java:498)
	at org.testng.internal.MethodInvocationHelper.invokeMethod(MethodInvocationHelper.java:85)
	at org.testng.internal.Invoker.invokeMethod(Invoker.java:639)
	at org.testng.internal.Invoker.invokeTestMethod(Invoker.java:821)
	at org.testng.internal.Invoker.invokeTestMethods(Invoker.java:1131)
	at org.testng.internal.TestMethodWorker.invokeTestMethods(TestMethodWorker.java:124)
	at org.testng.internal.TestMethodWorker.run(TestMethodWorker.java:108)
	at org.testng.TestRunner.privateRun(TestRunner.java:773)
	at org.testng.TestRunner.run(TestRunner.java:623)
	at org.testng.SuiteRunner.runTest(SuiteRunner.java:357)
	at org.testng.SuiteRunner.runSequentially(SuiteRunner.java:352)
	at org.testng.SuiteRunner.privateRun(SuiteRunner.java:310)
	at org.testng.SuiteRunner.run(SuiteRunner.java:259)
	at org.testng.SuiteRunnerWorker.runSuite(SuiteRunnerWorker.java:52)
	at org.testng.SuiteRunnerWorker.run(SuiteRunnerWorker.java:86)
	at org.testng.TestNG.runSuitesSequentially(TestNG.java:1185)
	at org.testng.TestNG.runSuitesLocally(TestNG.java:1110)
	at org.testng.TestNG.run(TestNG.java:1018)
	at org.testng.remote.AbstractRemoteTestNG.run(AbstractRemoteTestNG.java:114)
	at org.testng.remote.RemoteTestNG.initAndRun(RemoteTestNG.java:251)
	at org.testng.remote.RemoteTestNG.main(RemoteTestNG.java:77)
]]>
            </full-stacktrace>
          </exception> <!-- java.lang.AssertionError -->
          <reporter-output>
          </reporter-output>
        </test-method> <!-- validateCheckoutNonUKDetails -->
        <test-method status="FAIL" signature="validateCheckoutUKDetails()[pri:0, instance:com.tcs.BsiShopRedesign.sprint8.ValidateCheckoutDetails@6dc17b83]" name="validateCheckoutUKDetails" duration-ms="82345" started-at="2018-08-16T16:58:04Z" finished-at="2018-08-16T16:59:26Z">
          <exception class="java.lang.AssertionError">
            <message>
              <![CDATA[Unable to find element with css selector == button[title='Checkout Now']
For documentation on this error, please visit: http://seleniumhq.org/exceptions/no_such_element.html
Build info: version: '3.8.0', revision: '924c4067df', time: '2017-11-30T11:20:39.408Z'
System info: host: 'ShopRedesign04', ip: '10.0.9.7', os.name: 'Windows Server 2012 R2', os.arch: 'amd64', os.version: '6.3', java.version: '1.8.0_171'
Driver info: org.openqa.selenium.ie.InternetExplorerDriver
Capabilities {acceptInsecureCerts: false, browserName: internet explorer, browserVersion: 11, javascriptEnabled: true, pageLoadStrategy: normal, platform: WINDOWS, platformName: WINDOWS, proxy: Proxy(), se:ieOptions: {browserAttachTimeout: 0, elementScrollBehavior: 0, enablePersistentHover: false, ie.browserCommandLineSwitches: , ie.ensureCleanSession: true, ie.fileUploadDialogTimeout: 3000, ie.forceCreateProcessApi: false, ignoreProtectedModeSettings: true, ignoreZoomSetting: true, initialBrowserUrl: http://localhost:2673/, nativeEvents: true, requireWindowFocus: false}, setWindowRect: true, timeouts: {implicit: 0, pageLoad: 300000, script: 30000}}
Session ID: 279232ef-4c63-4f4a-a5a8-bd1ceae4354f
*** Element info: {Using=css selector, value=button[title='Checkout Now']}]]>
            </message>
            <full-stacktrace>
              <![CDATA[java.lang.AssertionError: Unable to find element with css selector == button[title='Checkout Now']
For documentation on this error, please visit: http://seleniumhq.org/exceptions/no_such_element.html
Build info: version: '3.8.0', revision: '924c4067df', time: '2017-11-30T11:20:39.408Z'
System info: host: 'ShopRedesign04', ip: '10.0.9.7', os.name: 'Windows Server 2012 R2', os.arch: 'amd64', os.version: '6.3', java.version: '1.8.0_171'
Driver info: org.openqa.selenium.ie.InternetExplorerDriver
Capabilities {acceptInsecureCerts: false, browserName: internet explorer, browserVersion: 11, javascriptEnabled: true, pageLoadStrategy: normal, platform: WINDOWS, platformName: WINDOWS, proxy: Proxy(), se:ieOptions: {browserAttachTimeout: 0, elementScrollBehavior: 0, enablePersistentHover: false, ie.browserCommandLineSwitches: , ie.ensureCleanSession: true, ie.fileUploadDialogTimeout: 3000, ie.forceCreateProcessApi: false, ignoreProtectedModeSettings: true, ignoreZoomSetting: true, initialBrowserUrl: http://localhost:2673/, nativeEvents: true, requireWindowFocus: false}, setWindowRect: true, timeouts: {implicit: 0, pageLoad: 300000, script: 30000}}
Session ID: 279232ef-4c63-4f4a-a5a8-bd1ceae4354f
*** Element info: {Using=css selector, value=button[title='Checkout Now']}
	at org.testng.Assert.fail(Assert.java:94)
	at com.tcs.BsiShopRedesign.pages.BasketPage.clickCheckout(BasketPage.java:425)
	at com.tcs.BsiShopRedesign.sprint8.ValidateCheckoutDetails.validateCheckoutUKDetails(ValidateCheckoutDetails.java:161)
	at sun.reflect.NativeMethodAccessorImpl.invoke0(Native Method)
	at sun.reflect.NativeMethodAccessorImpl.invoke(NativeMethodAccessorImpl.java:62)
	at sun.reflect.DelegatingMethodAccessorImpl.invoke(DelegatingMethodAccessorImpl.java:43)
	at java.lang.reflect.Method.invoke(Method.java:498)
	at org.testng.internal.MethodInvocationHelper.invokeMethod(MethodInvocationHelper.java:85)
	at org.testng.internal.Invoker.invokeMethod(Invoker.java:639)
	at org.testng.internal.Invoker.invokeTestMethod(Invoker.java:821)
	at org.testng.internal.Invoker.invokeTestMethods(Invoker.java:1131)
	at org.testng.internal.TestMethodWorker.invokeTestMethods(TestMethodWorker.java:124)
	at org.testng.internal.TestMethodWorker.run(TestMethodWorker.java:108)
	at org.testng.TestRunner.privateRun(TestRunner.java:773)
	at org.testng.TestRunner.run(TestRunner.java:623)
	at org.testng.SuiteRunner.runTest(SuiteRunner.java:357)
	at org.testng.SuiteRunner.runSequentially(SuiteRunner.java:352)
	at org.testng.SuiteRunner.privateRun(SuiteRunner.java:310)
	at org.testng.SuiteRunner.run(SuiteRunner.java:259)
	at org.testng.SuiteRunnerWorker.runSuite(SuiteRunnerWorker.java:52)
	at org.testng.SuiteRunnerWorker.run(SuiteRunnerWorker.java:86)
	at org.testng.TestNG.runSuitesSequentially(TestNG.java:1185)
	at org.testng.TestNG.runSuitesLocally(TestNG.java:1110)
	at org.testng.TestNG.run(TestNG.java:1018)
	at org.testng.remote.AbstractRemoteTestNG.run(AbstractRemoteTestNG.java:114)
	at org.testng.remote.RemoteTestNG.initAndRun(RemoteTestNG.java:251)
	at org.testng.remote.RemoteTestNG.main(RemoteTestNG.java:77)
]]>
            </full-stacktrace>
          </exception> <!-- java.lang.AssertionError -->
          <reporter-output>
          </reporter-output>
        </test-method> <!-- validateCheckoutUKDetails -->
        <test-method status="PASS" signature="tearDown()[pri:0, instance:com.tcs.BsiShopRedesign.sprint8.ValidateCheckoutDetails@6dc17b83]" name="tearDown" is-config="true" duration-ms="577" started-at="2018-08-16T16:59:26Z" finished-at="2018-08-16T16:59:27Z">
          <reporter-output>
          </reporter-output>
        </test-method> <!-- tearDown -->
      </class> <!-- com.tcs.BsiShopRedesign.sprint8.ValidateCheckoutDetails -->
      <class name="com.tcs.BsiShopRedesign.sprint8.EditOrderDetailsFromCheckout">
        <test-method status="PASS" signature="launchBrowser(java.lang.String)[pri:0, instance:com.tcs.BsiShopRedesign.sprint8.EditOrderDetailsFromCheckout@5fdcaa40]" name="launchBrowser" is-config="true" duration-ms="7769" started-at="2018-08-16T16:49:32Z" finished-at="2018-08-16T16:49:39Z">
          <params>
            <param index="0">
              <value>
                <![CDATA[IE]]>
              </value>
            </param>
          </params>
          <reporter-output>
          </reporter-output>
        </test-method> <!-- launchBrowser -->
        <test-method status="PASS" signature="signIn()[pri:0, instance:com.tcs.BsiShopRedesign.sprint8.EditOrderDetailsFromCheckout@5fdcaa40]" name="signIn" duration-ms="21471" started-at="2018-08-16T16:49:39Z" finished-at="2018-08-16T16:50:01Z">
          <reporter-output>
          </reporter-output>
        </test-method> <!-- signIn -->
        <test-method status="FAIL" signature="verifyHardCopyDeliveryDetails()[pri:0, instance:com.tcs.BsiShopRedesign.sprint8.EditOrderDetailsFromCheckout@5fdcaa40]" name="verifyHardCopyDeliveryDetails" duration-ms="128447" started-at="2018-08-16T16:50:01Z" finished-at="2018-08-16T16:52:09Z">
          <exception class="java.lang.AssertionError">
            <message>
              <![CDATA[Other Foramt Flag does not exists]]>
            </message>
            <full-stacktrace>
              <![CDATA[java.lang.AssertionError: Other Foramt Flag does not exists
	at org.testng.Assert.fail(Assert.java:94)
	at com.tcs.BsiShopRedesign.utilities.CommonHelper.reportFailure(CommonHelper.java:67)
	at com.tcs.BsiShopRedesign.pages.BasketPage.clickOtherFormatOKAlert(BasketPage.java:449)
	at com.tcs.BsiShopRedesign.sprint8.EditOrderDetailsFromCheckout.verifyHardCopyDeliveryDetails(EditOrderDetailsFromCheckout.java:98)
	at sun.reflect.NativeMethodAccessorImpl.invoke0(Native Method)
	at sun.reflect.NativeMethodAccessorImpl.invoke(NativeMethodAccessorImpl.java:62)
	at sun.reflect.DelegatingMethodAccessorImpl.invoke(DelegatingMethodAccessorImpl.java:43)
	at java.lang.reflect.Method.invoke(Method.java:498)
	at org.testng.internal.MethodInvocationHelper.invokeMethod(MethodInvocationHelper.java:85)
	at org.testng.internal.Invoker.invokeMethod(Invoker.java:639)
	at org.testng.internal.Invoker.invokeTestMethod(Invoker.java:821)
	at org.testng.internal.Invoker.invokeTestMethods(Invoker.java:1131)
	at org.testng.internal.TestMethodWorker.invokeTestMethods(TestMethodWorker.java:124)
	at org.testng.internal.TestMethodWorker.run(TestMethodWorker.java:108)
	at org.testng.TestRunner.privateRun(TestRunner.java:773)
	at org.testng.TestRunner.run(TestRunner.java:623)
	at org.testng.SuiteRunner.runTest(SuiteRunner.java:357)
	at org.testng.SuiteRunner.runSequentially(SuiteRunner.java:352)
	at org.testng.SuiteRunner.privateRun(SuiteRunner.java:310)
	at org.testng.SuiteRunner.run(SuiteRunner.java:259)
	at org.testng.SuiteRunnerWorker.runSuite(SuiteRunnerWorker.java:52)
	at org.testng.SuiteRunnerWorker.run(SuiteRunnerWorker.java:86)
	at org.testng.TestNG.runSuitesSequentially(TestNG.java:1185)
	at org.testng.TestNG.runSuitesLocally(TestNG.java:1110)
	at org.testng.TestNG.run(TestNG.java:1018)
	at org.testng.remote.AbstractRemoteTestNG.run(AbstractRemoteTestNG.java:114)
	at org.testng.remote.RemoteTestNG.initAndRun(RemoteTestNG.java:251)
	at org.testng.remote.RemoteTestNG.main(RemoteTestNG.java:77)
]]>
            </full-stacktrace>
          </exception> <!-- java.lang.AssertionError -->
          <reporter-output>
          </reporter-output>
        </test-method> <!-- verifyHardCopyDeliveryDetails -->
        <test-method status="PASS" signature="tearDown()[pri:0, instance:com.tcs.BsiShopRedesign.sprint8.EditOrderDetailsFromCheckout@5fdcaa40]" name="tearDown" is-config="true" duration-ms="585" started-at="2018-08-16T16:52:09Z" finished-at="2018-08-16T16:52:10Z">
          <reporter-output>
          </reporter-output>
        </test-method> <!-- tearDown -->
      </class> <!-- com.tcs.BsiShopRedesign.sprint8.EditOrderDetailsFromCheckout -->
      <class name="com.tcs.BsiShopRedesign.sprint3.AddPDFToBasketTwiceFromSearchList">
        <test-method status="PASS" signature="launchBrowser(java.lang.String)[pri:0, instance:com.tcs.BsiShopRedesign.sprint3.AddPDFToBasketTwiceFromSearchList@384ad17b]" name="launchBrowser" is-config="true" duration-ms="7752" started-at="2018-08-16T16:10:26Z" finished-at="2018-08-16T16:10:34Z">
          <params>
            <param index="0">
              <value>
                <![CDATA[IE]]>
              </value>
            </param>
          </params>
          <reporter-output>
          </reporter-output>
        </test-method> <!-- launchBrowser -->
        <test-method status="FAIL" signature="addToBasketSearchList()[pri:0, instance:com.tcs.BsiShopRedesign.sprint3.AddPDFToBasketTwiceFromSearchList@384ad17b]" name="addToBasketSearchList" duration-ms="43733" started-at="2018-08-16T16:10:34Z" finished-at="2018-08-16T16:11:18Z">
          <exception class="java.lang.AssertionError">
            <message>
              <![CDATA[Click on Add to Basket was unsuccessful]]>
            </message>
            <full-stacktrace>
              <![CDATA[java.lang.AssertionError: Click on Add to Basket was unsuccessful
	at org.testng.Assert.fail(Assert.java:94)
	at com.tcs.BsiShopRedesign.utilities.CommonHelper.reportFailure(CommonHelper.java:67)
	at com.tcs.BsiShopRedesign.pages.SearchPage.clickAddToBasket(SearchPage.java:802)
	at com.tcs.BsiShopRedesign.sprint3.AddPDFToBasketTwiceFromSearchList.addToBasketSearchList(AddPDFToBasketTwiceFromSearchList.java:35)
	at sun.reflect.NativeMethodAccessorImpl.invoke0(Native Method)
	at sun.reflect.NativeMethodAccessorImpl.invoke(NativeMethodAccessorImpl.java:62)
	at sun.reflect.DelegatingMethodAccessorImpl.invoke(DelegatingMethodAccessorImpl.java:43)
	at java.lang.reflect.Method.invoke(Method.java:498)
	at org.testng.internal.MethodInvocationHelper.invokeMethod(MethodInvocationHelper.java:85)
	at org.testng.internal.Invoker.invokeMethod(Invoker.java:639)
	at org.testng.internal.Invoker.invokeTestMethod(Invoker.java:821)
	at org.testng.internal.Invoker.invokeTestMethods(Invoker.java:1131)
	at org.testng.internal.TestMethodWorker.invokeTestMethods(TestMethodWorker.java:124)
	at org.testng.internal.TestMethodWorker.run(TestMethodWorker.java:108)
	at org.testng.TestRunner.privateRun(TestRunner.java:773)
	at org.testng.TestRunner.run(TestRunner.java:623)
	at org.testng.SuiteRunner.runTest(SuiteRunner.java:357)
	at org.testng.SuiteRunner.runSequentially(SuiteRunner.java:352)
	at org.testng.SuiteRunner.privateRun(SuiteRunner.java:310)
	at org.testng.SuiteRunner.run(SuiteRunner.java:259)
	at org.testng.SuiteRunnerWorker.runSuite(SuiteRunnerWorker.java:52)
	at org.testng.SuiteRunnerWorker.run(SuiteRunnerWorker.java:86)
	at org.testng.TestNG.runSuitesSequentially(TestNG.java:1185)
	at org.testng.TestNG.runSuitesLocally(TestNG.java:1110)
	at org.testng.TestNG.run(TestNG.java:1018)
	at org.testng.remote.AbstractRemoteTestNG.run(AbstractRemoteTestNG.java:114)
	at org.testng.remote.RemoteTestNG.initAndRun(RemoteTestNG.java:251)
	at org.testng.remote.RemoteTestNG.main(RemoteTestNG.java:77)
]]>
            </full-stacktrace>
          </exception> <!-- java.lang.AssertionError -->
          <reporter-output>
          </reporter-output>
        </test-method> <!-- addToBasketSearchList -->
        <test-method status="PASS" signature="tearDown()[pri:0, instance:com.tcs.BsiShopRedesign.sprint3.AddPDFToBasketTwiceFromSearchList@384ad17b]" name="tearDown" is-config="true" duration-ms="593" started-at="2018-08-16T16:11:18Z" finished-at="2018-08-16T16:11:19Z">
          <reporter-output>
          </reporter-output>
        </test-method> <!-- tearDown -->
      </class> <!-- com.tcs.BsiShopRedesign.sprint3.AddPDFToBasketTwiceFromSearchList -->
      <class name="com.tcs.BsiShopRedesign.sprint2.RegisterSubscriptions">
        <test-method status="PASS" signature="launchBrowser(java.lang.String)[pri:0, instance:com.tcs.BsiShopRedesign.sprint2.RegisterSubscriptions@479d31f3]" name="launchBrowser" is-config="true" duration-ms="7629" started-at="2018-08-16T15:29:41Z" finished-at="2018-08-16T15:29:49Z">
          <params>
            <param index="0">
              <value>
                <![CDATA[IE]]>
              </value>
            </param>
          </params>
          <reporter-output>
          </reporter-output>
        </test-method> <!-- launchBrowser -->
        <test-method status="FAIL" signature="regBSOLQuote()[pri:0, instance:com.tcs.BsiShopRedesign.sprint2.RegisterSubscriptions@479d31f3]" name="regBSOLQuote" duration-ms="154390" started-at="2018-08-16T15:29:49Z" finished-at="2018-08-16T15:32:23Z">
          <exception class="java.lang.AssertionError">
            <message>
              <![CDATA[Enter BSOL Pardot form details was unsuccessful]]>
            </message>
            <full-stacktrace>
              <![CDATA[java.lang.AssertionError: Enter BSOL Pardot form details was unsuccessful
	at org.testng.Assert.fail(Assert.java:94)
	at com.tcs.BsiShopRedesign.utilities.CommonHelper.reportFailure(CommonHelper.java:67)
	at com.tcs.BsiShopRedesign.pages.SubscriptionsPage.enterBSOLPardotDetails(SubscriptionsPage.java:90)
	at com.tcs.BsiShopRedesign.sprint2.RegisterSubscriptions.regBSOLQuote(RegisterSubscriptions.java:39)
	at sun.reflect.NativeMethodAccessorImpl.invoke0(Native Method)
	at sun.reflect.NativeMethodAccessorImpl.invoke(NativeMethodAccessorImpl.java:62)
	at sun.reflect.DelegatingMethodAccessorImpl.invoke(DelegatingMethodAccessorImpl.java:43)
	at java.lang.reflect.Method.invoke(Method.java:498)
	at org.testng.internal.MethodInvocationHelper.invokeMethod(MethodInvocationHelper.java:85)
	at org.testng.internal.Invoker.invokeMethod(Invoker.java:639)
	at org.testng.internal.Invoker.invokeTestMethod(Invoker.java:821)
	at org.testng.internal.Invoker.invokeTestMethods(Invoker.java:1131)
	at org.testng.internal.TestMethodWorker.invokeTestMethods(TestMethodWorker.java:124)
	at org.testng.internal.TestMethodWorker.run(TestMethodWorker.java:108)
	at org.testng.TestRunner.privateRun(TestRunner.java:773)
	at org.testng.TestRunner.run(TestRunner.java:623)
	at org.testng.SuiteRunner.runTest(SuiteRunner.java:357)
	at org.testng.SuiteRunner.runSequentially(SuiteRunner.java:352)
	at org.testng.SuiteRunner.privateRun(SuiteRunner.java:310)
	at org.testng.SuiteRunner.run(SuiteRunner.java:259)
	at org.testng.SuiteRunnerWorker.runSuite(SuiteRunnerWorker.java:52)
	at org.testng.SuiteRunnerWorker.run(SuiteRunnerWorker.java:86)
	at org.testng.TestNG.runSuitesSequentially(TestNG.java:1185)
	at org.testng.TestNG.runSuitesLocally(TestNG.java:1110)
	at org.testng.TestNG.run(TestNG.java:1018)
	at org.testng.remote.AbstractRemoteTestNG.run(AbstractRemoteTestNG.java:114)
	at org.testng.remote.RemoteTestNG.initAndRun(RemoteTestNG.java:251)
	at org.testng.remote.RemoteTestNG.main(RemoteTestNG.java:77)
]]>
            </full-stacktrace>
          </exception> <!-- java.lang.AssertionError -->
          <reporter-output>
          </reporter-output>
        </test-method> <!-- regBSOLQuote -->
        <test-method status="FAIL" signature="regCNQuote()[pri:0, instance:com.tcs.BsiShopRedesign.sprint2.RegisterSubscriptions@479d31f3]" name="regCNQuote" duration-ms="101856" started-at="2018-08-16T15:32:23Z" finished-at="2018-08-16T15:34:05Z">
          <exception class="java.lang.AssertionError">
            <message>
              <![CDATA[Enter Pardot Form details was unsuccessful]]>
            </message>
            <full-stacktrace>
              <![CDATA[java.lang.AssertionError: Enter Pardot Form details was unsuccessful
	at org.testng.Assert.fail(Assert.java:94)
	at com.tcs.BsiShopRedesign.utilities.CommonHelper.reportFailure(CommonHelper.java:67)
	at com.tcs.BsiShopRedesign.pages.SubscriptionsPage.enterCNPardotDetails(SubscriptionsPage.java:295)
	at com.tcs.BsiShopRedesign.sprint2.RegisterSubscriptions.regCNQuote(RegisterSubscriptions.java:74)
	at sun.reflect.NativeMethodAccessorImpl.invoke0(Native Method)
	at sun.reflect.NativeMethodAccessorImpl.invoke(NativeMethodAccessorImpl.java:62)
	at sun.reflect.DelegatingMethodAccessorImpl.invoke(DelegatingMethodAccessorImpl.java:43)
	at java.lang.reflect.Method.invoke(Method.java:498)
	at org.testng.internal.MethodInvocationHelper.invokeMethod(MethodInvocationHelper.java:85)
	at org.testng.internal.Invoker.invokeMethod(Invoker.java:639)
	at org.testng.internal.Invoker.invokeTestMethod(Invoker.java:821)
	at org.testng.internal.Invoker.invokeTestMethods(Invoker.java:1131)
	at org.testng.internal.TestMethodWorker.invokeTestMethods(TestMethodWorker.java:124)
	at org.testng.internal.TestMethodWorker.run(TestMethodWorker.java:108)
	at org.testng.TestRunner.privateRun(TestRunner.java:773)
	at org.testng.TestRunner.run(TestRunner.java:623)
	at org.testng.SuiteRunner.runTest(SuiteRunner.java:357)
	at org.testng.SuiteRunner.runSequentially(SuiteRunner.java:352)
	at org.testng.SuiteRunner.privateRun(SuiteRunner.java:310)
	at org.testng.SuiteRunner.run(SuiteRunner.java:259)
	at org.testng.SuiteRunnerWorker.runSuite(SuiteRunnerWorker.java:52)
	at org.testng.SuiteRunnerWorker.run(SuiteRunnerWorker.java:86)
	at org.testng.TestNG.runSuitesSequentially(TestNG.java:1185)
	at org.testng.TestNG.runSuitesLocally(TestNG.java:1110)
	at org.testng.TestNG.run(TestNG.java:1018)
	at org.testng.remote.AbstractRemoteTestNG.run(AbstractRemoteTestNG.java:114)
	at org.testng.remote.RemoteTestNG.initAndRun(RemoteTestNG.java:251)
	at org.testng.remote.RemoteTestNG.main(RemoteTestNG.java:77)
]]>
            </full-stacktrace>
          </exception> <!-- java.lang.AssertionError -->
          <reporter-output>
          </reporter-output>
        </test-method> <!-- regCNQuote -->
        <test-method status="FAIL" signature="regEurocodes()[pri:0, instance:com.tcs.BsiShopRedesign.sprint2.RegisterSubscriptions@479d31f3]" name="regEurocodes" duration-ms="86077" started-at="2018-08-16T15:34:05Z" finished-at="2018-08-16T15:35:31Z">
          <exception class="java.lang.AssertionError">
            <message>
              <![CDATA[Enter Eurocode Pardot Form details was unsuccessful]]>
            </message>
            <full-stacktrace>
              <![CDATA[java.lang.AssertionError: Enter Eurocode Pardot Form details was unsuccessful
	at org.testng.Assert.fail(Assert.java:94)
	at com.tcs.BsiShopRedesign.utilities.CommonHelper.reportFailure(CommonHelper.java:67)
	at com.tcs.BsiShopRedesign.pages.SubscriptionsPage.enterEurocodePardotDetails(SubscriptionsPage.java:428)
	at com.tcs.BsiShopRedesign.sprint2.RegisterSubscriptions.regEurocodes(RegisterSubscriptions.java:109)
	at sun.reflect.NativeMethodAccessorImpl.invoke0(Native Method)
	at sun.reflect.NativeMethodAccessorImpl.invoke(NativeMethodAccessorImpl.java:62)
	at sun.reflect.DelegatingMethodAccessorImpl.invoke(DelegatingMethodAccessorImpl.java:43)
	at java.lang.reflect.Method.invoke(Method.java:498)
	at org.testng.internal.MethodInvocationHelper.invokeMethod(MethodInvocationHelper.java:85)
	at org.testng.internal.Invoker.invokeMethod(Invoker.java:639)
	at org.testng.internal.Invoker.invokeTestMethod(Invoker.java:821)
	at org.testng.internal.Invoker.invokeTestMethods(Invoker.java:1131)
	at org.testng.internal.TestMethodWorker.invokeTestMethods(TestMethodWorker.java:124)
	at org.testng.internal.TestMethodWorker.run(TestMethodWorker.java:108)
	at org.testng.TestRunner.privateRun(TestRunner.java:773)
	at org.testng.TestRunner.run(TestRunner.java:623)
	at org.testng.SuiteRunner.runTest(SuiteRunner.java:357)
	at org.testng.SuiteRunner.runSequentially(SuiteRunner.java:352)
	at org.testng.SuiteRunner.privateRun(SuiteRunner.java:310)
	at org.testng.SuiteRunner.run(SuiteRunner.java:259)
	at org.testng.SuiteRunnerWorker.runSuite(SuiteRunnerWorker.java:52)
	at org.testng.SuiteRunnerWorker.run(SuiteRunnerWorker.java:86)
	at org.testng.TestNG.runSuitesSequentially(TestNG.java:1185)
	at org.testng.TestNG.runSuitesLocally(TestNG.java:1110)
	at org.testng.TestNG.run(TestNG.java:1018)
	at org.testng.remote.AbstractRemoteTestNG.run(AbstractRemoteTestNG.java:114)
	at org.testng.remote.RemoteTestNG.initAndRun(RemoteTestNG.java:251)
	at org.testng.remote.RemoteTestNG.main(RemoteTestNG.java:77)
]]>
            </full-stacktrace>
          </exception> <!-- java.lang.AssertionError -->
          <reporter-output>
          </reporter-output>
        </test-method> <!-- regEurocodes -->
        <test-method status="PASS" signature="tearDown()[pri:0, instance:com.tcs.BsiShopRedesign.sprint2.RegisterSubscriptions@479d31f3]" name="tearDown" is-config="true" duration-ms="579" started-at="2018-08-16T15:35:31Z" finished-at="2018-08-16T15:35:32Z">
          <reporter-output>
          </reporter-output>
        </test-method> <!-- tearDown -->
      </class> <!-- com.tcs.BsiShopRedesign.sprint2.RegisterSubscriptions -->
      <class name="com.tcs.BsiShopRedesign.sprint8.RenewMembership">
        <test-method status="PASS" signature="launchBrowser(java.lang.String)[pri:0, instance:com.tcs.BsiShopRedesign.sprint8.RenewMembership@1a451d4d]" name="launchBrowser" is-config="true" duration-ms="7875" started-at="2018-08-16T16:38:27Z" finished-at="2018-08-16T16:38:35Z">
          <params>
            <param index="0">
              <value>
                <![CDATA[IE]]>
              </value>
            </param>
          </params>
          <reporter-output>
          </reporter-output>
        </test-method> <!-- launchBrowser -->
        <test-method status="PASS" signature="signInMember()[pri:0, instance:com.tcs.BsiShopRedesign.sprint8.RenewMembership@1a451d4d]" name="signInMember" duration-ms="18732" started-at="2018-08-16T16:38:35Z" finished-at="2018-08-16T16:38:53Z">
          <reporter-output>
          </reporter-output>
        </test-method> <!-- signInMember -->
        <test-method status="FAIL" signature="addRenewMembershipToBasket()[pri:0, instance:com.tcs.BsiShopRedesign.sprint8.RenewMembership@1a451d4d]" name="addRenewMembershipToBasket" duration-ms="32141" started-at="2018-08-16T16:38:53Z" finished-at="2018-08-16T16:39:26Z">
          <exception class="java.lang.AssertionError">
            <message>
              <![CDATA[Click Renew Membership was unsuccessful]]>
            </message>
            <full-stacktrace>
              <![CDATA[java.lang.AssertionError: Click Renew Membership was unsuccessful
	at org.testng.Assert.fail(Assert.java:94)
	at com.tcs.BsiShopRedesign.utilities.CommonHelper.reportFailure(CommonHelper.java:67)
	at com.tcs.BsiShopRedesign.pages.MyProfileMemberPage.clickRenewMembership(MyProfileMemberPage.java:158)
	at com.tcs.BsiShopRedesign.sprint8.RenewMembership.addRenewMembershipToBasket(RenewMembership.java:51)
	at sun.reflect.NativeMethodAccessorImpl.invoke0(Native Method)
	at sun.reflect.NativeMethodAccessorImpl.invoke(NativeMethodAccessorImpl.java:62)
	at sun.reflect.DelegatingMethodAccessorImpl.invoke(DelegatingMethodAccessorImpl.java:43)
	at java.lang.reflect.Method.invoke(Method.java:498)
	at org.testng.internal.MethodInvocationHelper.invokeMethod(MethodInvocationHelper.java:85)
	at org.testng.internal.Invoker.invokeMethod(Invoker.java:639)
	at org.testng.internal.Invoker.invokeTestMethod(Invoker.java:821)
	at org.testng.internal.Invoker.invokeTestMethods(Invoker.java:1131)
	at org.testng.internal.TestMethodWorker.invokeTestMethods(TestMethodWorker.java:124)
	at org.testng.internal.TestMethodWorker.run(TestMethodWorker.java:108)
	at org.testng.TestRunner.privateRun(TestRunner.java:773)
	at org.testng.TestRunner.run(TestRunner.java:623)
	at org.testng.SuiteRunner.runTest(SuiteRunner.java:357)
	at org.testng.SuiteRunner.runSequentially(SuiteRunner.java:352)
	at org.testng.SuiteRunner.privateRun(SuiteRunner.java:310)
	at org.testng.SuiteRunner.run(SuiteRunner.java:259)
	at org.testng.SuiteRunnerWorker.runSuite(SuiteRunnerWorker.java:52)
	at org.testng.SuiteRunnerWorker.run(SuiteRunnerWorker.java:86)
	at org.testng.TestNG.runSuitesSequentially(TestNG.java:1185)
	at org.testng.TestNG.runSuitesLocally(TestNG.java:1110)
	at org.testng.TestNG.run(TestNG.java:1018)
	at org.testng.remote.AbstractRemoteTestNG.run(AbstractRemoteTestNG.java:114)
	at org.testng.remote.RemoteTestNG.initAndRun(RemoteTestNG.java:251)
	at org.testng.remote.RemoteTestNG.main(RemoteTestNG.java:77)
]]>
            </full-stacktrace>
          </exception> <!-- java.lang.AssertionError -->
          <reporter-output>
          </reporter-output>
        </test-method> <!-- addRenewMembershipToBasket -->
        <test-method status="PASS" signature="tearDown()[pri:0, instance:com.tcs.BsiShopRedesign.sprint8.RenewMembership@1a451d4d]" name="tearDown" is-config="true" duration-ms="595" started-at="2018-08-16T16:39:26Z" finished-at="2018-08-16T16:39:26Z">
          <reporter-output>
          </reporter-output>
        </test-method> <!-- tearDown -->
      </class> <!-- com.tcs.BsiShopRedesign.sprint8.RenewMembership -->
      <class name="com.tcs.BsiShopRedesign.sprint1.SCRProductsUpdateBasket">
        <test-method status="PASS" signature="launchBrowser(java.lang.String)[pri:0, instance:com.tcs.BsiShopRedesign.sprint1.SCRProductsUpdateBasket@72057ecf]" name="launchBrowser" is-config="true" duration-ms="7790" started-at="2018-08-16T13:36:24Z" finished-at="2018-08-16T13:36:32Z">
          <params>
            <param index="0">
              <value>
                <![CDATA[IE]]>
              </value>
            </param>
          </params>
          <reporter-output>
          </reporter-output>
        </test-method> <!-- launchBrowser -->
        <test-method status="FAIL" signature="productUpdateBasket(java.util.Hashtable)[pri:0, instance:com.tcs.BsiShopRedesign.sprint1.SCRProductsUpdateBasket@72057ecf]" name="productUpdateBasket" duration-ms="334631" started-at="2018-08-16T13:36:32Z" data-provider="getData" finished-at="2018-08-16T13:42:06Z">
          <params>
            <param index="0">
              <value>
                <![CDATA[{Runmode=Y, Product_name=BS 6070-1:1981, Browser=Chrome}]]>
              </value>
            </param>
          </params>
          <exception class="java.lang.AssertionError">
            <message>
              <![CDATA[Search and Update SCR Products was unsuccessful]]>
            </message>
            <full-stacktrace>
              <![CDATA[java.lang.AssertionError: Search and Update SCR Products was unsuccessful
	at org.testng.Assert.fail(Assert.java:94)
	at com.tcs.BsiShopRedesign.utilities.CommonHelper.reportFailure(CommonHelper.java:67)
	at com.tcs.BsiShopRedesign.sprint1.SCRProductsUpdateBasket.productUpdateBasket(SCRProductsUpdateBasket.java:109)
	at sun.reflect.NativeMethodAccessorImpl.invoke0(Native Method)
	at sun.reflect.NativeMethodAccessorImpl.invoke(NativeMethodAccessorImpl.java:62)
	at sun.reflect.DelegatingMethodAccessorImpl.invoke(DelegatingMethodAccessorImpl.java:43)
	at java.lang.reflect.Method.invoke(Method.java:498)
	at org.testng.internal.MethodInvocationHelper.invokeMethod(MethodInvocationHelper.java:85)
	at org.testng.internal.Invoker.invokeMethod(Invoker.java:639)
	at org.testng.internal.Invoker.invokeTestMethod(Invoker.java:821)
	at org.testng.internal.Invoker.invokeTestMethods(Invoker.java:1131)
	at org.testng.internal.TestMethodWorker.invokeTestMethods(TestMethodWorker.java:124)
	at org.testng.internal.TestMethodWorker.run(TestMethodWorker.java:108)
	at org.testng.TestRunner.privateRun(TestRunner.java:773)
	at org.testng.TestRunner.run(TestRunner.java:623)
	at org.testng.SuiteRunner.runTest(SuiteRunner.java:357)
	at org.testng.SuiteRunner.runSequentially(SuiteRunner.java:352)
	at org.testng.SuiteRunner.privateRun(SuiteRunner.java:310)
	at org.testng.SuiteRunner.run(SuiteRunner.java:259)
	at org.testng.SuiteRunnerWorker.runSuite(SuiteRunnerWorker.java:52)
	at org.testng.SuiteRunnerWorker.run(SuiteRunnerWorker.java:86)
	at org.testng.TestNG.runSuitesSequentially(TestNG.java:1185)
	at org.testng.TestNG.runSuitesLocally(TestNG.java:1110)
	at org.testng.TestNG.run(TestNG.java:1018)
	at org.testng.remote.AbstractRemoteTestNG.run(AbstractRemoteTestNG.java:114)
	at org.testng.remote.RemoteTestNG.initAndRun(RemoteTestNG.java:251)
	at org.testng.remote.RemoteTestNG.main(RemoteTestNG.java:77)
]]>
            </full-stacktrace>
          </exception> <!-- java.lang.AssertionError -->
          <reporter-output>
          </reporter-output>
        </test-method> <!-- productUpdateBasket -->
        <test-method status="FAIL" signature="productUpdateBasket(java.util.Hashtable)[pri:0, instance:com.tcs.BsiShopRedesign.sprint1.SCRProductsUpdateBasket@72057ecf]" name="productUpdateBasket" duration-ms="363535" started-at="2018-08-16T13:42:06Z" data-provider="getData" finished-at="2018-08-16T13:48:10Z">
          <params>
            <param index="0">
              <value>
                <![CDATA[{Runmode=Y, Product_name=PAS 278:2015, Browser=Chrome}]]>
              </value>
            </param>
          </params>
          <exception class="java.lang.AssertionError">
            <message>
              <![CDATA[Search and Update SCR Products was unsuccessful]]>
            </message>
            <full-stacktrace>
              <![CDATA[java.lang.AssertionError: Search and Update SCR Products was unsuccessful
	at org.testng.Assert.fail(Assert.java:94)
	at com.tcs.BsiShopRedesign.utilities.CommonHelper.reportFailure(CommonHelper.java:67)
	at com.tcs.BsiShopRedesign.sprint1.SCRProductsUpdateBasket.productUpdateBasket(SCRProductsUpdateBasket.java:109)
	at sun.reflect.NativeMethodAccessorImpl.invoke0(Native Method)
	at sun.reflect.NativeMethodAccessorImpl.invoke(NativeMethodAccessorImpl.java:62)
	at sun.reflect.DelegatingMethodAccessorImpl.invoke(DelegatingMethodAccessorImpl.java:43)
	at java.lang.reflect.Method.invoke(Method.java:498)
	at org.testng.internal.MethodInvocationHelper.invokeMethod(MethodInvocationHelper.java:85)
	at org.testng.internal.Invoker.invokeMethod(Invoker.java:639)
	at org.testng.internal.Invoker.invokeTestMethod(Invoker.java:821)
	at org.testng.internal.Invoker.invokeTestMethods(Invoker.java:1131)
	at org.testng.internal.TestMethodWorker.invokeTestMethods(TestMethodWorker.java:124)
	at org.testng.internal.TestMethodWorker.run(TestMethodWorker.java:108)
	at org.testng.TestRunner.privateRun(TestRunner.java:773)
	at org.testng.TestRunner.run(TestRunner.java:623)
	at org.testng.SuiteRunner.runTest(SuiteRunner.java:357)
	at org.testng.SuiteRunner.runSequentially(SuiteRunner.java:352)
	at org.testng.SuiteRunner.privateRun(SuiteRunner.java:310)
	at org.testng.SuiteRunner.run(SuiteRunner.java:259)
	at org.testng.SuiteRunnerWorker.runSuite(SuiteRunnerWorker.java:52)
	at org.testng.SuiteRunnerWorker.run(SuiteRunnerWorker.java:86)
	at org.testng.TestNG.runSuitesSequentially(TestNG.java:1185)
	at org.testng.TestNG.runSuitesLocally(TestNG.java:1110)
	at org.testng.TestNG.run(TestNG.java:1018)
	at org.testng.remote.AbstractRemoteTestNG.run(AbstractRemoteTestNG.java:114)
	at org.testng.remote.RemoteTestNG.initAndRun(RemoteTestNG.java:251)
	at org.testng.remote.RemoteTestNG.main(RemoteTestNG.java:77)
]]>
            </full-stacktrace>
          </exception> <!-- java.lang.AssertionError -->
          <reporter-output>
          </reporter-output>
        </test-method> <!-- productUpdateBasket -->
        <test-method status="FAIL" signature="productUpdateBasket(java.util.Hashtable)[pri:0, instance:com.tcs.BsiShopRedesign.sprint1.SCRProductsUpdateBasket@72057ecf]" name="productUpdateBasket" duration-ms="334517" started-at="2018-08-16T13:48:10Z" data-provider="getData" finished-at="2018-08-16T13:53:44Z">
          <params>
            <param index="0">
              <value>
                <![CDATA[{Runmode=Y, Product_name=BIP 2197, Browser=Chrome}]]>
              </value>
            </param>
          </params>
          <exception class="java.lang.AssertionError">
            <message>
              <![CDATA[Search and Update SCR Products was unsuccessful]]>
            </message>
            <full-stacktrace>
              <![CDATA[java.lang.AssertionError: Search and Update SCR Products was unsuccessful
	at org.testng.Assert.fail(Assert.java:94)
	at com.tcs.BsiShopRedesign.utilities.CommonHelper.reportFailure(CommonHelper.java:67)
	at com.tcs.BsiShopRedesign.sprint1.SCRProductsUpdateBasket.productUpdateBasket(SCRProductsUpdateBasket.java:109)
	at sun.reflect.NativeMethodAccessorImpl.invoke0(Native Method)
	at sun.reflect.NativeMethodAccessorImpl.invoke(NativeMethodAccessorImpl.java:62)
	at sun.reflect.DelegatingMethodAccessorImpl.invoke(DelegatingMethodAccessorImpl.java:43)
	at java.lang.reflect.Method.invoke(Method.java:498)
	at org.testng.internal.MethodInvocationHelper.invokeMethod(MethodInvocationHelper.java:85)
	at org.testng.internal.Invoker.invokeMethod(Invoker.java:639)
	at org.testng.internal.Invoker.invokeTestMethod(Invoker.java:821)
	at org.testng.internal.Invoker.invokeTestMethods(Invoker.java:1131)
	at org.testng.internal.TestMethodWorker.invokeTestMethods(TestMethodWorker.java:124)
	at org.testng.internal.TestMethodWorker.run(TestMethodWorker.java:108)
	at org.testng.TestRunner.privateRun(TestRunner.java:773)
	at org.testng.TestRunner.run(TestRunner.java:623)
	at org.testng.SuiteRunner.runTest(SuiteRunner.java:357)
	at org.testng.SuiteRunner.runSequentially(SuiteRunner.java:352)
	at org.testng.SuiteRunner.privateRun(SuiteRunner.java:310)
	at org.testng.SuiteRunner.run(SuiteRunner.java:259)
	at org.testng.SuiteRunnerWorker.runSuite(SuiteRunnerWorker.java:52)
	at org.testng.SuiteRunnerWorker.run(SuiteRunnerWorker.java:86)
	at org.testng.TestNG.runSuitesSequentially(TestNG.java:1185)
	at org.testng.TestNG.runSuitesLocally(TestNG.java:1110)
	at org.testng.TestNG.run(TestNG.java:1018)
	at org.testng.remote.AbstractRemoteTestNG.run(AbstractRemoteTestNG.java:114)
	at org.testng.remote.RemoteTestNG.initAndRun(RemoteTestNG.java:251)
	at org.testng.remote.RemoteTestNG.main(RemoteTestNG.java:77)
]]>
            </full-stacktrace>
          </exception> <!-- java.lang.AssertionError -->
          <reporter-output>
          </reporter-output>
        </test-method> <!-- productUpdateBasket -->
        <test-method status="PASS" signature="tearDown()[pri:0, instance:com.tcs.BsiShopRedesign.sprint1.SCRProductsUpdateBasket@72057ecf]" name="tearDown" is-config="true" duration-ms="632" started-at="2018-08-16T13:53:44Z" finished-at="2018-08-16T13:53:45Z">
          <reporter-output>
          </reporter-output>
        </test-method> <!-- tearDown -->
      </class> <!-- com.tcs.BsiShopRedesign.sprint1.SCRProductsUpdateBasket -->
      <class name="com.tcs.BsiShopRedesign.sprint1.MyProfileAddTenAddresses">
        <test-method status="PASS" signature="launchBrowser(java.lang.String)[pri:0, instance:com.tcs.BsiShopRedesign.sprint1.MyProfileAddTenAddresses@1afd44cb]" name="launchBrowser" is-config="true" duration-ms="7498" started-at="2018-08-16T13:53:45Z" finished-at="2018-08-16T13:53:53Z">
          <params>
            <param index="0">
              <value>
                <![CDATA[IE]]>
              </value>
            </param>
          </params>
          <reporter-output>
          </reporter-output>
        </test-method> <!-- launchBrowser -->
        <test-method status="PASS" signature="signIn()[pri:0, instance:com.tcs.BsiShopRedesign.sprint1.MyProfileAddTenAddresses@1afd44cb]" name="signIn" duration-ms="13494" started-at="2018-08-16T13:53:53Z" finished-at="2018-08-16T13:54:06Z">
          <reporter-output>
          </reporter-output>
        </test-method> <!-- signIn -->
        <test-method status="FAIL" signature="addTenBillingAddress()[pri:0, instance:com.tcs.BsiShopRedesign.sprint1.MyProfileAddTenAddresses@1afd44cb]" name="addTenBillingAddress" duration-ms="130090" started-at="2018-08-16T13:54:06Z" finished-at="2018-08-16T13:56:16Z">
          <exception class="java.lang.AssertionError">
            <message>
              <![CDATA[Unable to find element with css selector == #register\-unique\-name
For documentation on this error, please visit: http://seleniumhq.org/exceptions/no_such_element.html
Build info: version: '3.8.0', revision: '924c4067df', time: '2017-11-30T11:20:39.408Z'
System info: host: 'ShopRedesign04', ip: '10.0.9.7', os.name: 'Windows Server 2012 R2', os.arch: 'amd64', os.version: '6.3', java.version: '1.8.0_171'
Driver info: org.openqa.selenium.ie.InternetExplorerDriver
Capabilities {acceptInsecureCerts: false, browserName: internet explorer, browserVersion: 11, javascriptEnabled: true, pageLoadStrategy: normal, platform: WINDOWS, platformName: WINDOWS, proxy: Proxy(), se:ieOptions: {browserAttachTimeout: 0, elementScrollBehavior: 0, enablePersistentHover: false, ie.browserCommandLineSwitches: , ie.ensureCleanSession: true, ie.fileUploadDialogTimeout: 3000, ie.forceCreateProcessApi: false, ignoreProtectedModeSettings: true, ignoreZoomSetting: true, initialBrowserUrl: http://localhost:32618/, nativeEvents: true, requireWindowFocus: false}, setWindowRect: true, timeouts: {implicit: 0, pageLoad: 300000, script: 30000}}
Session ID: 23ad6cb0-bc40-4a96-8550-7ba6b2dbcdac
*** Element info: {Using=id, value=register-unique-name}]]>
            </message>
            <full-stacktrace>
              <![CDATA[java.lang.AssertionError: Unable to find element with css selector == #register\-unique\-name
For documentation on this error, please visit: http://seleniumhq.org/exceptions/no_such_element.html
Build info: version: '3.8.0', revision: '924c4067df', time: '2017-11-30T11:20:39.408Z'
System info: host: 'ShopRedesign04', ip: '10.0.9.7', os.name: 'Windows Server 2012 R2', os.arch: 'amd64', os.version: '6.3', java.version: '1.8.0_171'
Driver info: org.openqa.selenium.ie.InternetExplorerDriver
Capabilities {acceptInsecureCerts: false, browserName: internet explorer, browserVersion: 11, javascriptEnabled: true, pageLoadStrategy: normal, platform: WINDOWS, platformName: WINDOWS, proxy: Proxy(), se:ieOptions: {browserAttachTimeout: 0, elementScrollBehavior: 0, enablePersistentHover: false, ie.browserCommandLineSwitches: , ie.ensureCleanSession: true, ie.fileUploadDialogTimeout: 3000, ie.forceCreateProcessApi: false, ignoreProtectedModeSettings: true, ignoreZoomSetting: true, initialBrowserUrl: http://localhost:32618/, nativeEvents: true, requireWindowFocus: false}, setWindowRect: true, timeouts: {implicit: 0, pageLoad: 300000, script: 30000}}
Session ID: 23ad6cb0-bc40-4a96-8550-7ba6b2dbcdac
*** Element info: {Using=id, value=register-unique-name}
	at org.testng.Assert.fail(Assert.java:94)
	at com.tcs.BsiShopRedesign.pages.BillingAddressPage.addNewBillingAddress(BillingAddressPage.java:121)
	at com.tcs.BsiShopRedesign.pages.BillingAddressPage.addTenNewBillingAddress(BillingAddressPage.java:437)
	at com.tcs.BsiShopRedesign.sprint1.MyProfileAddTenAddresses.addTenBillingAddress(MyProfileAddTenAddresses.java:46)
	at sun.reflect.NativeMethodAccessorImpl.invoke0(Native Method)
	at sun.reflect.NativeMethodAccessorImpl.invoke(NativeMethodAccessorImpl.java:62)
	at sun.reflect.DelegatingMethodAccessorImpl.invoke(DelegatingMethodAccessorImpl.java:43)
	at java.lang.reflect.Method.invoke(Method.java:498)
	at org.testng.internal.MethodInvocationHelper.invokeMethod(MethodInvocationHelper.java:85)
	at org.testng.internal.Invoker.invokeMethod(Invoker.java:639)
	at org.testng.internal.Invoker.invokeTestMethod(Invoker.java:821)
	at org.testng.internal.Invoker.invokeTestMethods(Invoker.java:1131)
	at org.testng.internal.TestMethodWorker.invokeTestMethods(TestMethodWorker.java:124)
	at org.testng.internal.TestMethodWorker.run(TestMethodWorker.java:108)
	at org.testng.TestRunner.privateRun(TestRunner.java:773)
	at org.testng.TestRunner.run(TestRunner.java:623)
	at org.testng.SuiteRunner.runTest(SuiteRunner.java:357)
	at org.testng.SuiteRunner.runSequentially(SuiteRunner.java:352)
	at org.testng.SuiteRunner.privateRun(SuiteRunner.java:310)
	at org.testng.SuiteRunner.run(SuiteRunner.java:259)
	at org.testng.SuiteRunnerWorker.runSuite(SuiteRunnerWorker.java:52)
	at org.testng.SuiteRunnerWorker.run(SuiteRunnerWorker.java:86)
	at org.testng.TestNG.runSuitesSequentially(TestNG.java:1185)
	at org.testng.TestNG.runSuitesLocally(TestNG.java:1110)
	at org.testng.TestNG.run(TestNG.java:1018)
	at org.testng.remote.AbstractRemoteTestNG.run(AbstractRemoteTestNG.java:114)
	at org.testng.remote.RemoteTestNG.initAndRun(RemoteTestNG.java:251)
	at org.testng.remote.RemoteTestNG.main(RemoteTestNG.java:77)
]]>
            </full-stacktrace>
          </exception> <!-- java.lang.AssertionError -->
          <reporter-output>
          </reporter-output>
        </test-method> <!-- addTenBillingAddress -->
        <test-method status="PASS" signature="deleteTenBillingAddress()[pri:0, instance:com.tcs.BsiShopRedesign.sprint1.MyProfileAddTenAddresses@1afd44cb]" name="deleteTenBillingAddress" duration-ms="33051" started-at="2018-08-16T13:56:16Z" finished-at="2018-08-16T13:56:49Z">
          <reporter-output>
          </reporter-output>
        </test-method> <!-- deleteTenBillingAddress -->
        <test-method status="FAIL" signature="addTenDeliveryAddress()[pri:0, instance:com.tcs.BsiShopRedesign.sprint1.MyProfileAddTenAddresses@1afd44cb]" name="addTenDeliveryAddress" duration-ms="33300" started-at="2018-08-16T13:56:49Z" finished-at="2018-08-16T13:57:22Z">
          <exception class="java.lang.AssertionError">
            <message>
              <![CDATA[Add New Delivery address was unsuccessful]]>
            </message>
            <full-stacktrace>
              <![CDATA[java.lang.AssertionError: Add New Delivery address was unsuccessful
	at org.testng.Assert.fail(Assert.java:94)
	at com.tcs.BsiShopRedesign.utilities.CommonHelper.reportFailure(CommonHelper.java:67)
	at com.tcs.BsiShopRedesign.pages.DeliveryAddressPage.addNewDeliveryAddress(DeliveryAddressPage.java:118)
	at com.tcs.BsiShopRedesign.pages.DeliveryAddressPage.addTenNewDeliveryAddress(DeliveryAddressPage.java:424)
	at com.tcs.BsiShopRedesign.sprint1.MyProfileAddTenAddresses.addTenDeliveryAddress(MyProfileAddTenAddresses.java:85)
	at sun.reflect.NativeMethodAccessorImpl.invoke0(Native Method)
	at sun.reflect.NativeMethodAccessorImpl.invoke(NativeMethodAccessorImpl.java:62)
	at sun.reflect.DelegatingMethodAccessorImpl.invoke(DelegatingMethodAccessorImpl.java:43)
	at java.lang.reflect.Method.invoke(Method.java:498)
	at org.testng.internal.MethodInvocationHelper.invokeMethod(MethodInvocationHelper.java:85)
	at org.testng.internal.Invoker.invokeMethod(Invoker.java:639)
	at org.testng.internal.Invoker.invokeTestMethod(Invoker.java:821)
	at org.testng.internal.Invoker.invokeTestMethods(Invoker.java:1131)
	at org.testng.internal.TestMethodWorker.invokeTestMethods(TestMethodWorker.java:124)
	at org.testng.internal.TestMethodWorker.run(TestMethodWorker.java:108)
	at org.testng.TestRunner.privateRun(TestRunner.java:773)
	at org.testng.TestRunner.run(TestRunner.java:623)
	at org.testng.SuiteRunner.runTest(SuiteRunner.java:357)
	at org.testng.SuiteRunner.runSequentially(SuiteRunner.java:352)
	at org.testng.SuiteRunner.privateRun(SuiteRunner.java:310)
	at org.testng.SuiteRunner.run(SuiteRunner.java:259)
	at org.testng.SuiteRunnerWorker.runSuite(SuiteRunnerWorker.java:52)
	at org.testng.SuiteRunnerWorker.run(SuiteRunnerWorker.java:86)
	at org.testng.TestNG.runSuitesSequentially(TestNG.java:1185)
	at org.testng.TestNG.runSuitesLocally(TestNG.java:1110)
	at org.testng.TestNG.run(TestNG.java:1018)
	at org.testng.remote.AbstractRemoteTestNG.run(AbstractRemoteTestNG.java:114)
	at org.testng.remote.RemoteTestNG.initAndRun(RemoteTestNG.java:251)
	at org.testng.remote.RemoteTestNG.main(RemoteTestNG.java:77)
]]>
            </full-stacktrace>
          </exception> <!-- java.lang.AssertionError -->
          <reporter-output>
          </reporter-output>
        </test-method> <!-- addTenDeliveryAddress -->
        <test-method status="PASS" signature="deleteTenDeliveryAddress()[pri:0, instance:com.tcs.BsiShopRedesign.sprint1.MyProfileAddTenAddresses@1afd44cb]" name="deleteTenDeliveryAddress" duration-ms="33233" started-at="2018-08-16T13:57:22Z" finished-at="2018-08-16T13:57:56Z">
          <reporter-output>
          </reporter-output>
        </test-method> <!-- deleteTenDeliveryAddress -->
        <test-method status="PASS" signature="tearDown()[pri:0, instance:com.tcs.BsiShopRedesign.sprint1.MyProfileAddTenAddresses@1afd44cb]" name="tearDown" is-config="true" duration-ms="589" started-at="2018-08-16T13:57:56Z" finished-at="2018-08-16T13:57:56Z">
          <reporter-output>
          </reporter-output>
        </test-method> <!-- tearDown -->
      </class> <!-- com.tcs.BsiShopRedesign.sprint1.MyProfileAddTenAddresses -->
      <class name="com.tcs.BsiShopRedesign.sprint8.ApplyMemberAccount">
        <test-method status="PASS" signature="launchBrowser(java.lang.String)[pri:0, instance:com.tcs.BsiShopRedesign.sprint8.ApplyMemberAccount@6c80d78a]" name="launchBrowser" is-config="true" duration-ms="7698" started-at="2018-08-16T16:29:20Z" finished-at="2018-08-16T16:29:28Z">
          <params>
            <param index="0">
              <value>
                <![CDATA[IE]]>
              </value>
            </param>
          </params>
          <reporter-output>
          </reporter-output>
        </test-method> <!-- launchBrowser -->
        <test-method status="PASS" signature="signIn()[pri:0, instance:com.tcs.BsiShopRedesign.sprint8.ApplyMemberAccount@6c80d78a]" name="signIn" duration-ms="22277" started-at="2018-08-16T16:29:28Z" finished-at="2018-08-16T16:29:50Z">
          <reporter-output>
          </reporter-output>
        </test-method> <!-- signIn -->
        <test-method status="FAIL" signature="applyMemberAccountBelowBandNine()[pri:0, instance:com.tcs.BsiShopRedesign.sprint8.ApplyMemberAccount@6c80d78a]" name="applyMemberAccountBelowBandNine" duration-ms="263814" started-at="2018-08-16T16:29:50Z" finished-at="2018-08-16T16:34:14Z">
          <exception class="java.lang.AssertionError">
            <message>
              <![CDATA[Remove product from Basket was unsuccessful]]>
            </message>
            <full-stacktrace>
              <![CDATA[java.lang.AssertionError: Remove product from Basket was unsuccessful
	at org.testng.Assert.fail(Assert.java:94)
	at com.tcs.BsiShopRedesign.utilities.CommonHelper.reportFailure(CommonHelper.java:67)
	at com.tcs.BsiShopRedesign.pages.BasketPage.removeProduct(BasketPage.java:217)
	at com.tcs.BsiShopRedesign.sprint8.ApplyMemberAccount.applyMemberAccountBelowBandNine(ApplyMemberAccount.java:91)
	at sun.reflect.NativeMethodAccessorImpl.invoke0(Native Method)
	at sun.reflect.NativeMethodAccessorImpl.invoke(NativeMethodAccessorImpl.java:62)
	at sun.reflect.DelegatingMethodAccessorImpl.invoke(DelegatingMethodAccessorImpl.java:43)
	at java.lang.reflect.Method.invoke(Method.java:498)
	at org.testng.internal.MethodInvocationHelper.invokeMethod(MethodInvocationHelper.java:85)
	at org.testng.internal.Invoker.invokeMethod(Invoker.java:639)
	at org.testng.internal.Invoker.invokeTestMethod(Invoker.java:821)
	at org.testng.internal.Invoker.invokeTestMethods(Invoker.java:1131)
	at org.testng.internal.TestMethodWorker.invokeTestMethods(TestMethodWorker.java:124)
	at org.testng.internal.TestMethodWorker.run(TestMethodWorker.java:108)
	at org.testng.TestRunner.privateRun(TestRunner.java:773)
	at org.testng.TestRunner.run(TestRunner.java:623)
	at org.testng.SuiteRunner.runTest(SuiteRunner.java:357)
	at org.testng.SuiteRunner.runSequentially(SuiteRunner.java:352)
	at org.testng.SuiteRunner.privateRun(SuiteRunner.java:310)
	at org.testng.SuiteRunner.run(SuiteRunner.java:259)
	at org.testng.SuiteRunnerWorker.runSuite(SuiteRunnerWorker.java:52)
	at org.testng.SuiteRunnerWorker.run(SuiteRunnerWorker.java:86)
	at org.testng.TestNG.runSuitesSequentially(TestNG.java:1185)
	at org.testng.TestNG.runSuitesLocally(TestNG.java:1110)
	at org.testng.TestNG.run(TestNG.java:1018)
	at org.testng.remote.AbstractRemoteTestNG.run(AbstractRemoteTestNG.java:114)
	at org.testng.remote.RemoteTestNG.initAndRun(RemoteTestNG.java:251)
	at org.testng.remote.RemoteTestNG.main(RemoteTestNG.java:77)
]]>
            </full-stacktrace>
          </exception> <!-- java.lang.AssertionError -->
          <reporter-output>
          </reporter-output>
        </test-method> <!-- applyMemberAccountBelowBandNine -->
        <test-method status="PASS" signature="applyMemberAccountBandNineAbove()[pri:0, instance:com.tcs.BsiShopRedesign.sprint8.ApplyMemberAccount@6c80d78a]" name="applyMemberAccountBandNineAbove" duration-ms="89656" started-at="2018-08-16T16:34:14Z" finished-at="2018-08-16T16:35:44Z">
          <reporter-output>
          </reporter-output>
        </test-method> <!-- applyMemberAccountBandNineAbove -->
        <test-method status="PASS" signature="tearDown()[pri:0, instance:com.tcs.BsiShopRedesign.sprint8.ApplyMemberAccount@6c80d78a]" name="tearDown" is-config="true" duration-ms="578" started-at="2018-08-16T16:35:44Z" finished-at="2018-08-16T16:35:44Z">
          <reporter-output>
          </reporter-output>
        </test-method> <!-- tearDown -->
      </class> <!-- com.tcs.BsiShopRedesign.sprint8.ApplyMemberAccount -->
      <class name="com.tcs.BsiShopRedesign.sprint8.VerifyHardCopyDetails">
        <test-method status="PASS" signature="launchBrowser(java.lang.String)[pri:0, instance:com.tcs.BsiShopRedesign.sprint8.VerifyHardCopyDetails@15ff3e9e]" name="launchBrowser" is-config="true" duration-ms="7744" started-at="2018-08-16T16:43:04Z" finished-at="2018-08-16T16:43:12Z">
          <params>
            <param index="0">
              <value>
                <![CDATA[IE]]>
              </value>
            </param>
          </params>
          <reporter-output>
          </reporter-output>
        </test-method> <!-- launchBrowser -->
        <test-method status="PASS" signature="signIn()[pri:0, instance:com.tcs.BsiShopRedesign.sprint8.VerifyHardCopyDetails@15ff3e9e]" name="signIn" duration-ms="20835" started-at="2018-08-16T16:43:12Z" finished-at="2018-08-16T16:43:33Z">
          <reporter-output>
          </reporter-output>
        </test-method> <!-- signIn -->
        <test-method status="FAIL" signature="verifyHardCopyDeliveryDetails()[pri:0, instance:com.tcs.BsiShopRedesign.sprint8.VerifyHardCopyDetails@15ff3e9e]" name="verifyHardCopyDeliveryDetails" duration-ms="358173" started-at="2018-08-16T16:43:33Z" finished-at="2018-08-16T16:49:31Z">
          <exception class="java.lang.AssertionError">
            <message>
              <![CDATA[Placing of order was unsuccesful]]>
            </message>
            <full-stacktrace>
              <![CDATA[java.lang.AssertionError: Placing of order was unsuccesful
	at org.testng.Assert.fail(Assert.java:94)
	at com.tcs.BsiShopRedesign.utilities.CommonHelper.reportFailure(CommonHelper.java:67)
	at com.tcs.BsiShopRedesign.pages.CheckoutPage.confirmOrderDetails(CheckoutPage.java:166)
	at com.tcs.BsiShopRedesign.sprint8.VerifyHardCopyDetails.verifyHardCopyDeliveryDetails(VerifyHardCopyDetails.java:97)
	at sun.reflect.NativeMethodAccessorImpl.invoke0(Native Method)
	at sun.reflect.NativeMethodAccessorImpl.invoke(NativeMethodAccessorImpl.java:62)
	at sun.reflect.DelegatingMethodAccessorImpl.invoke(DelegatingMethodAccessorImpl.java:43)
	at java.lang.reflect.Method.invoke(Method.java:498)
	at org.testng.internal.MethodInvocationHelper.invokeMethod(MethodInvocationHelper.java:85)
	at org.testng.internal.Invoker.invokeMethod(Invoker.java:639)
	at org.testng.internal.Invoker.invokeTestMethod(Invoker.java:821)
	at org.testng.internal.Invoker.invokeTestMethods(Invoker.java:1131)
	at org.testng.internal.TestMethodWorker.invokeTestMethods(TestMethodWorker.java:124)
	at org.testng.internal.TestMethodWorker.run(TestMethodWorker.java:108)
	at org.testng.TestRunner.privateRun(TestRunner.java:773)
	at org.testng.TestRunner.run(TestRunner.java:623)
	at org.testng.SuiteRunner.runTest(SuiteRunner.java:357)
	at org.testng.SuiteRunner.runSequentially(SuiteRunner.java:352)
	at org.testng.SuiteRunner.privateRun(SuiteRunner.java:310)
	at org.testng.SuiteRunner.run(SuiteRunner.java:259)
	at org.testng.SuiteRunnerWorker.runSuite(SuiteRunnerWorker.java:52)
	at org.testng.SuiteRunnerWorker.run(SuiteRunnerWorker.java:86)
	at org.testng.TestNG.runSuitesSequentially(TestNG.java:1185)
	at org.testng.TestNG.runSuitesLocally(TestNG.java:1110)
	at org.testng.TestNG.run(TestNG.java:1018)
	at org.testng.remote.AbstractRemoteTestNG.run(AbstractRemoteTestNG.java:114)
	at org.testng.remote.RemoteTestNG.initAndRun(RemoteTestNG.java:251)
	at org.testng.remote.RemoteTestNG.main(RemoteTestNG.java:77)
]]>
            </full-stacktrace>
          </exception> <!-- java.lang.AssertionError -->
          <reporter-output>
          </reporter-output>
        </test-method> <!-- verifyHardCopyDeliveryDetails -->
        <test-method status="PASS" signature="tearDown()[pri:0, instance:com.tcs.BsiShopRedesign.sprint8.VerifyHardCopyDetails@15ff3e9e]" name="tearDown" is-config="true" duration-ms="579" started-at="2018-08-16T16:49:31Z" finished-at="2018-08-16T16:49:32Z">
          <reporter-output>
          </reporter-output>
        </test-method> <!-- tearDown -->
      </class> <!-- com.tcs.BsiShopRedesign.sprint8.VerifyHardCopyDetails -->
      <class name="com.tcs.BsiShopRedesign.sprint7.EditCheckoutBillingAddress">
        <test-method status="PASS" signature="launchBrowser(java.lang.String)[pri:0, instance:com.tcs.BsiShopRedesign.sprint7.EditCheckoutBillingAddress@14dd9eb7]" name="launchBrowser" is-config="true" duration-ms="8071" started-at="2018-08-16T16:20:31Z" finished-at="2018-08-16T16:20:39Z">
          <params>
            <param index="0">
              <value>
                <![CDATA[IE]]>
              </value>
            </param>
          </params>
          <reporter-output>
          </reporter-output>
        </test-method> <!-- launchBrowser -->
        <test-method status="PASS" signature="signIn()[pri:0, instance:com.tcs.BsiShopRedesign.sprint7.EditCheckoutBillingAddress@14dd9eb7]" name="signIn" duration-ms="20851" started-at="2018-08-16T16:20:39Z" finished-at="2018-08-16T16:21:00Z">
          <reporter-output>
          </reporter-output>
        </test-method> <!-- signIn -->
        <test-method status="FAIL" signature="editBillingAddress()[pri:0, instance:com.tcs.BsiShopRedesign.sprint7.EditCheckoutBillingAddress@14dd9eb7]" name="editBillingAddress" duration-ms="128313" started-at="2018-08-16T16:21:00Z" finished-at="2018-08-16T16:23:08Z">
          <exception class="java.lang.AssertionError">
            <message>
              <![CDATA[Placing of order was unsuccesful]]>
            </message>
            <full-stacktrace>
              <![CDATA[java.lang.AssertionError: Placing of order was unsuccesful
	at org.testng.Assert.fail(Assert.java:94)
	at com.tcs.BsiShopRedesign.utilities.CommonHelper.reportFailure(CommonHelper.java:67)
	at com.tcs.BsiShopRedesign.pages.CheckoutPage.confirmOrderDetails(CheckoutPage.java:166)
	at com.tcs.BsiShopRedesign.sprint7.EditCheckoutBillingAddress.editBillingAddress(EditCheckoutBillingAddress.java:88)
	at sun.reflect.NativeMethodAccessorImpl.invoke0(Native Method)
	at sun.reflect.NativeMethodAccessorImpl.invoke(NativeMethodAccessorImpl.java:62)
	at sun.reflect.DelegatingMethodAccessorImpl.invoke(DelegatingMethodAccessorImpl.java:43)
	at java.lang.reflect.Method.invoke(Method.java:498)
	at org.testng.internal.MethodInvocationHelper.invokeMethod(MethodInvocationHelper.java:85)
	at org.testng.internal.Invoker.invokeMethod(Invoker.java:639)
	at org.testng.internal.Invoker.invokeTestMethod(Invoker.java:821)
	at org.testng.internal.Invoker.invokeTestMethods(Invoker.java:1131)
	at org.testng.internal.TestMethodWorker.invokeTestMethods(TestMethodWorker.java:124)
	at org.testng.internal.TestMethodWorker.run(TestMethodWorker.java:108)
	at org.testng.TestRunner.privateRun(TestRunner.java:773)
	at org.testng.TestRunner.run(TestRunner.java:623)
	at org.testng.SuiteRunner.runTest(SuiteRunner.java:357)
	at org.testng.SuiteRunner.runSequentially(SuiteRunner.java:352)
	at org.testng.SuiteRunner.privateRun(SuiteRunner.java:310)
	at org.testng.SuiteRunner.run(SuiteRunner.java:259)
	at org.testng.SuiteRunnerWorker.runSuite(SuiteRunnerWorker.java:52)
	at org.testng.SuiteRunnerWorker.run(SuiteRunnerWorker.java:86)
	at org.testng.TestNG.runSuitesSequentially(TestNG.java:1185)
	at org.testng.TestNG.runSuitesLocally(TestNG.java:1110)
	at org.testng.TestNG.run(TestNG.java:1018)
	at org.testng.remote.AbstractRemoteTestNG.run(AbstractRemoteTestNG.java:114)
	at org.testng.remote.RemoteTestNG.initAndRun(RemoteTestNG.java:251)
	at org.testng.remote.RemoteTestNG.main(RemoteTestNG.java:77)
]]>
            </full-stacktrace>
          </exception> <!-- java.lang.AssertionError -->
          <reporter-output>
          </reporter-output>
        </test-method> <!-- editBillingAddress -->
        <test-method status="PASS" signature="tearDown()[pri:0, instance:com.tcs.BsiShopRedesign.sprint7.EditCheckoutBillingAddress@14dd9eb7]" name="tearDown" is-config="true" duration-ms="579" started-at="2018-08-16T16:23:08Z" finished-at="2018-08-16T16:23:08Z">
          <reporter-output>
          </reporter-output>
        </test-method> <!-- tearDown -->
      </class> <!-- com.tcs.BsiShopRedesign.sprint7.EditCheckoutBillingAddress -->
      <class name="com.tcs.BsiShopRedesign.sprint8.SoftCopyDownloads">
        <test-method status="PASS" signature="launchBrowser(java.lang.String)[pri:0, instance:com.tcs.BsiShopRedesign.sprint8.SoftCopyDownloads@7fa98a66]" name="launchBrowser" is-config="true" duration-ms="7749" started-at="2018-08-16T16:39:26Z" finished-at="2018-08-16T16:39:34Z">
          <params>
            <param index="0">
              <value>
                <![CDATA[IE]]>
              </value>
            </param>
          </params>
          <reporter-output>
          </reporter-output>
        </test-method> <!-- launchBrowser -->
        <test-method status="PASS" signature="signIn()[pri:0, instance:com.tcs.BsiShopRedesign.sprint8.SoftCopyDownloads@7fa98a66]" name="signIn" duration-ms="21859" started-at="2018-08-16T16:39:34Z" finished-at="2018-08-16T16:39:56Z">
          <reporter-output>
          </reporter-output>
        </test-method> <!-- signIn -->
        <test-method status="FAIL" signature="downloadSoftCopyfromOrderCofirmationPage()[pri:0, instance:com.tcs.BsiShopRedesign.sprint8.SoftCopyDownloads@7fa98a66]" name="downloadSoftCopyfromOrderCofirmationPage" duration-ms="167173" started-at="2018-08-16T16:39:56Z" finished-at="2018-08-16T16:42:43Z">
          <exception class="java.lang.AssertionError">
            <message>
              <![CDATA[Placing of order was unsuccesful]]>
            </message>
            <full-stacktrace>
              <![CDATA[java.lang.AssertionError: Placing of order was unsuccesful
	at org.testng.Assert.fail(Assert.java:94)
	at com.tcs.BsiShopRedesign.utilities.CommonHelper.reportFailure(CommonHelper.java:67)
	at com.tcs.BsiShopRedesign.pages.CheckoutPage.confirmOrderDetails(CheckoutPage.java:166)
	at com.tcs.BsiShopRedesign.sprint8.SoftCopyDownloads.downloadSoftCopyfromOrderCofirmationPage(SoftCopyDownloads.java:126)
	at sun.reflect.NativeMethodAccessorImpl.invoke0(Native Method)
	at sun.reflect.NativeMethodAccessorImpl.invoke(NativeMethodAccessorImpl.java:62)
	at sun.reflect.DelegatingMethodAccessorImpl.invoke(DelegatingMethodAccessorImpl.java:43)
	at java.lang.reflect.Method.invoke(Method.java:498)
	at org.testng.internal.MethodInvocationHelper.invokeMethod(MethodInvocationHelper.java:85)
	at org.testng.internal.Invoker.invokeMethod(Invoker.java:639)
	at org.testng.internal.Invoker.invokeTestMethod(Invoker.java:821)
	at org.testng.internal.Invoker.invokeTestMethods(Invoker.java:1131)
	at org.testng.internal.TestMethodWorker.invokeTestMethods(TestMethodWorker.java:124)
	at org.testng.internal.TestMethodWorker.run(TestMethodWorker.java:108)
	at org.testng.TestRunner.privateRun(TestRunner.java:773)
	at org.testng.TestRunner.run(TestRunner.java:623)
	at org.testng.SuiteRunner.runTest(SuiteRunner.java:357)
	at org.testng.SuiteRunner.runSequentially(SuiteRunner.java:352)
	at org.testng.SuiteRunner.privateRun(SuiteRunner.java:310)
	at org.testng.SuiteRunner.run(SuiteRunner.java:259)
	at org.testng.SuiteRunnerWorker.runSuite(SuiteRunnerWorker.java:52)
	at org.testng.SuiteRunnerWorker.run(SuiteRunnerWorker.java:86)
	at org.testng.TestNG.runSuitesSequentially(TestNG.java:1185)
	at org.testng.TestNG.runSuitesLocally(TestNG.java:1110)
	at org.testng.TestNG.run(TestNG.java:1018)
	at org.testng.remote.AbstractRemoteTestNG.run(AbstractRemoteTestNG.java:114)
	at org.testng.remote.RemoteTestNG.initAndRun(RemoteTestNG.java:251)
	at org.testng.remote.RemoteTestNG.main(RemoteTestNG.java:77)
]]>
            </full-stacktrace>
          </exception> <!-- java.lang.AssertionError -->
          <reporter-output>
          </reporter-output>
        </test-method> <!-- downloadSoftCopyfromOrderCofirmationPage -->
        <test-method status="FAIL" signature="downloadSoftCopyfromOrderHistoryPage()[pri:0, instance:com.tcs.BsiShopRedesign.sprint8.SoftCopyDownloads@7fa98a66]" name="downloadSoftCopyfromOrderHistoryPage" duration-ms="20782" started-at="2018-08-16T16:42:43Z" finished-at="2018-08-16T16:43:04Z">
          <exception class="java.lang.AssertionError">
            <message>
              <![CDATA[Downloaded file name is not matching with expected file name expected [true] but found [false]]]>
            </message>
            <full-stacktrace>
              <![CDATA[java.lang.AssertionError: Downloaded file name is not matching with expected file name expected [true] but found [false]
	at org.testng.Assert.fail(Assert.java:94)
	at org.testng.Assert.failNotEquals(Assert.java:496)
	at org.testng.Assert.assertTrue(Assert.java:42)
	at com.tcs.BsiShopRedesign.pages.OrderHistoryPage.verifyExpectedFileName(OrderHistoryPage.java:116)
	at com.tcs.BsiShopRedesign.pages.OrderHistoryPage.downloadAndVerifySoftCopy(OrderHistoryPage.java:77)
	at com.tcs.BsiShopRedesign.sprint8.SoftCopyDownloads.downloadSoftCopyfromOrderHistoryPage(SoftCopyDownloads.java:175)
	at sun.reflect.NativeMethodAccessorImpl.invoke0(Native Method)
	at sun.reflect.NativeMethodAccessorImpl.invoke(NativeMethodAccessorImpl.java:62)
	at sun.reflect.DelegatingMethodAccessorImpl.invoke(DelegatingMethodAccessorImpl.java:43)
	at java.lang.reflect.Method.invoke(Method.java:498)
	at org.testng.internal.MethodInvocationHelper.invokeMethod(MethodInvocationHelper.java:85)
	at org.testng.internal.Invoker.invokeMethod(Invoker.java:639)
	at org.testng.internal.Invoker.invokeTestMethod(Invoker.java:821)
	at org.testng.internal.Invoker.invokeTestMethods(Invoker.java:1131)
	at org.testng.internal.TestMethodWorker.invokeTestMethods(TestMethodWorker.java:124)
	at org.testng.internal.TestMethodWorker.run(TestMethodWorker.java:108)
	at org.testng.TestRunner.privateRun(TestRunner.java:773)
	at org.testng.TestRunner.run(TestRunner.java:623)
	at org.testng.SuiteRunner.runTest(SuiteRunner.java:357)
	at org.testng.SuiteRunner.runSequentially(SuiteRunner.java:352)
	at org.testng.SuiteRunner.privateRun(SuiteRunner.java:310)
	at org.testng.SuiteRunner.run(SuiteRunner.java:259)
	at org.testng.SuiteRunnerWorker.runSuite(SuiteRunnerWorker.java:52)
	at org.testng.SuiteRunnerWorker.run(SuiteRunnerWorker.java:86)
	at org.testng.TestNG.runSuitesSequentially(TestNG.java:1185)
	at org.testng.TestNG.runSuitesLocally(TestNG.java:1110)
	at org.testng.TestNG.run(TestNG.java:1018)
	at org.testng.remote.AbstractRemoteTestNG.run(AbstractRemoteTestNG.java:114)
	at org.testng.remote.RemoteTestNG.initAndRun(RemoteTestNG.java:251)
	at org.testng.remote.RemoteTestNG.main(RemoteTestNG.java:77)
]]>
            </full-stacktrace>
          </exception> <!-- java.lang.AssertionError -->
          <reporter-output>
          </reporter-output>
        </test-method> <!-- downloadSoftCopyfromOrderHistoryPage -->
        <test-method status="PASS" signature="tearDown()[pri:0, instance:com.tcs.BsiShopRedesign.sprint8.SoftCopyDownloads@7fa98a66]" name="tearDown" is-config="true" duration-ms="577" started-at="2018-08-16T16:43:04Z" finished-at="2018-08-16T16:43:04Z">
          <reporter-output>
          </reporter-output>
        </test-method> <!-- tearDown -->
      </class> <!-- com.tcs.BsiShopRedesign.sprint8.SoftCopyDownloads -->
      <class name="com.tcs.BsiShopRedesign.sprint7.UnregisteredUserCheckout">
        <test-method status="PASS" signature="launchBrowser(java.lang.String)[pri:0, instance:com.tcs.BsiShopRedesign.sprint7.UnregisteredUserCheckout@4d9e68d0]" name="launchBrowser" is-config="true" duration-ms="7442" started-at="2018-08-16T16:17:37Z" finished-at="2018-08-16T16:17:44Z">
          <params>
            <param index="0">
              <value>
                <![CDATA[IE]]>
              </value>
            </param>
          </params>
          <reporter-output>
          </reporter-output>
        </test-method> <!-- launchBrowser -->
        <test-method status="FAIL" signature="CheckLoginAlertOnChekout()[pri:0, instance:com.tcs.BsiShopRedesign.sprint7.UnregisteredUserCheckout@4d9e68d0]" name="CheckLoginAlertOnChekout" duration-ms="108725" started-at="2018-08-16T16:17:44Z" finished-at="2018-08-16T16:19:33Z">
          <exception class="java.lang.AssertionError">
            <message>
              <![CDATA[Placing of order was unsuccesful]]>
            </message>
            <full-stacktrace>
              <![CDATA[java.lang.AssertionError: Placing of order was unsuccesful
	at org.testng.Assert.fail(Assert.java:94)
	at com.tcs.BsiShopRedesign.utilities.CommonHelper.reportFailure(CommonHelper.java:67)
	at com.tcs.BsiShopRedesign.pages.CheckoutPage.confirmOrderDetails(CheckoutPage.java:166)
	at com.tcs.BsiShopRedesign.sprint7.UnregisteredUserCheckout.CheckLoginAlertOnChekout(UnregisteredUserCheckout.java:67)
	at sun.reflect.NativeMethodAccessorImpl.invoke0(Native Method)
	at sun.reflect.NativeMethodAccessorImpl.invoke(NativeMethodAccessorImpl.java:62)
	at sun.reflect.DelegatingMethodAccessorImpl.invoke(DelegatingMethodAccessorImpl.java:43)
	at java.lang.reflect.Method.invoke(Method.java:498)
	at org.testng.internal.MethodInvocationHelper.invokeMethod(MethodInvocationHelper.java:85)
	at org.testng.internal.Invoker.invokeMethod(Invoker.java:639)
	at org.testng.internal.Invoker.invokeTestMethod(Invoker.java:821)
	at org.testng.internal.Invoker.invokeTestMethods(Invoker.java:1131)
	at org.testng.internal.TestMethodWorker.invokeTestMethods(TestMethodWorker.java:124)
	at org.testng.internal.TestMethodWorker.run(TestMethodWorker.java:108)
	at org.testng.TestRunner.privateRun(TestRunner.java:773)
	at org.testng.TestRunner.run(TestRunner.java:623)
	at org.testng.SuiteRunner.runTest(SuiteRunner.java:357)
	at org.testng.SuiteRunner.runSequentially(SuiteRunner.java:352)
	at org.testng.SuiteRunner.privateRun(SuiteRunner.java:310)
	at org.testng.SuiteRunner.run(SuiteRunner.java:259)
	at org.testng.SuiteRunnerWorker.runSuite(SuiteRunnerWorker.java:52)
	at org.testng.SuiteRunnerWorker.run(SuiteRunnerWorker.java:86)
	at org.testng.TestNG.runSuitesSequentially(TestNG.java:1185)
	at org.testng.TestNG.runSuitesLocally(TestNG.java:1110)
	at org.testng.TestNG.run(TestNG.java:1018)
	at org.testng.remote.AbstractRemoteTestNG.run(AbstractRemoteTestNG.java:114)
	at org.testng.remote.RemoteTestNG.initAndRun(RemoteTestNG.java:251)
	at org.testng.remote.RemoteTestNG.main(RemoteTestNG.java:77)
]]>
            </full-stacktrace>
          </exception> <!-- java.lang.AssertionError -->
          <reporter-output>
          </reporter-output>
        </test-method> <!-- CheckLoginAlertOnChekout -->
        <test-method status="PASS" signature="tearDown()[pri:0, instance:com.tcs.BsiShopRedesign.sprint7.UnregisteredUserCheckout@4d9e68d0]" name="tearDown" is-config="true" duration-ms="577" started-at="2018-08-16T16:19:33Z" finished-at="2018-08-16T16:19:34Z">
          <reporter-output>
          </reporter-output>
        </test-method> <!-- tearDown -->
      </class> <!-- com.tcs.BsiShopRedesign.sprint7.UnregisteredUserCheckout -->
      <class name="com.tcs.BsiShopRedesign.sprint3.CheckBlankSearchResult">
        <test-method status="PASS" signature="launchBrowser(java.lang.String)[pri:0, instance:com.tcs.BsiShopRedesign.sprint3.CheckBlankSearchResult@dbf57b3]" name="launchBrowser" is-config="true" duration-ms="7729" started-at="2018-08-16T16:09:56Z" finished-at="2018-08-16T16:10:04Z">
          <params>
            <param index="0">
              <value>
                <![CDATA[IE]]>
              </value>
            </param>
          </params>
          <reporter-output>
          </reporter-output>
        </test-method> <!-- launchBrowser -->
        <test-method status="PASS" signature="blankSearch()[pri:0, instance:com.tcs.BsiShopRedesign.sprint3.CheckBlankSearchResult@dbf57b3]" name="blankSearch" duration-ms="22333" started-at="2018-08-16T16:10:04Z" finished-at="2018-08-16T16:10:26Z">
          <reporter-output>
          </reporter-output>
        </test-method> <!-- blankSearch -->
        <test-method status="PASS" signature="tearDown()[pri:0, instance:com.tcs.BsiShopRedesign.sprint3.CheckBlankSearchResult@dbf57b3]" name="tearDown" is-config="true" duration-ms="591" started-at="2018-08-16T16:10:26Z" finished-at="2018-08-16T16:10:26Z">
          <reporter-output>
          </reporter-output>
        </test-method> <!-- tearDown -->
      </class> <!-- com.tcs.BsiShopRedesign.sprint3.CheckBlankSearchResult -->
      <class name="com.tcs.BsiShopRedesign.sprint2.BookEvent">
        <test-method status="PASS" signature="launchBrowser(java.lang.String)[pri:0, instance:com.tcs.BsiShopRedesign.sprint2.BookEvent@6973b51b]" name="launchBrowser" is-config="true" duration-ms="7881" started-at="2018-08-16T13:57:56Z" finished-at="2018-08-16T13:58:04Z">
          <params>
            <param index="0">
              <value>
                <![CDATA[IE]]>
              </value>
            </param>
          </params>
          <reporter-output>
          </reporter-output>
        </test-method> <!-- launchBrowser -->
        <test-method status="FAIL" signature="signIn()[pri:0, instance:com.tcs.BsiShopRedesign.sprint2.BookEvent@6973b51b]" name="signIn" duration-ms="111669" started-at="2018-08-16T13:58:04Z" finished-at="2018-08-16T13:59:56Z">
          <exception class="java.lang.AssertionError">
            <message>
              <![CDATA[Login UnSuccessful]]>
            </message>
            <full-stacktrace>
              <![CDATA[java.lang.AssertionError: Login UnSuccessful
	at org.testng.Assert.fail(Assert.java:94)
	at com.tcs.BsiShopRedesign.utilities.CommonHelper.reportFailure(CommonHelper.java:67)
	at com.tcs.BsiShopRedesign.pages.SignInPage.login(SignInPage.java:66)
	at com.tcs.BsiShopRedesign.sprint2.BookEvent.signIn(BookEvent.java:29)
	at sun.reflect.NativeMethodAccessorImpl.invoke0(Native Method)
	at sun.reflect.NativeMethodAccessorImpl.invoke(NativeMethodAccessorImpl.java:62)
	at sun.reflect.DelegatingMethodAccessorImpl.invoke(DelegatingMethodAccessorImpl.java:43)
	at java.lang.reflect.Method.invoke(Method.java:498)
	at org.testng.internal.MethodInvocationHelper.invokeMethod(MethodInvocationHelper.java:85)
	at org.testng.internal.Invoker.invokeMethod(Invoker.java:639)
	at org.testng.internal.Invoker.invokeTestMethod(Invoker.java:821)
	at org.testng.internal.Invoker.invokeTestMethods(Invoker.java:1131)
	at org.testng.internal.TestMethodWorker.invokeTestMethods(TestMethodWorker.java:124)
	at org.testng.internal.TestMethodWorker.run(TestMethodWorker.java:108)
	at org.testng.TestRunner.privateRun(TestRunner.java:773)
	at org.testng.TestRunner.run(TestRunner.java:623)
	at org.testng.SuiteRunner.runTest(SuiteRunner.java:357)
	at org.testng.SuiteRunner.runSequentially(SuiteRunner.java:352)
	at org.testng.SuiteRunner.privateRun(SuiteRunner.java:310)
	at org.testng.SuiteRunner.run(SuiteRunner.java:259)
	at org.testng.SuiteRunnerWorker.runSuite(SuiteRunnerWorker.java:52)
	at org.testng.SuiteRunnerWorker.run(SuiteRunnerWorker.java:86)
	at org.testng.TestNG.runSuitesSequentially(TestNG.java:1185)
	at org.testng.TestNG.runSuitesLocally(TestNG.java:1110)
	at org.testng.TestNG.run(TestNG.java:1018)
	at org.testng.remote.AbstractRemoteTestNG.run(AbstractRemoteTestNG.java:114)
	at org.testng.remote.RemoteTestNG.initAndRun(RemoteTestNG.java:251)
	at org.testng.remote.RemoteTestNG.main(RemoteTestNG.java:77)
]]>
            </full-stacktrace>
          </exception> <!-- java.lang.AssertionError -->
          <reporter-output>
          </reporter-output>
        </test-method> <!-- signIn -->
        <test-method status="FAIL" signature="BookPaidEvent()[pri:0, instance:com.tcs.BsiShopRedesign.sprint2.BookEvent@6973b51b]" name="BookPaidEvent" duration-ms="1067505" started-at="2018-08-16T13:59:56Z" finished-at="2018-08-16T14:17:43Z">
          <exception class="java.lang.AssertionError">
            <message>
              <![CDATA[Adding Delegate details was unsuccessful]]>
            </message>
            <full-stacktrace>
              <![CDATA[java.lang.AssertionError: Adding Delegate details was unsuccessful
	at org.testng.Assert.fail(Assert.java:94)
	at com.tcs.BsiShopRedesign.utilities.CommonHelper.reportFailure(CommonHelper.java:67)
	at com.tcs.BsiShopRedesign.pages.EventPage.addDelegateDetails(EventPage.java:214)
	at com.tcs.BsiShopRedesign.sprint2.BookEvent.BookPaidEvent(BookEvent.java:63)
	at sun.reflect.NativeMethodAccessorImpl.invoke0(Native Method)
	at sun.reflect.NativeMethodAccessorImpl.invoke(NativeMethodAccessorImpl.java:62)
	at sun.reflect.DelegatingMethodAccessorImpl.invoke(DelegatingMethodAccessorImpl.java:43)
	at java.lang.reflect.Method.invoke(Method.java:498)
	at org.testng.internal.MethodInvocationHelper.invokeMethod(MethodInvocationHelper.java:85)
	at org.testng.internal.Invoker.invokeMethod(Invoker.java:639)
	at org.testng.internal.Invoker.invokeTestMethod(Invoker.java:821)
	at org.testng.internal.Invoker.invokeTestMethods(Invoker.java:1131)
	at org.testng.internal.TestMethodWorker.invokeTestMethods(TestMethodWorker.java:124)
	at org.testng.internal.TestMethodWorker.run(TestMethodWorker.java:108)
	at org.testng.TestRunner.privateRun(TestRunner.java:773)
	at org.testng.TestRunner.run(TestRunner.java:623)
	at org.testng.SuiteRunner.runTest(SuiteRunner.java:357)
	at org.testng.SuiteRunner.runSequentially(SuiteRunner.java:352)
	at org.testng.SuiteRunner.privateRun(SuiteRunner.java:310)
	at org.testng.SuiteRunner.run(SuiteRunner.java:259)
	at org.testng.SuiteRunnerWorker.runSuite(SuiteRunnerWorker.java:52)
	at org.testng.SuiteRunnerWorker.run(SuiteRunnerWorker.java:86)
	at org.testng.TestNG.runSuitesSequentially(TestNG.java:1185)
	at org.testng.TestNG.runSuitesLocally(TestNG.java:1110)
	at org.testng.TestNG.run(TestNG.java:1018)
	at org.testng.remote.AbstractRemoteTestNG.run(AbstractRemoteTestNG.java:114)
	at org.testng.remote.RemoteTestNG.initAndRun(RemoteTestNG.java:251)
	at org.testng.remote.RemoteTestNG.main(RemoteTestNG.java:77)
]]>
            </full-stacktrace>
          </exception> <!-- java.lang.AssertionError -->
          <reporter-output>
          </reporter-output>
        </test-method> <!-- BookPaidEvent -->
        <test-method status="FAIL" signature="BookFreeEvent()[pri:0, instance:com.tcs.BsiShopRedesign.sprint2.BookEvent@6973b51b]" name="BookFreeEvent" duration-ms="429785" started-at="2018-08-16T14:17:43Z" finished-at="2018-08-16T14:24:53Z">
          <exception class="java.lang.AssertionError">
            <message>
              <![CDATA[Click Book Now was unsuccessful]]>
            </message>
            <full-stacktrace>
              <![CDATA[java.lang.AssertionError: Click Book Now was unsuccessful
	at org.testng.Assert.fail(Assert.java:94)
	at com.tcs.BsiShopRedesign.utilities.CommonHelper.reportFailure(CommonHelper.java:67)
	at com.tcs.BsiShopRedesign.pages.EventPage.bookFreeEvent(EventPage.java:442)
	at com.tcs.BsiShopRedesign.sprint2.BookEvent.BookFreeEvent(BookEvent.java:106)
	at sun.reflect.NativeMethodAccessorImpl.invoke0(Native Method)
	at sun.reflect.NativeMethodAccessorImpl.invoke(NativeMethodAccessorImpl.java:62)
	at sun.reflect.DelegatingMethodAccessorImpl.invoke(DelegatingMethodAccessorImpl.java:43)
	at java.lang.reflect.Method.invoke(Method.java:498)
	at org.testng.internal.MethodInvocationHelper.invokeMethod(MethodInvocationHelper.java:85)
	at org.testng.internal.Invoker.invokeMethod(Invoker.java:639)
	at org.testng.internal.Invoker.invokeTestMethod(Invoker.java:821)
	at org.testng.internal.Invoker.invokeTestMethods(Invoker.java:1131)
	at org.testng.internal.TestMethodWorker.invokeTestMethods(TestMethodWorker.java:124)
	at org.testng.internal.TestMethodWorker.run(TestMethodWorker.java:108)
	at org.testng.TestRunner.privateRun(TestRunner.java:773)
	at org.testng.TestRunner.run(TestRunner.java:623)
	at org.testng.SuiteRunner.runTest(SuiteRunner.java:357)
	at org.testng.SuiteRunner.runSequentially(SuiteRunner.java:352)
	at org.testng.SuiteRunner.privateRun(SuiteRunner.java:310)
	at org.testng.SuiteRunner.run(SuiteRunner.java:259)
	at org.testng.SuiteRunnerWorker.runSuite(SuiteRunnerWorker.java:52)
	at org.testng.SuiteRunnerWorker.run(SuiteRunnerWorker.java:86)
	at org.testng.TestNG.runSuitesSequentially(TestNG.java:1185)
	at org.testng.TestNG.runSuitesLocally(TestNG.java:1110)
	at org.testng.TestNG.run(TestNG.java:1018)
	at org.testng.remote.AbstractRemoteTestNG.run(AbstractRemoteTestNG.java:114)
	at org.testng.remote.RemoteTestNG.initAndRun(RemoteTestNG.java:251)
	at org.testng.remote.RemoteTestNG.main(RemoteTestNG.java:77)
]]>
            </full-stacktrace>
          </exception> <!-- java.lang.AssertionError -->
          <reporter-output>
          </reporter-output>
        </test-method> <!-- BookFreeEvent -->
        <test-method status="PASS" signature="tearDown()[pri:0, instance:com.tcs.BsiShopRedesign.sprint2.BookEvent@6973b51b]" name="tearDown" is-config="true" duration-ms="605" started-at="2018-08-16T14:24:53Z" finished-at="2018-08-16T14:24:54Z">
          <reporter-output>
          </reporter-output>
        </test-method> <!-- tearDown -->
      </class> <!-- com.tcs.BsiShopRedesign.sprint2.BookEvent -->
      <class name="com.tcs.BsiShopRedesign.sprint3.SearchSortOrderByProductType">
        <test-method status="PASS" signature="launchBrowser(java.lang.String)[pri:0, instance:com.tcs.BsiShopRedesign.sprint3.SearchSortOrderByProductType@f5ac9e4]" name="launchBrowser" is-config="true" duration-ms="7810" started-at="2018-08-16T15:58:34Z" finished-at="2018-08-16T15:58:42Z">
          <params>
            <param index="0">
              <value>
                <![CDATA[IE]]>
              </value>
            </param>
          </params>
          <reporter-output>
          </reporter-output>
        </test-method> <!-- launchBrowser -->
        <test-method status="PASS" signature="checkSortingOrderQuality()[pri:0, instance:com.tcs.BsiShopRedesign.sprint3.SearchSortOrderByProductType@f5ac9e4]" name="checkSortingOrderQuality" duration-ms="579478" started-at="2018-08-16T15:58:42Z" finished-at="2018-08-16T16:08:21Z">
          <reporter-output>
          </reporter-output>
        </test-method> <!-- checkSortingOrderQuality -->
        <test-method status="PASS" signature="tearDown()[pri:0, instance:com.tcs.BsiShopRedesign.sprint3.SearchSortOrderByProductType@f5ac9e4]" name="tearDown" is-config="true" duration-ms="590" started-at="2018-08-16T16:08:21Z" finished-at="2018-08-16T16:08:22Z">
          <reporter-output>
          </reporter-output>
        </test-method> <!-- tearDown -->
      </class> <!-- com.tcs.BsiShopRedesign.sprint3.SearchSortOrderByProductType -->
    </test> <!-- Internet Explorer Browser -->
  </suite> <!-- Suite -->
</testng-results>
