<?xml version="1.0" encoding="UTF-8"?>
<!-- Generated by org.testng.reporters.JUnitReportReporter -->
<testsuite hostname="ShopRedesign04" name="com.tcs.BsiShopRedesign.sprint4_5.VerifyProductStatusWithColorCode" tests="5" failures="1" timestamp="28 Jan 2019 18:33:18 GMT" time="744.793" errors="0">
  <testcase name="currentUnderReviewStatusColorCode" time="171.237" classname="com.tcs.BsiShopRedesign.sprint4_5.VerifyProductStatusWithColorCode"/>
  <testcase name="withdrawnStatusColorCode" time="162.331" classname="com.tcs.BsiShopRedesign.sprint4_5.VerifyProductStatusWithColorCode">
    <failure type="java.lang.AssertionError" message="Verification of Color Code for Withdrawn status was unsuccessful">
      <![CDATA[java.lang.AssertionError: Verification of Color Code for Withdrawn status was unsuccessful
	at org.testng.Assert.fail(Assert.java:94)
	at com.tcs.BsiShopRedesign.utilities.CommonHelper.reportFailure(CommonHelper.java:78)
	at com.tcs.BsiShopRedesign.pages.SearchPage.verifyWithdrawnColorCode(SearchPage.java:1431)
	at com.tcs.BsiShopRedesign.sprint4_5.VerifyProductStatusWithColorCode.withdrawnStatusColorCode(VerifyProductStatusWithColorCode.java:43)
	at sun.reflect.NativeMethodAccessorImpl.invoke0(Native Method)
	at sun.reflect.NativeMethodAccessorImpl.invoke(NativeMethodAccessorImpl.java:62)
	at sun.reflect.DelegatingMethodAccessorImpl.invoke(DelegatingMethodAccessorImpl.java:43)
	at java.lang.reflect.Method.invoke(Method.java:498)
	at org.testng.internal.MethodInvocationHelper.invokeMethod(MethodInvocationHelper.java:85)
	at org.testng.internal.Invoker.invokeMethod(Invoker.java:639)
	at org.testng.internal.Invoker.invokeTestMethod(Invoker.java:821)
	at org.testng.internal.Invoker.invokeTestMethods(Invoker.java:1131)
	at org.testng.internal.TestMethodWorker.invokeTestMethods(TestMethodWorker.java:124)
	at org.testng.internal.TestMethodWorker.run(TestMethodWorker.java:108)
	at org.testng.TestRunner.privateRun(TestRunner.java:773)
	at org.testng.TestRunner.run(TestRunner.java:623)
	at org.testng.SuiteRunner.runTest(SuiteRunner.java:357)
	at org.testng.SuiteRunner.runSequentially(SuiteRunner.java:352)
	at org.testng.SuiteRunner.privateRun(SuiteRunner.java:310)
	at org.testng.SuiteRunner.run(SuiteRunner.java:259)
	at org.testng.SuiteRunnerWorker.runSuite(SuiteRunnerWorker.java:52)
	at org.testng.SuiteRunnerWorker.run(SuiteRunnerWorker.java:86)
	at org.testng.TestNG.runSuitesSequentially(TestNG.java:1185)
	at org.testng.TestNG.runSuitesLocally(TestNG.java:1110)
	at org.testng.TestNG.run(TestNG.java:1018)
	at org.testng.remote.AbstractRemoteTestNG.run(AbstractRemoteTestNG.java:114)
	at org.testng.remote.RemoteTestNG.initAndRun(RemoteTestNG.java:251)
	at org.testng.remote.RemoteTestNG.main(RemoteTestNG.java:77)
]]>
    </failure>
  </testcase> <!-- withdrawnStatusColorCode -->
  <testcase name="currentStatusColorCode" time="72.220" classname="com.tcs.BsiShopRedesign.sprint4_5.VerifyProductStatusWithColorCode"/>
  <testcase name="currentDraftStatusColorCode" time="168.593" classname="com.tcs.BsiShopRedesign.sprint4_5.VerifyProductStatusWithColorCode"/>
  <testcase name="currentRevisionUnderwayStatusColorCode" time="170.412" classname="com.tcs.BsiShopRedesign.sprint4_5.VerifyProductStatusWithColorCode"/>
</testsuite> <!-- com.tcs.BsiShopRedesign.sprint4_5.VerifyProductStatusWithColorCode -->
